=== Run information ===

Scheme:       weka.classifiers.meta.Bagging -P 100 -S 101 -num-slots 8 -I 50 -W weka.classifiers.trees.REPTree -num-decimal-places 8 -- -M 2 -V 0.001 -N 3 -S 97 -L -1 -I 0.0 -num-decimal-places 8
Relation:     HW6_BaggingAndBoosting_SentimentAnalysis_Emotion_URLsCount_MentionsCount_train
Instances:    3000
Attributes:   13
              class
              score_tag
              agreement
              subjectivity
              confidence
              irony
              joy
              surprise
              fear
              sadness
              anger
              urlsCount
              mentionsCount
Test mode:    user supplied test set:  size unknown (reading incrementally)

=== Classifier model (full training set) ===

Bagging with 50 iterations and base learner

weka.classifiers.trees.REPTree -M 2 -V 0.001 -N 3 -S 97 -L -1 -I 0.0 -num-decimal-places 8

Time taken to build model: 0.18 seconds

=== Predictions on test set ===

inst#,actual,predicted,error,prediction
1,1:?,1:bot,,0.877
2,1:?,1:bot,,0.543
3,1:?,1:bot,,0.75
4,1:?,1:bot,,0.643
5,1:?,1:bot,,0.752
6,1:?,1:bot,,0.86
7,1:?,2:human,,0.676
8,1:?,1:bot,,0.901
9,1:?,1:bot,,0.864
10,1:?,1:bot,,0.51
11,1:?,1:bot,,0.835
12,1:?,2:human,,0.647
13,1:?,1:bot,,0.897
14,1:?,1:bot,,0.687
15,1:?,2:human,,0.742
16,1:?,2:human,,0.709
17,1:?,1:bot,,0.673
18,1:?,1:bot,,0.876
19,1:?,2:human,,0.51
20,1:?,1:bot,,0.686
21,1:?,1:bot,,0.934
22,1:?,2:human,,0.674
23,1:?,1:bot,,0.504
24,1:?,1:bot,,0.677
25,1:?,1:bot,,0.525
26,1:?,1:bot,,0.513
27,1:?,2:human,,0.629
28,1:?,1:bot,,0.723
29,1:?,1:bot,,0.643
30,1:?,1:bot,,0.885
31,1:?,2:human,,0.611
32,1:?,2:human,,0.767
33,1:?,2:human,,0.52
34,1:?,1:bot,,0.785
35,1:?,1:bot,,0.842
36,1:?,2:human,,0.869
37,1:?,1:bot,,0.637
38,1:?,1:bot,,0.772
39,1:?,1:bot,,0.711
40,1:?,2:human,,0.711
41,1:?,1:bot,,0.876
42,1:?,1:bot,,0.856
43,1:?,1:bot,,0.788
44,1:?,1:bot,,0.704
45,1:?,1:bot,,0.643
46,1:?,1:bot,,0.828
47,1:?,1:bot,,0.808
48,1:?,2:human,,0.514
49,1:?,1:bot,,0.558
50,1:?,2:human,,0.739
51,1:?,1:bot,,0.504
52,1:?,2:human,,0.807
53,1:?,1:bot,,0.735
54,1:?,2:human,,0.587
55,1:?,1:bot,,0.827
56,1:?,1:bot,,0.63
57,1:?,1:bot,,0.876
58,1:?,2:human,,0.8
59,1:?,1:bot,,0.748
60,1:?,1:bot,,0.784
61,1:?,1:bot,,0.824
62,1:?,1:bot,,0.762
63,1:?,1:bot,,0.723
64,1:?,1:bot,,0.619
65,1:?,1:bot,,0.821
66,1:?,1:bot,,0.802
67,1:?,1:bot,,0.88
68,1:?,2:human,,0.541
69,1:?,1:bot,,0.739
70,1:?,1:bot,,0.762
71,1:?,1:bot,,0.528
72,1:?,1:bot,,0.571
73,1:?,2:human,,0.605
74,1:?,1:bot,,0.816
75,1:?,1:bot,,0.82
76,1:?,1:bot,,0.906
77,1:?,2:human,,0.795
78,1:?,1:bot,,0.61
79,1:?,1:bot,,0.892
80,1:?,2:human,,0.556
81,1:?,1:bot,,0.75
82,1:?,1:bot,,0.861
83,1:?,2:human,,0.676
84,1:?,1:bot,,0.896
85,1:?,1:bot,,0.896
86,1:?,1:bot,,0.903
87,1:?,1:bot,,0.871
88,1:?,1:bot,,0.816
89,1:?,1:bot,,0.826
90,1:?,1:bot,,0.862
91,1:?,1:bot,,0.762
92,1:?,1:bot,,0.751
93,1:?,1:bot,,0.909
94,1:?,2:human,,0.626
95,1:?,1:bot,,0.611
96,1:?,1:bot,,0.534
97,1:?,1:bot,,0.939
98,1:?,2:human,,0.685
99,1:?,2:human,,0.787
100,1:?,1:bot,,0.91
101,1:?,1:bot,,0.796
102,1:?,1:bot,,0.631
103,1:?,1:bot,,0.762
104,1:?,1:bot,,0.84
105,1:?,1:bot,,0.835
106,1:?,2:human,,0.751
107,1:?,1:bot,,0.786
108,1:?,2:human,,0.73
109,1:?,1:bot,,0.762
110,1:?,1:bot,,0.656
111,1:?,2:human,,0.555
112,1:?,1:bot,,0.955
113,1:?,1:bot,,0.689
114,1:?,1:bot,,0.876
115,1:?,1:bot,,0.543
116,1:?,1:bot,,0.726
117,1:?,1:bot,,0.782
118,1:?,1:bot,,0.671
119,1:?,1:bot,,0.632
120,1:?,1:bot,,0.689
121,1:?,1:bot,,0.786
122,1:?,1:bot,,0.942
123,1:?,1:bot,,0.61
124,1:?,1:bot,,0.533
125,1:?,1:bot,,0.555
126,1:?,1:bot,,0.904
127,1:?,1:bot,,0.766
128,1:?,2:human,,0.587
129,1:?,1:bot,,0.739
130,1:?,1:bot,,0.774
131,1:?,2:human,,0.816
132,1:?,1:bot,,0.892
133,1:?,1:bot,,0.876
134,1:?,1:bot,,0.549
135,1:?,1:bot,,0.877
136,1:?,1:bot,,0.533
137,1:?,1:bot,,0.876
138,1:?,1:bot,,0.882
139,1:?,2:human,,0.729
140,1:?,1:bot,,0.802
141,1:?,1:bot,,0.643
142,1:?,1:bot,,0.876
143,1:?,1:bot,,0.648
144,1:?,2:human,,0.647
145,1:?,2:human,,0.68
146,1:?,1:bot,,0.61
147,1:?,2:human,,0.723
148,1:?,1:bot,,0.782
149,1:?,1:bot,,0.868
150,1:?,1:bot,,0.905
151,1:?,1:bot,,0.673
152,1:?,1:bot,,0.736
153,1:?,1:bot,,0.835
154,1:?,1:bot,,0.789
155,1:?,1:bot,,0.59
156,1:?,1:bot,,0.811
157,1:?,2:human,,0.541
158,1:?,1:bot,,0.641
159,1:?,2:human,,0.649
160,1:?,1:bot,,0.853
161,1:?,1:bot,,0.764
162,1:?,1:bot,,0.503
163,1:?,1:bot,,0.777
164,1:?,2:human,,0.782
165,1:?,1:bot,,0.643
166,1:?,1:bot,,0.684
167,1:?,1:bot,,0.911
168,1:?,1:bot,,0.878
169,1:?,2:human,,0.647
170,1:?,2:human,,0.709
171,1:?,2:human,,0.788
172,1:?,2:human,,0.777
173,1:?,1:bot,,0.761
174,1:?,1:bot,,0.601
175,1:?,1:bot,,0.76
176,1:?,1:bot,,0.865
177,1:?,1:bot,,0.574
178,1:?,1:bot,,0.538
179,1:?,1:bot,,0.847
180,1:?,2:human,,0.638
181,1:?,1:bot,,0.806
182,1:?,1:bot,,0.643
183,1:?,1:bot,,0.873
184,1:?,1:bot,,0.801
185,1:?,1:bot,,0.801
186,1:?,1:bot,,0.731
187,1:?,1:bot,,0.522
188,1:?,1:bot,,0.746
189,1:?,2:human,,0.851
190,1:?,1:bot,,0.785
191,1:?,2:human,,0.865
192,1:?,1:bot,,0.849
193,1:?,1:bot,,0.656
194,1:?,1:bot,,0.833
195,1:?,1:bot,,0.8
196,1:?,2:human,,0.529
197,1:?,1:bot,,0.785
198,1:?,2:human,,0.519
199,1:?,1:bot,,0.536
200,1:?,1:bot,,0.781
201,1:?,1:bot,,0.756
202,1:?,1:bot,,0.54
203,1:?,1:bot,,0.831
204,1:?,2:human,,0.671
205,1:?,1:bot,,0.748
206,1:?,1:bot,,0.807
207,1:?,1:bot,,0.601
208,1:?,1:bot,,0.795
209,1:?,1:bot,,0.955
210,1:?,1:bot,,0.823
211,1:?,1:bot,,0.655
212,1:?,1:bot,,0.711
213,1:?,1:bot,,0.859
214,1:?,2:human,,0.641
215,1:?,1:bot,,0.818
216,1:?,1:bot,,0.741
217,1:?,1:bot,,0.6
218,1:?,2:human,,0.785
219,1:?,2:human,,0.709
220,1:?,1:bot,,0.916
221,1:?,2:human,,0.66
222,1:?,1:bot,,0.901
223,1:?,2:human,,0.76
224,1:?,1:bot,,0.884
225,1:?,1:bot,,0.765
226,1:?,1:bot,,0.805
227,1:?,1:bot,,0.707
228,1:?,1:bot,,0.736
229,1:?,1:bot,,0.691
230,1:?,2:human,,0.69
231,1:?,1:bot,,0.77
232,1:?,1:bot,,0.74
233,1:?,2:human,,0.524
234,1:?,1:bot,,0.807
235,1:?,1:bot,,0.852
236,1:?,1:bot,,0.84
237,1:?,1:bot,,0.668
238,1:?,1:bot,,0.825
239,1:?,1:bot,,0.919
240,1:?,1:bot,,0.6
241,1:?,1:bot,,0.835
242,1:?,1:bot,,0.581
243,1:?,1:bot,,0.706
244,1:?,1:bot,,0.643
245,1:?,1:bot,,0.614
246,1:?,1:bot,,0.863
247,1:?,1:bot,,0.811
248,1:?,2:human,,0.587
249,1:?,2:human,,0.508
250,1:?,2:human,,0.678
251,1:?,1:bot,,0.736
252,1:?,1:bot,,0.728
253,1:?,2:human,,0.529
254,1:?,2:human,,0.782
255,1:?,1:bot,,0.832
256,1:?,1:bot,,0.755
257,1:?,1:bot,,0.771
258,1:?,1:bot,,0.814
259,1:?,1:bot,,0.9
260,1:?,1:bot,,0.81
261,1:?,2:human,,0.669
262,1:?,1:bot,,0.901
263,1:?,2:human,,0.58
264,1:?,1:bot,,0.762
265,1:?,1:bot,,0.744
266,1:?,1:bot,,0.82
267,1:?,1:bot,,0.955
268,1:?,1:bot,,0.797
269,1:?,1:bot,,0.531
270,1:?,1:bot,,0.741
271,1:?,1:bot,,0.903
272,1:?,1:bot,,0.784
273,1:?,1:bot,,0.794
274,1:?,2:human,,0.522
275,1:?,2:human,,0.788
276,1:?,2:human,,0.587
277,1:?,1:bot,,0.81
278,1:?,1:bot,,0.829
279,1:?,2:human,,0.813
280,1:?,1:bot,,0.87
281,1:?,2:human,,0.643
282,1:?,1:bot,,0.745
283,1:?,2:human,,0.764
284,1:?,2:human,,0.607
285,1:?,1:bot,,0.817
286,1:?,1:bot,,0.804
287,1:?,1:bot,,0.876
288,1:?,1:bot,,0.898
289,1:?,1:bot,,0.643
290,1:?,2:human,,0.689
291,1:?,1:bot,,0.574
292,1:?,2:human,,0.569
293,1:?,1:bot,,0.847
294,1:?,1:bot,,0.643
295,1:?,1:bot,,0.717
296,1:?,1:bot,,0.643
297,1:?,1:bot,,0.854
298,1:?,2:human,,0.576
299,1:?,1:bot,,0.521
300,1:?,2:human,,0.707
301,1:?,1:bot,,0.955
302,1:?,2:human,,0.713
303,1:?,1:bot,,0.669
304,1:?,1:bot,,0.727
305,1:?,2:human,,0.692
306,1:?,1:bot,,0.819
307,1:?,1:bot,,0.658
308,1:?,1:bot,,0.852
309,1:?,1:bot,,0.694
310,1:?,2:human,,0.528
311,1:?,1:bot,,0.88
312,1:?,1:bot,,0.708
313,1:?,1:bot,,0.857
314,1:?,1:bot,,0.559
315,1:?,1:bot,,0.864
316,1:?,2:human,,0.54
317,1:?,1:bot,,0.748
318,1:?,1:bot,,0.901
319,1:?,2:human,,0.594
320,1:?,1:bot,,0.771
321,1:?,1:bot,,0.808
322,1:?,1:bot,,0.802
323,1:?,1:bot,,0.831
324,1:?,1:bot,,0.835
325,1:?,1:bot,,0.643
326,1:?,1:bot,,0.824
327,1:?,1:bot,,0.87
328,1:?,2:human,,0.588
329,1:?,1:bot,,0.876
330,1:?,1:bot,,0.802
331,1:?,1:bot,,0.897
332,1:?,1:bot,,0.865
333,1:?,1:bot,,0.912
334,1:?,1:bot,,0.955
335,1:?,1:bot,,0.504
336,1:?,1:bot,,0.89
337,1:?,1:bot,,0.808
338,1:?,1:bot,,0.643
339,1:?,1:bot,,0.941
340,1:?,1:bot,,0.915
341,1:?,2:human,,0.587
342,1:?,1:bot,,0.706
343,1:?,1:bot,,0.643
344,1:?,1:bot,,0.643
345,1:?,1:bot,,0.746
346,1:?,1:bot,,0.871
347,1:?,1:bot,,0.737
348,1:?,1:bot,,0.595
349,1:?,2:human,,0.544
350,1:?,2:human,,0.783
351,1:?,1:bot,,0.843
352,1:?,1:bot,,0.794
353,1:?,1:bot,,0.861
354,1:?,1:bot,,0.955
355,1:?,1:bot,,0.677
356,1:?,1:bot,,0.719
357,1:?,1:bot,,0.806
358,1:?,1:bot,,0.827
359,1:?,1:bot,,0.838
360,1:?,1:bot,,0.665
361,1:?,1:bot,,0.643
362,1:?,1:bot,,0.728
363,1:?,2:human,,0.528
364,1:?,2:human,,0.777
365,1:?,1:bot,,0.7
366,1:?,1:bot,,0.661
367,1:?,1:bot,,0.643
368,1:?,1:bot,,0.749
369,1:?,1:bot,,0.502
370,1:?,1:bot,,0.715
371,1:?,1:bot,,0.813
372,1:?,1:bot,,0.876
373,1:?,1:bot,,0.838
374,1:?,1:bot,,0.643
375,1:?,2:human,,0.565
376,1:?,1:bot,,0.781
377,1:?,1:bot,,0.616
378,1:?,2:human,,0.621
379,1:?,2:human,,0.708
380,1:?,2:human,,0.808
381,1:?,2:human,,0.839
382,1:?,2:human,,0.501
383,1:?,1:bot,,0.737
384,1:?,1:bot,,0.735
385,1:?,1:bot,,0.779
386,1:?,1:bot,,0.694
387,1:?,1:bot,,0.54
388,1:?,2:human,,0.694
389,1:?,2:human,,0.747
390,1:?,1:bot,,0.892
391,1:?,2:human,,0.807
392,1:?,1:bot,,0.88
393,1:?,1:bot,,0.643
394,1:?,1:bot,,0.787
395,1:?,1:bot,,0.868
396,1:?,1:bot,,0.962
397,1:?,1:bot,,0.863
398,1:?,1:bot,,0.945
399,1:?,1:bot,,0.733
400,1:?,2:human,,0.566
401,1:?,1:bot,,0.832
402,1:?,1:bot,,0.884
403,1:?,1:bot,,0.829
404,1:?,1:bot,,0.859
405,1:?,1:bot,,0.739
406,1:?,1:bot,,0.808
407,1:?,2:human,,0.72
408,1:?,2:human,,0.684
409,1:?,1:bot,,0.861
410,1:?,2:human,,0.902
411,1:?,1:bot,,0.652
412,1:?,1:bot,,0.76
413,1:?,1:bot,,0.8
414,1:?,1:bot,,0.757
415,1:?,1:bot,,0.795
416,1:?,1:bot,,0.68
417,1:?,2:human,,0.845
418,1:?,2:human,,0.61
419,1:?,1:bot,,0.771
420,1:?,1:bot,,0.56
421,1:?,1:bot,,0.824
422,1:?,2:human,,0.552
423,1:?,1:bot,,0.805
424,1:?,1:bot,,0.625
425,1:?,1:bot,,0.876
426,1:?,1:bot,,0.777
427,1:?,1:bot,,0.698
428,1:?,2:human,,0.812
429,1:?,1:bot,,0.793
430,1:?,1:bot,,0.808
431,1:?,1:bot,,0.765
432,1:?,1:bot,,0.9
433,1:?,1:bot,,0.828
434,1:?,1:bot,,0.906
435,1:?,1:bot,,0.764
436,1:?,1:bot,,0.799
437,1:?,1:bot,,0.519
438,1:?,1:bot,,0.784
439,1:?,1:bot,,0.601
440,1:?,1:bot,,0.885
441,1:?,1:bot,,0.818
442,1:?,1:bot,,0.673
443,1:?,1:bot,,0.514
444,1:?,1:bot,,0.517
445,1:?,1:bot,,0.731
446,1:?,1:bot,,0.625
447,1:?,1:bot,,0.907
448,1:?,2:human,,0.655
449,1:?,1:bot,,0.847
450,1:?,1:bot,,0.621
451,1:?,2:human,,0.839
452,1:?,2:human,,0.513
453,1:?,1:bot,,0.643
454,1:?,2:human,,0.835
455,1:?,1:bot,,0.751
456,1:?,2:human,,0.518
457,1:?,1:bot,,0.866
458,1:?,1:bot,,0.885
459,1:?,1:bot,,0.803
460,1:?,1:bot,,0.782
461,1:?,1:bot,,0.876
462,1:?,1:bot,,0.602
463,1:?,2:human,,0.502
464,1:?,1:bot,,0.724
465,1:?,1:bot,,0.796
466,1:?,1:bot,,0.808
467,1:?,1:bot,,0.791
468,1:?,1:bot,,0.805
469,1:?,1:bot,,0.851
470,1:?,1:bot,,0.875
471,1:?,1:bot,,0.897
472,1:?,1:bot,,0.569
473,1:?,1:bot,,0.66
474,1:?,1:bot,,0.871
475,1:?,1:bot,,0.728
476,1:?,1:bot,,0.845
477,1:?,1:bot,,0.72
478,1:?,1:bot,,0.786
479,1:?,2:human,,0.587
480,1:?,1:bot,,0.643
481,1:?,2:human,,0.793
482,1:?,1:bot,,0.708
483,1:?,2:human,,0.525
484,1:?,1:bot,,0.874
485,1:?,1:bot,,0.945
486,1:?,2:human,,0.507
487,1:?,2:human,,0.541
488,1:?,1:bot,,0.551
489,1:?,1:bot,,0.947
490,1:?,1:bot,,0.607
491,1:?,1:bot,,0.548
492,1:?,1:bot,,0.695
493,1:?,1:bot,,0.832
494,1:?,1:bot,,0.773
495,1:?,2:human,,0.68
496,1:?,1:bot,,0.831
497,1:?,1:bot,,0.838
498,1:?,2:human,,0.596
499,1:?,2:human,,0.847
500,1:?,2:human,,0.714
501,1:?,1:bot,,0.849
502,1:?,2:human,,0.847
503,1:?,1:bot,,0.745
504,1:?,1:bot,,0.82
505,1:?,2:human,,0.713
506,1:?,2:human,,0.834
507,1:?,1:bot,,0.59
508,1:?,1:bot,,0.82
509,1:?,1:bot,,0.736
510,1:?,1:bot,,0.547
511,1:?,1:bot,,0.905
512,1:?,2:human,,0.721
513,1:?,2:human,,0.808
514,1:?,1:bot,,0.844
515,1:?,1:bot,,0.658
516,1:?,2:human,,0.554
517,1:?,1:bot,,0.839
518,1:?,2:human,,0.721
519,1:?,1:bot,,0.549
520,1:?,1:bot,,0.597
521,1:?,1:bot,,0.66
522,1:?,1:bot,,0.876
523,1:?,1:bot,,0.906
524,1:?,2:human,,0.756
525,1:?,1:bot,,0.504
526,1:?,1:bot,,0.775
527,1:?,1:bot,,0.643
528,1:?,1:bot,,0.53
529,1:?,2:human,,0.634
530,1:?,1:bot,,0.675
531,1:?,1:bot,,0.626
532,1:?,1:bot,,0.736
533,1:?,2:human,,0.714
534,1:?,1:bot,,0.724
535,1:?,1:bot,,0.949
536,1:?,2:human,,0.754
537,1:?,2:human,,0.634
538,1:?,2:human,,0.587
539,1:?,1:bot,,0.703
540,1:?,1:bot,,0.843
541,1:?,2:human,,0.517
542,1:?,1:bot,,0.548
543,1:?,2:human,,0.638
544,1:?,2:human,,0.647
545,1:?,1:bot,,0.842
546,1:?,2:human,,0.532
547,1:?,2:human,,0.748
548,1:?,1:bot,,0.849
549,1:?,1:bot,,0.91
550,1:?,1:bot,,0.643
551,1:?,1:bot,,0.861
552,1:?,1:bot,,0.81
553,1:?,2:human,,0.676
554,1:?,2:human,,0.709
555,1:?,2:human,,0.616
556,1:?,1:bot,,0.876
557,1:?,1:bot,,0.884
558,1:?,2:human,,0.737
559,1:?,1:bot,,0.868
560,1:?,2:human,,0.716
561,1:?,1:bot,,0.758
562,1:?,1:bot,,0.59
563,1:?,2:human,,0.88
564,1:?,1:bot,,0.556
565,1:?,1:bot,,0.767
566,1:?,1:bot,,0.721
567,1:?,2:human,,0.829
568,1:?,1:bot,,0.834
569,1:?,1:bot,,0.7
570,1:?,1:bot,,0.709
571,1:?,1:bot,,0.62
572,1:?,2:human,,0.764
573,1:?,1:bot,,0.849
574,1:?,2:human,,0.799
575,1:?,2:human,,0.677
576,1:?,1:bot,,0.761
577,1:?,1:bot,,0.876
578,1:?,2:human,,0.551
579,1:?,1:bot,,0.89
580,1:?,2:human,,0.581
581,1:?,2:human,,0.708
582,1:?,2:human,,0.769
583,1:?,1:bot,,0.643
584,1:?,1:bot,,0.904
585,1:?,1:bot,,0.837
586,1:?,1:bot,,0.667
587,1:?,2:human,,0.512
588,1:?,2:human,,0.556
589,1:?,2:human,,0.578
590,1:?,1:bot,,0.69
591,1:?,2:human,,0.835
592,1:?,2:human,,0.642
593,1:?,1:bot,,0.825
594,1:?,2:human,,0.522
595,1:?,1:bot,,0.679
596,1:?,1:bot,,0.859
597,1:?,2:human,,0.554
598,1:?,1:bot,,0.855
599,1:?,1:bot,,0.885
600,1:?,1:bot,,0.892
601,1:?,1:bot,,0.804
602,1:?,1:bot,,0.583
603,1:?,1:bot,,0.876
604,1:?,1:bot,,0.842
605,1:?,1:bot,,0.643
606,1:?,1:bot,,0.663
607,1:?,1:bot,,0.655
608,1:?,1:bot,,0.892
609,1:?,1:bot,,0.755
610,1:?,1:bot,,0.517
611,1:?,2:human,,0.83
612,1:?,1:bot,,0.643
613,1:?,2:human,,0.612
614,1:?,1:bot,,0.643
615,1:?,2:human,,0.544
616,1:?,2:human,,0.75
617,1:?,1:bot,,0.804
618,1:?,1:bot,,0.671
619,1:?,1:bot,,0.69
620,1:?,1:bot,,0.844
621,1:?,1:bot,,0.719
622,1:?,2:human,,0.712
623,1:?,2:human,,0.548
624,1:?,1:bot,,0.829
625,1:?,1:bot,,0.756
626,1:?,1:bot,,0.619
627,1:?,2:human,,0.625
628,1:?,1:bot,,0.708
629,1:?,2:human,,0.698
630,1:?,2:human,,0.784
631,1:?,1:bot,,0.617
632,1:?,1:bot,,0.876
633,1:?,2:human,,0.74
634,1:?,1:bot,,0.667
635,1:?,1:bot,,0.837
636,1:?,1:bot,,0.849
637,1:?,1:bot,,0.67
638,1:?,1:bot,,0.766
639,1:?,1:bot,,0.806
640,1:?,1:bot,,0.911
641,1:?,1:bot,,0.737
642,1:?,1:bot,,0.829
643,1:?,1:bot,,0.504
644,1:?,1:bot,,0.778
645,1:?,1:bot,,0.545
646,1:?,1:bot,,0.515
647,1:?,2:human,,0.723
648,1:?,1:bot,,0.597
649,1:?,1:bot,,0.772
650,1:?,1:bot,,0.908
651,1:?,1:bot,,0.619
652,1:?,1:bot,,0.607
653,1:?,1:bot,,0.517
654,1:?,1:bot,,0.762
655,1:?,1:bot,,0.643
656,1:?,1:bot,,0.876
657,1:?,1:bot,,0.504
658,1:?,1:bot,,0.681
659,1:?,1:bot,,0.825
660,1:?,1:bot,,0.813
661,1:?,1:bot,,0.774
662,1:?,1:bot,,0.665
663,1:?,1:bot,,0.796
664,1:?,2:human,,0.528
665,1:?,1:bot,,0.955
666,1:?,1:bot,,0.728
667,1:?,2:human,,0.749
668,1:?,1:bot,,0.884
669,1:?,2:human,,0.576
670,1:?,1:bot,,0.643
671,1:?,1:bot,,0.854
672,1:?,2:human,,0.531
673,1:?,2:human,,0.589
674,1:?,1:bot,,0.752
675,1:?,2:human,,0.677
676,1:?,2:human,,0.512
677,1:?,1:bot,,0.914
678,1:?,1:bot,,0.851
679,1:?,1:bot,,0.643
680,1:?,1:bot,,0.646
681,1:?,1:bot,,0.876
682,1:?,1:bot,,0.824
683,1:?,1:bot,,0.777
684,1:?,2:human,,0.817
685,1:?,1:bot,,0.69
686,1:?,1:bot,,0.852
687,1:?,1:bot,,0.774
688,1:?,1:bot,,0.923
689,1:?,1:bot,,0.643
690,1:?,1:bot,,0.873
691,1:?,2:human,,0.796
692,1:?,1:bot,,0.91
693,1:?,1:bot,,0.501
694,1:?,1:bot,,0.679
695,1:?,1:bot,,0.649
696,1:?,1:bot,,0.772
697,1:?,1:bot,,0.829
698,1:?,2:human,,0.66
699,1:?,1:bot,,0.522
700,1:?,1:bot,,0.846
701,1:?,1:bot,,0.955
702,1:?,1:bot,,0.784
703,1:?,1:bot,,0.798
704,1:?,2:human,,0.694
705,1:?,2:human,,0.524
706,1:?,1:bot,,0.941
707,1:?,1:bot,,0.929
708,1:?,1:bot,,0.813
709,1:?,1:bot,,0.819
710,1:?,1:bot,,0.793
711,1:?,1:bot,,0.858
712,1:?,2:human,,0.708
713,1:?,2:human,,0.582
714,1:?,1:bot,,0.597
715,1:?,1:bot,,0.813
716,1:?,1:bot,,0.762
717,1:?,1:bot,,0.846
718,1:?,2:human,,0.546
719,1:?,1:bot,,0.543
720,1:?,1:bot,,0.826
721,1:?,1:bot,,0.716
722,1:?,1:bot,,0.697
723,1:?,1:bot,,0.643
724,1:?,2:human,,0.802
725,1:?,1:bot,,0.8
726,1:?,1:bot,,0.871
727,1:?,2:human,,0.521
728,1:?,1:bot,,0.774
729,1:?,1:bot,,0.876
730,1:?,1:bot,,0.782
731,1:?,2:human,,0.809
732,1:?,2:human,,0.604
733,1:?,1:bot,,0.683
734,1:?,1:bot,,0.821
735,1:?,1:bot,,0.629
736,1:?,2:human,,0.71
737,1:?,2:human,,0.672
738,1:?,1:bot,,0.668
739,1:?,1:bot,,0.633
740,1:?,1:bot,,0.595
741,1:?,1:bot,,0.762
742,1:?,1:bot,,0.588
743,1:?,1:bot,,0.774
744,1:?,1:bot,,0.582
745,1:?,1:bot,,0.913
746,1:?,2:human,,0.554
747,1:?,2:human,,0.759
748,1:?,2:human,,0.512
749,1:?,2:human,,0.627
750,1:?,1:bot,,0.766
751,1:?,1:bot,,0.505
752,1:?,2:human,,0.81
753,1:?,2:human,,0.674
754,1:?,1:bot,,0.619
755,1:?,1:bot,,0.807
756,1:?,2:human,,0.841
757,1:?,1:bot,,0.818
758,1:?,2:human,,0.65
759,1:?,1:bot,,0.955
760,1:?,2:human,,0.687
761,1:?,1:bot,,0.544
762,1:?,1:bot,,0.757
763,1:?,1:bot,,0.74
764,1:?,2:human,,0.805
765,1:?,1:bot,,0.748
766,1:?,1:bot,,0.82
767,1:?,1:bot,,0.731
768,1:?,1:bot,,0.895
769,1:?,1:bot,,0.827
770,1:?,1:bot,,0.864
771,1:?,2:human,,0.666
772,1:?,1:bot,,0.762
773,1:?,1:bot,,0.796
774,1:?,1:bot,,0.884
775,1:?,1:bot,,0.844
776,1:?,1:bot,,0.706
777,1:?,1:bot,,0.792
778,1:?,1:bot,,0.81
779,1:?,1:bot,,0.719
780,1:?,1:bot,,0.879
781,1:?,1:bot,,0.774
782,1:?,1:bot,,0.752
783,1:?,1:bot,,0.606
784,1:?,1:bot,,0.766
785,1:?,1:bot,,0.753
786,1:?,1:bot,,0.591
787,1:?,1:bot,,0.515
788,1:?,1:bot,,0.537
789,1:?,1:bot,,0.605
790,1:?,1:bot,,0.832
791,1:?,2:human,,0.542
792,1:?,1:bot,,0.614
793,1:?,1:bot,,0.813
794,1:?,1:bot,,0.84
795,1:?,1:bot,,0.765
796,1:?,1:bot,,0.76
797,1:?,1:bot,,0.652
798,1:?,2:human,,0.612
799,1:?,1:bot,,0.955
800,1:?,1:bot,,0.627
801,1:?,1:bot,,0.934
802,1:?,2:human,,0.709
803,1:?,1:bot,,0.843
804,1:?,1:bot,,0.955
805,1:?,2:human,,0.703
806,1:?,2:human,,0.573
807,1:?,1:bot,,0.735
808,1:?,1:bot,,0.876
809,1:?,2:human,,0.643
810,1:?,1:bot,,0.797
811,1:?,1:bot,,0.73
812,1:?,2:human,,0.603
813,1:?,1:bot,,0.804
814,1:?,2:human,,0.777
815,1:?,1:bot,,0.511
816,1:?,2:human,,0.809
817,1:?,2:human,,0.607
818,1:?,1:bot,,0.691
819,1:?,1:bot,,0.55
820,1:?,2:human,,0.687
821,1:?,1:bot,,0.574
822,1:?,1:bot,,0.566
823,1:?,1:bot,,0.771
824,1:?,1:bot,,0.897
825,1:?,1:bot,,0.768
826,1:?,1:bot,,0.821
827,1:?,1:bot,,0.798
828,1:?,1:bot,,0.879
829,1:?,1:bot,,0.865
830,1:?,1:bot,,0.58
831,1:?,1:bot,,0.799
832,1:?,2:human,,0.612
833,1:?,1:bot,,0.794
834,1:?,2:human,,0.74
835,1:?,1:bot,,0.53
836,1:?,1:bot,,0.723
837,1:?,1:bot,,0.905
838,1:?,1:bot,,0.61
839,1:?,1:bot,,0.788
840,1:?,1:bot,,0.533
841,1:?,1:bot,,0.774
842,1:?,1:bot,,0.873
843,1:?,1:bot,,0.892
844,1:?,2:human,,0.543
845,1:?,2:human,,0.701
846,1:?,2:human,,0.638
847,1:?,1:bot,,0.675
848,1:?,1:bot,,0.54
849,1:?,1:bot,,0.643
850,1:?,1:bot,,0.769
851,1:?,2:human,,0.764
852,1:?,1:bot,,0.532
853,1:?,1:bot,,0.525
854,1:?,1:bot,,0.775
855,1:?,1:bot,,0.806
856,1:?,1:bot,,0.754
857,1:?,1:bot,,0.887
858,1:?,1:bot,,0.824
859,1:?,2:human,,0.86
860,1:?,1:bot,,0.873
861,1:?,1:bot,,0.735
862,1:?,2:human,,0.82
863,1:?,1:bot,,0.764
864,1:?,2:human,,0.678
865,1:?,1:bot,,0.946
866,1:?,1:bot,,0.941
867,1:?,2:human,,0.769
868,1:?,1:bot,,0.876
869,1:?,2:human,,0.881
870,1:?,2:human,,0.592
871,1:?,1:bot,,0.801
872,1:?,1:bot,,0.805
873,1:?,1:bot,,0.849
874,1:?,1:bot,,0.844
875,1:?,1:bot,,0.683
876,1:?,1:bot,,0.562
877,1:?,2:human,,0.528
878,1:?,1:bot,,0.876
879,1:?,2:human,,0.769
880,1:?,2:human,,0.71
881,1:?,1:bot,,0.757
882,1:?,2:human,,0.604
883,1:?,1:bot,,0.781
884,1:?,2:human,,0.835
885,1:?,1:bot,,0.867
886,1:?,1:bot,,0.938
887,1:?,1:bot,,0.743
888,1:?,1:bot,,0.711
889,1:?,1:bot,,0.7
890,1:?,1:bot,,0.903
891,1:?,1:bot,,0.664
892,1:?,2:human,,0.696
893,1:?,1:bot,,0.853
894,1:?,1:bot,,0.81
895,1:?,1:bot,,0.821
896,1:?,2:human,,0.623
897,1:?,1:bot,,0.708
898,1:?,1:bot,,0.656
899,1:?,1:bot,,0.794
900,1:?,2:human,,0.568
901,1:?,1:bot,,0.86
902,1:?,1:bot,,0.854
903,1:?,1:bot,,0.644
904,1:?,1:bot,,0.782
905,1:?,1:bot,,0.811
906,1:?,2:human,,0.671
907,1:?,2:human,,0.768
908,1:?,1:bot,,0.854
909,1:?,2:human,,0.606
910,1:?,2:human,,0.509
911,1:?,2:human,,0.7
912,1:?,2:human,,0.528
913,1:?,1:bot,,0.764
914,1:?,1:bot,,0.627
915,1:?,1:bot,,0.547
916,1:?,2:human,,0.56
917,1:?,2:human,,0.695
918,1:?,1:bot,,0.838
919,1:?,1:bot,,0.823
920,1:?,1:bot,,0.833
921,1:?,1:bot,,0.796
922,1:?,1:bot,,0.661
923,1:?,1:bot,,0.643
924,1:?,2:human,,0.535
925,1:?,1:bot,,0.504
926,1:?,1:bot,,0.894
927,1:?,1:bot,,0.875
928,1:?,1:bot,,0.847
929,1:?,1:bot,,0.742
930,1:?,1:bot,,0.675
931,1:?,1:bot,,0.643
932,1:?,1:bot,,0.521
933,1:?,2:human,,0.688
934,1:?,2:human,,0.746
935,1:?,2:human,,0.587
936,1:?,1:bot,,0.924
937,1:?,1:bot,,0.643
938,1:?,2:human,,0.682
939,1:?,1:bot,,0.643
940,1:?,1:bot,,0.803
941,1:?,1:bot,,0.826
942,1:?,1:bot,,0.881
943,1:?,1:bot,,0.909
944,1:?,1:bot,,0.891
945,1:?,2:human,,0.651
946,1:?,1:bot,,0.748
947,1:?,1:bot,,0.937
948,1:?,1:bot,,0.941
949,1:?,1:bot,,0.759
950,1:?,1:bot,,0.759
951,1:?,1:bot,,0.51
952,1:?,1:bot,,0.914
953,1:?,1:bot,,0.838
954,1:?,1:bot,,0.772
955,1:?,1:bot,,0.582
956,1:?,1:bot,,0.664
957,1:?,1:bot,,0.804
958,1:?,1:bot,,0.514
959,1:?,1:bot,,0.504
960,1:?,1:bot,,0.814
961,1:?,1:bot,,0.945
962,1:?,2:human,,0.545
963,1:?,2:human,,0.843
964,1:?,1:bot,,0.826
965,1:?,2:human,,0.531
966,1:?,1:bot,,0.708
967,1:?,1:bot,,0.671
968,1:?,2:human,,0.692
969,1:?,2:human,,0.817
970,1:?,2:human,,0.718
971,1:?,1:bot,,0.74
972,1:?,1:bot,,0.81
973,1:?,2:human,,0.516
974,1:?,1:bot,,0.741
975,1:?,1:bot,,0.876
976,1:?,1:bot,,0.87
977,1:?,1:bot,,0.504
978,1:?,2:human,,0.86
979,1:?,1:bot,,0.741
980,1:?,2:human,,0.865
981,1:?,1:bot,,0.817
982,1:?,2:human,,0.59
983,1:?,1:bot,,0.643
984,1:?,1:bot,,0.865
985,1:?,1:bot,,0.716
986,1:?,2:human,,0.848
987,1:?,2:human,,0.85
988,1:?,1:bot,,0.616
989,1:?,2:human,,0.647
990,1:?,2:human,,0.815
991,1:?,1:bot,,0.764
992,1:?,1:bot,,0.911
993,1:?,1:bot,,0.735
994,1:?,1:bot,,0.619
995,1:?,2:human,,0.528
996,1:?,2:human,,0.719
997,1:?,2:human,,0.813
998,1:?,2:human,,0.573
999,1:?,2:human,,0.57
1000,1:?,1:bot,,0.529
1001,1:?,1:bot,,0.897
1002,1:?,1:bot,,0.833
1003,1:?,1:bot,,0.798
1004,1:?,1:bot,,0.72
1005,1:?,1:bot,,0.8
1006,1:?,1:bot,,0.889
1007,1:?,2:human,,0.737
1008,1:?,1:bot,,0.836
1009,1:?,2:human,,0.632
1010,1:?,1:bot,,0.929
1011,1:?,1:bot,,0.778
1012,1:?,2:human,,0.642
1013,1:?,1:bot,,0.759
1014,1:?,1:bot,,0.545
1015,1:?,1:bot,,0.751
1016,1:?,1:bot,,0.743
1017,1:?,2:human,,0.605
1018,1:?,2:human,,0.592
1019,1:?,1:bot,,0.842
1020,1:?,2:human,,0.689
1021,1:?,2:human,,0.706
1022,1:?,2:human,,0.527
1023,1:?,1:bot,,0.816
1024,1:?,2:human,,0.74
1025,1:?,2:human,,0.696
1026,1:?,1:bot,,0.876
1027,1:?,2:human,,0.61
1028,1:?,1:bot,,0.81
1029,1:?,1:bot,,0.838
1030,1:?,2:human,,0.793
1031,1:?,2:human,,0.636
1032,1:?,2:human,,0.545
1033,1:?,2:human,,0.602
1034,1:?,1:bot,,0.76
1035,1:?,1:bot,,0.815
1036,1:?,1:bot,,0.51
1037,1:?,1:bot,,0.649
1038,1:?,1:bot,,0.643
1039,1:?,1:bot,,0.899
1040,1:?,2:human,,0.654
1041,1:?,1:bot,,0.813
1042,1:?,2:human,,0.589
1043,1:?,1:bot,,0.507
1044,1:?,1:bot,,0.586
1045,1:?,1:bot,,0.52
1046,1:?,1:bot,,0.85
1047,1:?,1:bot,,0.848
1048,1:?,1:bot,,0.723
1049,1:?,1:bot,,0.785
1050,1:?,1:bot,,0.504
1051,1:?,1:bot,,0.504
1052,1:?,2:human,,0.77
1053,1:?,1:bot,,0.842
1054,1:?,2:human,,0.868
1055,1:?,1:bot,,0.801
1056,1:?,1:bot,,0.547
1057,1:?,2:human,,0.676
1058,1:?,1:bot,,0.728
1059,1:?,1:bot,,0.592
1060,1:?,1:bot,,0.833
1061,1:?,1:bot,,0.771
1062,1:?,2:human,,0.673
1063,1:?,1:bot,,0.862
1064,1:?,2:human,,0.841
1065,1:?,2:human,,0.696
1066,1:?,1:bot,,0.847
1067,1:?,1:bot,,0.636
1068,1:?,1:bot,,0.805
1069,1:?,2:human,,0.612
1070,1:?,1:bot,,0.787
1071,1:?,2:human,,0.712
1072,1:?,2:human,,0.788
1073,1:?,1:bot,,0.859
1074,1:?,1:bot,,0.622
1075,1:?,1:bot,,0.639
1076,1:?,1:bot,,0.8
1077,1:?,1:bot,,0.82
1078,1:?,1:bot,,0.868
1079,1:?,2:human,,0.658
1080,1:?,1:bot,,0.889
1081,1:?,1:bot,,0.792
1082,1:?,2:human,,0.515
1083,1:?,1:bot,,0.843
1084,1:?,1:bot,,0.913
1085,1:?,1:bot,,0.821
1086,1:?,1:bot,,0.643
1087,1:?,1:bot,,0.833
1088,1:?,1:bot,,0.526
1089,1:?,1:bot,,0.706
1090,1:?,1:bot,,0.552
1091,1:?,1:bot,,0.882
1092,1:?,1:bot,,0.857
1093,1:?,1:bot,,0.84
1094,1:?,1:bot,,0.862
1095,1:?,1:bot,,0.706
1096,1:?,1:bot,,0.836
1097,1:?,1:bot,,0.766
1098,1:?,1:bot,,0.816
1099,1:?,1:bot,,0.879
1100,1:?,1:bot,,0.821
1101,1:?,1:bot,,0.718
1102,1:?,1:bot,,0.782
1103,1:?,1:bot,,0.887
1104,1:?,1:bot,,0.643
1105,1:?,1:bot,,0.886
1106,1:?,1:bot,,0.735
1107,1:?,1:bot,,0.885
1108,1:?,1:bot,,0.69
1109,1:?,2:human,,0.547
1110,1:?,1:bot,,0.699
1111,1:?,1:bot,,0.778
1112,1:?,1:bot,,0.73
1113,1:?,1:bot,,0.914
1114,1:?,1:bot,,0.816
1115,1:?,2:human,,0.69
1116,1:?,1:bot,,0.844
1117,1:?,1:bot,,0.646
1118,1:?,1:bot,,0.646
1119,1:?,1:bot,,0.707
1120,1:?,1:bot,,0.81
1121,1:?,1:bot,,0.873
1122,1:?,1:bot,,0.635
1123,1:?,2:human,,0.851
1124,1:?,1:bot,,0.783
1125,1:?,1:bot,,0.876
1126,1:?,2:human,,0.564
1127,1:?,1:bot,,0.761
1128,1:?,2:human,,0.779
1129,1:?,2:human,,0.513
1130,1:?,2:human,,0.628
1131,1:?,1:bot,,0.774
1132,1:?,1:bot,,0.766
1133,1:?,2:human,,0.71
1134,1:?,1:bot,,0.876
1135,1:?,2:human,,0.562
1136,1:?,1:bot,,0.808
1137,1:?,2:human,,0.53
1138,1:?,1:bot,,0.574
1139,1:?,1:bot,,0.614
1140,1:?,1:bot,,0.745
1141,1:?,1:bot,,0.788
1142,1:?,1:bot,,0.876
1143,1:?,1:bot,,0.545
1144,1:?,2:human,,0.806
1145,1:?,2:human,,0.847
1146,1:?,1:bot,,0.876
1147,1:?,1:bot,,0.89
1148,1:?,2:human,,0.685
1149,1:?,1:bot,,0.79
1150,1:?,1:bot,,0.847
1151,1:?,2:human,,0.578
1152,1:?,1:bot,,0.75
1153,1:?,1:bot,,0.872
1154,1:?,1:bot,,0.774
1155,1:?,1:bot,,0.79
1156,1:?,1:bot,,0.775
1157,1:?,1:bot,,0.718
1158,1:?,2:human,,0.668
1159,1:?,1:bot,,0.906
1160,1:?,2:human,,0.854
1161,1:?,2:human,,0.712
1162,1:?,1:bot,,0.8
1163,1:?,1:bot,,0.615
1164,1:?,1:bot,,0.573
1165,1:?,1:bot,,0.83
1166,1:?,1:bot,,0.897
1167,1:?,2:human,,0.674
1168,1:?,1:bot,,0.949
1169,1:?,1:bot,,0.869
1170,1:?,1:bot,,0.784
1171,1:?,2:human,,0.633
1172,1:?,1:bot,,0.745
1173,1:?,1:bot,,0.801
1174,1:?,1:bot,,0.771
1175,1:?,1:bot,,0.722
1176,1:?,2:human,,0.531
1177,1:?,1:bot,,0.817
1178,1:?,1:bot,,0.863
1179,1:?,2:human,,0.794
1180,1:?,1:bot,,0.7
1181,1:?,2:human,,0.571
1182,1:?,2:human,,0.816
1183,1:?,1:bot,,0.579
1184,1:?,1:bot,,0.801
1185,1:?,1:bot,,0.688
1186,1:?,2:human,,0.764
1187,1:?,1:bot,,0.842
1188,1:?,1:bot,,0.832
1189,1:?,1:bot,,0.929
1190,1:?,1:bot,,0.617
1191,1:?,1:bot,,0.518
1192,1:?,2:human,,0.511
1193,1:?,1:bot,,0.537
1194,1:?,1:bot,,0.649
1195,1:?,1:bot,,0.753
1196,1:?,1:bot,,0.955
1197,1:?,1:bot,,0.733
1198,1:?,2:human,,0.755
1199,1:?,1:bot,,0.673
1200,1:?,1:bot,,0.876
1201,1:?,1:bot,,0.808
1202,1:?,1:bot,,0.643
1203,1:?,1:bot,,0.876
1204,1:?,2:human,,0.776
1205,1:?,1:bot,,0.84
1206,1:?,1:bot,,0.684
1207,1:?,1:bot,,0.877
1208,1:?,1:bot,,0.861
1209,1:?,1:bot,,0.855
1210,1:?,2:human,,0.545
1211,1:?,1:bot,,0.906
1212,1:?,1:bot,,0.664
1213,1:?,1:bot,,0.506
1214,1:?,1:bot,,0.876
1215,1:?,2:human,,0.719
1216,1:?,2:human,,0.608
1217,1:?,1:bot,,0.761
1218,1:?,1:bot,,0.679
1219,1:?,2:human,,0.562
1220,1:?,1:bot,,0.743
1221,1:?,1:bot,,0.738
1222,1:?,1:bot,,0.504
1223,1:?,1:bot,,0.769
1224,1:?,1:bot,,0.557
1225,1:?,1:bot,,0.87
1226,1:?,1:bot,,0.876
1227,1:?,1:bot,,0.832
1228,1:?,1:bot,,0.66
1229,1:?,1:bot,,0.868
1230,1:?,1:bot,,0.504
1231,1:?,1:bot,,0.853
1232,1:?,1:bot,,0.719
1233,1:?,2:human,,0.566
1234,1:?,1:bot,,0.724
1235,1:?,1:bot,,0.862
1236,1:?,1:bot,,0.783
1237,1:?,1:bot,,0.671
1238,1:?,1:bot,,0.702
1239,1:?,1:bot,,0.651
1240,1:?,1:bot,,0.714
1241,1:?,1:bot,,0.905
1242,1:?,2:human,,0.648
1243,1:?,1:bot,,0.845
1244,1:?,1:bot,,0.808
1245,1:?,1:bot,,0.574
1246,1:?,1:bot,,0.821
1247,1:?,2:human,,0.76
1248,1:?,1:bot,,0.541
1249,1:?,1:bot,,0.592
1250,1:?,1:bot,,0.789
1251,1:?,2:human,,0.531
1252,1:?,1:bot,,0.643
1253,1:?,1:bot,,0.542
1254,1:?,2:human,,0.816
1255,1:?,1:bot,,0.666
1256,1:?,1:bot,,0.762
1257,1:?,2:human,,0.527
1258,1:?,2:human,,0.706
1259,1:?,2:human,,0.688
1260,1:?,2:human,,0.663
1261,1:?,2:human,,0.588
1262,1:?,1:bot,,0.598
1263,1:?,1:bot,,0.876
1264,1:?,1:bot,,0.876
1265,1:?,1:bot,,0.642
1266,1:?,1:bot,,0.889
1267,1:?,1:bot,,0.721
1268,1:?,2:human,,0.776
1269,1:?,1:bot,,0.706
1270,1:?,1:bot,,0.638
1271,1:?,1:bot,,0.875
1272,1:?,1:bot,,0.911
1273,1:?,2:human,,0.509
1274,1:?,1:bot,,0.818
1275,1:?,1:bot,,0.89
1276,1:?,1:bot,,0.874
1277,1:?,1:bot,,0.698
1278,1:?,1:bot,,0.575
1279,1:?,1:bot,,0.738
1280,1:?,1:bot,,0.89
1281,1:?,2:human,,0.501
1282,1:?,1:bot,,0.854
1283,1:?,2:human,,0.777
1284,1:?,1:bot,,0.829
1285,1:?,1:bot,,0.575
1286,1:?,1:bot,,0.774
1287,1:?,1:bot,,0.598
1288,1:?,2:human,,0.528
1289,1:?,1:bot,,0.662
1290,1:?,1:bot,,0.884
1291,1:?,1:bot,,0.851
1292,1:?,1:bot,,0.719
1293,1:?,1:bot,,0.826
1294,1:?,1:bot,,0.762
1295,1:?,2:human,,0.638
1296,1:?,1:bot,,0.543
1297,1:?,2:human,,0.519
1298,1:?,2:human,,0.564
1299,1:?,1:bot,,0.877
1300,1:?,1:bot,,0.601
1301,1:?,1:bot,,0.652
1302,1:?,2:human,,0.583
1303,1:?,2:human,,0.641
1304,1:?,1:bot,,0.736
1305,1:?,1:bot,,0.589
1306,1:?,1:bot,,0.859
1307,1:?,1:bot,,0.501
1308,1:?,1:bot,,0.544
1309,1:?,1:bot,,0.847
1310,1:?,1:bot,,0.837
1311,1:?,2:human,,0.831
1312,1:?,1:bot,,0.725
1313,1:?,1:bot,,0.672
1314,1:?,1:bot,,0.753
1315,1:?,1:bot,,0.585
1316,1:?,1:bot,,0.757
1317,1:?,1:bot,,0.719
1318,1:?,1:bot,,0.577
1319,1:?,1:bot,,0.622
1320,1:?,1:bot,,0.626
1321,1:?,1:bot,,0.855
1322,1:?,2:human,,0.598
1323,1:?,1:bot,,0.849
1324,1:?,2:human,,0.642
1325,1:?,2:human,,0.703
1326,1:?,1:bot,,0.667
1327,1:?,1:bot,,0.563
1328,1:?,1:bot,,0.619
1329,1:?,1:bot,,0.888
1330,1:?,1:bot,,0.855
1331,1:?,1:bot,,0.938
1332,1:?,1:bot,,0.826
1333,1:?,1:bot,,0.878
1334,1:?,1:bot,,0.856
1335,1:?,2:human,,0.514
1336,1:?,1:bot,,0.838
1337,1:?,1:bot,,0.649
1338,1:?,1:bot,,0.762
1339,1:?,1:bot,,0.688
1340,1:?,1:bot,,0.643
1341,1:?,1:bot,,0.824
1342,1:?,1:bot,,0.835
1343,1:?,1:bot,,0.893
1344,1:?,1:bot,,0.54
1345,1:?,1:bot,,0.723
1346,1:?,2:human,,0.788
1347,1:?,1:bot,,0.787
1348,1:?,1:bot,,0.77
1349,1:?,1:bot,,0.835
1350,1:?,1:bot,,0.608
1351,1:?,1:bot,,0.751
1352,1:?,1:bot,,0.726
1353,1:?,2:human,,0.785
1354,1:?,1:bot,,0.553
1355,1:?,2:human,,0.682
1356,1:?,1:bot,,0.849
1357,1:?,1:bot,,0.766
1358,1:?,2:human,,0.524
1359,1:?,2:human,,0.735
1360,1:?,2:human,,0.783
1361,1:?,1:bot,,0.664
1362,1:?,1:bot,,0.689
1363,1:?,1:bot,,0.87
1364,1:?,2:human,,0.615
1365,1:?,1:bot,,0.905
1366,1:?,1:bot,,0.76
1367,1:?,1:bot,,0.885
1368,1:?,1:bot,,0.868
1369,1:?,1:bot,,0.623
1370,1:?,2:human,,0.671
1371,1:?,1:bot,,0.758
1372,1:?,2:human,,0.678
1373,1:?,2:human,,0.531
1374,1:?,1:bot,,0.895
1375,1:?,1:bot,,0.876
1376,1:?,1:bot,,0.637
1377,1:?,1:bot,,0.599
1378,1:?,1:bot,,0.705
1379,1:?,1:bot,,0.868
1380,1:?,2:human,,0.731
1381,1:?,1:bot,,0.735
1382,1:?,1:bot,,0.856
1383,1:?,1:bot,,0.671
1384,1:?,1:bot,,0.814
1385,1:?,2:human,,0.616
1386,1:?,2:human,,0.675
1387,1:?,2:human,,0.566
1388,1:?,1:bot,,0.726
1389,1:?,1:bot,,0.827
1390,1:?,1:bot,,0.801
1391,1:?,1:bot,,0.63
1392,1:?,1:bot,,0.869
1393,1:?,1:bot,,0.639
1394,1:?,1:bot,,0.745
1395,1:?,1:bot,,0.612
1396,1:?,1:bot,,0.558
1397,1:?,1:bot,,0.88
1398,1:?,2:human,,0.642
1399,1:?,1:bot,,0.562
1400,1:?,1:bot,,0.54
1401,1:?,1:bot,,0.506
1402,1:?,1:bot,,0.55
1403,1:?,1:bot,,0.792
1404,1:?,2:human,,0.587
1405,1:?,2:human,,0.724
1406,1:?,1:bot,,0.76
1407,1:?,1:bot,,0.796
1408,1:?,1:bot,,0.88
1409,1:?,1:bot,,0.825
1410,1:?,1:bot,,0.955
1411,1:?,1:bot,,0.88
1412,1:?,1:bot,,0.588
1413,1:?,1:bot,,0.806
1414,1:?,2:human,,0.617
1415,1:?,1:bot,,0.514
1416,1:?,2:human,,0.612
1417,1:?,1:bot,,0.881
1418,1:?,1:bot,,0.657
1419,1:?,1:bot,,0.796
1420,1:?,1:bot,,0.763
1421,1:?,1:bot,,0.855
1422,1:?,1:bot,,0.664
1423,1:?,2:human,,0.841
1424,1:?,1:bot,,0.558
1425,1:?,1:bot,,0.635
1426,1:?,1:bot,,0.736
1427,1:?,1:bot,,0.78
1428,1:?,2:human,,0.764
1429,1:?,1:bot,,0.889
1430,1:?,1:bot,,0.813
1431,1:?,2:human,,0.816
1432,1:?,1:bot,,0.81
1433,1:?,1:bot,,0.827
1434,1:?,1:bot,,0.646
1435,1:?,1:bot,,0.75
1436,1:?,1:bot,,0.846
1437,1:?,1:bot,,0.673
1438,1:?,1:bot,,0.643
1439,1:?,1:bot,,0.583
1440,1:?,1:bot,,0.81
1441,1:?,1:bot,,0.783
1442,1:?,2:human,,0.589
1443,1:?,2:human,,0.578
1444,1:?,2:human,,0.797
1445,1:?,1:bot,,0.834
1446,1:?,2:human,,0.763
1447,1:?,1:bot,,0.886
1448,1:?,1:bot,,0.807
1449,1:?,1:bot,,0.876
1450,1:?,2:human,,0.717
1451,1:?,1:bot,,0.667
1452,1:?,2:human,,0.573
1453,1:?,1:bot,,0.786
1454,1:?,1:bot,,0.868
1455,1:?,1:bot,,0.743
1456,1:?,1:bot,,0.82
1457,1:?,1:bot,,0.884
1458,1:?,2:human,,0.513
1459,1:?,1:bot,,0.617
1460,1:?,1:bot,,0.843
1461,1:?,1:bot,,0.888
1462,1:?,1:bot,,0.837
1463,1:?,2:human,,0.827
1464,1:?,1:bot,,0.674
1465,1:?,1:bot,,0.815
1466,1:?,1:bot,,0.891
1467,1:?,2:human,,0.815
1468,1:?,1:bot,,0.849
1469,1:?,1:bot,,0.855
1470,1:?,1:bot,,0.804
1471,1:?,1:bot,,0.811
1472,1:?,1:bot,,0.874
1473,1:?,1:bot,,0.57
1474,1:?,1:bot,,0.697
1475,1:?,1:bot,,0.795
1476,1:?,1:bot,,0.845
1477,1:?,1:bot,,0.838
1478,1:?,2:human,,0.815
1479,1:?,1:bot,,0.643
1480,1:?,1:bot,,0.538
1481,1:?,1:bot,,0.548
1482,1:?,1:bot,,0.871
1483,1:?,1:bot,,0.871
1484,1:?,1:bot,,0.899
1485,1:?,2:human,,0.6
1486,1:?,2:human,,0.66
1487,1:?,1:bot,,0.796
1488,1:?,1:bot,,0.554
1489,1:?,1:bot,,0.659
1490,1:?,1:bot,,0.643
1491,1:?,2:human,,0.664
1492,1:?,2:human,,0.714
1493,1:?,1:bot,,0.643
1494,1:?,2:human,,0.888
1495,1:?,2:human,,0.526
1496,1:?,2:human,,0.877
1497,1:?,1:bot,,0.875
1498,1:?,1:bot,,0.524
1499,1:?,1:bot,,0.784
1500,1:?,1:bot,,0.861

=== Evaluation on test set ===

Time taken to test model on supplied test set: 0.16 seconds

=== Summary ===

Total Number of Instances                0     
Ignored Class Unknown Instances               1500     

=== Detailed Accuracy By Class ===

                 TP Rate  FP Rate  Precision  Recall   F-Measure  MCC      ROC Area  PRC Area  Class
                 ?        ?        ?          ?        ?          ?        ?         ?         bot
                 ?        ?        ?          ?        ?          ?        ?         ?         human
Weighted Avg.    ?        ?        ?          ?        ?          ?        ?         ?         

=== Confusion Matrix ===

 a b   <-- classified as
 0 0 | a = bot
 0 0 | b = human

