=== Run information ===

Scheme:       weka.classifiers.bayes.BayesNet -num-decimal-places 8 -D -Q weka.classifiers.bayes.net.search.local.K2 -- -P 1 -S BAYES -E weka.classifiers.bayes.net.estimate.SimpleEstimator -- -A 0.5
Relation:     HW7_BayesNetwork_train
Instances:    3000
Attributes:   14
              class
              score_tag
              agreement
              subjectivity
              confidence
              irony
              joy
              surprise
              fear
              sadness
              anger
              urlsCount
              mentionsCount
              isRetweet
Test mode:    user supplied test set:  size unknown (reading incrementally)

=== Classifier model (full training set) ===

Bayes Network Classifier
not using ADTree
#attributes=14 #classindex=0
Network structure (nodes followed by parents)
class(2): 
score_tag(6): class 
agreement(2): class 
subjectivity(2): class 
confidence(1): class 
irony(2): class 
joy(2): class 
surprise(1): class 
fear(1): class 
sadness(2): class 
anger(2): class 
urlsCount(2): class 
mentionsCount(3): class 
isRetweet(2): class 
LogScore Bayes: -18888.397633185086
LogScore BDeu: -18930.301506201205
LogScore MDL: -18936.574129458204
LogScore ENTROPY: -18812.475432159627
LogScore AIC: -18843.475432159627


Time taken to build model: 0.04 seconds

=== Predictions on test set ===

inst#,actual,predicted,error,prediction
1,1:?,1:bot,,0.873
2,1:?,1:bot,,0.717
3,1:?,1:bot,,0.916
4,1:?,1:bot,,0.779
5,1:?,1:bot,,0.873
6,1:?,1:bot,,0.831
7,1:?,2:human,,0.989
8,1:?,1:bot,,0.831
9,1:?,1:bot,,0.936
10,1:?,1:bot,,0.779
11,1:?,1:bot,,0.916
12,1:?,2:human,,0.754
13,1:?,1:bot,,0.806
14,1:?,2:human,,0.726
15,1:?,1:bot,,0.681
16,1:?,2:human,,0.906
17,1:?,1:bot,,0.779
18,1:?,1:bot,,0.882
19,1:?,1:bot,,0.694
20,1:?,1:bot,,0.779
21,1:?,2:human,,0.803
22,1:?,2:human,,0.821
23,1:?,1:bot,,0.589
24,1:?,2:human,,0.803
25,1:?,2:human,,0.651
26,1:?,1:bot,,0.753
27,1:?,2:human,,0.993
28,1:?,1:bot,,0.736
29,1:?,1:bot,,0.779
30,1:?,1:bot,,0.864
31,1:?,1:bot,,0.704
32,1:?,2:human,,0.989
33,1:?,1:bot,,0.747
34,1:?,1:bot,,0.653
35,1:?,1:bot,,0.872
36,1:?,2:human,,0.83
37,1:?,1:bot,,0.834
38,1:?,1:bot,,0.873
39,1:?,1:bot,,0.817
40,1:?,2:human,,0.995
41,1:?,1:bot,,0.882
42,1:?,1:bot,,0.799
43,1:?,1:bot,,0.873
44,1:?,2:human,,0.803
45,1:?,1:bot,,0.779
46,1:?,1:bot,,0.817
47,1:?,1:bot,,0.592
48,1:?,1:bot,,0.589
49,1:?,2:human,,0.821
50,1:?,1:bot,,0.541
51,1:?,1:bot,,0.753
52,1:?,1:bot,,0.504
53,1:?,1:bot,,0.748
54,1:?,1:bot,,0.589
55,1:?,1:bot,,0.943
56,1:?,1:bot,,0.779
57,1:?,1:bot,,0.631
58,1:?,2:human,,0.761
59,1:?,1:bot,,0.799
60,1:?,1:bot,,0.829
61,1:?,1:bot,,0.748
62,1:?,1:bot,,0.816
63,1:?,1:bot,,0.873
64,1:?,1:bot,,0.779
65,1:?,1:bot,,0.873
66,1:?,1:bot,,0.816
67,1:?,1:bot,,0.839
68,1:?,1:bot,,0.753
69,1:?,1:bot,,0.873
70,1:?,1:bot,,0.895
71,1:?,1:bot,,0.834
72,1:?,1:bot,,0.796
73,1:?,2:human,,0.53
74,1:?,1:bot,,0.905
75,1:?,1:bot,,0.736
76,1:?,1:bot,,0.907
77,1:?,2:human,,0.735
78,1:?,1:bot,,0.882
79,1:?,1:bot,,0.82
80,1:?,1:bot,,0.589
81,1:?,1:bot,,0.882
82,1:?,1:bot,,0.799
83,1:?,2:human,,0.989
84,1:?,1:bot,,0.864
85,1:?,1:bot,,0.799
86,1:?,1:bot,,0.847
87,1:?,1:bot,,0.873
88,1:?,1:bot,,0.736
89,1:?,1:bot,,0.736
90,1:?,1:bot,,0.882
91,1:?,1:bot,,0.895
92,1:?,1:bot,,0.736
93,1:?,1:bot,,0.736
94,1:?,2:human,,0.562
95,1:?,1:bot,,0.834
96,1:?,1:bot,,0.779
97,1:?,1:bot,,0.872
98,1:?,2:human,,0.53
99,1:?,1:bot,,0.681
100,1:?,1:bot,,0.916
101,1:?,1:bot,,0.873
102,1:?,1:bot,,0.696
103,1:?,1:bot,,0.905
104,1:?,1:bot,,0.799
105,1:?,1:bot,,0.647
106,1:?,1:bot,,0.835
107,1:?,1:bot,,0.743
108,1:?,2:human,,0.83
109,1:?,1:bot,,0.895
110,1:?,1:bot,,0.688
111,1:?,2:human,,0.974
112,1:?,1:bot,,0.779
113,1:?,1:bot,,0.671
114,1:?,1:bot,,0.882
115,1:?,1:bot,,0.873
116,1:?,1:bot,,0.773
117,1:?,2:human,,0.636
118,1:?,1:bot,,0.736
119,1:?,1:bot,,0.829
120,1:?,2:human,,0.726
121,1:?,1:bot,,0.872
122,1:?,1:bot,,0.872
123,1:?,1:bot,,0.779
124,1:?,1:bot,,0.7
125,1:?,1:bot,,0.779
126,1:?,1:bot,,0.875
127,1:?,1:bot,,0.895
128,1:?,1:bot,,0.589
129,1:?,1:bot,,0.817
130,1:?,1:bot,,0.688
131,1:?,2:human,,0.973
132,1:?,1:bot,,0.899
133,1:?,1:bot,,0.882
134,1:?,1:bot,,0.784
135,1:?,1:bot,,0.748
136,1:?,2:human,,0.974
137,1:?,1:bot,,0.882
138,1:?,1:bot,,0.907
139,1:?,2:human,,0.974
140,1:?,1:bot,,0.736
141,1:?,1:bot,,0.779
142,1:?,1:bot,,0.882
143,1:?,1:bot,,0.873
144,1:?,2:human,,0.714
145,1:?,2:human,,0.53
146,1:?,1:bot,,0.671
147,1:?,2:human,,0.662
148,1:?,1:bot,,0.736
149,1:?,1:bot,,0.936
150,1:?,1:bot,,0.936
151,1:?,1:bot,,0.779
152,1:?,1:bot,,0.882
153,1:?,1:bot,,0.817
154,1:?,1:bot,,0.879
155,1:?,1:bot,,0.688
156,1:?,1:bot,,0.736
157,1:?,2:human,,0.805
158,1:?,1:bot,,0.544
159,1:?,1:bot,,0.558
160,1:?,1:bot,,0.748
161,1:?,1:bot,,0.817
162,1:?,1:bot,,0.796
163,1:?,1:bot,,0.736
164,1:?,2:human,,0.735
165,1:?,1:bot,,0.779
166,1:?,1:bot,,0.789
167,1:?,1:bot,,0.907
168,1:?,1:bot,,0.743
169,1:?,2:human,,0.821
170,1:?,2:human,,0.822
171,1:?,2:human,,0.822
172,1:?,2:human,,0.8
173,1:?,1:bot,,0.544
174,1:?,1:bot,,0.834
175,1:?,1:bot,,0.816
176,1:?,1:bot,,0.816
177,1:?,1:bot,,0.779
178,1:?,1:bot,,0.779
179,1:?,1:bot,,0.831
180,1:?,1:bot,,0.694
181,1:?,1:bot,,0.873
182,1:?,1:bot,,0.779
183,1:?,1:bot,,0.717
184,1:?,1:bot,,0.936
185,1:?,1:bot,,0.736
186,1:?,1:bot,,0.753
187,1:?,1:bot,,0.779
188,1:?,1:bot,,0.717
189,1:?,1:bot,,0.61
190,1:?,1:bot,,0.824
191,1:?,2:human,,0.775
192,1:?,1:bot,,0.84
193,1:?,1:bot,,0.695
194,1:?,1:bot,,0.873
195,1:?,1:bot,,0.758
196,1:?,1:bot,,0.696
197,1:?,1:bot,,0.916
198,1:?,1:bot,,0.504
199,1:?,1:bot,,0.753
200,1:?,1:bot,,0.831
201,1:?,1:bot,,0.93
202,1:?,1:bot,,0.779
203,1:?,1:bot,,0.758
204,1:?,1:bot,,0.671
205,1:?,1:bot,,0.852
206,1:?,2:human,,0.651
207,1:?,1:bot,,0.701
208,1:?,1:bot,,0.736
209,1:?,1:bot,,0.779
210,1:?,1:bot,,0.924
211,1:?,2:human,,0.666
212,1:?,1:bot,,0.753
213,1:?,1:bot,,0.544
214,1:?,2:human,,0.754
215,1:?,1:bot,,0.811
216,1:?,1:bot,,0.799
217,1:?,1:bot,,0.736
218,1:?,2:human,,0.843
219,1:?,2:human,,0.801
220,1:?,1:bot,,0.872
221,1:?,2:human,,0.726
222,1:?,1:bot,,0.907
223,1:?,2:human,,0.594
224,1:?,1:bot,,0.907
225,1:?,1:bot,,0.799
226,1:?,1:bot,,0.736
227,1:?,2:human,,0.726
228,1:?,1:bot,,0.856
229,1:?,1:bot,,0.852
230,1:?,2:human,,0.566
231,1:?,1:bot,,0.736
232,1:?,1:bot,,0.856
233,1:?,1:bot,,0.779
234,1:?,1:bot,,0.924
235,1:?,1:bot,,0.943
236,1:?,1:bot,,0.544
237,1:?,2:human,,0.726
238,1:?,1:bot,,0.748
239,1:?,1:bot,,0.882
240,1:?,1:bot,,0.834
241,1:?,1:bot,,0.908
242,1:?,1:bot,,0.589
243,1:?,1:bot,,0.736
244,1:?,1:bot,,0.779
245,1:?,1:bot,,0.779
246,1:?,1:bot,,0.865
247,1:?,1:bot,,0.801
248,1:?,1:bot,,0.589
249,1:?,1:bot,,0.701
250,1:?,2:human,,0.607
251,1:?,1:bot,,0.882
252,1:?,1:bot,,0.589
253,1:?,1:bot,,0.873
254,1:?,2:human,,0.984
255,1:?,1:bot,,0.856
256,1:?,1:bot,,0.811
257,1:?,1:bot,,0.849
258,1:?,1:bot,,0.697
259,1:?,1:bot,,0.86
260,1:?,1:bot,,0.873
261,1:?,1:bot,,0.565
262,1:?,1:bot,,0.892
263,1:?,1:bot,,0.789
264,1:?,1:bot,,0.817
265,1:?,1:bot,,0.748
266,1:?,1:bot,,0.653
267,1:?,1:bot,,0.779
268,1:?,1:bot,,0.801
269,1:?,1:bot,,0.753
270,1:?,1:bot,,0.603
271,1:?,1:bot,,0.936
272,1:?,1:bot,,0.856
273,1:?,1:bot,,0.773
274,1:?,1:bot,,0.777
275,1:?,1:bot,,0.519
276,1:?,1:bot,,0.589
277,1:?,1:bot,,0.873
278,1:?,1:bot,,0.879
279,1:?,2:human,,0.928
280,1:?,1:bot,,0.905
281,1:?,1:bot,,0.753
282,1:?,1:bot,,0.873
283,1:?,2:human,,0.501
284,1:?,1:bot,,0.539
285,1:?,1:bot,,0.873
286,1:?,1:bot,,0.834
287,1:?,1:bot,,0.882
288,1:?,1:bot,,0.748
289,1:?,1:bot,,0.779
290,1:?,2:human,,0.521
291,1:?,1:bot,,0.779
292,1:?,1:bot,,0.772
293,1:?,1:bot,,0.773
294,1:?,1:bot,,0.779
295,1:?,1:bot,,0.544
296,1:?,1:bot,,0.779
297,1:?,1:bot,,0.901
298,1:?,2:human,,0.833
299,1:?,1:bot,,0.779
300,1:?,2:human,,0.668
301,1:?,1:bot,,0.779
302,1:?,2:human,,0.989
303,1:?,1:bot,,0.723
304,1:?,1:bot,,0.558
305,1:?,2:human,,0.72
306,1:?,1:bot,,0.817
307,1:?,1:bot,,0.873
308,1:?,1:bot,,0.736
309,1:?,1:bot,,0.816
310,1:?,1:bot,,0.873
311,1:?,1:bot,,0.936
312,1:?,1:bot,,0.817
313,1:?,1:bot,,0.873
314,1:?,1:bot,,0.736
315,1:?,2:human,,0.507
316,1:?,1:bot,,0.862
317,1:?,1:bot,,0.736
318,1:?,1:bot,,0.806
319,1:?,1:bot,,0.779
320,1:?,1:bot,,0.736
321,1:?,1:bot,,0.882
322,1:?,1:bot,,0.817
323,1:?,1:bot,,0.916
324,1:?,1:bot,,0.916
325,1:?,1:bot,,0.779
326,1:?,1:bot,,0.736
327,1:?,1:bot,,0.736
328,1:?,2:human,,0.803
329,1:?,1:bot,,0.882
330,1:?,2:human,,0.555
331,1:?,1:bot,,0.736
332,1:?,1:bot,,0.873
333,1:?,1:bot,,0.82
334,1:?,1:bot,,0.779
335,1:?,1:bot,,0.753
336,1:?,1:bot,,0.893
337,1:?,1:bot,,0.736
338,1:?,1:bot,,0.779
339,1:?,1:bot,,0.872
340,1:?,1:bot,,0.872
341,1:?,1:bot,,0.589
342,1:?,1:bot,,0.865
343,1:?,1:bot,,0.779
344,1:?,1:bot,,0.779
345,1:?,1:bot,,0.653
346,1:?,1:bot,,0.799
347,1:?,1:bot,,0.753
348,1:?,1:bot,,0.789
349,1:?,2:human,,0.838
350,1:?,2:human,,0.805
351,1:?,1:bot,,0.736
352,1:?,1:bot,,0.86
353,1:?,1:bot,,0.896
354,1:?,1:bot,,0.779
355,1:?,1:bot,,0.671
356,1:?,1:bot,,0.884
357,1:?,1:bot,,0.856
358,1:?,1:bot,,0.817
359,1:?,1:bot,,0.873
360,1:?,1:bot,,0.873
361,1:?,1:bot,,0.779
362,1:?,1:bot,,0.873
363,1:?,1:bot,,0.589
364,1:?,1:bot,,0.741
365,1:?,1:bot,,0.799
366,1:?,1:bot,,0.753
367,1:?,1:bot,,0.779
368,1:?,1:bot,,0.653
369,1:?,1:bot,,0.829
370,1:?,1:bot,,0.852
371,1:?,1:bot,,0.852
372,1:?,1:bot,,0.882
373,1:?,1:bot,,0.799
374,1:?,1:bot,,0.779
375,1:?,1:bot,,0.589
376,1:?,1:bot,,0.873
377,1:?,1:bot,,0.848
378,1:?,1:bot,,0.729
379,1:?,2:human,,0.974
380,1:?,2:human,,0.83
381,1:?,2:human,,0.813
382,1:?,1:bot,,0.696
383,1:?,1:bot,,0.901
384,1:?,1:bot,,0.84
385,1:?,1:bot,,0.872
386,1:?,1:bot,,0.907
387,1:?,1:bot,,0.779
388,1:?,2:human,,0.96
389,1:?,2:human,,0.977
390,1:?,1:bot,,0.901
391,1:?,2:human,,0.947
392,1:?,1:bot,,0.811
393,1:?,1:bot,,0.779
394,1:?,1:bot,,0.895
395,1:?,1:bot,,0.856
396,1:?,1:bot,,0.882
397,1:?,1:bot,,0.768
398,1:?,1:bot,,0.882
399,1:?,1:bot,,0.907
400,1:?,2:human,,0.803
401,1:?,1:bot,,0.736
402,1:?,1:bot,,0.748
403,1:?,1:bot,,0.816
404,1:?,1:bot,,0.778
405,1:?,2:human,,0.754
406,1:?,1:bot,,0.736
407,1:?,2:human,,0.83
408,1:?,2:human,,0.977
409,1:?,1:bot,,0.873
410,1:?,2:human,,0.984
411,1:?,1:bot,,0.736
412,1:?,1:bot,,0.873
413,1:?,1:bot,,0.736
414,1:?,1:bot,,0.736
415,1:?,1:bot,,0.744
416,1:?,1:bot,,0.603
417,1:?,2:human,,0.914
418,1:?,1:bot,,0.753
419,1:?,1:bot,,0.879
420,1:?,1:bot,,0.834
421,1:?,1:bot,,0.817
422,1:?,2:human,,0.619
423,1:?,1:bot,,0.736
424,1:?,1:bot,,0.779
425,1:?,1:bot,,0.882
426,1:?,1:bot,,0.799
427,1:?,1:bot,,0.834
428,1:?,1:bot,,0.565
429,1:?,1:bot,,0.869
430,1:?,1:bot,,0.873
431,1:?,1:bot,,0.843
432,1:?,1:bot,,0.916
433,1:?,1:bot,,0.924
434,1:?,1:bot,,0.806
435,1:?,2:human,,0.522
436,1:?,1:bot,,0.907
437,1:?,1:bot,,0.779
438,1:?,1:bot,,0.736
439,1:?,1:bot,,0.779
440,1:?,1:bot,,0.875
441,1:?,1:bot,,0.816
442,1:?,1:bot,,0.779
443,1:?,1:bot,,0.835
444,1:?,1:bot,,0.696
445,1:?,2:human,,0.821
446,1:?,2:human,,0.739
447,1:?,1:bot,,0.743
448,1:?,2:human,,0.963
449,1:?,1:bot,,0.879
450,1:?,2:human,,0.726
451,1:?,2:human,,0.867
452,1:?,2:human,,0.661
453,1:?,1:bot,,0.779
454,1:?,2:human,,0.83
455,1:?,1:bot,,0.736
456,1:?,2:human,,0.777
457,1:?,1:bot,,0.901
458,1:?,1:bot,,0.743
459,1:?,1:bot,,0.824
460,1:?,1:bot,,0.82
461,1:?,1:bot,,0.882
462,1:?,1:bot,,0.736
463,1:?,2:human,,0.53
464,1:?,1:bot,,0.873
465,1:?,1:bot,,0.64
466,1:?,1:bot,,0.558
467,1:?,1:bot,,0.86
468,1:?,1:bot,,0.873
469,1:?,1:bot,,0.816
470,1:?,1:bot,,0.936
471,1:?,1:bot,,0.907
472,1:?,1:bot,,0.671
473,1:?,1:bot,,0.779
474,1:?,2:human,,0.507
475,1:?,1:bot,,0.736
476,1:?,1:bot,,0.799
477,1:?,1:bot,,0.834
478,1:?,1:bot,,0.879
479,1:?,1:bot,,0.589
480,1:?,1:bot,,0.779
481,1:?,1:bot,,0.729
482,1:?,1:bot,,0.779
483,1:?,1:bot,,0.799
484,1:?,1:bot,,0.736
485,1:?,1:bot,,0.918
486,1:?,1:bot,,0.753
487,1:?,2:human,,0.974
488,1:?,1:bot,,0.671
489,1:?,1:bot,,0.875
490,1:?,1:bot,,0.834
491,1:?,1:bot,,0.589
492,1:?,1:bot,,0.831
493,1:?,1:bot,,0.748
494,1:?,1:bot,,0.885
495,1:?,1:bot,,0.696
496,1:?,1:bot,,0.592
497,1:?,1:bot,,0.696
498,1:?,2:human,,0.974
499,1:?,2:human,,0.83
500,1:?,2:human,,0.735
501,1:?,1:bot,,0.893
502,1:?,2:human,,0.775
503,1:?,1:bot,,0.736
504,1:?,1:bot,,0.817
505,1:?,2:human,,0.905
506,1:?,2:human,,0.793
507,1:?,1:bot,,0.779
508,1:?,1:bot,,0.872
509,1:?,1:bot,,0.916
510,1:?,1:bot,,0.779
511,1:?,1:bot,,0.911
512,1:?,2:human,,0.989
513,1:?,2:human,,0.989
514,1:?,1:bot,,0.907
515,1:?,2:human,,0.555
516,1:?,2:human,,0.772
517,1:?,1:bot,,0.901
518,1:?,2:human,,0.924
519,1:?,1:bot,,0.589
520,1:?,1:bot,,0.779
521,1:?,1:bot,,0.597
522,1:?,1:bot,,0.882
523,1:?,1:bot,,0.816
524,1:?,1:bot,,0.636
525,1:?,1:bot,,0.753
526,1:?,1:bot,,0.597
527,1:?,1:bot,,0.779
528,1:?,1:bot,,0.779
529,1:?,2:human,,0.974
530,1:?,1:bot,,0.544
531,1:?,2:human,,0.685
532,1:?,1:bot,,0.882
533,1:?,2:human,,0.594
534,1:?,1:bot,,0.873
535,1:?,1:bot,,0.882
536,1:?,2:human,,0.961
537,1:?,1:bot,,0.753
538,1:?,1:bot,,0.589
539,1:?,1:bot,,0.799
540,1:?,1:bot,,0.873
541,1:?,1:bot,,0.696
542,1:?,1:bot,,0.589
543,1:?,2:human,,0.676
544,1:?,1:bot,,0.558
545,1:?,1:bot,,0.748
546,1:?,1:bot,,0.753
547,1:?,2:human,,0.959
548,1:?,1:bot,,0.845
549,1:?,1:bot,,0.913
550,1:?,1:bot,,0.779
551,1:?,1:bot,,0.816
552,1:?,1:bot,,0.873
553,1:?,2:human,,0.989
554,1:?,1:bot,,0.696
555,1:?,1:bot,,0.848
556,1:?,1:bot,,0.882
557,1:?,1:bot,,0.936
558,1:?,2:human,,0.97
559,1:?,1:bot,,0.899
560,1:?,2:human,,0.87
561,1:?,1:bot,,0.736
562,1:?,1:bot,,0.779
563,1:?,2:human,,0.697
564,1:?,2:human,,0.914
565,1:?,1:bot,,0.811
566,1:?,1:bot,,0.873
567,1:?,2:human,,0.997
568,1:?,1:bot,,0.736
569,1:?,1:bot,,0.831
570,1:?,2:human,,0.666
571,1:?,1:bot,,0.779
572,1:?,2:human,,0.861
573,1:?,1:bot,,0.799
574,1:?,2:human,,0.94
575,1:?,2:human,,0.995
576,1:?,1:bot,,0.816
577,1:?,1:bot,,0.882
578,1:?,1:bot,,0.882
579,1:?,1:bot,,0.936
580,1:?,2:human,,0.989
581,1:?,2:human,,0.668
582,1:?,2:human,,0.942
583,1:?,1:bot,,0.779
584,1:?,1:bot,,0.936
585,1:?,1:bot,,0.856
586,1:?,1:bot,,0.779
587,1:?,1:bot,,0.753
588,1:?,1:bot,,0.589
589,1:?,2:human,,0.866
590,1:?,1:bot,,0.678
591,1:?,2:human,,0.508
592,1:?,2:human,,0.931
593,1:?,1:bot,,0.748
594,1:?,1:bot,,0.753
595,1:?,1:bot,,0.834
596,1:?,1:bot,,0.82
597,1:?,1:bot,,0.779
598,1:?,1:bot,,0.748
599,1:?,1:bot,,0.905
600,1:?,1:bot,,0.872
601,1:?,1:bot,,0.806
602,1:?,1:bot,,0.512
603,1:?,1:bot,,0.882
604,1:?,1:bot,,0.879
605,1:?,1:bot,,0.779
606,1:?,1:bot,,0.597
607,1:?,2:human,,0.772
608,1:?,1:bot,,0.773
609,1:?,1:bot,,0.816
610,1:?,1:bot,,0.696
611,1:?,2:human,,0.983
612,1:?,1:bot,,0.779
613,1:?,2:human,,0.941
614,1:?,1:bot,,0.779
615,1:?,1:bot,,0.779
616,1:?,2:human,,0.83
617,1:?,1:bot,,0.884
618,1:?,1:bot,,0.873
619,1:?,1:bot,,0.688
620,1:?,1:bot,,0.736
621,1:?,1:bot,,0.589
622,1:?,1:bot,,0.779
623,1:?,1:bot,,0.779
624,1:?,1:bot,,0.736
625,1:?,1:bot,,0.882
626,1:?,1:bot,,0.736
627,1:?,1:bot,,0.589
628,1:?,2:human,,0.507
629,1:?,2:human,,0.905
630,1:?,2:human,,0.982
631,1:?,2:human,,0.87
632,1:?,1:bot,,0.882
633,1:?,2:human,,0.969
634,1:?,1:bot,,0.671
635,1:?,1:bot,,0.717
636,1:?,1:bot,,0.653
637,1:?,1:bot,,0.701
638,1:?,1:bot,,0.736
639,1:?,1:bot,,0.873
640,1:?,1:bot,,0.916
641,1:?,1:bot,,0.811
642,1:?,1:bot,,0.86
643,1:?,1:bot,,0.753
644,1:?,1:bot,,0.748
645,1:?,2:human,,0.8
646,1:?,1:bot,,0.701
647,1:?,1:bot,,0.7
648,1:?,1:bot,,0.873
649,1:?,1:bot,,0.873
650,1:?,1:bot,,0.936
651,1:?,1:bot,,0.671
652,1:?,1:bot,,0.696
653,1:?,1:bot,,0.589
654,1:?,1:bot,,0.895
655,1:?,1:bot,,0.779
656,1:?,1:bot,,0.882
657,1:?,1:bot,,0.753
658,1:?,1:bot,,0.779
659,1:?,1:bot,,0.891
660,1:?,1:bot,,0.928
661,1:?,1:bot,,0.688
662,1:?,2:human,,0.741
663,1:?,1:bot,,0.817
664,1:?,1:bot,,0.873
665,1:?,1:bot,,0.779
666,1:?,1:bot,,0.747
667,1:?,2:human,,0.974
668,1:?,1:bot,,0.901
669,1:?,1:bot,,0.589
670,1:?,1:bot,,0.779
671,1:?,1:bot,,0.799
672,1:?,1:bot,,0.742
673,1:?,2:human,,0.508
674,1:?,1:bot,,0.876
675,1:?,2:human,,0.83
676,1:?,2:human,,0.8
677,1:?,1:bot,,0.806
678,1:?,1:bot,,0.856
679,1:?,1:bot,,0.779
680,1:?,1:bot,,0.753
681,1:?,1:bot,,0.882
682,1:?,1:bot,,0.736
683,1:?,1:bot,,0.773
684,1:?,2:human,,0.947
685,1:?,1:bot,,0.758
686,1:?,1:bot,,0.936
687,1:?,1:bot,,0.817
688,1:?,1:bot,,0.696
689,1:?,1:bot,,0.84
690,1:?,1:bot,,0.736
691,1:?,2:human,,0.83
692,1:?,1:bot,,0.748
693,1:?,2:human,,0.919
694,1:?,1:bot,,0.834
695,1:?,1:bot,,0.873
696,1:?,1:bot,,0.936
697,1:?,1:bot,,0.873
698,1:?,2:human,,0.805
699,1:?,2:human,,0.993
700,1:?,1:bot,,0.592
701,1:?,1:bot,,0.779
702,1:?,1:bot,,0.852
703,1:?,1:bot,,0.843
704,1:?,2:human,,0.772
705,1:?,1:bot,,0.544
706,1:?,1:bot,,0.875
707,1:?,1:bot,,0.872
708,1:?,1:bot,,0.916
709,1:?,1:bot,,0.86
710,1:?,1:bot,,0.873
711,1:?,1:bot,,0.736
712,1:?,2:human,,0.977
713,1:?,2:human,,0.827
714,1:?,1:bot,,0.777
715,1:?,1:bot,,0.86
716,1:?,1:bot,,0.895
717,1:?,1:bot,,0.873
718,1:?,2:human,,0.547
719,1:?,1:bot,,0.779
720,1:?,1:bot,,0.873
721,1:?,1:bot,,0.736
722,1:?,1:bot,,0.834
723,1:?,1:bot,,0.779
724,1:?,2:human,,0.623
725,1:?,1:bot,,0.865
726,1:?,1:bot,,0.936
727,1:?,2:human,,0.809
728,1:?,1:bot,,0.799
729,1:?,1:bot,,0.882
730,1:?,1:bot,,0.743
731,1:?,2:human,,0.53
732,1:?,1:bot,,0.848
733,1:?,1:bot,,0.936
734,1:?,1:bot,,0.736
735,1:?,1:bot,,0.736
736,1:?,1:bot,,0.539
737,1:?,2:human,,0.876
738,1:?,1:bot,,0.873
739,1:?,2:human,,0.809
740,1:?,1:bot,,0.821
741,1:?,1:bot,,0.895
742,1:?,2:human,,0.809
743,1:?,1:bot,,0.873
744,1:?,1:bot,,0.807
745,1:?,1:bot,,0.872
746,1:?,1:bot,,0.673
747,1:?,2:human,,0.991
748,1:?,1:bot,,0.753
749,1:?,2:human,,0.944
750,1:?,1:bot,,0.934
751,1:?,1:bot,,0.694
752,1:?,2:human,,0.822
753,1:?,2:human,,0.961
754,1:?,1:bot,,0.834
755,1:?,1:bot,,0.873
756,1:?,2:human,,0.657
757,1:?,1:bot,,0.799
758,1:?,1:bot,,0.671
759,1:?,1:bot,,0.779
760,1:?,1:bot,,0.779
761,1:?,2:human,,0.821
762,1:?,1:bot,,0.817
763,1:?,1:bot,,0.831
764,1:?,2:human,,0.987
765,1:?,1:bot,,0.856
766,1:?,1:bot,,0.892
767,1:?,1:bot,,0.872
768,1:?,1:bot,,0.816
769,1:?,1:bot,,0.736
770,1:?,1:bot,,0.773
771,1:?,2:human,,0.993
772,1:?,1:bot,,0.671
773,1:?,1:bot,,0.856
774,1:?,1:bot,,0.778
775,1:?,1:bot,,0.748
776,1:?,1:bot,,0.816
777,1:?,1:bot,,0.873
778,1:?,1:bot,,0.873
779,1:?,1:bot,,0.876
780,1:?,1:bot,,0.873
781,1:?,1:bot,,0.799
782,1:?,1:bot,,0.826
783,1:?,1:bot,,0.589
784,1:?,1:bot,,0.879
785,1:?,1:bot,,0.873
786,1:?,1:bot,,0.753
787,1:?,2:human,,0.714
788,1:?,1:bot,,0.834
789,1:?,1:bot,,0.779
790,1:?,1:bot,,0.811
791,1:?,2:human,,0.661
792,1:?,1:bot,,0.788
793,1:?,1:bot,,0.816
794,1:?,1:bot,,0.736
795,1:?,1:bot,,0.736
796,1:?,1:bot,,0.873
797,1:?,1:bot,,0.849
798,1:?,1:bot,,0.848
799,1:?,1:bot,,0.779
800,1:?,1:bot,,0.565
801,1:?,1:bot,,0.882
802,1:?,2:human,,0.989
803,1:?,1:bot,,0.907
804,1:?,1:bot,,0.779
805,1:?,2:human,,0.974
806,1:?,2:human,,0.977
807,1:?,1:bot,,0.84
808,1:?,1:bot,,0.882
809,1:?,1:bot,,0.753
810,1:?,1:bot,,0.908
811,1:?,1:bot,,0.916
812,1:?,2:human,,0.643
813,1:?,1:bot,,0.816
814,1:?,2:human,,0.913
815,1:?,1:bot,,0.779
816,1:?,2:human,,0.989
817,1:?,2:human,,0.576
818,1:?,1:bot,,0.836
819,1:?,1:bot,,0.753
820,1:?,1:bot,,0.597
821,1:?,1:bot,,0.779
822,1:?,2:human,,0.754
823,1:?,1:bot,,0.872
824,1:?,1:bot,,0.806
825,1:?,1:bot,,0.856
826,1:?,1:bot,,0.82
827,1:?,1:bot,,0.736
828,1:?,1:bot,,0.831
829,1:?,1:bot,,0.872
830,1:?,1:bot,,0.589
831,1:?,1:bot,,0.856
832,1:?,2:human,,0.83
833,1:?,1:bot,,0.748
834,1:?,2:human,,0.983
835,1:?,2:human,,0.754
836,1:?,1:bot,,0.882
837,1:?,1:bot,,0.907
838,1:?,1:bot,,0.799
839,1:?,1:bot,,0.629
840,1:?,1:bot,,0.7
841,1:?,1:bot,,0.852
842,1:?,1:bot,,0.843
843,1:?,1:bot,,0.806
844,1:?,1:bot,,0.815
845,1:?,2:human,,0.843
846,1:?,1:bot,,0.671
847,1:?,1:bot,,0.773
848,1:?,1:bot,,0.767
849,1:?,1:bot,,0.779
850,1:?,1:bot,,0.773
851,1:?,2:human,,0.861
852,1:?,1:bot,,0.834
853,1:?,1:bot,,0.589
854,1:?,1:bot,,0.895
855,1:?,1:bot,,0.891
856,1:?,1:bot,,0.834
857,1:?,1:bot,,0.86
858,1:?,1:bot,,0.885
859,1:?,2:human,,0.83
860,1:?,1:bot,,0.936
861,1:?,1:bot,,0.84
862,1:?,2:human,,0.988
863,1:?,1:bot,,0.831
864,1:?,2:human,,0.53
865,1:?,1:bot,,0.913
866,1:?,1:bot,,0.872
867,1:?,2:human,,0.975
868,1:?,1:bot,,0.882
869,1:?,2:human,,0.83
870,1:?,2:human,,0.803
871,1:?,1:bot,,0.826
872,1:?,1:bot,,0.873
873,1:?,1:bot,,0.717
874,1:?,1:bot,,0.629
875,1:?,1:bot,,0.779
876,1:?,1:bot,,0.701
877,1:?,1:bot,,0.873
878,1:?,1:bot,,0.882
879,1:?,2:human,,0.676
880,1:?,1:bot,,0.589
881,1:?,1:bot,,0.873
882,1:?,1:bot,,0.589
883,1:?,1:bot,,0.831
884,1:?,2:human,,0.981
885,1:?,1:bot,,0.806
886,1:?,1:bot,,0.872
887,1:?,1:bot,,0.924
888,1:?,1:bot,,0.696
889,1:?,1:bot,,0.879
890,1:?,1:bot,,0.806
891,1:?,1:bot,,0.873
892,1:?,1:bot,,0.753
893,1:?,1:bot,,0.856
894,1:?,1:bot,,0.873
895,1:?,1:bot,,0.873
896,1:?,1:bot,,0.777
897,1:?,2:human,,0.86
898,1:?,1:bot,,0.736
899,1:?,1:bot,,0.936
900,1:?,2:human,,0.549
901,1:?,1:bot,,0.558
902,1:?,1:bot,,0.879
903,1:?,1:bot,,0.589
904,1:?,1:bot,,0.916
905,1:?,1:bot,,0.799
906,1:?,2:human,,0.83
907,1:?,2:human,,0.803
908,1:?,1:bot,,0.748
909,1:?,2:human,,0.754
910,1:?,1:bot,,0.753
911,1:?,2:human,,0.974
912,1:?,1:bot,,0.84
913,1:?,1:bot,,0.841
914,1:?,1:bot,,0.758
915,1:?,1:bot,,0.779
916,1:?,1:bot,,0.76
917,1:?,2:human,,0.945
918,1:?,1:bot,,0.873
919,1:?,1:bot,,0.896
920,1:?,1:bot,,0.856
921,1:?,1:bot,,0.653
922,1:?,2:human,,0.651
923,1:?,1:bot,,0.779
924,1:?,2:human,,0.96
925,1:?,1:bot,,0.753
926,1:?,1:bot,,0.907
927,1:?,1:bot,,0.907
928,1:?,1:bot,,0.873
929,1:?,1:bot,,0.824
930,1:?,1:bot,,0.873
931,1:?,1:bot,,0.779
932,1:?,1:bot,,0.789
933,1:?,2:human,,0.913
934,1:?,2:human,,0.761
935,1:?,1:bot,,0.779
936,1:?,1:bot,,0.943
937,1:?,1:bot,,0.779
938,1:?,2:human,,0.755
939,1:?,1:bot,,0.779
940,1:?,1:bot,,0.748
941,1:?,1:bot,,0.629
942,1:?,1:bot,,0.905
943,1:?,1:bot,,0.748
944,1:?,1:bot,,0.774
945,1:?,2:human,,0.83
946,1:?,1:bot,,0.893
947,1:?,1:bot,,0.918
948,1:?,1:bot,,0.872
949,1:?,1:bot,,0.736
950,1:?,1:bot,,0.873
951,1:?,2:human,,0.775
952,1:?,1:bot,,0.806
953,1:?,1:bot,,0.873
954,1:?,1:bot,,0.758
955,1:?,1:bot,,0.671
956,1:?,1:bot,,0.753
957,1:?,1:bot,,0.811
958,1:?,2:human,,0.881
959,1:?,1:bot,,0.753
960,1:?,1:bot,,0.873
961,1:?,1:bot,,0.913
962,1:?,1:bot,,0.717
963,1:?,2:human,,0.989
964,1:?,1:bot,,0.629
965,1:?,2:human,,0.74
966,1:?,1:bot,,0.826
967,1:?,1:bot,,0.834
968,1:?,2:human,,0.989
969,1:?,2:human,,0.996
970,1:?,1:bot,,0.694
971,1:?,1:bot,,0.834
972,1:?,1:bot,,0.879
973,1:?,1:bot,,0.84
974,1:?,1:bot,,0.671
975,1:?,1:bot,,0.882
976,1:?,1:bot,,0.873
977,1:?,1:bot,,0.753
978,1:?,2:human,,0.599
979,1:?,2:human,,0.666
980,1:?,2:human,,0.795
981,1:?,1:bot,,0.799
982,1:?,1:bot,,0.7
983,1:?,1:bot,,0.779
984,1:?,1:bot,,0.872
985,1:?,1:bot,,0.873
986,1:?,2:human,,0.988
987,1:?,2:human,,0.964
988,1:?,1:bot,,0.736
989,1:?,2:human,,0.679
990,1:?,2:human,,0.905
991,1:?,1:bot,,0.558
992,1:?,1:bot,,0.806
993,1:?,1:bot,,0.84
994,1:?,1:bot,,0.882
995,1:?,1:bot,,0.873
996,1:?,2:human,,0.989
997,1:?,2:human,,0.989
998,1:?,2:human,,0.993
999,1:?,1:bot,,0.777
1000,1:?,1:bot,,0.671
1001,1:?,1:bot,,0.865
1002,1:?,1:bot,,0.82
1003,1:?,1:bot,,0.768
1004,1:?,1:bot,,0.801
1005,1:?,1:bot,,0.816
1006,1:?,1:bot,,0.936
1007,1:?,2:human,,0.83
1008,1:?,1:bot,,0.843
1009,1:?,1:bot,,0.589
1010,1:?,1:bot,,0.943
1011,1:?,1:bot,,0.879
1012,1:?,1:bot,,0.779
1013,1:?,1:bot,,0.811
1014,1:?,1:bot,,0.729
1015,1:?,1:bot,,0.856
1016,1:?,1:bot,,0.924
1017,1:?,2:human,,0.86
1018,1:?,2:human,,0.735
1019,1:?,1:bot,,0.873
1020,1:?,2:human,,0.53
1021,1:?,2:human,,0.989
1022,1:?,1:bot,,0.603
1023,1:?,1:bot,,0.592
1024,1:?,2:human,,0.993
1025,1:?,1:bot,,0.671
1026,1:?,1:bot,,0.882
1027,1:?,2:human,,0.621
1028,1:?,1:bot,,0.799
1029,1:?,1:bot,,0.816
1030,1:?,2:human,,0.988
1031,1:?,1:bot,,0.681
1032,1:?,1:bot,,0.589
1033,1:?,2:human,,0.53
1034,1:?,1:bot,,0.811
1035,1:?,1:bot,,0.817
1036,1:?,1:bot,,0.753
1037,1:?,1:bot,,0.629
1038,1:?,1:bot,,0.779
1039,1:?,1:bot,,0.892
1040,1:?,1:bot,,0.589
1041,1:?,1:bot,,0.811
1042,1:?,2:human,,0.676
1043,1:?,1:bot,,0.671
1044,1:?,1:bot,,0.779
1045,1:?,2:human,,0.632
1046,1:?,1:bot,,0.806
1047,1:?,1:bot,,0.882
1048,1:?,1:bot,,0.817
1049,1:?,1:bot,,0.873
1050,1:?,1:bot,,0.753
1051,1:?,2:human,,0.726
1052,1:?,2:human,,0.989
1053,1:?,1:bot,,0.629
1054,1:?,2:human,,0.988
1055,1:?,1:bot,,0.811
1056,1:?,1:bot,,0.835
1057,1:?,2:human,,0.989
1058,1:?,1:bot,,0.717
1059,1:?,2:human,,0.989
1060,1:?,1:bot,,0.873
1061,1:?,1:bot,,0.873
1062,1:?,2:human,,0.947
1063,1:?,1:bot,,0.873
1064,1:?,2:human,,0.988
1065,1:?,2:human,,0.735
1066,1:?,1:bot,,0.905
1067,1:?,1:bot,,0.779
1068,1:?,1:bot,,0.856
1069,1:?,2:human,,0.913
1070,1:?,1:bot,,0.748
1071,1:?,2:human,,0.562
1072,1:?,2:human,,0.83
1073,1:?,1:bot,,0.811
1074,1:?,1:bot,,0.701
1075,1:?,1:bot,,0.916
1076,1:?,1:bot,,0.873
1077,1:?,1:bot,,0.873
1078,1:?,1:bot,,0.856
1079,1:?,2:human,,0.594
1080,1:?,1:bot,,0.896
1081,1:?,1:bot,,0.826
1082,1:?,1:bot,,0.848
1083,1:?,1:bot,,0.882
1084,1:?,1:bot,,0.865
1085,1:?,1:bot,,0.811
1086,1:?,1:bot,,0.629
1087,1:?,1:bot,,0.873
1088,1:?,1:bot,,0.796
1089,1:?,1:bot,,0.856
1090,1:?,1:bot,,0.696
1091,1:?,1:bot,,0.905
1092,1:?,1:bot,,0.873
1093,1:?,1:bot,,0.879
1094,1:?,1:bot,,0.801
1095,1:?,1:bot,,0.856
1096,1:?,1:bot,,0.872
1097,1:?,1:bot,,0.783
1098,1:?,1:bot,,0.941
1099,1:?,1:bot,,0.911
1100,1:?,1:bot,,0.873
1101,1:?,1:bot,,0.736
1102,1:?,1:bot,,0.916
1103,1:?,1:bot,,0.806
1104,1:?,1:bot,,0.779
1105,1:?,1:bot,,0.816
1106,1:?,1:bot,,0.84
1107,1:?,1:bot,,0.907
1108,1:?,1:bot,,0.678
1109,1:?,1:bot,,0.882
1110,1:?,1:bot,,0.589
1111,1:?,1:bot,,0.779
1112,1:?,1:bot,,0.873
1113,1:?,1:bot,,0.899
1114,1:?,1:bot,,0.558
1115,1:?,2:human,,0.75
1116,1:?,1:bot,,0.911
1117,1:?,1:bot,,0.873
1118,1:?,1:bot,,0.736
1119,1:?,1:bot,,0.82
1120,1:?,1:bot,,0.873
1121,1:?,1:bot,,0.799
1122,1:?,2:human,,0.834
1123,1:?,2:human,,0.822
1124,1:?,1:bot,,0.592
1125,1:?,1:bot,,0.882
1126,1:?,1:bot,,0.696
1127,1:?,1:bot,,0.882
1128,1:?,2:human,,0.924
1129,1:?,1:bot,,0.701
1130,1:?,2:human,,0.53
1131,1:?,1:bot,,0.849
1132,1:?,1:bot,,0.736
1133,1:?,2:human,,0.755
1134,1:?,1:bot,,0.736
1135,1:?,2:human,,0.726
1136,1:?,1:bot,,0.82
1137,1:?,1:bot,,0.789
1138,1:?,1:bot,,0.779
1139,1:?,1:bot,,0.779
1140,1:?,1:bot,,0.816
1141,1:?,1:bot,,0.736
1142,1:?,1:bot,,0.882
1143,1:?,2:human,,0.989
1144,1:?,2:human,,0.989
1145,1:?,2:human,,0.83
1146,1:?,1:bot,,0.882
1147,1:?,1:bot,,0.936
1148,1:?,2:human,,0.819
1149,1:?,1:bot,,0.876
1150,1:?,1:bot,,0.936
1151,1:?,1:bot,,0.589
1152,1:?,1:bot,,0.779
1153,1:?,1:bot,,0.872
1154,1:?,1:bot,,0.824
1155,1:?,1:bot,,0.816
1156,1:?,1:bot,,0.856
1157,1:?,1:bot,,0.748
1158,1:?,2:human,,0.989
1159,1:?,1:bot,,0.936
1160,1:?,2:human,,0.83
1161,1:?,1:bot,,0.779
1162,1:?,1:bot,,0.856
1163,1:?,1:bot,,0.606
1164,1:?,1:bot,,0.694
1165,1:?,1:bot,,0.873
1166,1:?,1:bot,,0.936
1167,1:?,1:bot,,0.835
1168,1:?,1:bot,,0.882
1169,1:?,1:bot,,0.816
1170,1:?,1:bot,,0.873
1171,1:?,2:human,,0.53
1172,1:?,1:bot,,0.873
1173,1:?,1:bot,,0.873
1174,1:?,1:bot,,0.736
1175,1:?,1:bot,,0.872
1176,1:?,1:bot,,0.779
1177,1:?,1:bot,,0.799
1178,1:?,1:bot,,0.864
1179,1:?,2:human,,0.974
1180,1:?,1:bot,,0.916
1181,1:?,2:human,,0.566
1182,1:?,2:human,,0.928
1183,1:?,2:human,,0.989
1184,1:?,1:bot,,0.736
1185,1:?,1:bot,,0.671
1186,1:?,2:human,,0.861
1187,1:?,1:bot,,0.873
1188,1:?,1:bot,,0.816
1189,1:?,1:bot,,0.872
1190,1:?,1:bot,,0.784
1191,1:?,1:bot,,0.589
1192,1:?,1:bot,,0.753
1193,1:?,1:bot,,0.701
1194,1:?,1:bot,,0.696
1195,1:?,1:bot,,0.82
1196,1:?,1:bot,,0.779
1197,1:?,1:bot,,0.811
1198,1:?,2:human,,0.987
1199,1:?,1:bot,,0.834
1200,1:?,1:bot,,0.882
1201,1:?,1:bot,,0.748
1202,1:?,1:bot,,0.779
1203,1:?,1:bot,,0.882
1204,1:?,1:bot,,0.753
1205,1:?,1:bot,,0.873
1206,1:?,1:bot,,0.789
1207,1:?,1:bot,,0.943
1208,1:?,1:bot,,0.872
1209,1:?,1:bot,,0.873
1210,1:?,1:bot,,0.742
1211,1:?,1:bot,,0.936
1212,1:?,1:bot,,0.807
1213,1:?,1:bot,,0.694
1214,1:?,1:bot,,0.882
1215,1:?,2:human,,0.858
1216,1:?,2:human,,0.741
1217,1:?,1:bot,,0.817
1218,1:?,1:bot,,0.789
1219,1:?,1:bot,,0.696
1220,1:?,1:bot,,0.799
1221,1:?,1:bot,,0.873
1222,1:?,1:bot,,0.753
1223,1:?,1:bot,,0.824
1224,1:?,2:human,,0.787
1225,1:?,1:bot,,0.817
1226,1:?,1:bot,,0.882
1227,1:?,1:bot,,0.873
1228,1:?,1:bot,,0.779
1229,1:?,1:bot,,0.66
1230,1:?,1:bot,,0.753
1231,1:?,1:bot,,0.936
1232,1:?,1:bot,,0.779
1233,1:?,1:bot,,0.7
1234,1:?,1:bot,,0.779
1235,1:?,1:bot,,0.865
1236,1:?,1:bot,,0.817
1237,1:?,1:bot,,0.694
1238,1:?,1:bot,,0.773
1239,1:?,1:bot,,0.696
1240,1:?,1:bot,,0.736
1241,1:?,1:bot,,0.865
1242,1:?,2:human,,0.83
1243,1:?,1:bot,,0.856
1244,1:?,1:bot,,0.82
1245,1:?,1:bot,,0.779
1246,1:?,1:bot,,0.816
1247,1:?,2:human,,0.966
1248,1:?,2:human,,0.657
1249,1:?,1:bot,,0.848
1250,1:?,1:bot,,0.689
1251,1:?,2:human,,0.635
1252,1:?,1:bot,,0.779
1253,1:?,1:bot,,0.753
1254,1:?,2:human,,0.761
1255,1:?,1:bot,,0.873
1256,1:?,1:bot,,0.895
1257,1:?,2:human,,0.924
1258,1:?,1:bot,,0.753
1259,1:?,1:bot,,0.779
1260,1:?,2:human,,0.989
1261,1:?,2:human,,0.53
1262,1:?,1:bot,,0.882
1263,1:?,1:bot,,0.882
1264,1:?,1:bot,,0.882
1265,1:?,1:bot,,0.589
1266,1:?,1:bot,,0.856
1267,1:?,1:bot,,0.7
1268,1:?,2:human,,0.981
1269,1:?,1:bot,,0.773
1270,1:?,1:bot,,0.862
1271,1:?,1:bot,,0.748
1272,1:?,1:bot,,0.872
1273,1:?,1:bot,,0.753
1274,1:?,1:bot,,0.873
1275,1:?,1:bot,,0.736
1276,1:?,1:bot,,0.936
1277,1:?,1:bot,,0.736
1278,1:?,2:human,,0.809
1279,1:?,1:bot,,0.695
1280,1:?,1:bot,,0.843
1281,1:?,1:bot,,0.779
1282,1:?,1:bot,,0.907
1283,1:?,2:human,,0.979
1284,1:?,1:bot,,0.872
1285,1:?,2:human,,0.814
1286,1:?,1:bot,,0.811
1287,1:?,1:bot,,0.589
1288,1:?,1:bot,,0.589
1289,1:?,1:bot,,0.748
1290,1:?,1:bot,,0.908
1291,1:?,1:bot,,0.873
1292,1:?,1:bot,,0.799
1293,1:?,1:bot,,0.872
1294,1:?,1:bot,,0.895
1295,1:?,2:human,,0.96
1296,1:?,1:bot,,0.873
1297,1:?,1:bot,,0.589
1298,1:?,2:human,,0.53
1299,1:?,1:bot,,0.869
1300,1:?,1:bot,,0.688
1301,1:?,1:bot,,0.708
1302,1:?,1:bot,,0.848
1303,1:?,1:bot,,0.789
1304,1:?,1:bot,,0.882
1305,1:?,1:bot,,0.848
1306,1:?,1:bot,,0.817
1307,1:?,1:bot,,0.777
1308,1:?,1:bot,,0.779
1309,1:?,1:bot,,0.911
1310,1:?,1:bot,,0.916
1311,1:?,2:human,,0.905
1312,1:?,1:bot,,0.816
1313,1:?,1:bot,,0.873
1314,1:?,1:bot,,0.779
1315,1:?,1:bot,,0.688
1316,1:?,1:bot,,0.873
1317,1:?,1:bot,,0.873
1318,1:?,2:human,,0.651
1319,1:?,1:bot,,0.688
1320,1:?,1:bot,,0.736
1321,1:?,1:bot,,0.905
1322,1:?,1:bot,,0.918
1323,1:?,1:bot,,0.907
1324,1:?,2:human,,0.53
1325,1:?,2:human,,0.637
1326,1:?,1:bot,,0.873
1327,1:?,2:human,,0.86
1328,1:?,1:bot,,0.911
1329,1:?,1:bot,,0.936
1330,1:?,1:bot,,0.585
1331,1:?,1:bot,,0.943
1332,1:?,1:bot,,0.736
1333,1:?,1:bot,,0.748
1334,1:?,1:bot,,0.911
1335,1:?,1:bot,,0.589
1336,1:?,1:bot,,0.631
1337,1:?,2:human,,0.821
1338,1:?,1:bot,,0.895
1339,1:?,1:bot,,0.873
1340,1:?,1:bot,,0.779
1341,1:?,2:human,,0.741
1342,1:?,1:bot,,0.882
1343,1:?,1:bot,,0.916
1344,1:?,1:bot,,0.779
1345,1:?,1:bot,,0.873
1346,1:?,2:human,,0.984
1347,1:?,1:bot,,0.873
1348,1:?,1:bot,,0.896
1349,1:?,1:bot,,0.653
1350,1:?,1:bot,,0.671
1351,1:?,1:bot,,0.873
1352,1:?,1:bot,,0.816
1353,1:?,2:human,,0.718
1354,1:?,1:bot,,0.765
1355,1:?,1:bot,,0.789
1356,1:?,1:bot,,0.631
1357,1:?,1:bot,,0.799
1358,1:?,1:bot,,0.653
1359,1:?,2:human,,0.947
1360,1:?,2:human,,0.993
1361,1:?,1:bot,,0.629
1362,1:?,1:bot,,0.856
1363,1:?,1:bot,,0.811
1364,1:?,1:bot,,0.565
1365,1:?,1:bot,,0.806
1366,1:?,1:bot,,0.873
1367,1:?,1:bot,,0.879
1368,1:?,1:bot,,0.879
1369,1:?,1:bot,,0.834
1370,1:?,2:human,,0.53
1371,1:?,2:human,,0.821
1372,1:?,2:human,,0.989
1373,1:?,2:human,,0.867
1374,1:?,2:human,,0.748
1375,1:?,1:bot,,0.882
1376,1:?,1:bot,,0.779
1377,1:?,1:bot,,0.753
1378,1:?,1:bot,,0.779
1379,1:?,1:bot,,0.806
1380,1:?,2:human,,0.988
1381,1:?,1:bot,,0.84
1382,1:?,1:bot,,0.806
1383,1:?,1:bot,,0.736
1384,1:?,1:bot,,0.811
1385,1:?,1:bot,,0.848
1386,1:?,1:bot,,0.642
1387,1:?,1:bot,,0.694
1388,1:?,1:bot,,0.893
1389,1:?,1:bot,,0.873
1390,1:?,1:bot,,0.736
1391,1:?,1:bot,,0.873
1392,1:?,1:bot,,0.873
1393,1:?,1:bot,,0.742
1394,1:?,1:bot,,0.873
1395,1:?,2:human,,0.666
1396,1:?,1:bot,,0.701
1397,1:?,1:bot,,0.936
1398,1:?,2:human,,0.974
1399,1:?,1:bot,,0.717
1400,1:?,2:human,,0.635
1401,1:?,2:human,,0.53
1402,1:?,1:bot,,0.589
1403,1:?,1:bot,,0.873
1404,1:?,1:bot,,0.589
1405,1:?,2:human,,0.973
1406,1:?,1:bot,,0.82
1407,1:?,1:bot,,0.736
1408,1:?,1:bot,,0.901
1409,1:?,1:bot,,0.872
1410,1:?,1:bot,,0.779
1411,1:?,1:bot,,0.899
1412,1:?,1:bot,,0.603
1413,1:?,1:bot,,0.893
1414,1:?,2:human,,0.83
1415,1:?,2:human,,0.706
1416,1:?,1:bot,,0.918
1417,1:?,1:bot,,0.717
1418,1:?,1:bot,,0.779
1419,1:?,1:bot,,0.817
1420,1:?,1:bot,,0.748
1421,1:?,1:bot,,0.864
1422,1:?,1:bot,,0.753
1423,1:?,2:human,,0.905
1424,1:?,1:bot,,0.779
1425,1:?,1:bot,,0.779
1426,1:?,1:bot,,0.873
1427,1:?,1:bot,,0.911
1428,1:?,2:human,,0.787
1429,1:?,1:bot,,0.865
1430,1:?,1:bot,,0.748
1431,1:?,1:bot,,0.753
1432,1:?,1:bot,,0.843
1433,1:?,1:bot,,0.811
1434,1:?,2:human,,0.691
1435,1:?,1:bot,,0.856
1436,1:?,1:bot,,0.736
1437,1:?,1:bot,,0.779
1438,1:?,1:bot,,0.779
1439,1:?,1:bot,,0.779
1440,1:?,1:bot,,0.936
1441,1:?,1:bot,,0.744
1442,1:?,1:bot,,0.589
1443,1:?,2:human,,0.964
1444,1:?,1:bot,,0.753
1445,1:?,1:bot,,0.82
1446,1:?,2:human,,0.973
1447,1:?,1:bot,,0.856
1448,1:?,1:bot,,0.653
1449,1:?,1:bot,,0.882
1450,1:?,2:human,,0.989
1451,1:?,2:human,,0.676
1452,1:?,1:bot,,0.589
1453,1:?,1:bot,,0.736
1454,1:?,1:bot,,0.847
1455,1:?,1:bot,,0.736
1456,1:?,1:bot,,0.696
1457,1:?,1:bot,,0.882
1458,1:?,2:human,,0.974
1459,1:?,2:human,,0.87
1460,1:?,1:bot,,0.865
1461,1:?,1:bot,,0.872
1462,1:?,1:bot,,0.873
1463,1:?,2:human,,0.775
1464,1:?,1:bot,,0.834
1465,1:?,1:bot,,0.736
1466,1:?,1:bot,,0.873
1467,1:?,2:human,,0.761
1468,1:?,1:bot,,0.799
1469,1:?,1:bot,,0.695
1470,1:?,1:bot,,0.811
1471,1:?,1:bot,,0.736
1472,1:?,1:bot,,0.856
1473,1:?,1:bot,,0.789
1474,1:?,1:bot,,0.758
1475,1:?,1:bot,,0.905
1476,1:?,1:bot,,0.893
1477,1:?,1:bot,,0.873
1478,1:?,2:human,,0.761
1479,1:?,1:bot,,0.779
1480,1:?,1:bot,,0.807
1481,1:?,1:bot,,0.589
1482,1:?,1:bot,,0.905
1483,1:?,1:bot,,0.647
1484,1:?,1:bot,,0.907
1485,1:?,2:human,,0.867
1486,1:?,1:bot,,0.848
1487,1:?,1:bot,,0.748
1488,1:?,1:bot,,0.629
1489,1:?,1:bot,,0.544
1490,1:?,1:bot,,0.779
1491,1:?,2:human,,0.993
1492,1:?,1:bot,,0.707
1493,1:?,1:bot,,0.779
1494,1:?,2:human,,0.775
1495,1:?,1:bot,,0.84
1496,1:?,2:human,,0.905
1497,1:?,1:bot,,0.864
1498,1:?,1:bot,,0.873
1499,1:?,1:bot,,0.831
1500,1:?,1:bot,,0.872

=== Evaluation on test set ===

Time taken to test model on supplied test set: 0.13 seconds

=== Summary ===

Total Number of Instances                0     
Ignored Class Unknown Instances               1500     

=== Detailed Accuracy By Class ===

                 TP Rate  FP Rate  Precision  Recall   F-Measure  MCC      ROC Area  PRC Area  Class
                 ?        ?        ?          ?        ?          ?        ?         ?         bot
                 ?        ?        ?          ?        ?          ?        ?         ?         human
Weighted Avg.    ?        ?        ?          ?        ?          ?        ?         ?         

=== Confusion Matrix ===

 a b   <-- classified as
 0 0 | a = bot
 0 0 | b = human

