=== Run information ===

Scheme:       weka.classifiers.bayes.BayesNet -num-decimal-places 8 -D -Q weka.classifiers.bayes.net.search.local.HillClimber -- -P 1 -mbc -S BAYES -E weka.classifiers.bayes.net.estimate.SimpleEstimator -- -A 0.5
Relation:     HW7_BayesNetwork_train
Instances:    3000
Attributes:   14
              class
              score_tag
              agreement
              subjectivity
              confidence
              irony
              joy
              surprise
              fear
              sadness
              anger
              urlsCount
              mentionsCount
              isRetweet
Test mode:    user supplied test set:  size unknown (reading incrementally)

=== Classifier model (full training set) ===

Bayes Network Classifier
not using ADTree
#attributes=14 #classindex=0
Network structure (nodes followed by parents)
class(2): 
score_tag(6): subjectivity class 
agreement(2): score_tag class 
subjectivity(2): class 
confidence(1): class 
irony(2): agreement class 
joy(2): class 
surprise(1): class 
fear(1): class 
sadness(2): class 
anger(2): class 
urlsCount(2): class 
mentionsCount(3): class 
isRetweet(2): class 
LogScore Bayes: -18061.50091080214
LogScore BDeu: -18176.011319002802
LogScore MDL: -18183.76673962285
LogScore ENTROPY: -17971.59799908012
LogScore AIC: -18024.59799908012


Time taken to build model: 0.04 seconds

=== Predictions on test set ===

inst#,actual,predicted,error,prediction
1,1:?,1:bot,,0.881
2,1:?,1:bot,,0.665
3,1:?,1:bot,,0.896
4,1:?,1:bot,,0.791
5,1:?,1:bot,,0.881
6,1:?,1:bot,,0.795
7,1:?,2:human,,0.988
8,1:?,1:bot,,0.795
9,1:?,1:bot,,0.931
10,1:?,1:bot,,0.791
11,1:?,1:bot,,0.896
12,1:?,2:human,,0.767
13,1:?,1:bot,,0.888
14,1:?,2:human,,0.712
15,1:?,1:bot,,0.802
16,1:?,2:human,,0.924
17,1:?,1:bot,,0.791
18,1:?,1:bot,,0.874
19,1:?,1:bot,,0.643
20,1:?,1:bot,,0.791
21,1:?,2:human,,0.792
22,1:?,2:human,,0.821
23,1:?,1:bot,,0.606
24,1:?,2:human,,0.791
25,1:?,2:human,,0.651
26,1:?,1:bot,,0.739
27,1:?,2:human,,0.993
28,1:?,1:bot,,0.75
29,1:?,1:bot,,0.791
30,1:?,1:bot,,0.864
31,1:?,1:bot,,0.654
32,1:?,2:human,,0.988
33,1:?,1:bot,,0.714
34,1:?,1:bot,,0.6
35,1:?,1:bot,,0.858
36,1:?,2:human,,0.82
37,1:?,1:bot,,0.834
38,1:?,1:bot,,0.881
39,1:?,1:bot,,0.827
40,1:?,2:human,,0.996
41,1:?,1:bot,,0.874
42,1:?,1:bot,,0.799
43,1:?,1:bot,,0.881
44,1:?,2:human,,0.791
45,1:?,1:bot,,0.791
46,1:?,1:bot,,0.827
47,1:?,1:bot,,0.595
48,1:?,1:bot,,0.606
49,1:?,2:human,,0.821
50,1:?,1:bot,,0.559
51,1:?,1:bot,,0.739
52,1:?,2:human,,0.514
53,1:?,1:bot,,0.776
54,1:?,1:bot,,0.606
55,1:?,1:bot,,0.937
56,1:?,1:bot,,0.791
57,1:?,1:bot,,0.552
58,1:?,2:human,,0.747
59,1:?,1:bot,,0.799
60,1:?,1:bot,,0.819
61,1:?,1:bot,,0.776
62,1:?,1:bot,,0.778
63,1:?,1:bot,,0.881
64,1:?,1:bot,,0.791
65,1:?,1:bot,,0.881
66,1:?,1:bot,,0.778
67,1:?,1:bot,,0.841
68,1:?,1:bot,,0.739
69,1:?,1:bot,,0.881
70,1:?,1:bot,,0.884
71,1:?,1:bot,,0.834
72,1:?,1:bot,,0.754
73,1:?,2:human,,0.512
74,1:?,1:bot,,0.898
75,1:?,1:bot,,0.75
76,1:?,1:bot,,0.907
77,1:?,2:human,,0.721
78,1:?,1:bot,,0.874
79,1:?,1:bot,,0.8
80,1:?,1:bot,,0.606
81,1:?,1:bot,,0.874
82,1:?,1:bot,,0.799
83,1:?,2:human,,0.988
84,1:?,1:bot,,0.864
85,1:?,1:bot,,0.799
86,1:?,1:bot,,0.756
87,1:?,1:bot,,0.881
88,1:?,1:bot,,0.75
89,1:?,1:bot,,0.75
90,1:?,1:bot,,0.874
91,1:?,1:bot,,0.884
92,1:?,1:bot,,0.75
93,1:?,1:bot,,0.75
94,1:?,2:human,,0.604
95,1:?,1:bot,,0.834
96,1:?,1:bot,,0.791
97,1:?,1:bot,,0.858
98,1:?,2:human,,0.512
99,1:?,1:bot,,0.802
100,1:?,1:bot,,0.906
101,1:?,1:bot,,0.881
102,1:?,1:bot,,0.711
103,1:?,1:bot,,0.898
104,1:?,1:bot,,0.799
105,1:?,1:bot,,0.663
106,1:?,1:bot,,0.785
107,1:?,1:bot,,0.72
108,1:?,2:human,,0.82
109,1:?,1:bot,,0.884
110,1:?,1:bot,,0.703
111,1:?,2:human,,0.973
112,1:?,1:bot,,0.791
113,1:?,1:bot,,0.671
114,1:?,1:bot,,0.874
115,1:?,1:bot,,0.881
116,1:?,1:bot,,0.775
117,1:?,2:human,,0.662
118,1:?,1:bot,,0.75
119,1:?,1:bot,,0.819
120,1:?,2:human,,0.712
121,1:?,1:bot,,0.858
122,1:?,1:bot,,0.858
123,1:?,1:bot,,0.791
124,1:?,1:bot,,0.672
125,1:?,1:bot,,0.791
126,1:?,1:bot,,0.86
127,1:?,1:bot,,0.884
128,1:?,1:bot,,0.606
129,1:?,1:bot,,0.827
130,1:?,1:bot,,0.703
131,1:?,2:human,,0.976
132,1:?,1:bot,,0.832
133,1:?,1:bot,,0.874
134,1:?,1:bot,,0.742
135,1:?,1:bot,,0.776
136,1:?,2:human,,0.973
137,1:?,1:bot,,0.874
138,1:?,1:bot,,0.907
139,1:?,2:human,,0.973
140,1:?,1:bot,,0.75
141,1:?,1:bot,,0.791
142,1:?,1:bot,,0.874
143,1:?,1:bot,,0.881
144,1:?,2:human,,0.681
145,1:?,2:human,,0.512
146,1:?,1:bot,,0.671
147,1:?,2:human,,0.675
148,1:?,1:bot,,0.75
149,1:?,1:bot,,0.931
150,1:?,1:bot,,0.931
151,1:?,1:bot,,0.791
152,1:?,1:bot,,0.874
153,1:?,1:bot,,0.827
154,1:?,1:bot,,0.895
155,1:?,1:bot,,0.703
156,1:?,1:bot,,0.75
157,1:?,2:human,,0.838
158,1:?,1:bot,,0.561
159,1:?,1:bot,,0.558
160,1:?,1:bot,,0.776
161,1:?,1:bot,,0.827
162,1:?,1:bot,,0.754
163,1:?,1:bot,,0.75
164,1:?,2:human,,0.721
165,1:?,1:bot,,0.791
166,1:?,1:bot,,0.814
167,1:?,1:bot,,0.907
168,1:?,1:bot,,0.72
169,1:?,2:human,,0.821
170,1:?,2:human,,0.798
171,1:?,2:human,,0.798
172,1:?,2:human,,0.82
173,1:?,1:bot,,0.561
174,1:?,1:bot,,0.834
175,1:?,1:bot,,0.778
176,1:?,1:bot,,0.778
177,1:?,1:bot,,0.791
178,1:?,1:bot,,0.791
179,1:?,1:bot,,0.795
180,1:?,1:bot,,0.643
181,1:?,1:bot,,0.881
182,1:?,1:bot,,0.791
183,1:?,1:bot,,0.702
184,1:?,1:bot,,0.931
185,1:?,1:bot,,0.75
186,1:?,1:bot,,0.739
187,1:?,1:bot,,0.791
188,1:?,1:bot,,0.702
189,1:?,1:bot,,0.593
190,1:?,1:bot,,0.813
191,1:?,2:human,,0.775
192,1:?,1:bot,,0.909
193,1:?,1:bot,,0.622
194,1:?,1:bot,,0.881
195,1:?,1:bot,,0.758
196,1:?,1:bot,,0.711
197,1:?,1:bot,,0.896
198,1:?,2:human,,0.514
199,1:?,1:bot,,0.739
200,1:?,1:bot,,0.795
201,1:?,1:bot,,0.873
202,1:?,1:bot,,0.791
203,1:?,1:bot,,0.758
204,1:?,1:bot,,0.671
205,1:?,1:bot,,0.834
206,1:?,2:human,,0.651
207,1:?,1:bot,,0.732
208,1:?,1:bot,,0.75
209,1:?,1:bot,,0.791
210,1:?,1:bot,,0.905
211,1:?,2:human,,0.682
212,1:?,1:bot,,0.739
213,1:?,1:bot,,0.561
214,1:?,2:human,,0.767
215,1:?,1:bot,,0.822
216,1:?,1:bot,,0.799
217,1:?,1:bot,,0.75
218,1:?,2:human,,0.841
219,1:?,2:human,,0.799
220,1:?,1:bot,,0.858
221,1:?,2:human,,0.712
222,1:?,1:bot,,0.907
223,1:?,2:human,,0.595
224,1:?,1:bot,,0.907
225,1:?,1:bot,,0.799
226,1:?,1:bot,,0.75
227,1:?,2:human,,0.712
228,1:?,1:bot,,0.847
229,1:?,1:bot,,0.834
230,1:?,2:human,,0.584
231,1:?,1:bot,,0.75
232,1:?,1:bot,,0.847
233,1:?,1:bot,,0.791
234,1:?,1:bot,,0.905
235,1:?,1:bot,,0.937
236,1:?,1:bot,,0.561
237,1:?,2:human,,0.712
238,1:?,1:bot,,0.776
239,1:?,1:bot,,0.874
240,1:?,1:bot,,0.834
241,1:?,1:bot,,0.877
242,1:?,1:bot,,0.606
243,1:?,1:bot,,0.75
244,1:?,1:bot,,0.791
245,1:?,1:bot,,0.791
246,1:?,1:bot,,0.924
247,1:?,1:bot,,0.743
248,1:?,1:bot,,0.606
249,1:?,1:bot,,0.732
250,1:?,2:human,,0.569
251,1:?,1:bot,,0.874
252,1:?,1:bot,,0.606
253,1:?,1:bot,,0.881
254,1:?,2:human,,0.986
255,1:?,1:bot,,0.847
256,1:?,1:bot,,0.822
257,1:?,1:bot,,0.802
258,1:?,1:bot,,0.544
259,1:?,1:bot,,0.859
260,1:?,1:bot,,0.881
261,1:?,1:bot,,0.547
262,1:?,1:bot,,0.811
263,1:?,1:bot,,0.814
264,1:?,1:bot,,0.827
265,1:?,1:bot,,0.776
266,1:?,1:bot,,0.6
267,1:?,1:bot,,0.791
268,1:?,1:bot,,0.743
269,1:?,1:bot,,0.739
270,1:?,1:bot,,0.64
271,1:?,1:bot,,0.931
272,1:?,1:bot,,0.847
273,1:?,1:bot,,0.775
274,1:?,1:bot,,0.756
275,1:?,1:bot,,0.522
276,1:?,1:bot,,0.606
277,1:?,1:bot,,0.881
278,1:?,1:bot,,0.895
279,1:?,2:human,,0.947
280,1:?,1:bot,,0.898
281,1:?,1:bot,,0.739
282,1:?,1:bot,,0.881
283,1:?,2:human,,0.534
284,1:?,2:human,,0.542
285,1:?,1:bot,,0.881
286,1:?,1:bot,,0.834
287,1:?,1:bot,,0.874
288,1:?,1:bot,,0.776
289,1:?,1:bot,,0.791
290,1:?,2:human,,0.55
291,1:?,1:bot,,0.791
292,1:?,1:bot,,0.782
293,1:?,1:bot,,0.775
294,1:?,1:bot,,0.791
295,1:?,1:bot,,0.561
296,1:?,1:bot,,0.791
297,1:?,1:bot,,0.895
298,1:?,2:human,,0.874
299,1:?,1:bot,,0.791
300,1:?,2:human,,0.693
301,1:?,1:bot,,0.791
302,1:?,2:human,,0.988
303,1:?,1:bot,,0.793
304,1:?,1:bot,,0.596
305,1:?,2:human,,0.764
306,1:?,1:bot,,0.827
307,1:?,1:bot,,0.881
308,1:?,1:bot,,0.75
309,1:?,1:bot,,0.778
310,1:?,1:bot,,0.881
311,1:?,1:bot,,0.931
312,1:?,1:bot,,0.827
313,1:?,1:bot,,0.881
314,1:?,1:bot,,0.75
315,1:?,2:human,,0.588
316,1:?,1:bot,,0.83
317,1:?,1:bot,,0.75
318,1:?,1:bot,,0.888
319,1:?,1:bot,,0.791
320,1:?,1:bot,,0.75
321,1:?,1:bot,,0.874
322,1:?,1:bot,,0.827
323,1:?,1:bot,,0.896
324,1:?,1:bot,,0.896
325,1:?,1:bot,,0.791
326,1:?,1:bot,,0.75
327,1:?,1:bot,,0.75
328,1:?,2:human,,0.792
329,1:?,1:bot,,0.874
330,1:?,2:human,,0.573
331,1:?,1:bot,,0.75
332,1:?,1:bot,,0.881
333,1:?,1:bot,,0.842
334,1:?,1:bot,,0.791
335,1:?,1:bot,,0.739
336,1:?,1:bot,,0.894
337,1:?,1:bot,,0.75
338,1:?,1:bot,,0.791
339,1:?,1:bot,,0.858
340,1:?,1:bot,,0.858
341,1:?,1:bot,,0.606
342,1:?,1:bot,,0.822
343,1:?,1:bot,,0.791
344,1:?,1:bot,,0.791
345,1:?,1:bot,,0.6
346,1:?,1:bot,,0.799
347,1:?,1:bot,,0.739
348,1:?,1:bot,,0.814
349,1:?,2:human,,0.878
350,1:?,2:human,,0.738
351,1:?,1:bot,,0.75
352,1:?,1:bot,,0.859
353,1:?,1:bot,,0.817
354,1:?,1:bot,,0.791
355,1:?,1:bot,,0.671
356,1:?,1:bot,,0.856
357,1:?,1:bot,,0.847
358,1:?,1:bot,,0.827
359,1:?,1:bot,,0.881
360,1:?,1:bot,,0.881
361,1:?,1:bot,,0.791
362,1:?,1:bot,,0.881
363,1:?,1:bot,,0.606
364,1:?,1:bot,,0.718
365,1:?,1:bot,,0.799
366,1:?,1:bot,,0.739
367,1:?,1:bot,,0.791
368,1:?,1:bot,,0.6
369,1:?,1:bot,,0.819
370,1:?,1:bot,,0.834
371,1:?,1:bot,,0.834
372,1:?,1:bot,,0.874
373,1:?,1:bot,,0.799
374,1:?,1:bot,,0.791
375,1:?,1:bot,,0.606
376,1:?,1:bot,,0.881
377,1:?,1:bot,,0.832
378,1:?,1:bot,,0.731
379,1:?,2:human,,0.973
380,1:?,2:human,,0.82
381,1:?,2:human,,0.813
382,1:?,1:bot,,0.711
383,1:?,1:bot,,0.895
384,1:?,1:bot,,0.909
385,1:?,1:bot,,0.844
386,1:?,1:bot,,0.907
387,1:?,1:bot,,0.791
388,1:?,2:human,,0.968
389,1:?,2:human,,0.978
390,1:?,1:bot,,0.895
391,1:?,2:human,,0.951
392,1:?,1:bot,,0.822
393,1:?,1:bot,,0.791
394,1:?,1:bot,,0.884
395,1:?,1:bot,,0.847
396,1:?,1:bot,,0.874
397,1:?,1:bot,,0.829
398,1:?,1:bot,,0.874
399,1:?,1:bot,,0.907
400,1:?,2:human,,0.792
401,1:?,1:bot,,0.75
402,1:?,1:bot,,0.776
403,1:?,1:bot,,0.778
404,1:?,1:bot,,0.717
405,1:?,2:human,,0.767
406,1:?,1:bot,,0.75
407,1:?,2:human,,0.82
408,1:?,2:human,,0.978
409,1:?,1:bot,,0.881
410,1:?,2:human,,0.984
411,1:?,1:bot,,0.75
412,1:?,1:bot,,0.881
413,1:?,1:bot,,0.75
414,1:?,1:bot,,0.75
415,1:?,1:bot,,0.697
416,1:?,1:bot,,0.64
417,1:?,2:human,,0.923
418,1:?,1:bot,,0.739
419,1:?,1:bot,,0.895
420,1:?,1:bot,,0.834
421,1:?,1:bot,,0.827
422,1:?,2:human,,0.775
423,1:?,1:bot,,0.75
424,1:?,1:bot,,0.791
425,1:?,1:bot,,0.874
426,1:?,1:bot,,0.799
427,1:?,1:bot,,0.834
428,1:?,1:bot,,0.547
429,1:?,1:bot,,0.875
430,1:?,1:bot,,0.881
431,1:?,1:bot,,0.827
432,1:?,1:bot,,0.906
433,1:?,1:bot,,0.905
434,1:?,1:bot,,0.888
435,1:?,2:human,,0.551
436,1:?,1:bot,,0.907
437,1:?,1:bot,,0.791
438,1:?,1:bot,,0.75
439,1:?,1:bot,,0.791
440,1:?,1:bot,,0.86
441,1:?,1:bot,,0.778
442,1:?,1:bot,,0.791
443,1:?,1:bot,,0.785
444,1:?,1:bot,,0.711
445,1:?,2:human,,0.821
446,1:?,2:human,,0.799
447,1:?,1:bot,,0.72
448,1:?,2:human,,0.973
449,1:?,1:bot,,0.895
450,1:?,2:human,,0.712
451,1:?,2:human,,0.858
452,1:?,2:human,,0.661
453,1:?,1:bot,,0.791
454,1:?,2:human,,0.82
455,1:?,1:bot,,0.75
456,1:?,2:human,,0.775
457,1:?,1:bot,,0.895
458,1:?,1:bot,,0.72
459,1:?,1:bot,,0.813
460,1:?,1:bot,,0.842
461,1:?,1:bot,,0.874
462,1:?,1:bot,,0.75
463,1:?,2:human,,0.512
464,1:?,1:bot,,0.881
465,1:?,1:bot,,0.771
466,1:?,1:bot,,0.596
467,1:?,1:bot,,0.859
468,1:?,1:bot,,0.881
469,1:?,1:bot,,0.778
470,1:?,1:bot,,0.931
471,1:?,1:bot,,0.907
472,1:?,1:bot,,0.671
473,1:?,1:bot,,0.791
474,1:?,2:human,,0.588
475,1:?,1:bot,,0.75
476,1:?,1:bot,,0.799
477,1:?,1:bot,,0.834
478,1:?,1:bot,,0.895
479,1:?,1:bot,,0.606
480,1:?,1:bot,,0.791
481,1:?,1:bot,,0.731
482,1:?,1:bot,,0.791
483,1:?,1:bot,,0.797
484,1:?,1:bot,,0.75
485,1:?,1:bot,,0.907
486,1:?,1:bot,,0.739
487,1:?,2:human,,0.972
488,1:?,1:bot,,0.671
489,1:?,1:bot,,0.86
490,1:?,1:bot,,0.834
491,1:?,1:bot,,0.606
492,1:?,1:bot,,0.795
493,1:?,1:bot,,0.776
494,1:?,1:bot,,0.884
495,1:?,1:bot,,0.711
496,1:?,1:bot,,0.595
497,1:?,1:bot,,0.711
498,1:?,2:human,,0.973
499,1:?,2:human,,0.82
500,1:?,2:human,,0.721
501,1:?,1:bot,,0.894
502,1:?,2:human,,0.775
503,1:?,1:bot,,0.75
504,1:?,1:bot,,0.827
505,1:?,2:human,,0.899
506,1:?,2:human,,0.766
507,1:?,1:bot,,0.791
508,1:?,1:bot,,0.844
509,1:?,1:bot,,0.896
510,1:?,1:bot,,0.791
511,1:?,1:bot,,0.951
512,1:?,2:human,,0.988
513,1:?,2:human,,0.988
514,1:?,1:bot,,0.907
515,1:?,2:human,,0.573
516,1:?,2:human,,0.867
517,1:?,1:bot,,0.895
518,1:?,2:human,,0.929
519,1:?,1:bot,,0.606
520,1:?,1:bot,,0.791
521,1:?,1:bot,,0.569
522,1:?,1:bot,,0.874
523,1:?,1:bot,,0.778
524,1:?,1:bot,,0.639
525,1:?,1:bot,,0.739
526,1:?,1:bot,,0.569
527,1:?,1:bot,,0.791
528,1:?,1:bot,,0.791
529,1:?,2:human,,0.973
530,1:?,1:bot,,0.561
531,1:?,2:human,,0.683
532,1:?,1:bot,,0.874
533,1:?,2:human,,0.595
534,1:?,1:bot,,0.881
535,1:?,1:bot,,0.874
536,1:?,2:human,,0.958
537,1:?,1:bot,,0.739
538,1:?,1:bot,,0.606
539,1:?,1:bot,,0.799
540,1:?,1:bot,,0.881
541,1:?,1:bot,,0.711
542,1:?,1:bot,,0.606
543,1:?,2:human,,0.66
544,1:?,1:bot,,0.558
545,1:?,1:bot,,0.776
546,1:?,1:bot,,0.739
547,1:?,2:human,,0.964
548,1:?,1:bot,,0.628
549,1:?,1:bot,,0.903
550,1:?,1:bot,,0.791
551,1:?,1:bot,,0.778
552,1:?,1:bot,,0.881
553,1:?,2:human,,0.988
554,1:?,1:bot,,0.711
555,1:?,1:bot,,0.816
556,1:?,1:bot,,0.874
557,1:?,1:bot,,0.931
558,1:?,2:human,,0.956
559,1:?,1:bot,,0.832
560,1:?,2:human,,0.87
561,1:?,1:bot,,0.75
562,1:?,1:bot,,0.791
563,1:?,2:human,,0.712
564,1:?,2:human,,0.937
565,1:?,1:bot,,0.822
566,1:?,1:bot,,0.881
567,1:?,2:human,,0.997
568,1:?,1:bot,,0.75
569,1:?,1:bot,,0.795
570,1:?,2:human,,0.682
571,1:?,1:bot,,0.791
572,1:?,2:human,,0.852
573,1:?,1:bot,,0.799
574,1:?,2:human,,0.946
575,1:?,2:human,,0.996
576,1:?,1:bot,,0.778
577,1:?,1:bot,,0.874
578,1:?,1:bot,,0.874
579,1:?,1:bot,,0.931
580,1:?,2:human,,0.988
581,1:?,2:human,,0.693
582,1:?,2:human,,0.938
583,1:?,1:bot,,0.791
584,1:?,1:bot,,0.931
585,1:?,1:bot,,0.847
586,1:?,1:bot,,0.791
587,1:?,1:bot,,0.739
588,1:?,1:bot,,0.606
589,1:?,2:human,,0.881
590,1:?,1:bot,,0.623
591,1:?,2:human,,0.565
592,1:?,2:human,,0.963
593,1:?,1:bot,,0.776
594,1:?,1:bot,,0.739
595,1:?,1:bot,,0.834
596,1:?,1:bot,,0.8
597,1:?,1:bot,,0.791
598,1:?,1:bot,,0.776
599,1:?,1:bot,,0.898
600,1:?,1:bot,,0.858
601,1:?,1:bot,,0.888
602,1:?,1:bot,,0.607
603,1:?,1:bot,,0.874
604,1:?,1:bot,,0.864
605,1:?,1:bot,,0.791
606,1:?,1:bot,,0.569
607,1:?,2:human,,0.867
608,1:?,1:bot,,0.775
609,1:?,1:bot,,0.778
610,1:?,1:bot,,0.711
611,1:?,2:human,,0.986
612,1:?,1:bot,,0.791
613,1:?,2:human,,0.948
614,1:?,1:bot,,0.791
615,1:?,1:bot,,0.791
616,1:?,2:human,,0.82
617,1:?,1:bot,,0.856
618,1:?,1:bot,,0.881
619,1:?,1:bot,,0.703
620,1:?,1:bot,,0.75
621,1:?,1:bot,,0.606
622,1:?,1:bot,,0.791
623,1:?,1:bot,,0.791
624,1:?,1:bot,,0.75
625,1:?,1:bot,,0.874
626,1:?,1:bot,,0.75
627,1:?,1:bot,,0.606
628,1:?,2:human,,0.588
629,1:?,2:human,,0.899
630,1:?,2:human,,0.984
631,1:?,2:human,,0.87
632,1:?,1:bot,,0.874
633,1:?,2:human,,0.969
634,1:?,1:bot,,0.671
635,1:?,1:bot,,0.702
636,1:?,1:bot,,0.6
637,1:?,1:bot,,0.732
638,1:?,1:bot,,0.75
639,1:?,1:bot,,0.881
640,1:?,1:bot,,0.906
641,1:?,1:bot,,0.822
642,1:?,1:bot,,0.859
643,1:?,1:bot,,0.739
644,1:?,1:bot,,0.776
645,1:?,2:human,,0.82
646,1:?,1:bot,,0.732
647,1:?,1:bot,,0.672
648,1:?,1:bot,,0.881
649,1:?,1:bot,,0.881
650,1:?,1:bot,,0.931
651,1:?,1:bot,,0.671
652,1:?,1:bot,,0.711
653,1:?,1:bot,,0.606
654,1:?,1:bot,,0.884
655,1:?,1:bot,,0.791
656,1:?,1:bot,,0.874
657,1:?,1:bot,,0.739
658,1:?,1:bot,,0.791
659,1:?,1:bot,,0.923
660,1:?,1:bot,,0.894
661,1:?,1:bot,,0.703
662,1:?,2:human,,0.741
663,1:?,1:bot,,0.827
664,1:?,1:bot,,0.881
665,1:?,1:bot,,0.791
666,1:?,1:bot,,0.622
667,1:?,2:human,,0.973
668,1:?,1:bot,,0.895
669,1:?,1:bot,,0.606
670,1:?,1:bot,,0.791
671,1:?,1:bot,,0.799
672,1:?,1:bot,,0.675
673,1:?,2:human,,0.565
674,1:?,1:bot,,0.849
675,1:?,2:human,,0.82
676,1:?,2:human,,0.82
677,1:?,1:bot,,0.888
678,1:?,1:bot,,0.847
679,1:?,1:bot,,0.791
680,1:?,1:bot,,0.739
681,1:?,1:bot,,0.874
682,1:?,1:bot,,0.75
683,1:?,1:bot,,0.775
684,1:?,2:human,,0.951
685,1:?,1:bot,,0.758
686,1:?,1:bot,,0.931
687,1:?,1:bot,,0.827
688,1:?,1:bot,,0.711
689,1:?,1:bot,,0.909
690,1:?,1:bot,,0.75
691,1:?,2:human,,0.82
692,1:?,1:bot,,0.776
693,1:?,2:human,,0.919
694,1:?,1:bot,,0.834
695,1:?,1:bot,,0.881
696,1:?,1:bot,,0.931
697,1:?,1:bot,,0.881
698,1:?,2:human,,0.838
699,1:?,2:human,,0.993
700,1:?,1:bot,,0.595
701,1:?,1:bot,,0.791
702,1:?,1:bot,,0.834
703,1:?,1:bot,,0.736
704,1:?,2:human,,0.867
705,1:?,1:bot,,0.561
706,1:?,1:bot,,0.86
707,1:?,1:bot,,0.858
708,1:?,1:bot,,0.896
709,1:?,1:bot,,0.859
710,1:?,1:bot,,0.881
711,1:?,1:bot,,0.75
712,1:?,2:human,,0.978
713,1:?,2:human,,0.837
714,1:?,1:bot,,0.756
715,1:?,1:bot,,0.859
716,1:?,1:bot,,0.884
717,1:?,1:bot,,0.881
718,1:?,1:bot,,0.611
719,1:?,1:bot,,0.791
720,1:?,1:bot,,0.881
721,1:?,1:bot,,0.75
722,1:?,1:bot,,0.834
723,1:?,1:bot,,0.791
724,1:?,2:human,,0.606
725,1:?,1:bot,,0.822
726,1:?,1:bot,,0.931
727,1:?,2:human,,0.798
728,1:?,1:bot,,0.799
729,1:?,1:bot,,0.874
730,1:?,1:bot,,0.72
731,1:?,2:human,,0.512
732,1:?,1:bot,,0.816
733,1:?,1:bot,,0.931
734,1:?,1:bot,,0.75
735,1:?,1:bot,,0.75
736,1:?,2:human,,0.542
737,1:?,2:human,,0.788
738,1:?,1:bot,,0.881
739,1:?,2:human,,0.798
740,1:?,1:bot,,0.727
741,1:?,1:bot,,0.884
742,1:?,2:human,,0.798
743,1:?,1:bot,,0.881
744,1:?,1:bot,,0.86
745,1:?,1:bot,,0.858
746,1:?,1:bot,,0.597
747,1:?,2:human,,0.991
748,1:?,1:bot,,0.739
749,1:?,2:human,,0.94
750,1:?,1:bot,,0.923
751,1:?,1:bot,,0.643
752,1:?,2:human,,0.798
753,1:?,2:human,,0.954
754,1:?,1:bot,,0.834
755,1:?,1:bot,,0.881
756,1:?,2:human,,0.673
757,1:?,1:bot,,0.799
758,1:?,1:bot,,0.671
759,1:?,1:bot,,0.791
760,1:?,1:bot,,0.791
761,1:?,2:human,,0.821
762,1:?,1:bot,,0.827
763,1:?,1:bot,,0.795
764,1:?,2:human,,0.981
765,1:?,1:bot,,0.847
766,1:?,1:bot,,0.811
767,1:?,1:bot,,0.844
768,1:?,1:bot,,0.778
769,1:?,1:bot,,0.75
770,1:?,1:bot,,0.775
771,1:?,2:human,,0.993
772,1:?,1:bot,,0.671
773,1:?,1:bot,,0.847
774,1:?,1:bot,,0.717
775,1:?,1:bot,,0.776
776,1:?,1:bot,,0.778
777,1:?,1:bot,,0.881
778,1:?,1:bot,,0.881
779,1:?,1:bot,,0.849
780,1:?,1:bot,,0.881
781,1:?,1:bot,,0.799
782,1:?,1:bot,,0.847
783,1:?,1:bot,,0.606
784,1:?,1:bot,,0.895
785,1:?,1:bot,,0.881
786,1:?,1:bot,,0.739
787,1:?,2:human,,0.681
788,1:?,1:bot,,0.834
789,1:?,1:bot,,0.791
790,1:?,1:bot,,0.822
791,1:?,2:human,,0.661
792,1:?,1:bot,,0.766
793,1:?,1:bot,,0.778
794,1:?,1:bot,,0.75
795,1:?,1:bot,,0.75
796,1:?,1:bot,,0.881
797,1:?,1:bot,,0.802
798,1:?,1:bot,,0.816
799,1:?,1:bot,,0.791
800,1:?,1:bot,,0.547
801,1:?,1:bot,,0.874
802,1:?,2:human,,0.988
803,1:?,1:bot,,0.907
804,1:?,1:bot,,0.791
805,1:?,2:human,,0.973
806,1:?,2:human,,0.978
807,1:?,1:bot,,0.909
808,1:?,1:bot,,0.874
809,1:?,1:bot,,0.739
810,1:?,1:bot,,0.877
811,1:?,1:bot,,0.896
812,1:?,2:human,,0.627
813,1:?,1:bot,,0.778
814,1:?,2:human,,0.908
815,1:?,1:bot,,0.791
816,1:?,2:human,,0.988
817,1:?,2:human,,0.558
818,1:?,1:bot,,0.882
819,1:?,1:bot,,0.739
820,1:?,1:bot,,0.569
821,1:?,1:bot,,0.791
822,1:?,2:human,,0.767
823,1:?,1:bot,,0.858
824,1:?,1:bot,,0.888
825,1:?,1:bot,,0.847
826,1:?,1:bot,,0.842
827,1:?,1:bot,,0.75
828,1:?,1:bot,,0.795
829,1:?,1:bot,,0.858
830,1:?,1:bot,,0.606
831,1:?,1:bot,,0.847
832,1:?,2:human,,0.82
833,1:?,1:bot,,0.776
834,1:?,2:human,,0.986
835,1:?,2:human,,0.767
836,1:?,1:bot,,0.874
837,1:?,1:bot,,0.907
838,1:?,1:bot,,0.799
839,1:?,1:bot,,0.629
840,1:?,1:bot,,0.672
841,1:?,1:bot,,0.834
842,1:?,1:bot,,0.736
843,1:?,1:bot,,0.888
844,1:?,1:bot,,0.696
845,1:?,2:human,,0.841
846,1:?,1:bot,,0.671
847,1:?,1:bot,,0.775
848,1:?,1:bot,,0.862
849,1:?,1:bot,,0.791
850,1:?,1:bot,,0.775
851,1:?,2:human,,0.852
852,1:?,1:bot,,0.834
853,1:?,1:bot,,0.606
854,1:?,1:bot,,0.884
855,1:?,1:bot,,0.923
856,1:?,1:bot,,0.834
857,1:?,1:bot,,0.859
858,1:?,1:bot,,0.884
859,1:?,2:human,,0.82
860,1:?,1:bot,,0.931
861,1:?,1:bot,,0.909
862,1:?,2:human,,0.986
863,1:?,1:bot,,0.795
864,1:?,2:human,,0.512
865,1:?,1:bot,,0.903
866,1:?,1:bot,,0.858
867,1:?,2:human,,0.978
868,1:?,1:bot,,0.874
869,1:?,2:human,,0.82
870,1:?,2:human,,0.791
871,1:?,1:bot,,0.847
872,1:?,1:bot,,0.881
873,1:?,1:bot,,0.702
874,1:?,1:bot,,0.629
875,1:?,1:bot,,0.791
876,1:?,1:bot,,0.732
877,1:?,1:bot,,0.881
878,1:?,1:bot,,0.874
879,1:?,2:human,,0.66
880,1:?,1:bot,,0.606
881,1:?,1:bot,,0.881
882,1:?,1:bot,,0.606
883,1:?,1:bot,,0.795
884,1:?,2:human,,0.985
885,1:?,1:bot,,0.888
886,1:?,1:bot,,0.858
887,1:?,1:bot,,0.905
888,1:?,1:bot,,0.711
889,1:?,1:bot,,0.895
890,1:?,1:bot,,0.888
891,1:?,1:bot,,0.881
892,1:?,1:bot,,0.739
893,1:?,1:bot,,0.847
894,1:?,1:bot,,0.881
895,1:?,1:bot,,0.881
896,1:?,1:bot,,0.756
897,1:?,2:human,,0.84
898,1:?,1:bot,,0.75
899,1:?,1:bot,,0.931
900,1:?,2:human,,0.55
901,1:?,1:bot,,0.596
902,1:?,1:bot,,0.895
903,1:?,1:bot,,0.606
904,1:?,1:bot,,0.896
905,1:?,1:bot,,0.799
906,1:?,2:human,,0.82
907,1:?,2:human,,0.791
908,1:?,1:bot,,0.776
909,1:?,2:human,,0.767
910,1:?,1:bot,,0.739
911,1:?,2:human,,0.973
912,1:?,1:bot,,0.909
913,1:?,1:bot,,0.886
914,1:?,1:bot,,0.758
915,1:?,1:bot,,0.791
916,1:?,1:bot,,0.695
917,1:?,2:human,,0.948
918,1:?,1:bot,,0.881
919,1:?,1:bot,,0.817
920,1:?,1:bot,,0.847
921,1:?,1:bot,,0.6
922,1:?,2:human,,0.651
923,1:?,1:bot,,0.791
924,1:?,2:human,,0.957
925,1:?,1:bot,,0.739
926,1:?,1:bot,,0.907
927,1:?,1:bot,,0.907
928,1:?,1:bot,,0.881
929,1:?,1:bot,,0.813
930,1:?,1:bot,,0.881
931,1:?,1:bot,,0.791
932,1:?,1:bot,,0.814
933,1:?,2:human,,0.908
934,1:?,2:human,,0.747
935,1:?,1:bot,,0.791
936,1:?,1:bot,,0.937
937,1:?,1:bot,,0.791
938,1:?,2:human,,0.796
939,1:?,1:bot,,0.791
940,1:?,1:bot,,0.776
941,1:?,1:bot,,0.629
942,1:?,1:bot,,0.898
943,1:?,1:bot,,0.776
944,1:?,1:bot,,0.517
945,1:?,2:human,,0.82
946,1:?,1:bot,,0.894
947,1:?,1:bot,,0.907
948,1:?,1:bot,,0.858
949,1:?,1:bot,,0.75
950,1:?,1:bot,,0.881
951,1:?,2:human,,0.775
952,1:?,1:bot,,0.888
953,1:?,1:bot,,0.881
954,1:?,1:bot,,0.758
955,1:?,1:bot,,0.671
956,1:?,1:bot,,0.739
957,1:?,1:bot,,0.822
958,1:?,2:human,,0.881
959,1:?,1:bot,,0.739
960,1:?,1:bot,,0.881
961,1:?,1:bot,,0.903
962,1:?,1:bot,,0.665
963,1:?,2:human,,0.988
964,1:?,1:bot,,0.629
965,1:?,2:human,,0.599
966,1:?,1:bot,,0.847
967,1:?,1:bot,,0.834
968,1:?,2:human,,0.988
969,1:?,2:human,,0.995
970,1:?,1:bot,,0.643
971,1:?,1:bot,,0.834
972,1:?,1:bot,,0.895
973,1:?,1:bot,,0.909
974,1:?,1:bot,,0.671
975,1:?,1:bot,,0.874
976,1:?,1:bot,,0.881
977,1:?,1:bot,,0.739
978,1:?,2:human,,0.617
979,1:?,2:human,,0.682
980,1:?,2:human,,0.783
981,1:?,1:bot,,0.799
982,1:?,1:bot,,0.672
983,1:?,1:bot,,0.791
984,1:?,1:bot,,0.858
985,1:?,1:bot,,0.881
986,1:?,2:human,,0.986
987,1:?,2:human,,0.964
988,1:?,1:bot,,0.75
989,1:?,2:human,,0.803
990,1:?,2:human,,0.899
991,1:?,1:bot,,0.596
992,1:?,1:bot,,0.888
993,1:?,1:bot,,0.909
994,1:?,1:bot,,0.874
995,1:?,1:bot,,0.881
996,1:?,2:human,,0.988
997,1:?,2:human,,0.988
998,1:?,2:human,,0.993
999,1:?,1:bot,,0.735
1000,1:?,1:bot,,0.671
1001,1:?,1:bot,,0.821
1002,1:?,1:bot,,0.842
1003,1:?,1:bot,,0.829
1004,1:?,1:bot,,0.743
1005,1:?,1:bot,,0.778
1006,1:?,1:bot,,0.931
1007,1:?,2:human,,0.82
1008,1:?,1:bot,,0.736
1009,1:?,1:bot,,0.606
1010,1:?,1:bot,,0.937
1011,1:?,1:bot,,0.895
1012,1:?,1:bot,,0.791
1013,1:?,1:bot,,0.822
1014,1:?,1:bot,,0.731
1015,1:?,1:bot,,0.847
1016,1:?,1:bot,,0.905
1017,1:?,2:human,,0.84
1018,1:?,2:human,,0.721
1019,1:?,1:bot,,0.881
1020,1:?,2:human,,0.512
1021,1:?,2:human,,0.988
1022,1:?,1:bot,,0.64
1023,1:?,1:bot,,0.595
1024,1:?,2:human,,0.992
1025,1:?,1:bot,,0.671
1026,1:?,1:bot,,0.874
1027,1:?,2:human,,0.604
1028,1:?,1:bot,,0.799
1029,1:?,1:bot,,0.778
1030,1:?,2:human,,0.986
1031,1:?,1:bot,,0.802
1032,1:?,1:bot,,0.606
1033,1:?,2:human,,0.512
1034,1:?,1:bot,,0.822
1035,1:?,1:bot,,0.827
1036,1:?,1:bot,,0.739
1037,1:?,1:bot,,0.714
1038,1:?,1:bot,,0.791
1039,1:?,1:bot,,0.811
1040,1:?,1:bot,,0.606
1041,1:?,1:bot,,0.822
1042,1:?,2:human,,0.66
1043,1:?,1:bot,,0.671
1044,1:?,1:bot,,0.791
1045,1:?,2:human,,0.629
1046,1:?,1:bot,,0.888
1047,1:?,1:bot,,0.874
1048,1:?,1:bot,,0.827
1049,1:?,1:bot,,0.881
1050,1:?,1:bot,,0.739
1051,1:?,2:human,,0.712
1052,1:?,2:human,,0.988
1053,1:?,1:bot,,0.629
1054,1:?,2:human,,0.986
1055,1:?,1:bot,,0.822
1056,1:?,1:bot,,0.784
1057,1:?,2:human,,0.988
1058,1:?,1:bot,,0.702
1059,1:?,2:human,,0.988
1060,1:?,1:bot,,0.881
1061,1:?,1:bot,,0.881
1062,1:?,2:human,,0.951
1063,1:?,1:bot,,0.881
1064,1:?,2:human,,0.986
1065,1:?,2:human,,0.721
1066,1:?,1:bot,,0.898
1067,1:?,1:bot,,0.791
1068,1:?,1:bot,,0.847
1069,1:?,2:human,,0.908
1070,1:?,1:bot,,0.776
1071,1:?,2:human,,0.594
1072,1:?,2:human,,0.82
1073,1:?,1:bot,,0.822
1074,1:?,1:bot,,0.732
1075,1:?,1:bot,,0.896
1076,1:?,1:bot,,0.881
1077,1:?,1:bot,,0.881
1078,1:?,1:bot,,0.847
1079,1:?,2:human,,0.595
1080,1:?,1:bot,,0.817
1081,1:?,1:bot,,0.847
1082,1:?,1:bot,,0.816
1083,1:?,1:bot,,0.874
1084,1:?,1:bot,,0.924
1085,1:?,1:bot,,0.822
1086,1:?,1:bot,,0.629
1087,1:?,1:bot,,0.881
1088,1:?,1:bot,,0.754
1089,1:?,1:bot,,0.847
1090,1:?,1:bot,,0.711
1091,1:?,1:bot,,0.898
1092,1:?,1:bot,,0.881
1093,1:?,1:bot,,0.895
1094,1:?,1:bot,,0.743
1095,1:?,1:bot,,0.847
1096,1:?,1:bot,,0.858
1097,1:?,1:bot,,0.668
1098,1:?,1:bot,,0.919
1099,1:?,1:bot,,0.951
1100,1:?,1:bot,,0.881
1101,1:?,1:bot,,0.75
1102,1:?,1:bot,,0.896
1103,1:?,1:bot,,0.888
1104,1:?,1:bot,,0.791
1105,1:?,1:bot,,0.778
1106,1:?,1:bot,,0.909
1107,1:?,1:bot,,0.907
1108,1:?,1:bot,,0.623
1109,1:?,1:bot,,0.874
1110,1:?,1:bot,,0.606
1111,1:?,1:bot,,0.791
1112,1:?,1:bot,,0.881
1113,1:?,1:bot,,0.832
1114,1:?,1:bot,,0.596
1115,1:?,2:human,,0.719
1116,1:?,1:bot,,0.951
1117,1:?,1:bot,,0.881
1118,1:?,1:bot,,0.75
1119,1:?,1:bot,,0.8
1120,1:?,1:bot,,0.881
1121,1:?,1:bot,,0.799
1122,1:?,2:human,,0.901
1123,1:?,2:human,,0.798
1124,1:?,1:bot,,0.595
1125,1:?,1:bot,,0.874
1126,1:?,1:bot,,0.711
1127,1:?,1:bot,,0.874
1128,1:?,2:human,,0.929
1129,1:?,1:bot,,0.732
1130,1:?,2:human,,0.512
1131,1:?,1:bot,,0.802
1132,1:?,1:bot,,0.75
1133,1:?,2:human,,0.796
1134,1:?,1:bot,,0.75
1135,1:?,2:human,,0.712
1136,1:?,1:bot,,0.842
1137,1:?,1:bot,,0.814
1138,1:?,1:bot,,0.791
1139,1:?,1:bot,,0.791
1140,1:?,1:bot,,0.778
1141,1:?,1:bot,,0.75
1142,1:?,1:bot,,0.874
1143,1:?,2:human,,0.988
1144,1:?,2:human,,0.988
1145,1:?,2:human,,0.82
1146,1:?,1:bot,,0.874
1147,1:?,1:bot,,0.931
1148,1:?,2:human,,0.863
1149,1:?,1:bot,,0.884
1150,1:?,1:bot,,0.931
1151,1:?,1:bot,,0.606
1152,1:?,1:bot,,0.791
1153,1:?,1:bot,,0.88
1154,1:?,1:bot,,0.813
1155,1:?,1:bot,,0.778
1156,1:?,1:bot,,0.847
1157,1:?,1:bot,,0.776
1158,1:?,2:human,,0.988
1159,1:?,1:bot,,0.931
1160,1:?,2:human,,0.82
1161,1:?,1:bot,,0.791
1162,1:?,1:bot,,0.847
1163,1:?,2:human,,0.538
1164,1:?,1:bot,,0.643
1165,1:?,1:bot,,0.881
1166,1:?,1:bot,,0.931
1167,1:?,1:bot,,0.785
1168,1:?,1:bot,,0.874
1169,1:?,1:bot,,0.778
1170,1:?,1:bot,,0.881
1171,1:?,2:human,,0.512
1172,1:?,1:bot,,0.881
1173,1:?,1:bot,,0.881
1174,1:?,1:bot,,0.75
1175,1:?,1:bot,,0.858
1176,1:?,1:bot,,0.791
1177,1:?,1:bot,,0.799
1178,1:?,1:bot,,0.864
1179,1:?,2:human,,0.973
1180,1:?,1:bot,,0.896
1181,1:?,2:human,,0.549
1182,1:?,2:human,,0.947
1183,1:?,2:human,,0.988
1184,1:?,1:bot,,0.75
1185,1:?,1:bot,,0.671
1186,1:?,2:human,,0.852
1187,1:?,1:bot,,0.881
1188,1:?,1:bot,,0.778
1189,1:?,1:bot,,0.858
1190,1:?,1:bot,,0.724
1191,1:?,1:bot,,0.606
1192,1:?,1:bot,,0.739
1193,1:?,1:bot,,0.732
1194,1:?,1:bot,,0.711
1195,1:?,1:bot,,0.842
1196,1:?,1:bot,,0.791
1197,1:?,1:bot,,0.822
1198,1:?,2:human,,0.986
1199,1:?,1:bot,,0.834
1200,1:?,1:bot,,0.874
1201,1:?,1:bot,,0.776
1202,1:?,1:bot,,0.791
1203,1:?,1:bot,,0.874
1204,1:?,1:bot,,0.739
1205,1:?,1:bot,,0.881
1206,1:?,1:bot,,0.814
1207,1:?,1:bot,,0.937
1208,1:?,1:bot,,0.858
1209,1:?,1:bot,,0.881
1210,1:?,1:bot,,0.675
1211,1:?,1:bot,,0.931
1212,1:?,1:bot,,0.86
1213,1:?,1:bot,,0.643
1214,1:?,1:bot,,0.874
1215,1:?,2:human,,0.883
1216,1:?,2:human,,0.741
1217,1:?,1:bot,,0.827
1218,1:?,1:bot,,0.814
1219,1:?,1:bot,,0.711
1220,1:?,1:bot,,0.799
1221,1:?,1:bot,,0.881
1222,1:?,1:bot,,0.739
1223,1:?,1:bot,,0.813
1224,1:?,2:human,,0.824
1225,1:?,1:bot,,0.827
1226,1:?,1:bot,,0.874
1227,1:?,1:bot,,0.881
1228,1:?,1:bot,,0.791
1229,1:?,1:bot,,0.63
1230,1:?,1:bot,,0.739
1231,1:?,1:bot,,0.931
1232,1:?,1:bot,,0.791
1233,1:?,1:bot,,0.672
1234,1:?,1:bot,,0.791
1235,1:?,1:bot,,0.924
1236,1:?,1:bot,,0.827
1237,1:?,1:bot,,0.643
1238,1:?,1:bot,,0.775
1239,1:?,1:bot,,0.711
1240,1:?,1:bot,,0.75
1241,1:?,1:bot,,0.924
1242,1:?,2:human,,0.82
1243,1:?,1:bot,,0.847
1244,1:?,1:bot,,0.842
1245,1:?,1:bot,,0.791
1246,1:?,1:bot,,0.778
1247,1:?,2:human,,0.969
1248,1:?,2:human,,0.673
1249,1:?,1:bot,,0.832
1250,1:?,1:bot,,0.701
1251,1:?,2:human,,0.618
1252,1:?,1:bot,,0.791
1253,1:?,1:bot,,0.739
1254,1:?,2:human,,0.747
1255,1:?,1:bot,,0.881
1256,1:?,1:bot,,0.884
1257,1:?,2:human,,0.929
1258,1:?,1:bot,,0.739
1259,1:?,1:bot,,0.791
1260,1:?,2:human,,0.988
1261,1:?,2:human,,0.512
1262,1:?,1:bot,,0.874
1263,1:?,1:bot,,0.874
1264,1:?,1:bot,,0.874
1265,1:?,1:bot,,0.606
1266,1:?,1:bot,,0.847
1267,1:?,1:bot,,0.672
1268,1:?,2:human,,0.985
1269,1:?,1:bot,,0.775
1270,1:?,1:bot,,0.83
1271,1:?,1:bot,,0.776
1272,1:?,1:bot,,0.858
1273,1:?,1:bot,,0.739
1274,1:?,1:bot,,0.881
1275,1:?,1:bot,,0.75
1276,1:?,1:bot,,0.931
1277,1:?,1:bot,,0.75
1278,1:?,2:human,,0.798
1279,1:?,1:bot,,0.622
1280,1:?,1:bot,,0.736
1281,1:?,1:bot,,0.791
1282,1:?,1:bot,,0.907
1283,1:?,2:human,,0.985
1284,1:?,1:bot,,0.844
1285,1:?,2:human,,0.697
1286,1:?,1:bot,,0.822
1287,1:?,1:bot,,0.606
1288,1:?,1:bot,,0.606
1289,1:?,1:bot,,0.776
1290,1:?,1:bot,,0.877
1291,1:?,1:bot,,0.881
1292,1:?,1:bot,,0.799
1293,1:?,1:bot,,0.858
1294,1:?,1:bot,,0.884
1295,1:?,2:human,,0.957
1296,1:?,1:bot,,0.881
1297,1:?,1:bot,,0.606
1298,1:?,2:human,,0.512
1299,1:?,1:bot,,0.927
1300,1:?,1:bot,,0.703
1301,1:?,1:bot,,0.739
1302,1:?,1:bot,,0.816
1303,1:?,1:bot,,0.814
1304,1:?,1:bot,,0.874
1305,1:?,1:bot,,0.832
1306,1:?,1:bot,,0.827
1307,1:?,1:bot,,0.735
1308,1:?,1:bot,,0.791
1309,1:?,1:bot,,0.951
1310,1:?,1:bot,,0.896
1311,1:?,2:human,,0.899
1312,1:?,1:bot,,0.778
1313,1:?,1:bot,,0.881
1314,1:?,1:bot,,0.791
1315,1:?,1:bot,,0.703
1316,1:?,1:bot,,0.881
1317,1:?,1:bot,,0.881
1318,1:?,2:human,,0.651
1319,1:?,1:bot,,0.703
1320,1:?,1:bot,,0.75
1321,1:?,1:bot,,0.898
1322,1:?,1:bot,,0.907
1323,1:?,1:bot,,0.907
1324,1:?,2:human,,0.512
1325,1:?,2:human,,0.688
1326,1:?,1:bot,,0.881
1327,1:?,2:human,,0.84
1328,1:?,1:bot,,0.951
1329,1:?,1:bot,,0.931
1330,1:?,1:bot,,0.675
1331,1:?,1:bot,,0.937
1332,1:?,1:bot,,0.75
1333,1:?,1:bot,,0.776
1334,1:?,1:bot,,0.951
1335,1:?,1:bot,,0.606
1336,1:?,1:bot,,0.552
1337,1:?,2:human,,0.821
1338,1:?,1:bot,,0.884
1339,1:?,1:bot,,0.881
1340,1:?,1:bot,,0.791
1341,1:?,2:human,,0.741
1342,1:?,1:bot,,0.874
1343,1:?,1:bot,,0.906
1344,1:?,1:bot,,0.791
1345,1:?,1:bot,,0.881
1346,1:?,2:human,,0.983
1347,1:?,1:bot,,0.881
1348,1:?,1:bot,,0.817
1349,1:?,1:bot,,0.6
1350,1:?,1:bot,,0.671
1351,1:?,1:bot,,0.881
1352,1:?,1:bot,,0.778
1353,1:?,2:human,,0.703
1354,1:?,1:bot,,0.765
1355,1:?,1:bot,,0.814
1356,1:?,1:bot,,0.552
1357,1:?,1:bot,,0.799
1358,1:?,1:bot,,0.636
1359,1:?,2:human,,0.951
1360,1:?,2:human,,0.992
1361,1:?,1:bot,,0.714
1362,1:?,1:bot,,0.847
1363,1:?,1:bot,,0.822
1364,1:?,1:bot,,0.547
1365,1:?,1:bot,,0.888
1366,1:?,1:bot,,0.881
1367,1:?,1:bot,,0.864
1368,1:?,1:bot,,0.895
1369,1:?,1:bot,,0.834
1370,1:?,2:human,,0.512
1371,1:?,2:human,,0.821
1372,1:?,2:human,,0.988
1373,1:?,2:human,,0.859
1374,1:?,2:human,,0.749
1375,1:?,1:bot,,0.874
1376,1:?,1:bot,,0.791
1377,1:?,1:bot,,0.739
1378,1:?,1:bot,,0.791
1379,1:?,1:bot,,0.888
1380,1:?,2:human,,0.986
1381,1:?,1:bot,,0.909
1382,1:?,1:bot,,0.888
1383,1:?,1:bot,,0.75
1384,1:?,1:bot,,0.822
1385,1:?,1:bot,,0.816
1386,1:?,1:bot,,0.615
1387,1:?,1:bot,,0.643
1388,1:?,1:bot,,0.894
1389,1:?,1:bot,,0.881
1390,1:?,1:bot,,0.75
1391,1:?,1:bot,,0.881
1392,1:?,1:bot,,0.881
1393,1:?,1:bot,,0.675
1394,1:?,1:bot,,0.881
1395,1:?,2:human,,0.682
1396,1:?,1:bot,,0.732
1397,1:?,1:bot,,0.931
1398,1:?,2:human,,0.973
1399,1:?,1:bot,,0.665
1400,1:?,2:human,,0.618
1401,1:?,2:human,,0.512
1402,1:?,1:bot,,0.606
1403,1:?,1:bot,,0.881
1404,1:?,1:bot,,0.606
1405,1:?,2:human,,0.976
1406,1:?,1:bot,,0.842
1407,1:?,1:bot,,0.75
1408,1:?,1:bot,,0.895
1409,1:?,1:bot,,0.844
1410,1:?,1:bot,,0.791
1411,1:?,1:bot,,0.832
1412,1:?,1:bot,,0.64
1413,1:?,1:bot,,0.894
1414,1:?,2:human,,0.82
1415,1:?,2:human,,0.753
1416,1:?,1:bot,,0.907
1417,1:?,1:bot,,0.702
1418,1:?,1:bot,,0.791
1419,1:?,1:bot,,0.827
1420,1:?,1:bot,,0.776
1421,1:?,1:bot,,0.864
1422,1:?,1:bot,,0.739
1423,1:?,2:human,,0.899
1424,1:?,1:bot,,0.791
1425,1:?,1:bot,,0.791
1426,1:?,1:bot,,0.881
1427,1:?,1:bot,,0.951
1428,1:?,2:human,,0.824
1429,1:?,1:bot,,0.924
1430,1:?,1:bot,,0.776
1431,1:?,1:bot,,0.739
1432,1:?,1:bot,,0.736
1433,1:?,1:bot,,0.822
1434,1:?,2:human,,0.604
1435,1:?,1:bot,,0.847
1436,1:?,1:bot,,0.75
1437,1:?,1:bot,,0.791
1438,1:?,1:bot,,0.791
1439,1:?,1:bot,,0.791
1440,1:?,1:bot,,0.931
1441,1:?,1:bot,,0.697
1442,1:?,1:bot,,0.606
1443,1:?,2:human,,0.964
1444,1:?,1:bot,,0.739
1445,1:?,1:bot,,0.8
1446,1:?,2:human,,0.968
1447,1:?,1:bot,,0.847
1448,1:?,1:bot,,0.6
1449,1:?,1:bot,,0.874
1450,1:?,2:human,,0.988
1451,1:?,2:human,,0.66
1452,1:?,1:bot,,0.606
1453,1:?,1:bot,,0.75
1454,1:?,1:bot,,0.756
1455,1:?,1:bot,,0.75
1456,1:?,1:bot,,0.711
1457,1:?,1:bot,,0.874
1458,1:?,2:human,,0.973
1459,1:?,2:human,,0.87
1460,1:?,1:bot,,0.822
1461,1:?,1:bot,,0.858
1462,1:?,1:bot,,0.881
1463,1:?,2:human,,0.775
1464,1:?,1:bot,,0.834
1465,1:?,1:bot,,0.75
1466,1:?,1:bot,,0.881
1467,1:?,2:human,,0.747
1468,1:?,1:bot,,0.799
1469,1:?,1:bot,,0.622
1470,1:?,1:bot,,0.822
1471,1:?,1:bot,,0.75
1472,1:?,1:bot,,0.847
1473,1:?,1:bot,,0.814
1474,1:?,1:bot,,0.758
1475,1:?,1:bot,,0.898
1476,1:?,1:bot,,0.894
1477,1:?,1:bot,,0.881
1478,1:?,2:human,,0.747
1479,1:?,1:bot,,0.791
1480,1:?,1:bot,,0.86
1481,1:?,1:bot,,0.606
1482,1:?,1:bot,,0.898
1483,1:?,1:bot,,0.663
1484,1:?,1:bot,,0.907
1485,1:?,2:human,,0.859
1486,1:?,1:bot,,0.816
1487,1:?,1:bot,,0.776
1488,1:?,1:bot,,0.714
1489,1:?,1:bot,,0.561
1490,1:?,1:bot,,0.791
1491,1:?,2:human,,0.993
1492,1:?,1:bot,,0.55
1493,1:?,1:bot,,0.791
1494,1:?,2:human,,0.775
1495,1:?,1:bot,,0.909
1496,1:?,2:human,,0.899
1497,1:?,1:bot,,0.864
1498,1:?,1:bot,,0.881
1499,1:?,1:bot,,0.795
1500,1:?,1:bot,,0.858

=== Evaluation on test set ===

Time taken to test model on supplied test set: 0.14 seconds

=== Summary ===

Total Number of Instances                0     
Ignored Class Unknown Instances               1500     

=== Detailed Accuracy By Class ===

                 TP Rate  FP Rate  Precision  Recall   F-Measure  MCC      ROC Area  PRC Area  Class
                 ?        ?        ?          ?        ?          ?        ?         ?         bot
                 ?        ?        ?          ?        ?          ?        ?         ?         human
Weighted Avg.    ?        ?        ?          ?        ?          ?        ?         ?         

=== Confusion Matrix ===

 a b   <-- classified as
 0 0 | a = bot
 0 0 | b = human

