=== Run information ===

Scheme:       weka.classifiers.misc.InputMappedClassifier -I -trim -W weka.classifiers.meta.Bagging -- -P 100 -S 1 -num-slots 1 -I 10 -W weka.classifiers.trees.REPTree -- -M 2 -V 0.001 -N 3 -S 1 -L -1 -I 0.0
Relation:     HW8_TestingFeatureSelectionMethods_train-weka.filters.unsupervised.attribute.Remove-R2-11,13
Instances:    3000
Attributes:   4
              class
              urlsCount
              isRetweet
              wordsCount
Test mode:    user supplied test set:  size unknown (reading incrementally)

=== Classifier model (full training set) ===

InputMappedClassifier:

Bagging with 10 iterations and base learner

weka.classifiers.trees.REPTree -M 2 -V 0.001 -N 3 -S 1 -L -1 -I 0.0
Attribute mappings:

Model attributes      	    Incoming attributes
----------------------	    ----------------
(nominal) class       	--> 1 (nominal) class
(numeric) urlsCount   	--> 12 (numeric) urlsCount
(numeric) isRetweet   	--> 14 (numeric) isRetweet
(numeric) wordsCount  	--> 15 (numeric) wordsCount


Time taken to build model: 0.15 seconds

=== Predictions on test set ===

inst#,actual,predicted,error,prediction
1,1:?,1:bot,,0.658
2,1:?,1:bot,,0.791
3,1:?,1:bot,,0.76
4,1:?,1:bot,,0.76
5,1:?,1:bot,,0.658
6,1:?,1:bot,,0.767
7,1:?,2:human,,0.773
8,1:?,1:bot,,0.791
9,1:?,1:bot,,0.791
10,1:?,1:bot,,0.791
11,1:?,1:bot,,0.577
12,1:?,2:human,,0.789
13,1:?,1:bot,,0.577
14,1:?,2:human,,0.798
15,1:?,1:bot,,0.782
16,1:?,2:human,,0.723
17,1:?,1:bot,,0.76
18,1:?,1:bot,,0.76
19,1:?,1:bot,,0.76
20,1:?,1:bot,,0.791
21,1:?,2:human,,0.82
22,1:?,2:human,,0.819
23,1:?,1:bot,,0.594
24,1:?,2:human,,0.648
25,1:?,2:human,,0.723
26,1:?,1:bot,,0.76
27,1:?,2:human,,0.793
28,1:?,1:bot,,0.658
29,1:?,1:bot,,0.76
30,1:?,1:bot,,0.791
31,1:?,1:bot,,0.791
32,1:?,2:human,,0.773
33,1:?,1:bot,,0.782
34,1:?,1:bot,,0.791
35,1:?,1:bot,,0.791
36,1:?,2:human,,0.644
37,1:?,1:bot,,0.791
38,1:?,1:bot,,0.71
39,1:?,1:bot,,0.791
40,1:?,2:human,,0.754
41,1:?,1:bot,,0.76
42,1:?,1:bot,,0.791
43,1:?,1:bot,,0.71
44,1:?,2:human,,0.723
45,1:?,1:bot,,0.76
46,1:?,1:bot,,0.717
47,1:?,1:bot,,0.791
48,1:?,1:bot,,0.791
49,1:?,2:human,,0.756
50,1:?,2:human,,0.648
51,1:?,1:bot,,0.76
52,1:?,2:human,,0.644
53,1:?,1:bot,,0.791
54,1:?,1:bot,,0.76
55,1:?,1:bot,,0.791
56,1:?,1:bot,,0.577
57,1:?,1:bot,,0.791
58,1:?,2:human,,0.801
59,1:?,1:bot,,0.76
60,1:?,1:bot,,0.71
61,1:?,1:bot,,0.791
62,1:?,1:bot,,0.594
63,1:?,1:bot,,0.767
64,1:?,1:bot,,0.76
65,1:?,1:bot,,0.594
66,1:?,1:bot,,0.577
67,1:?,1:bot,,0.717
68,1:?,1:bot,,0.76
69,1:?,1:bot,,0.767
70,1:?,1:bot,,0.76
71,1:?,1:bot,,0.791
72,1:?,1:bot,,0.791
73,1:?,1:bot,,0.791
74,1:?,1:bot,,0.791
75,1:?,1:bot,,0.63
76,1:?,1:bot,,0.594
77,1:?,1:bot,,0.717
78,1:?,1:bot,,0.658
79,1:?,1:bot,,0.717
80,1:?,1:bot,,0.577
81,1:?,1:bot,,0.791
82,1:?,1:bot,,0.594
83,1:?,2:human,,0.773
84,1:?,1:bot,,0.791
85,1:?,1:bot,,0.717
86,1:?,1:bot,,0.791
87,1:?,1:bot,,0.71
88,1:?,1:bot,,0.791
89,1:?,1:bot,,0.577
90,1:?,1:bot,,0.717
91,1:?,1:bot,,0.76
92,1:?,1:bot,,0.791
93,1:?,1:bot,,0.726
94,1:?,2:human,,0.819
95,1:?,1:bot,,0.791
96,1:?,1:bot,,0.76
97,1:?,1:bot,,0.577
98,1:?,1:bot,,0.594
99,1:?,1:bot,,0.791
100,1:?,1:bot,,0.71
101,1:?,1:bot,,0.791
102,1:?,1:bot,,0.767
103,1:?,1:bot,,0.577
104,1:?,1:bot,,0.71
105,1:?,1:bot,,0.791
106,1:?,1:bot,,0.726
107,1:?,1:bot,,0.791
108,1:?,2:human,,0.772
109,1:?,1:bot,,0.76
110,1:?,1:bot,,0.717
111,1:?,2:human,,0.795
112,1:?,1:bot,,0.71
113,1:?,1:bot,,0.791
114,1:?,1:bot,,0.76
115,1:?,1:bot,,0.76
116,1:?,1:bot,,0.767
117,1:?,2:human,,0.756
118,1:?,1:bot,,0.717
119,1:?,1:bot,,0.76
120,1:?,2:human,,0.798
121,1:?,1:bot,,0.791
122,1:?,1:bot,,0.71
123,1:?,1:bot,,0.791
124,1:?,1:bot,,0.791
125,1:?,1:bot,,0.577
126,1:?,1:bot,,0.791
127,1:?,1:bot,,0.782
128,1:?,1:bot,,0.791
129,1:?,1:bot,,0.717
130,1:?,1:bot,,0.791
131,1:?,2:human,,0.795
132,1:?,1:bot,,0.783
133,1:?,1:bot,,0.76
134,1:?,1:bot,,0.791
135,1:?,1:bot,,0.717
136,1:?,2:human,,0.793
137,1:?,1:bot,,0.76
138,1:?,1:bot,,0.717
139,1:?,2:human,,0.795
140,1:?,1:bot,,0.76
141,1:?,1:bot,,0.76
142,1:?,1:bot,,0.76
143,1:?,1:bot,,0.76
144,1:?,2:human,,0.795
145,1:?,1:bot,,0.76
146,1:?,1:bot,,0.577
147,1:?,2:human,,0.768
148,1:?,1:bot,,0.577
149,1:?,1:bot,,0.717
150,1:?,1:bot,,0.791
151,1:?,1:bot,,0.76
152,1:?,1:bot,,0.76
153,1:?,1:bot,,0.717
154,1:?,1:bot,,0.791
155,1:?,1:bot,,0.717
156,1:?,1:bot,,0.76
157,1:?,2:human,,0.814
158,1:?,1:bot,,0.791
159,1:?,1:bot,,0.717
160,1:?,1:bot,,0.763
161,1:?,1:bot,,0.791
162,1:?,1:bot,,0.791
163,1:?,1:bot,,0.717
164,1:?,1:bot,,0.791
165,1:?,1:bot,,0.76
166,1:?,1:bot,,0.791
167,1:?,1:bot,,0.717
168,1:?,1:bot,,0.791
169,1:?,2:human,,0.819
170,1:?,2:human,,0.772
171,1:?,2:human,,0.698
172,1:?,1:bot,,0.717
173,1:?,1:bot,,0.791
174,1:?,1:bot,,0.791
175,1:?,1:bot,,0.76
176,1:?,1:bot,,0.791
177,1:?,1:bot,,0.658
178,1:?,1:bot,,0.791
179,1:?,1:bot,,0.791
180,1:?,1:bot,,0.782
181,1:?,1:bot,,0.791
182,1:?,1:bot,,0.76
183,1:?,1:bot,,0.791
184,1:?,1:bot,,0.783
185,1:?,1:bot,,0.767
186,1:?,1:bot,,0.76
187,1:?,1:bot,,0.76
188,1:?,1:bot,,0.63
189,1:?,1:bot,,0.576
190,1:?,1:bot,,0.658
191,1:?,2:human,,0.772
192,1:?,1:bot,,0.76
193,1:?,1:bot,,0.717
194,1:?,1:bot,,0.791
195,1:?,1:bot,,0.791
196,1:?,1:bot,,0.577
197,1:?,1:bot,,0.791
198,1:?,2:human,,0.581
199,1:?,1:bot,,0.791
200,1:?,1:bot,,0.717
201,1:?,1:bot,,0.767
202,1:?,1:bot,,0.76
203,1:?,1:bot,,0.791
204,1:?,1:bot,,0.791
205,1:?,1:bot,,0.791
206,1:?,2:human,,0.756
207,1:?,1:bot,,0.782
208,1:?,1:bot,,0.577
209,1:?,1:bot,,0.71
210,1:?,1:bot,,0.71
211,1:?,2:human,,0.714
212,1:?,1:bot,,0.791
213,1:?,1:bot,,0.791
214,1:?,2:human,,0.819
215,1:?,1:bot,,0.71
216,1:?,1:bot,,0.76
217,1:?,1:bot,,0.791
218,1:?,2:human,,0.819
219,1:?,2:human,,0.648
220,1:?,1:bot,,0.594
221,1:?,2:human,,0.805
222,1:?,1:bot,,0.717
223,1:?,2:human,,0.698
224,1:?,1:bot,,0.791
225,1:?,1:bot,,0.717
226,1:?,1:bot,,0.717
227,1:?,2:human,,0.815
228,1:?,1:bot,,0.63
229,1:?,1:bot,,0.791
230,1:?,1:bot,,0.791
231,1:?,1:bot,,0.71
232,1:?,1:bot,,0.782
233,1:?,1:bot,,0.76
234,1:?,1:bot,,0.791
235,1:?,1:bot,,0.791
236,1:?,1:bot,,0.791
237,1:?,2:human,,0.82
238,1:?,1:bot,,0.791
239,1:?,1:bot,,0.791
240,1:?,1:bot,,0.791
241,1:?,1:bot,,0.791
242,1:?,1:bot,,0.658
243,1:?,1:bot,,0.577
244,1:?,1:bot,,0.76
245,1:?,1:bot,,0.76
246,1:?,1:bot,,0.717
247,1:?,1:bot,,0.791
248,1:?,1:bot,,0.76
249,1:?,1:bot,,0.791
250,1:?,1:bot,,0.791
251,1:?,1:bot,,0.76
252,1:?,1:bot,,0.791
253,1:?,1:bot,,0.791
254,1:?,2:human,,0.698
255,1:?,1:bot,,0.767
256,1:?,1:bot,,0.767
257,1:?,1:bot,,0.71
258,1:?,1:bot,,0.782
259,1:?,1:bot,,0.791
260,1:?,1:bot,,0.76
261,1:?,1:bot,,0.791
262,1:?,1:bot,,0.791
263,1:?,1:bot,,0.791
264,1:?,1:bot,,0.63
265,1:?,1:bot,,0.63
266,1:?,1:bot,,0.594
267,1:?,1:bot,,0.71
268,1:?,1:bot,,0.763
269,1:?,1:bot,,0.791
270,1:?,1:bot,,0.791
271,1:?,1:bot,,0.71
272,1:?,1:bot,,0.791
273,1:?,1:bot,,0.717
274,1:?,1:bot,,0.791
275,1:?,1:bot,,0.782
276,1:?,1:bot,,0.76
277,1:?,1:bot,,0.76
278,1:?,1:bot,,0.783
279,1:?,2:human,,0.82
280,1:?,1:bot,,0.717
281,1:?,1:bot,,0.76
282,1:?,1:bot,,0.76
283,1:?,1:bot,,0.717
284,1:?,1:bot,,0.594
285,1:?,1:bot,,0.791
286,1:?,1:bot,,0.658
287,1:?,1:bot,,0.76
288,1:?,1:bot,,0.791
289,1:?,1:bot,,0.76
290,1:?,2:human,,0.653
291,1:?,1:bot,,0.658
292,1:?,1:bot,,0.791
293,1:?,1:bot,,0.791
294,1:?,1:bot,,0.76
295,1:?,1:bot,,0.717
296,1:?,1:bot,,0.76
297,1:?,1:bot,,0.717
298,1:?,2:human,,0.732
299,1:?,1:bot,,0.76
300,1:?,2:human,,0.817
301,1:?,1:bot,,0.71
302,1:?,2:human,,0.698
303,1:?,1:bot,,0.791
304,1:?,1:bot,,0.717
305,1:?,2:human,,0.535
306,1:?,1:bot,,0.782
307,1:?,1:bot,,0.76
308,1:?,1:bot,,0.717
309,1:?,1:bot,,0.791
310,1:?,1:bot,,0.76
311,1:?,1:bot,,0.717
312,1:?,1:bot,,0.76
313,1:?,1:bot,,0.76
314,1:?,1:bot,,0.717
315,1:?,1:bot,,0.791
316,1:?,1:bot,,0.791
317,1:?,1:bot,,0.791
318,1:?,1:bot,,0.594
319,1:?,1:bot,,0.791
320,1:?,1:bot,,0.791
321,1:?,1:bot,,0.791
322,1:?,1:bot,,0.791
323,1:?,1:bot,,0.767
324,1:?,1:bot,,0.791
325,1:?,1:bot,,0.76
326,1:?,1:bot,,0.76
327,1:?,1:bot,,0.76
328,1:?,2:human,,0.819
329,1:?,1:bot,,0.76
330,1:?,2:human,,0.814
331,1:?,1:bot,,0.76
332,1:?,1:bot,,0.76
333,1:?,1:bot,,0.791
334,1:?,1:bot,,0.71
335,1:?,1:bot,,0.76
336,1:?,1:bot,,0.71
337,1:?,1:bot,,0.76
338,1:?,1:bot,,0.76
339,1:?,1:bot,,0.717
340,1:?,1:bot,,0.791
341,1:?,1:bot,,0.76
342,1:?,1:bot,,0.791
343,1:?,1:bot,,0.76
344,1:?,1:bot,,0.76
345,1:?,1:bot,,0.717
346,1:?,1:bot,,0.767
347,1:?,1:bot,,0.658
348,1:?,1:bot,,0.767
349,1:?,2:human,,0.814
350,1:?,2:human,,0.691
351,1:?,1:bot,,0.577
352,1:?,1:bot,,0.791
353,1:?,1:bot,,0.791
354,1:?,1:bot,,0.71
355,1:?,1:bot,,0.791
356,1:?,1:bot,,0.763
357,1:?,1:bot,,0.717
358,1:?,1:bot,,0.717
359,1:?,1:bot,,0.63
360,1:?,1:bot,,0.577
361,1:?,1:bot,,0.76
362,1:?,1:bot,,0.594
363,1:?,1:bot,,0.594
364,1:?,2:human,,0.748
365,1:?,1:bot,,0.791
366,1:?,1:bot,,0.76
367,1:?,1:bot,,0.76
368,1:?,1:bot,,0.791
369,1:?,1:bot,,0.767
370,1:?,1:bot,,0.717
371,1:?,1:bot,,0.763
372,1:?,1:bot,,0.76
373,1:?,1:bot,,0.791
374,1:?,1:bot,,0.76
375,1:?,1:bot,,0.658
376,1:?,1:bot,,0.717
377,1:?,1:bot,,0.791
378,1:?,1:bot,,0.791
379,1:?,2:human,,0.698
380,1:?,2:human,,0.772
381,1:?,2:human,,0.748
382,1:?,1:bot,,0.71
383,1:?,1:bot,,0.71
384,1:?,1:bot,,0.76
385,1:?,1:bot,,0.791
386,1:?,1:bot,,0.76
387,1:?,1:bot,,0.76
388,1:?,2:human,,0.531
389,1:?,2:human,,0.787
390,1:?,1:bot,,0.767
391,1:?,2:human,,0.711
392,1:?,1:bot,,0.782
393,1:?,1:bot,,0.76
394,1:?,1:bot,,0.76
395,1:?,1:bot,,0.791
396,1:?,1:bot,,0.658
397,1:?,1:bot,,0.791
398,1:?,1:bot,,0.76
399,1:?,1:bot,,0.71
400,1:?,2:human,,0.756
401,1:?,1:bot,,0.71
402,1:?,1:bot,,0.791
403,1:?,1:bot,,0.767
404,1:?,1:bot,,0.717
405,1:?,2:human,,0.82
406,1:?,1:bot,,0.717
407,1:?,2:human,,0.546
408,1:?,2:human,,0.698
409,1:?,1:bot,,0.791
410,1:?,2:human,,0.616
411,1:?,1:bot,,0.782
412,1:?,1:bot,,0.594
413,1:?,1:bot,,0.594
414,1:?,1:bot,,0.63
415,1:?,1:bot,,0.783
416,1:?,1:bot,,0.791
417,1:?,2:human,,0.814
418,1:?,1:bot,,0.76
419,1:?,1:bot,,0.791
420,1:?,1:bot,,0.76
421,1:?,1:bot,,0.658
422,1:?,2:human,,0.814
423,1:?,1:bot,,0.791
424,1:?,1:bot,,0.76
425,1:?,1:bot,,0.76
426,1:?,1:bot,,0.791
427,1:?,1:bot,,0.717
428,1:?,1:bot,,0.791
429,1:?,1:bot,,0.783
430,1:?,1:bot,,0.717
431,1:?,1:bot,,0.717
432,1:?,1:bot,,0.791
433,1:?,1:bot,,0.791
434,1:?,1:bot,,0.791
435,1:?,2:human,,0.789
436,1:?,1:bot,,0.71
437,1:?,1:bot,,0.594
438,1:?,1:bot,,0.791
439,1:?,1:bot,,0.791
440,1:?,1:bot,,0.767
441,1:?,1:bot,,0.717
442,1:?,1:bot,,0.76
443,1:?,1:bot,,0.791
444,1:?,1:bot,,0.76
445,1:?,2:human,,0.814
446,1:?,2:human,,0.756
447,1:?,1:bot,,0.717
448,1:?,2:human,,0.748
449,1:?,1:bot,,0.783
450,1:?,2:human,,0.756
451,1:?,1:bot,,0.71
452,1:?,1:bot,,0.791
453,1:?,1:bot,,0.76
454,1:?,2:human,,0.658
455,1:?,1:bot,,0.791
456,1:?,2:human,,0.819
457,1:?,1:bot,,0.717
458,1:?,1:bot,,0.577
459,1:?,1:bot,,0.791
460,1:?,1:bot,,0.717
461,1:?,1:bot,,0.76
462,1:?,1:bot,,0.658
463,1:?,1:bot,,0.76
464,1:?,1:bot,,0.577
465,1:?,1:bot,,0.791
466,1:?,1:bot,,0.782
467,1:?,1:bot,,0.791
468,1:?,1:bot,,0.76
469,1:?,1:bot,,0.791
470,1:?,1:bot,,0.594
471,1:?,1:bot,,0.782
472,1:?,1:bot,,0.767
473,1:?,1:bot,,0.76
474,1:?,1:bot,,0.791
475,1:?,1:bot,,0.577
476,1:?,1:bot,,0.791
477,1:?,1:bot,,0.717
478,1:?,1:bot,,0.791
479,1:?,1:bot,,0.76
480,1:?,1:bot,,0.76
481,1:?,1:bot,,0.717
482,1:?,1:bot,,0.76
483,1:?,1:bot,,0.782
484,1:?,1:bot,,0.767
485,1:?,1:bot,,0.717
486,1:?,1:bot,,0.76
487,1:?,2:human,,0.581
488,1:?,1:bot,,0.791
489,1:?,1:bot,,0.577
490,1:?,1:bot,,0.76
491,1:?,1:bot,,0.76
492,1:?,1:bot,,0.791
493,1:?,1:bot,,0.594
494,1:?,1:bot,,0.767
495,1:?,1:bot,,0.71
496,1:?,1:bot,,0.767
497,1:?,1:bot,,0.71
498,1:?,2:human,,0.795
499,1:?,2:human,,0.691
500,1:?,1:bot,,0.717
501,1:?,1:bot,,0.791
502,1:?,2:human,,0.773
503,1:?,1:bot,,0.594
504,1:?,1:bot,,0.71
505,1:?,2:human,,0.772
506,1:?,2:human,,0.772
507,1:?,1:bot,,0.76
508,1:?,1:bot,,0.717
509,1:?,1:bot,,0.76
510,1:?,1:bot,,0.791
511,1:?,1:bot,,0.717
512,1:?,2:human,,0.677
513,1:?,2:human,,0.698
514,1:?,1:bot,,0.63
515,1:?,2:human,,0.714
516,1:?,2:human,,0.756
517,1:?,1:bot,,0.71
518,1:?,2:human,,0.756
519,1:?,1:bot,,0.791
520,1:?,1:bot,,0.76
521,1:?,1:bot,,0.717
522,1:?,1:bot,,0.76
523,1:?,1:bot,,0.791
524,1:?,1:bot,,0.791
525,1:?,1:bot,,0.76
526,1:?,1:bot,,0.63
527,1:?,1:bot,,0.76
528,1:?,1:bot,,0.76
529,1:?,2:human,,0.703
530,1:?,1:bot,,0.791
531,1:?,2:human,,0.723
532,1:?,1:bot,,0.76
533,1:?,2:human,,0.748
534,1:?,1:bot,,0.658
535,1:?,1:bot,,0.76
536,1:?,2:human,,0.616
537,1:?,1:bot,,0.717
538,1:?,1:bot,,0.76
539,1:?,1:bot,,0.71
540,1:?,1:bot,,0.767
541,1:?,1:bot,,0.76
542,1:?,1:bot,,0.76
543,1:?,2:human,,0.648
544,1:?,1:bot,,0.791
545,1:?,1:bot,,0.791
546,1:?,1:bot,,0.717
547,1:?,2:human,,0.762
548,1:?,1:bot,,0.717
549,1:?,1:bot,,0.783
550,1:?,1:bot,,0.76
551,1:?,1:bot,,0.717
552,1:?,1:bot,,0.717
553,1:?,2:human,,0.773
554,1:?,1:bot,,0.791
555,1:?,1:bot,,0.717
556,1:?,1:bot,,0.76
557,1:?,1:bot,,0.791
558,1:?,2:human,,0.762
559,1:?,1:bot,,0.782
560,1:?,2:human,,0.644
561,1:?,1:bot,,0.717
562,1:?,1:bot,,0.791
563,1:?,2:human,,0.698
564,1:?,2:human,,0.756
565,1:?,1:bot,,0.782
566,1:?,1:bot,,0.782
567,1:?,2:human,,0.531
568,1:?,1:bot,,0.791
569,1:?,1:bot,,0.791
570,1:?,2:human,,0.795
571,1:?,1:bot,,0.76
572,1:?,2:human,,0.801
573,1:?,1:bot,,0.717
574,1:?,2:human,,0.73
575,1:?,2:human,,0.73
576,1:?,1:bot,,0.717
577,1:?,1:bot,,0.76
578,1:?,1:bot,,0.71
579,1:?,1:bot,,0.791
580,1:?,2:human,,0.711
581,1:?,2:human,,0.748
582,1:?,2:human,,0.772
583,1:?,1:bot,,0.76
584,1:?,1:bot,,0.717
585,1:?,1:bot,,0.71
586,1:?,1:bot,,0.76
587,1:?,1:bot,,0.791
588,1:?,1:bot,,0.791
589,1:?,2:human,,0.814
590,1:?,1:bot,,0.791
591,1:?,1:bot,,0.63
592,1:?,2:human,,0.714
593,1:?,1:bot,,0.767
594,1:?,1:bot,,0.767
595,1:?,1:bot,,0.763
596,1:?,1:bot,,0.791
597,1:?,1:bot,,0.76
598,1:?,1:bot,,0.71
599,1:?,1:bot,,0.717
600,1:?,1:bot,,0.763
601,1:?,1:bot,,0.791
602,1:?,1:bot,,0.791
603,1:?,1:bot,,0.76
604,1:?,1:bot,,0.791
605,1:?,1:bot,,0.76
606,1:?,1:bot,,0.717
607,1:?,2:human,,0.756
608,1:?,1:bot,,0.658
609,1:?,1:bot,,0.594
610,1:?,1:bot,,0.791
611,1:?,2:human,,0.754
612,1:?,1:bot,,0.76
613,1:?,2:human,,0.814
614,1:?,1:bot,,0.76
615,1:?,1:bot,,0.717
616,1:?,2:human,,0.723
617,1:?,1:bot,,0.791
618,1:?,1:bot,,0.76
619,1:?,1:bot,,0.658
620,1:?,1:bot,,0.791
621,1:?,1:bot,,0.782
622,1:?,1:bot,,0.717
623,1:?,1:bot,,0.717
624,1:?,1:bot,,0.767
625,1:?,1:bot,,0.791
626,1:?,1:bot,,0.577
627,1:?,1:bot,,0.791
628,1:?,1:bot,,0.763
629,1:?,2:human,,0.772
630,1:?,2:human,,0.787
631,1:?,2:human,,0.581
632,1:?,1:bot,,0.76
633,1:?,2:human,,0.698
634,1:?,1:bot,,0.782
635,1:?,1:bot,,0.791
636,1:?,1:bot,,0.726
637,1:?,1:bot,,0.791
638,1:?,1:bot,,0.767
639,1:?,1:bot,,0.71
640,1:?,1:bot,,0.63
641,1:?,1:bot,,0.76
642,1:?,1:bot,,0.717
643,1:?,1:bot,,0.76
644,1:?,1:bot,,0.71
645,1:?,2:human,,0.82
646,1:?,1:bot,,0.577
647,1:?,1:bot,,0.767
648,1:?,1:bot,,0.791
649,1:?,1:bot,,0.76
650,1:?,1:bot,,0.791
651,1:?,1:bot,,0.791
652,1:?,1:bot,,0.791
653,1:?,1:bot,,0.791
654,1:?,1:bot,,0.76
655,1:?,1:bot,,0.76
656,1:?,1:bot,,0.76
657,1:?,1:bot,,0.76
658,1:?,1:bot,,0.76
659,1:?,1:bot,,0.791
660,1:?,1:bot,,0.717
661,1:?,1:bot,,0.791
662,1:?,2:human,,0.756
663,1:?,1:bot,,0.71
664,1:?,1:bot,,0.76
665,1:?,1:bot,,0.71
666,1:?,1:bot,,0.791
667,1:?,2:human,,0.793
668,1:?,1:bot,,0.717
669,1:?,1:bot,,0.71
670,1:?,1:bot,,0.76
671,1:?,1:bot,,0.791
672,1:?,1:bot,,0.71
673,1:?,1:bot,,0.791
674,1:?,1:bot,,0.63
675,1:?,2:human,,0.772
676,1:?,2:human,,0.789
677,1:?,1:bot,,0.767
678,1:?,1:bot,,0.791
679,1:?,1:bot,,0.76
680,1:?,1:bot,,0.594
681,1:?,1:bot,,0.76
682,1:?,1:bot,,0.791
683,1:?,1:bot,,0.782
684,1:?,2:human,,0.754
685,1:?,1:bot,,0.791
686,1:?,1:bot,,0.791
687,1:?,1:bot,,0.76
688,1:?,1:bot,,0.76
689,1:?,1:bot,,0.76
690,1:?,1:bot,,0.63
691,1:?,2:human,,0.772
692,1:?,1:bot,,0.763
693,1:?,2:human,,0.82
694,1:?,1:bot,,0.791
695,1:?,1:bot,,0.717
696,1:?,1:bot,,0.791
697,1:?,1:bot,,0.717
698,1:?,2:human,,0.814
699,1:?,2:human,,0.787
700,1:?,1:bot,,0.717
701,1:?,1:bot,,0.71
702,1:?,1:bot,,0.63
703,1:?,1:bot,,0.763
704,1:?,2:human,,0.714
705,1:?,1:bot,,0.791
706,1:?,1:bot,,0.726
707,1:?,1:bot,,0.717
708,1:?,1:bot,,0.767
709,1:?,1:bot,,0.791
710,1:?,1:bot,,0.791
711,1:?,1:bot,,0.594
712,1:?,2:human,,0.677
713,1:?,2:human,,0.648
714,1:?,1:bot,,0.782
715,1:?,1:bot,,0.717
716,1:?,1:bot,,0.76
717,1:?,1:bot,,0.791
718,1:?,1:bot,,0.791
719,1:?,1:bot,,0.63
720,1:?,1:bot,,0.791
721,1:?,1:bot,,0.791
722,1:?,1:bot,,0.791
723,1:?,1:bot,,0.76
724,1:?,2:human,,0.801
725,1:?,1:bot,,0.71
726,1:?,1:bot,,0.791
727,1:?,2:human,,0.723
728,1:?,1:bot,,0.594
729,1:?,1:bot,,0.76
730,1:?,1:bot,,0.782
731,1:?,1:bot,,0.76
732,1:?,1:bot,,0.791
733,1:?,1:bot,,0.782
734,1:?,1:bot,,0.767
735,1:?,1:bot,,0.767
736,1:?,1:bot,,0.791
737,1:?,2:human,,0.789
738,1:?,1:bot,,0.76
739,1:?,2:human,,0.825
740,1:?,1:bot,,0.791
741,1:?,1:bot,,0.76
742,1:?,2:human,,0.819
743,1:?,1:bot,,0.658
744,1:?,1:bot,,0.767
745,1:?,1:bot,,0.717
746,1:?,1:bot,,0.577
747,1:?,2:human,,0.698
748,1:?,1:bot,,0.791
749,1:?,2:human,,0.82
750,1:?,1:bot,,0.767
751,1:?,1:bot,,0.76
752,1:?,2:human,,0.658
753,1:?,2:human,,0.714
754,1:?,1:bot,,0.791
755,1:?,1:bot,,0.76
756,1:?,2:human,,0.723
757,1:?,1:bot,,0.791
758,1:?,1:bot,,0.717
759,1:?,1:bot,,0.71
760,1:?,1:bot,,0.76
761,1:?,2:human,,0.723
762,1:?,1:bot,,0.594
763,1:?,1:bot,,0.726
764,1:?,2:human,,0.8
765,1:?,1:bot,,0.594
766,1:?,1:bot,,0.791
767,1:?,1:bot,,0.791
768,1:?,1:bot,,0.791
769,1:?,1:bot,,0.594
770,1:?,1:bot,,0.791
771,1:?,2:human,,0.704
772,1:?,1:bot,,0.782
773,1:?,1:bot,,0.658
774,1:?,1:bot,,0.717
775,1:?,1:bot,,0.791
776,1:?,1:bot,,0.791
777,1:?,1:bot,,0.791
778,1:?,1:bot,,0.76
779,1:?,1:bot,,0.791
780,1:?,1:bot,,0.791
781,1:?,1:bot,,0.594
782,1:?,1:bot,,0.717
783,1:?,1:bot,,0.791
784,1:?,1:bot,,0.791
785,1:?,1:bot,,0.782
786,1:?,1:bot,,0.63
787,1:?,2:human,,0.814
788,1:?,1:bot,,0.791
789,1:?,1:bot,,0.76
790,1:?,1:bot,,0.791
791,1:?,1:bot,,0.791
792,1:?,1:bot,,0.717
793,1:?,1:bot,,0.717
794,1:?,1:bot,,0.791
795,1:?,1:bot,,0.658
796,1:?,1:bot,,0.71
797,1:?,1:bot,,0.726
798,1:?,1:bot,,0.791
799,1:?,1:bot,,0.71
800,1:?,1:bot,,0.63
801,1:?,1:bot,,0.76
802,1:?,2:human,,0.795
803,1:?,1:bot,,0.763
804,1:?,1:bot,,0.71
805,1:?,2:human,,0.711
806,1:?,2:human,,0.754
807,1:?,1:bot,,0.76
808,1:?,1:bot,,0.76
809,1:?,1:bot,,0.76
810,1:?,1:bot,,0.741
811,1:?,1:bot,,0.791
812,1:?,1:bot,,0.791
813,1:?,1:bot,,0.791
814,1:?,2:human,,0.798
815,1:?,1:bot,,0.658
816,1:?,2:human,,0.795
817,1:?,2:human,,0.723
818,1:?,1:bot,,0.791
819,1:?,1:bot,,0.76
820,1:?,1:bot,,0.717
821,1:?,1:bot,,0.658
822,1:?,2:human,,0.756
823,1:?,1:bot,,0.791
824,1:?,1:bot,,0.71
825,1:?,1:bot,,0.783
826,1:?,1:bot,,0.594
827,1:?,1:bot,,0.791
828,1:?,1:bot,,0.791
829,1:?,1:bot,,0.791
830,1:?,1:bot,,0.791
831,1:?,1:bot,,0.791
832,1:?,2:human,,0.698
833,1:?,1:bot,,0.791
834,1:?,2:human,,0.531
835,1:?,2:human,,0.798
836,1:?,1:bot,,0.726
837,1:?,1:bot,,0.767
838,1:?,1:bot,,0.791
839,1:?,1:bot,,0.783
840,1:?,1:bot,,0.791
841,1:?,1:bot,,0.717
842,1:?,1:bot,,0.791
843,1:?,1:bot,,0.71
844,1:?,1:bot,,0.717
845,1:?,2:human,,0.815
846,1:?,1:bot,,0.717
847,1:?,1:bot,,0.791
848,1:?,1:bot,,0.791
849,1:?,1:bot,,0.76
850,1:?,1:bot,,0.791
851,1:?,2:human,,0.801
852,1:?,1:bot,,0.717
853,1:?,1:bot,,0.717
854,1:?,1:bot,,0.791
855,1:?,1:bot,,0.791
856,1:?,1:bot,,0.791
857,1:?,1:bot,,0.782
858,1:?,1:bot,,0.767
859,1:?,2:human,,0.748
860,1:?,1:bot,,0.791
861,1:?,1:bot,,0.76
862,1:?,2:human,,0.768
863,1:?,1:bot,,0.791
864,1:?,1:bot,,0.658
865,1:?,1:bot,,0.726
866,1:?,1:bot,,0.767
867,1:?,2:human,,0.746
868,1:?,1:bot,,0.76
869,1:?,2:human,,0.581
870,1:?,2:human,,0.74
871,1:?,1:bot,,0.717
872,1:?,1:bot,,0.594
873,1:?,1:bot,,0.791
874,1:?,1:bot,,0.726
875,1:?,1:bot,,0.791
876,1:?,1:bot,,0.577
877,1:?,1:bot,,0.76
878,1:?,1:bot,,0.76
879,1:?,2:human,,0.698
880,1:?,1:bot,,0.76
881,1:?,1:bot,,0.63
882,1:?,1:bot,,0.76
883,1:?,1:bot,,0.726
884,1:?,2:human,,0.616
885,1:?,1:bot,,0.717
886,1:?,1:bot,,0.717
887,1:?,1:bot,,0.717
888,1:?,1:bot,,0.791
889,1:?,1:bot,,0.783
890,1:?,1:bot,,0.791
891,1:?,1:bot,,0.76
892,1:?,1:bot,,0.791
893,1:?,1:bot,,0.791
894,1:?,1:bot,,0.76
895,1:?,1:bot,,0.577
896,1:?,1:bot,,0.782
897,1:?,2:human,,0.814
898,1:?,1:bot,,0.791
899,1:?,1:bot,,0.791
900,1:?,1:bot,,0.658
901,1:?,1:bot,,0.71
902,1:?,1:bot,,0.782
903,1:?,1:bot,,0.717
904,1:?,1:bot,,0.717
905,1:?,1:bot,,0.63
906,1:?,2:human,,0.767
907,1:?,2:human,,0.518
908,1:?,1:bot,,0.791
909,1:?,2:human,,0.798
910,1:?,1:bot,,0.76
911,1:?,2:human,,0.793
912,1:?,1:bot,,0.76
913,1:?,1:bot,,0.717
914,1:?,1:bot,,0.791
915,1:?,1:bot,,0.717
916,1:?,1:bot,,0.71
917,1:?,2:human,,0.795
918,1:?,1:bot,,0.791
919,1:?,1:bot,,0.763
920,1:?,1:bot,,0.791
921,1:?,1:bot,,0.791
922,1:?,2:human,,0.756
923,1:?,1:bot,,0.76
924,1:?,2:human,,0.677
925,1:?,1:bot,,0.76
926,1:?,1:bot,,0.791
927,1:?,1:bot,,0.791
928,1:?,1:bot,,0.717
929,1:?,1:bot,,0.791
930,1:?,1:bot,,0.76
931,1:?,1:bot,,0.76
932,1:?,1:bot,,0.767
933,1:?,2:human,,0.789
934,1:?,2:human,,0.801
935,1:?,1:bot,,0.76
936,1:?,1:bot,,0.63
937,1:?,1:bot,,0.76
938,1:?,2:human,,0.658
939,1:?,1:bot,,0.76
940,1:?,1:bot,,0.791
941,1:?,1:bot,,0.791
942,1:?,1:bot,,0.791
943,1:?,1:bot,,0.791
944,1:?,1:bot,,0.791
945,1:?,2:human,,0.772
946,1:?,1:bot,,0.717
947,1:?,1:bot,,0.791
948,1:?,1:bot,,0.767
949,1:?,1:bot,,0.791
950,1:?,1:bot,,0.76
951,1:?,2:human,,0.581
952,1:?,1:bot,,0.717
953,1:?,1:bot,,0.717
954,1:?,1:bot,,0.791
955,1:?,1:bot,,0.63
956,1:?,1:bot,,0.76
957,1:?,1:bot,,0.658
958,1:?,2:human,,0.814
959,1:?,1:bot,,0.76
960,1:?,1:bot,,0.717
961,1:?,1:bot,,0.791
962,1:?,1:bot,,0.791
963,1:?,2:human,,0.698
964,1:?,1:bot,,0.791
965,1:?,2:human,,0.756
966,1:?,1:bot,,0.71
967,1:?,1:bot,,0.782
968,1:?,2:human,,0.793
969,1:?,2:human,,0.787
970,1:?,1:bot,,0.577
971,1:?,1:bot,,0.791
972,1:?,1:bot,,0.717
973,1:?,1:bot,,0.717
974,1:?,1:bot,,0.791
975,1:?,1:bot,,0.76
976,1:?,1:bot,,0.594
977,1:?,1:bot,,0.76
978,1:?,2:human,,0.535
979,1:?,2:human,,0.82
980,1:?,2:human,,0.691
981,1:?,1:bot,,0.791
982,1:?,1:bot,,0.76
983,1:?,1:bot,,0.76
984,1:?,1:bot,,0.791
985,1:?,1:bot,,0.594
986,1:?,2:human,,0.698
987,1:?,2:human,,0.649
988,1:?,1:bot,,0.791
989,1:?,2:human,,0.789
990,1:?,2:human,,0.653
991,1:?,1:bot,,0.782
992,1:?,1:bot,,0.791
993,1:?,1:bot,,0.76
994,1:?,1:bot,,0.763
995,1:?,1:bot,,0.76
996,1:?,2:human,,0.795
997,1:?,2:human,,0.795
998,1:?,2:human,,0.787
999,1:?,1:bot,,0.577
1000,1:?,1:bot,,0.767
1001,1:?,1:bot,,0.791
1002,1:?,1:bot,,0.658
1003,1:?,1:bot,,0.717
1004,1:?,1:bot,,0.791
1005,1:?,1:bot,,0.717
1006,1:?,1:bot,,0.717
1007,1:?,2:human,,0.622
1008,1:?,1:bot,,0.741
1009,1:?,1:bot,,0.76
1010,1:?,1:bot,,0.791
1011,1:?,1:bot,,0.594
1012,1:?,1:bot,,0.76
1013,1:?,1:bot,,0.791
1014,1:?,1:bot,,0.791
1015,1:?,1:bot,,0.782
1016,1:?,1:bot,,0.782
1017,1:?,2:human,,0.789
1018,1:?,1:bot,,0.767
1019,1:?,1:bot,,0.71
1020,1:?,1:bot,,0.717
1021,1:?,2:human,,0.677
1022,1:?,1:bot,,0.791
1023,1:?,1:bot,,0.717
1024,1:?,2:human,,0.787
1025,1:?,1:bot,,0.791
1026,1:?,1:bot,,0.76
1027,1:?,1:bot,,0.594
1028,1:?,1:bot,,0.791
1029,1:?,1:bot,,0.791
1030,1:?,2:human,,0.795
1031,1:?,1:bot,,0.791
1032,1:?,1:bot,,0.76
1033,1:?,1:bot,,0.658
1034,1:?,1:bot,,0.791
1035,1:?,1:bot,,0.791
1036,1:?,1:bot,,0.782
1037,1:?,1:bot,,0.791
1038,1:?,1:bot,,0.76
1039,1:?,1:bot,,0.791
1040,1:?,1:bot,,0.71
1041,1:?,1:bot,,0.791
1042,1:?,2:human,,0.518
1043,1:?,1:bot,,0.791
1044,1:?,1:bot,,0.717
1045,1:?,2:human,,0.535
1046,1:?,1:bot,,0.763
1047,1:?,1:bot,,0.76
1048,1:?,1:bot,,0.717
1049,1:?,1:bot,,0.717
1050,1:?,1:bot,,0.76
1051,1:?,2:human,,0.756
1052,1:?,2:human,,0.773
1053,1:?,1:bot,,0.791
1054,1:?,2:human,,0.795
1055,1:?,1:bot,,0.791
1056,1:?,1:bot,,0.791
1057,1:?,2:human,,0.773
1058,1:?,1:bot,,0.782
1059,1:?,2:human,,0.795
1060,1:?,1:bot,,0.791
1061,1:?,1:bot,,0.71
1062,1:?,2:human,,0.698
1063,1:?,1:bot,,0.717
1064,1:?,2:human,,0.793
1065,1:?,1:bot,,0.594
1066,1:?,1:bot,,0.763
1067,1:?,1:bot,,0.658
1068,1:?,1:bot,,0.791
1069,1:?,2:human,,0.798
1070,1:?,1:bot,,0.717
1071,1:?,2:human,,0.583
1072,1:?,2:human,,0.581
1073,1:?,1:bot,,0.63
1074,1:?,1:bot,,0.791
1075,1:?,1:bot,,0.658
1076,1:?,1:bot,,0.658
1077,1:?,1:bot,,0.71
1078,1:?,1:bot,,0.791
1079,1:?,2:human,,0.817
1080,1:?,1:bot,,0.726
1081,1:?,1:bot,,0.717
1082,1:?,1:bot,,0.76
1083,1:?,1:bot,,0.717
1084,1:?,1:bot,,0.577
1085,1:?,1:bot,,0.717
1086,1:?,1:bot,,0.63
1087,1:?,1:bot,,0.717
1088,1:?,1:bot,,0.791
1089,1:?,1:bot,,0.741
1090,1:?,1:bot,,0.76
1091,1:?,1:bot,,0.791
1092,1:?,1:bot,,0.767
1093,1:?,1:bot,,0.791
1094,1:?,1:bot,,0.791
1095,1:?,1:bot,,0.717
1096,1:?,1:bot,,0.763
1097,1:?,1:bot,,0.791
1098,1:?,1:bot,,0.791
1099,1:?,1:bot,,0.783
1100,1:?,1:bot,,0.717
1101,1:?,1:bot,,0.791
1102,1:?,1:bot,,0.717
1103,1:?,1:bot,,0.791
1104,1:?,1:bot,,0.76
1105,1:?,1:bot,,0.791
1106,1:?,1:bot,,0.76
1107,1:?,1:bot,,0.658
1108,1:?,1:bot,,0.791
1109,1:?,1:bot,,0.76
1110,1:?,1:bot,,0.791
1111,1:?,1:bot,,0.658
1112,1:?,1:bot,,0.594
1113,1:?,1:bot,,0.791
1114,1:?,1:bot,,0.791
1115,1:?,2:human,,0.653
1116,1:?,1:bot,,0.717
1117,1:?,1:bot,,0.717
1118,1:?,1:bot,,0.791
1119,1:?,1:bot,,0.791
1120,1:?,1:bot,,0.76
1121,1:?,1:bot,,0.791
1122,1:?,2:human,,0.815
1123,1:?,2:human,,0.817
1124,1:?,1:bot,,0.791
1125,1:?,1:bot,,0.76
1126,1:?,1:bot,,0.717
1127,1:?,1:bot,,0.791
1128,1:?,2:human,,0.756
1129,1:?,1:bot,,0.717
1130,1:?,1:bot,,0.76
1131,1:?,1:bot,,0.767
1132,1:?,1:bot,,0.76
1133,1:?,2:human,,0.772
1134,1:?,1:bot,,0.577
1135,1:?,2:human,,0.814
1136,1:?,1:bot,,0.791
1137,1:?,1:bot,,0.791
1138,1:?,1:bot,,0.658
1139,1:?,1:bot,,0.76
1140,1:?,1:bot,,0.63
1141,1:?,1:bot,,0.717
1142,1:?,1:bot,,0.76
1143,1:?,2:human,,0.773
1144,1:?,2:human,,0.793
1145,1:?,2:human,,0.772
1146,1:?,1:bot,,0.76
1147,1:?,1:bot,,0.763
1148,1:?,2:human,,0.814
1149,1:?,1:bot,,0.782
1150,1:?,1:bot,,0.791
1151,1:?,1:bot,,0.594
1152,1:?,1:bot,,0.717
1153,1:?,1:bot,,0.782
1154,1:?,1:bot,,0.791
1155,1:?,1:bot,,0.791
1156,1:?,1:bot,,0.717
1157,1:?,1:bot,,0.763
1158,1:?,2:human,,0.763
1159,1:?,1:bot,,0.791
1160,1:?,2:human,,0.801
1161,1:?,1:bot,,0.717
1162,1:?,1:bot,,0.791
1163,1:?,1:bot,,0.791
1164,1:?,1:bot,,0.791
1165,1:?,1:bot,,0.577
1166,1:?,1:bot,,0.791
1167,1:?,1:bot,,0.763
1168,1:?,1:bot,,0.76
1169,1:?,1:bot,,0.791
1170,1:?,1:bot,,0.782
1171,1:?,1:bot,,0.791
1172,1:?,1:bot,,0.76
1173,1:?,1:bot,,0.63
1174,1:?,1:bot,,0.791
1175,1:?,1:bot,,0.726
1176,1:?,1:bot,,0.76
1177,1:?,1:bot,,0.791
1178,1:?,1:bot,,0.717
1179,1:?,2:human,,0.768
1180,1:?,1:bot,,0.577
1181,1:?,2:human,,0.622
1182,1:?,2:human,,0.814
1183,1:?,2:human,,0.753
1184,1:?,1:bot,,0.791
1185,1:?,1:bot,,0.717
1186,1:?,2:human,,0.801
1187,1:?,1:bot,,0.791
1188,1:?,1:bot,,0.71
1189,1:?,1:bot,,0.791
1190,1:?,1:bot,,0.717
1191,1:?,1:bot,,0.594
1192,1:?,1:bot,,0.76
1193,1:?,1:bot,,0.767
1194,1:?,1:bot,,0.782
1195,1:?,1:bot,,0.63
1196,1:?,1:bot,,0.71
1197,1:?,1:bot,,0.71
1198,1:?,2:human,,0.762
1199,1:?,1:bot,,0.782
1200,1:?,1:bot,,0.76
1201,1:?,1:bot,,0.791
1202,1:?,1:bot,,0.76
1203,1:?,1:bot,,0.76
1204,1:?,1:bot,,0.791
1205,1:?,1:bot,,0.594
1206,1:?,1:bot,,0.791
1207,1:?,1:bot,,0.63
1208,1:?,1:bot,,0.791
1209,1:?,1:bot,,0.767
1210,1:?,1:bot,,0.791
1211,1:?,1:bot,,0.791
1212,1:?,1:bot,,0.782
1213,1:?,1:bot,,0.717
1214,1:?,1:bot,,0.76
1215,1:?,2:human,,0.817
1216,1:?,2:human,,0.817
1217,1:?,1:bot,,0.577
1218,1:?,1:bot,,0.791
1219,1:?,1:bot,,0.658
1220,1:?,1:bot,,0.717
1221,1:?,1:bot,,0.791
1222,1:?,1:bot,,0.76
1223,1:?,1:bot,,0.791
1224,1:?,2:human,,0.819
1225,1:?,1:bot,,0.791
1226,1:?,1:bot,,0.76
1227,1:?,1:bot,,0.791
1228,1:?,1:bot,,0.658
1229,1:?,1:bot,,0.577
1230,1:?,1:bot,,0.76
1231,1:?,1:bot,,0.63
1232,1:?,1:bot,,0.76
1233,1:?,1:bot,,0.791
1234,1:?,1:bot,,0.76
1235,1:?,1:bot,,0.717
1236,1:?,1:bot,,0.717
1237,1:?,1:bot,,0.791
1238,1:?,1:bot,,0.717
1239,1:?,1:bot,,0.76
1240,1:?,1:bot,,0.767
1241,1:?,1:bot,,0.767
1242,1:?,2:human,,0.772
1243,1:?,1:bot,,0.717
1244,1:?,1:bot,,0.767
1245,1:?,1:bot,,0.658
1246,1:?,1:bot,,0.76
1247,1:?,2:human,,0.756
1248,1:?,2:human,,0.535
1249,1:?,1:bot,,0.791
1250,1:?,1:bot,,0.71
1251,1:?,1:bot,,0.76
1252,1:?,1:bot,,0.76
1253,1:?,1:bot,,0.791
1254,1:?,2:human,,0.772
1255,1:?,1:bot,,0.76
1256,1:?,1:bot,,0.76
1257,1:?,2:human,,0.714
1258,1:?,1:bot,,0.791
1259,1:?,1:bot,,0.76
1260,1:?,2:human,,0.795
1261,1:?,1:bot,,0.71
1262,1:?,1:bot,,0.791
1263,1:?,1:bot,,0.76
1264,1:?,1:bot,,0.76
1265,1:?,1:bot,,0.594
1266,1:?,1:bot,,0.791
1267,1:?,1:bot,,0.767
1268,1:?,2:human,,0.711
1269,1:?,1:bot,,0.791
1270,1:?,1:bot,,0.763
1271,1:?,1:bot,,0.791
1272,1:?,1:bot,,0.791
1273,1:?,1:bot,,0.76
1274,1:?,1:bot,,0.658
1275,1:?,1:bot,,0.717
1276,1:?,1:bot,,0.791
1277,1:?,1:bot,,0.791
1278,1:?,2:human,,0.714
1279,1:?,1:bot,,0.577
1280,1:?,1:bot,,0.782
1281,1:?,1:bot,,0.717
1282,1:?,1:bot,,0.782
1283,1:?,2:human,,0.754
1284,1:?,1:bot,,0.71
1285,1:?,2:human,,0.825
1286,1:?,1:bot,,0.63
1287,1:?,1:bot,,0.791
1288,1:?,1:bot,,0.594
1289,1:?,1:bot,,0.594
1290,1:?,1:bot,,0.791
1291,1:?,1:bot,,0.767
1292,1:?,1:bot,,0.63
1293,1:?,1:bot,,0.791
1294,1:?,1:bot,,0.76
1295,1:?,2:human,,0.762
1296,1:?,1:bot,,0.76
1297,1:?,1:bot,,0.791
1298,1:?,1:bot,,0.63
1299,1:?,1:bot,,0.71
1300,1:?,1:bot,,0.791
1301,1:?,1:bot,,0.767
1302,1:?,1:bot,,0.791
1303,1:?,1:bot,,0.791
1304,1:?,1:bot,,0.76
1305,1:?,1:bot,,0.76
1306,1:?,1:bot,,0.63
1307,1:?,1:bot,,0.791
1308,1:?,1:bot,,0.76
1309,1:?,1:bot,,0.791
1310,1:?,1:bot,,0.63
1311,1:?,2:human,,0.723
1312,1:?,1:bot,,0.791
1313,1:?,1:bot,,0.76
1314,1:?,1:bot,,0.76
1315,1:?,1:bot,,0.717
1316,1:?,1:bot,,0.791
1317,1:?,1:bot,,0.717
1318,1:?,2:human,,0.714
1319,1:?,1:bot,,0.717
1320,1:?,1:bot,,0.717
1321,1:?,1:bot,,0.782
1322,1:?,1:bot,,0.791
1323,1:?,1:bot,,0.791
1324,1:?,1:bot,,0.791
1325,1:?,1:bot,,0.763
1326,1:?,1:bot,,0.76
1327,1:?,2:human,,0.815
1328,1:?,1:bot,,0.76
1329,1:?,1:bot,,0.717
1330,1:?,1:bot,,0.791
1331,1:?,1:bot,,0.594
1332,1:?,1:bot,,0.791
1333,1:?,1:bot,,0.791
1334,1:?,1:bot,,0.717
1335,1:?,1:bot,,0.791
1336,1:?,1:bot,,0.763
1337,1:?,2:human,,0.819
1338,1:?,1:bot,,0.76
1339,1:?,1:bot,,0.717
1340,1:?,1:bot,,0.76
1341,1:?,2:human,,0.723
1342,1:?,1:bot,,0.76
1343,1:?,1:bot,,0.717
1344,1:?,1:bot,,0.76
1345,1:?,1:bot,,0.791
1346,1:?,2:human,,0.789
1347,1:?,1:bot,,0.791
1348,1:?,1:bot,,0.791
1349,1:?,1:bot,,0.717
1350,1:?,1:bot,,0.791
1351,1:?,1:bot,,0.658
1352,1:?,1:bot,,0.763
1353,1:?,2:human,,0.518
1354,1:?,1:bot,,0.717
1355,1:?,1:bot,,0.717
1356,1:?,1:bot,,0.767
1357,1:?,1:bot,,0.791
1358,1:?,1:bot,,0.717
1359,1:?,2:human,,0.787
1360,1:?,2:human,,0.718
1361,1:?,1:bot,,0.791
1362,1:?,1:bot,,0.76
1363,1:?,1:bot,,0.726
1364,1:?,1:bot,,0.717
1365,1:?,1:bot,,0.791
1366,1:?,1:bot,,0.782
1367,1:?,1:bot,,0.791
1368,1:?,1:bot,,0.791
1369,1:?,1:bot,,0.577
1370,1:?,1:bot,,0.717
1371,1:?,2:human,,0.805
1372,1:?,2:human,,0.754
1373,1:?,2:human,,0.789
1374,1:?,2:human,,0.819
1375,1:?,1:bot,,0.76
1376,1:?,1:bot,,0.594
1377,1:?,1:bot,,0.76
1378,1:?,1:bot,,0.791
1379,1:?,1:bot,,0.71
1380,1:?,2:human,,0.698
1381,1:?,1:bot,,0.76
1382,1:?,1:bot,,0.594
1383,1:?,1:bot,,0.71
1384,1:?,1:bot,,0.717
1385,1:?,1:bot,,0.717
1386,1:?,2:human,,0.658
1387,1:?,1:bot,,0.76
1388,1:?,1:bot,,0.63
1389,1:?,1:bot,,0.763
1390,1:?,1:bot,,0.71
1391,1:?,1:bot,,0.76
1392,1:?,1:bot,,0.71
1393,1:?,1:bot,,0.76
1394,1:?,1:bot,,0.791
1395,1:?,2:human,,0.798
1396,1:?,1:bot,,0.594
1397,1:?,1:bot,,0.594
1398,1:?,2:human,,0.795
1399,1:?,1:bot,,0.791
1400,1:?,1:bot,,0.76
1401,1:?,1:bot,,0.76
1402,1:?,1:bot,,0.791
1403,1:?,1:bot,,0.63
1404,1:?,1:bot,,0.76
1405,1:?,2:human,,0.762
1406,1:?,1:bot,,0.791
1407,1:?,1:bot,,0.658
1408,1:?,1:bot,,0.791
1409,1:?,1:bot,,0.791
1410,1:?,1:bot,,0.71
1411,1:?,1:bot,,0.63
1412,1:?,1:bot,,0.791
1413,1:?,1:bot,,0.791
1414,1:?,2:human,,0.817
1415,1:?,2:human,,0.714
1416,1:?,1:bot,,0.76
1417,1:?,1:bot,,0.791
1418,1:?,1:bot,,0.76
1419,1:?,1:bot,,0.717
1420,1:?,1:bot,,0.782
1421,1:?,1:bot,,0.791
1422,1:?,1:bot,,0.658
1423,1:?,2:human,,0.658
1424,1:?,1:bot,,0.71
1425,1:?,1:bot,,0.76
1426,1:?,1:bot,,0.791
1427,1:?,1:bot,,0.594
1428,1:?,2:human,,0.819
1429,1:?,1:bot,,0.791
1430,1:?,1:bot,,0.594
1431,1:?,1:bot,,0.767
1432,1:?,1:bot,,0.782
1433,1:?,1:bot,,0.791
1434,1:?,2:human,,0.795
1435,1:?,1:bot,,0.791
1436,1:?,1:bot,,0.594
1437,1:?,1:bot,,0.76
1438,1:?,1:bot,,0.76
1439,1:?,1:bot,,0.658
1440,1:?,1:bot,,0.577
1441,1:?,1:bot,,0.717
1442,1:?,1:bot,,0.791
1443,1:?,2:human,,0.723
1444,1:?,1:bot,,0.791
1445,1:?,1:bot,,0.791
1446,1:?,2:human,,0.795
1447,1:?,1:bot,,0.791
1448,1:?,1:bot,,0.782
1449,1:?,1:bot,,0.76
1450,1:?,2:human,,0.773
1451,1:?,2:human,,0.768
1452,1:?,1:bot,,0.767
1453,1:?,1:bot,,0.594
1454,1:?,1:bot,,0.791
1455,1:?,1:bot,,0.717
1456,1:?,1:bot,,0.76
1457,1:?,1:bot,,0.76
1458,1:?,2:human,,0.787
1459,1:?,2:human,,0.581
1460,1:?,1:bot,,0.791
1461,1:?,1:bot,,0.791
1462,1:?,1:bot,,0.594
1463,1:?,2:human,,0.644
1464,1:?,1:bot,,0.791
1465,1:?,1:bot,,0.717
1466,1:?,1:bot,,0.791
1467,1:?,2:human,,0.772
1468,1:?,1:bot,,0.791
1469,1:?,1:bot,,0.71
1470,1:?,1:bot,,0.717
1471,1:?,1:bot,,0.717
1472,1:?,1:bot,,0.594
1473,1:?,1:bot,,0.791
1474,1:?,1:bot,,0.791
1475,1:?,1:bot,,0.782
1476,1:?,1:bot,,0.791
1477,1:?,1:bot,,0.76
1478,1:?,2:human,,0.801
1479,1:?,1:bot,,0.76
1480,1:?,1:bot,,0.791
1481,1:?,1:bot,,0.76
1482,1:?,1:bot,,0.791
1483,1:?,1:bot,,0.791
1484,1:?,1:bot,,0.767
1485,1:?,2:human,,0.805
1486,1:?,1:bot,,0.791
1487,1:?,1:bot,,0.717
1488,1:?,1:bot,,0.791
1489,1:?,1:bot,,0.791
1490,1:?,1:bot,,0.76
1491,1:?,2:human,,0.615
1492,1:?,1:bot,,0.791
1493,1:?,1:bot,,0.76
1494,1:?,2:human,,0.518
1495,1:?,1:bot,,0.763
1496,1:?,2:human,,0.772
1497,1:?,1:bot,,0.791
1498,1:?,1:bot,,0.76
1499,1:?,1:bot,,0.791
1500,1:?,1:bot,,0.726

=== Evaluation on test set ===

Time taken to test model on supplied test set: 2.36 seconds

=== Summary ===

Total Number of Instances                0     
Ignored Class Unknown Instances               1500     

=== Detailed Accuracy By Class ===

                 TP Rate  FP Rate  Precision  Recall   F-Measure  MCC      ROC Area  PRC Area  Class
                 ?        ?        ?          ?        ?          ?        ?         ?         bot
                 ?        ?        ?          ?        ?          ?        ?         ?         human
Weighted Avg.    ?        ?        ?          ?        ?          ?        ?         ?         

=== Confusion Matrix ===

 a b   <-- classified as
 0 0 | a = bot
 0 0 | b = human

