=== Run information ===

Scheme:       weka.classifiers.misc.InputMappedClassifier -I -trim -W weka.classifiers.lazy.IBk -- -K 5 -W 0 -E -A "weka.core.neighboursearch.KDTree -A \"weka.core.EuclideanDistance -R first-last\" -S weka.core.neighboursearch.kdtrees.SlidingMidPointOfWidestSide -W 0.01 -L 40 -N" -num-decimal-places 8
Relation:     KNN_Emotion_train
Instances:    3000
Attributes:   6
              class
              joy
              surprise
              fear
              sadness
              anger
Test mode:    user supplied test set:  size unknown (reading incrementally)

=== Classifier model (full training set) ===

InputMappedClassifier:

IB1 instance-based classifier
using 5 nearest neighbour(s) for classification

Attribute mappings:

Model attributes    	    Incoming attributes
--------------------	    ----------------
(nominal) class     	--> 1 missing (type mis-match)
(numeric) joy       	--> 2 (numeric) joy
(numeric) surprise  	--> 3 (numeric) surprise
(numeric) fear      	--> 4 (numeric) fear
(numeric) sadness   	--> 5 (numeric) sadness
(numeric) anger     	--> 6 (numeric) anger


Time taken to build model: 0.01 seconds

=== Predictions on test set ===

inst#,actual,predicted,error,prediction
1,1:?,1:bot,,1
2,1:?,1:bot,,0.6
3,1:?,1:bot,,0.8
4,1:?,1:bot,,0.571
5,1:?,1:bot,,1
6,1:?,1:bot,,0.6
7,1:?,1:bot,,0.6
8,1:?,1:bot,,1
9,1:?,1:bot,,0.8
10,1:?,1:bot,,0.6
11,1:?,1:bot,,0.8
12,1:?,2:human,,0.6
13,1:?,1:bot,,0.8
14,1:?,1:bot,,0.8
15,1:?,2:human,,0.6
16,1:?,1:bot,,1
17,1:?,1:bot,,1
18,1:?,1:bot,,0.571
19,1:?,2:human,,0.6
20,1:?,1:bot,,0.6
21,1:?,1:bot,,0.8
22,1:?,2:human,,0.6
23,1:?,1:bot,,0.6
24,1:?,2:human,,0.6
25,1:?,1:bot,,0.6
26,1:?,2:human,,0.6
27,1:?,1:bot,,0.6
28,1:?,1:bot,,0.8
29,1:?,1:bot,,0.571
30,1:?,2:human,,0.6
31,1:?,1:bot,,0.8
32,1:?,2:human,,0.6
33,1:?,1:bot,,0.8
34,1:?,1:bot,,0.6
35,1:?,1:bot,,0.6
36,1:?,2:human,,0.6
37,1:?,1:bot,,0.6
38,1:?,1:bot,,0.6
39,1:?,1:bot,,0.8
40,1:?,1:bot,,0.6
41,1:?,1:bot,,0.571
42,1:?,1:bot,,0.6
43,1:?,1:bot,,0.6
44,1:?,1:bot,,0.8
45,1:?,1:bot,,0.571
46,1:?,1:bot,,0.8
47,1:?,2:human,,0.8
48,1:?,1:bot,,0.6
49,1:?,2:human,,0.6
50,1:?,1:bot,,0.6
51,1:?,1:bot,,0.6
52,1:?,1:bot,,0.6
53,1:?,1:bot,,0.8
54,1:?,1:bot,,0.6
55,1:?,1:bot,,0.8
56,1:?,1:bot,,0.8
57,1:?,1:bot,,0.8
58,1:?,2:human,,1
59,1:?,1:bot,,0.6
60,1:?,1:bot,,0.8
61,1:?,1:bot,,0.6
62,1:?,1:bot,,0.6
63,1:?,1:bot,,0.8
64,1:?,1:bot,,0.905
65,1:?,1:bot,,0.6
66,1:?,1:bot,,0.6
67,1:?,1:bot,,0.8
68,1:?,2:human,,0.6
69,1:?,1:bot,,0.8
70,1:?,2:human,,0.6
71,1:?,1:bot,,0.6
72,1:?,1:bot,,0.8
73,1:?,1:bot,,0.8
74,1:?,1:bot,,1
75,1:?,1:bot,,1
76,1:?,1:bot,,0.6
77,1:?,2:human,,0.6
78,1:?,1:bot,,0.8
79,1:?,1:bot,,0.6
80,1:?,1:bot,,0.6
81,1:?,1:bot,,0.895
82,1:?,1:bot,,0.6
83,1:?,1:bot,,0.6
84,1:?,1:bot,,1
85,1:?,1:bot,,0.8
86,1:?,1:bot,,0.8
87,1:?,1:bot,,0.6
88,1:?,1:bot,,0.8
89,1:?,1:bot,,1
90,1:?,1:bot,,0.6
91,1:?,2:human,,0.6
92,1:?,1:bot,,0.6
93,1:?,1:bot,,1
94,1:?,2:human,,0.6
95,1:?,1:bot,,0.5
96,1:?,1:bot,,0.8
97,1:?,1:bot,,1
98,1:?,2:human,,0.8
99,1:?,1:bot,,0.8
100,1:?,1:bot,,0.8
101,1:?,1:bot,,1
102,1:?,1:bot,,0.6
103,1:?,1:bot,,0.8
104,1:?,2:human,,0.6
105,1:?,2:human,,0.8
106,1:?,1:bot,,0.6
107,1:?,1:bot,,0.8
108,1:?,2:human,,0.8
109,1:?,2:human,,0.6
110,1:?,1:bot,,1
111,1:?,1:bot,,0.8
112,1:?,1:bot,,1
113,1:?,2:human,,0.6
114,1:?,1:bot,,0.571
115,1:?,2:human,,0.667
116,1:?,2:human,,0.6
117,1:?,1:bot,,0.8
118,1:?,1:bot,,0.6
119,1:?,1:bot,,0.8
120,1:?,1:bot,,1
121,1:?,1:bot,,0.6
122,1:?,1:bot,,0.8
123,1:?,2:human,,0.8
124,1:?,1:bot,,0.8
125,1:?,1:bot,,0.5
126,1:?,2:human,,0.6
127,1:?,2:human,,0.8
128,1:?,1:bot,,0.8
129,1:?,1:bot,,0.8
130,1:?,1:bot,,1
131,1:?,2:human,,0.667
132,1:?,1:bot,,0.6
133,1:?,1:bot,,0.571
134,1:?,1:bot,,0.8
135,1:?,1:bot,,0.8
136,1:?,1:bot,,1
137,1:?,1:bot,,0.571
138,1:?,1:bot,,0.8
139,1:?,2:human,,0.8
140,1:?,1:bot,,0.833
141,1:?,1:bot,,0.571
142,1:?,1:bot,,0.571
143,1:?,2:human,,0.6
144,1:?,1:bot,,0.6
145,1:?,1:bot,,0.8
146,1:?,2:human,,0.6
147,1:?,2:human,,0.6
148,1:?,2:human,,0.8
149,1:?,1:bot,,0.8
150,1:?,1:bot,,0.8
151,1:?,1:bot,,1
152,1:?,1:bot,,0.667
153,1:?,1:bot,,0.6
154,1:?,1:bot,,0.667
155,1:?,1:bot,,0.6
156,1:?,1:bot,,0.6
157,1:?,1:bot,,0.8
158,1:?,1:bot,,0.6
159,1:?,1:bot,,0.8
160,1:?,1:bot,,0.6
161,1:?,2:human,,0.6
162,1:?,1:bot,,0.6
163,1:?,1:bot,,0.8
164,1:?,1:bot,,0.714
165,1:?,1:bot,,0.571
166,1:?,2:human,,1
167,1:?,1:bot,,1
168,1:?,1:bot,,0.8
169,1:?,1:bot,,0.8
170,1:?,2:human,,0.8
171,1:?,1:bot,,0.6
172,1:?,2:human,,0.6
173,1:?,2:human,,0.6
174,1:?,1:bot,,0.6
175,1:?,1:bot,,0.6
176,1:?,1:bot,,1
177,1:?,1:bot,,0.6
178,1:?,1:bot,,0.8
179,1:?,1:bot,,0.8
180,1:?,1:bot,,0.6
181,1:?,1:bot,,0.8
182,1:?,1:bot,,0.571
183,1:?,2:human,,0.6
184,1:?,1:bot,,0.6
185,1:?,1:bot,,0.6
186,1:?,1:bot,,0.6
187,1:?,2:human,,0.6
188,1:?,1:bot,,0.6
189,1:?,1:bot,,0.6
190,1:?,1:bot,,0.8
191,1:?,2:human,,0.6
192,1:?,2:human,,0.8
193,1:?,1:bot,,0.8
194,1:?,1:bot,,1
195,1:?,1:bot,,0.8
196,1:?,1:bot,,0.667
197,1:?,1:bot,,1
198,1:?,1:bot,,0.8
199,1:?,1:bot,,0.8
200,1:?,2:human,,0.6
201,1:?,2:human,,0.6
202,1:?,1:bot,,0.5
203,1:?,1:bot,,1
204,1:?,1:bot,,0.6
205,1:?,1:bot,,0.6
206,1:?,1:bot,,0.8
207,1:?,1:bot,,0.6
208,1:?,1:bot,,0.8
209,1:?,1:bot,,1
210,1:?,2:human,,0.6
211,1:?,1:bot,,0.8
212,1:?,1:bot,,0.8
213,1:?,1:bot,,0.6
214,1:?,2:human,,0.6
215,1:?,1:bot,,0.8
216,1:?,1:bot,,0.8
217,1:?,1:bot,,0.6
218,1:?,1:bot,,0.6
219,1:?,2:human,,0.8
220,1:?,1:bot,,1
221,1:?,1:bot,,0.6
222,1:?,1:bot,,0.8
223,1:?,2:human,,0.8
224,1:?,1:bot,,1
225,1:?,1:bot,,0.8
226,1:?,1:bot,,0.6
227,1:?,1:bot,,0.6
228,1:?,1:bot,,0.6
229,1:?,1:bot,,0.6
230,1:?,1:bot,,1
231,1:?,1:bot,,0.6
232,1:?,2:human,,0.6
233,1:?,1:bot,,1
234,1:?,2:human,,0.667
235,1:?,1:bot,,0.8
236,1:?,2:human,,0.6
237,1:?,1:bot,,0.8
238,1:?,1:bot,,0.8
239,1:?,1:bot,,1
240,1:?,1:bot,,0.923
241,1:?,2:human,,0.6
242,1:?,1:bot,,0.6
243,1:?,1:bot,,0.8
244,1:?,1:bot,,0.571
245,1:?,1:bot,,1
246,1:?,2:human,,0.6
247,1:?,1:bot,,0.833
248,1:?,1:bot,,0.6
249,1:?,1:bot,,0.8
250,1:?,1:bot,,0.6
251,1:?,1:bot,,0.667
252,1:?,2:human,,0.6
253,1:?,2:human,,0.6
254,1:?,1:bot,,0.8
255,1:?,1:bot,,0.8
256,1:?,1:bot,,0.8
257,1:?,1:bot,,0.8
258,1:?,1:bot,,0.8
259,1:?,1:bot,,0.8
260,1:?,1:bot,,0.6
261,1:?,2:human,,0.6
262,1:?,1:bot,,0.6
263,1:?,1:bot,,0.8
264,1:?,1:bot,,0.8
265,1:?,1:bot,,0.8
266,1:?,2:human,,0.8
267,1:?,1:bot,,1
268,1:?,1:bot,,0.8
269,1:?,1:bot,,0.8
270,1:?,2:human,,0.6
271,1:?,1:bot,,0.8
272,1:?,1:bot,,0.6
273,1:?,1:bot,,0.8
274,1:?,1:bot,,0.6
275,1:?,1:bot,,1
276,1:?,1:bot,,0.6
277,1:?,1:bot,,0.6
278,1:?,1:bot,,1
279,1:?,2:human,,0.6
280,1:?,2:human,,0.6
281,1:?,1:bot,,0.8
282,1:?,1:bot,,0.8
283,1:?,2:human,,0.6
284,1:?,1:bot,,0.8
285,1:?,1:bot,,0.8
286,1:?,1:bot,,0.6
287,1:?,1:bot,,0.571
288,1:?,2:human,,0.6
289,1:?,1:bot,,0.571
290,1:?,1:bot,,0.8
291,1:?,1:bot,,0.6
292,1:?,1:bot,,0.8
293,1:?,1:bot,,0.6
294,1:?,1:bot,,0.571
295,1:?,1:bot,,0.8
296,1:?,1:bot,,0.571
297,1:?,1:bot,,0.8
298,1:?,1:bot,,0.8
299,1:?,1:bot,,0.941
300,1:?,2:human,,0.6
301,1:?,1:bot,,1
302,1:?,1:bot,,0.6
303,1:?,1:bot,,0.6
304,1:?,1:bot,,0.8
305,1:?,2:human,,0.6
306,1:?,2:human,,0.6
307,1:?,1:bot,,0.6
308,1:?,1:bot,,0.8
309,1:?,1:bot,,0.6
310,1:?,1:bot,,0.667
311,1:?,1:bot,,0.6
312,1:?,1:bot,,1
313,1:?,1:bot,,0.8
314,1:?,1:bot,,0.6
315,1:?,1:bot,,1
316,1:?,1:bot,,0.8
317,1:?,1:bot,,0.6
318,1:?,1:bot,,0.6
319,1:?,1:bot,,0.6
320,1:?,1:bot,,0.6
321,1:?,1:bot,,0.6
322,1:?,1:bot,,0.667
323,1:?,1:bot,,0.6
324,1:?,1:bot,,0.8
325,1:?,1:bot,,0.571
326,1:?,1:bot,,0.8
327,1:?,2:human,,0.6
328,1:?,1:bot,,0.667
329,1:?,1:bot,,0.571
330,1:?,1:bot,,0.6
331,1:?,1:bot,,0.6
332,1:?,2:human,,0.6
333,1:?,1:bot,,0.8
334,1:?,1:bot,,1
335,1:?,1:bot,,0.6
336,1:?,1:bot,,0.6
337,1:?,1:bot,,0.8
338,1:?,1:bot,,0.571
339,1:?,2:human,,0.8
340,1:?,1:bot,,0.6
341,1:?,1:bot,,0.6
342,1:?,1:bot,,0.6
343,1:?,1:bot,,0.571
344,1:?,1:bot,,0.571
345,1:?,1:bot,,0.6
346,1:?,1:bot,,0.6
347,1:?,1:bot,,0.8
348,1:?,1:bot,,1
349,1:?,1:bot,,1
350,1:?,1:bot,,0.6
351,1:?,1:bot,,0.6
352,1:?,2:human,,0.6
353,1:?,2:human,,0.6
354,1:?,1:bot,,1
355,1:?,2:human,,0.6
356,1:?,1:bot,,0.8
357,1:?,1:bot,,0.6
358,1:?,2:human,,1
359,1:?,1:bot,,0.6
360,1:?,1:bot,,1
361,1:?,1:bot,,0.571
362,1:?,2:human,,0.6
363,1:?,1:bot,,0.8
364,1:?,2:human,,0.6
365,1:?,2:human,,0.6
366,1:?,2:human,,0.6
367,1:?,1:bot,,0.571
368,1:?,1:bot,,0.6
369,1:?,2:human,,1
370,1:?,1:bot,,0.8
371,1:?,1:bot,,1
372,1:?,1:bot,,0.571
373,1:?,2:human,,0.6
374,1:?,1:bot,,0.571
375,1:?,1:bot,,0.8
376,1:?,1:bot,,1
377,1:?,1:bot,,0.6
378,1:?,2:human,,0.8
379,1:?,1:bot,,0.6
380,1:?,2:human,,0.8
381,1:?,1:bot,,0.6
382,1:?,1:bot,,0.6
383,1:?,1:bot,,0.6
384,1:?,1:bot,,0.571
385,1:?,1:bot,,0.6
386,1:?,1:bot,,0.6
387,1:?,1:bot,,0.5
388,1:?,1:bot,,0.6
389,1:?,1:bot,,0.6
390,1:?,1:bot,,0.8
391,1:?,1:bot,,1
392,1:?,1:bot,,1
393,1:?,1:bot,,0.571
394,1:?,1:bot,,0.812
395,1:?,1:bot,,0.8
396,1:?,1:bot,,0.81
397,1:?,1:bot,,0.6
398,1:?,1:bot,,1
399,1:?,1:bot,,0.8
400,1:?,1:bot,,0.8
401,1:?,1:bot,,0.8
402,1:?,1:bot,,0.6
403,1:?,1:bot,,1
404,1:?,2:human,,0.6
405,1:?,1:bot,,1
406,1:?,1:bot,,1
407,1:?,2:human,,0.6
408,1:?,2:human,,0.6
409,1:?,1:bot,,0.6
410,1:?,2:human,,1
411,1:?,1:bot,,0.8
412,1:?,1:bot,,0.833
413,1:?,1:bot,,0.6
414,1:?,1:bot,,0.6
415,1:?,1:bot,,0.6
416,1:?,1:bot,,1
417,1:?,1:bot,,0.8
418,1:?,1:bot,,0.8
419,1:?,1:bot,,0.6
420,1:?,1:bot,,0.8
421,1:?,1:bot,,0.8
422,1:?,2:human,,0.6
423,1:?,1:bot,,0.6
424,1:?,1:bot,,0.5
425,1:?,1:bot,,0.571
426,1:?,1:bot,,1
427,1:?,1:bot,,0.6
428,1:?,1:bot,,0.8
429,1:?,2:human,,0.6
430,1:?,1:bot,,0.6
431,1:?,1:bot,,0.6
432,1:?,1:bot,,0.8
433,1:?,1:bot,,0.6
434,1:?,1:bot,,0.8
435,1:?,1:bot,,0.8
436,1:?,1:bot,,0.8
437,1:?,1:bot,,0.6
438,1:?,1:bot,,0.6
439,1:?,1:bot,,0.6
440,1:?,1:bot,,0.8
441,1:?,1:bot,,0.8
442,1:?,1:bot,,1
443,1:?,1:bot,,0.6
444,1:?,1:bot,,0.6
445,1:?,1:bot,,0.6
446,1:?,1:bot,,0.8
447,1:?,1:bot,,1
448,1:?,2:human,,0.8
449,1:?,1:bot,,0.6
450,1:?,1:bot,,0.6
451,1:?,1:bot,,1
452,1:?,1:bot,,0.8
453,1:?,1:bot,,0.571
454,1:?,2:human,,0.8
455,1:?,2:human,,0.6
456,1:?,1:bot,,1
457,1:?,1:bot,,0.6
458,1:?,1:bot,,0.8
459,1:?,1:bot,,0.8
460,1:?,1:bot,,0.8
461,1:?,1:bot,,0.571
462,1:?,2:human,,0.6
463,1:?,1:bot,,0.85
464,1:?,1:bot,,0.6
465,1:?,2:human,,0.6
466,1:?,2:human,,0.6
467,1:?,1:bot,,0.8
468,1:?,1:bot,,0.8
469,1:?,1:bot,,0.8
470,1:?,2:human,,0.6
471,1:?,1:bot,,0.8
472,1:?,1:bot,,0.8
473,1:?,1:bot,,0.8
474,1:?,2:human,,0.6
475,1:?,2:human,,0.6
476,1:?,1:bot,,0.6
477,1:?,1:bot,,0.8
478,1:?,1:bot,,0.6
479,1:?,1:bot,,0.6
480,1:?,1:bot,,0.571
481,1:?,1:bot,,0.8
482,1:?,1:bot,,0.8
483,1:?,2:human,,0.8
484,1:?,1:bot,,1
485,1:?,2:human,,0.6
486,1:?,2:human,,0.6
487,1:?,2:human,,0.6
488,1:?,2:human,,0.6
489,1:?,1:bot,,0.8
490,1:?,1:bot,,0.571
491,1:?,1:bot,,0.6
492,1:?,1:bot,,0.8
493,1:?,2:human,,0.6
494,1:?,2:human,,0.8
495,1:?,1:bot,,0.8
496,1:?,1:bot,,1
497,1:?,1:bot,,0.6
498,1:?,2:human,,0.6
499,1:?,2:human,,0.6
500,1:?,1:bot,,0.6
501,1:?,1:bot,,0.8
502,1:?,1:bot,,0.6
503,1:?,1:bot,,0.8
504,1:?,1:bot,,1
505,1:?,2:human,,0.6
506,1:?,2:human,,0.8
507,1:?,1:bot,,0.6
508,1:?,1:bot,,0.6
509,1:?,1:bot,,0.8
510,1:?,1:bot,,0.6
511,1:?,1:bot,,0.8
512,1:?,2:human,,1
513,1:?,2:human,,0.8
514,1:?,1:bot,,0.8
515,1:?,1:bot,,0.6
516,1:?,1:bot,,0.8
517,1:?,1:bot,,0.8
518,1:?,2:human,,0.6
519,1:?,1:bot,,0.6
520,1:?,1:bot,,0.8
521,1:?,1:bot,,0.8
522,1:?,1:bot,,0.571
523,1:?,1:bot,,1
524,1:?,2:human,,0.6
525,1:?,1:bot,,0.6
526,1:?,1:bot,,0.6
527,1:?,1:bot,,0.571
528,1:?,1:bot,,0.6
529,1:?,1:bot,,0.6
530,1:?,1:bot,,1
531,1:?,2:human,,0.6
532,1:?,1:bot,,0.667
533,1:?,2:human,,1
534,1:?,1:bot,,1
535,1:?,1:bot,,0.944
536,1:?,1:bot,,0.8
537,1:?,1:bot,,0.6
538,1:?,1:bot,,0.6
539,1:?,1:bot,,0.6
540,1:?,1:bot,,0.8
541,1:?,1:bot,,0.6
542,1:?,1:bot,,0.6
543,1:?,1:bot,,0.6
544,1:?,1:bot,,0.8
545,1:?,1:bot,,0.8
546,1:?,1:bot,,0.6
547,1:?,2:human,,0.6
548,1:?,1:bot,,0.6
549,1:?,2:human,,0.6
550,1:?,1:bot,,0.571
551,1:?,1:bot,,0.8
552,1:?,1:bot,,0.8
553,1:?,1:bot,,0.6
554,1:?,1:bot,,0.8
555,1:?,2:human,,0.6
556,1:?,1:bot,,0.571
557,1:?,1:bot,,0.6
558,1:?,1:bot,,1
559,1:?,1:bot,,0.8
560,1:?,2:human,,0.6
561,1:?,1:bot,,0.6
562,1:?,1:bot,,1
563,1:?,1:bot,,0.6
564,1:?,1:bot,,0.8
565,1:?,1:bot,,0.8
566,1:?,1:bot,,1
567,1:?,2:human,,0.8
568,1:?,1:bot,,1
569,1:?,1:bot,,0.6
570,1:?,1:bot,,0.8
571,1:?,1:bot,,0.8
572,1:?,2:human,,0.8
573,1:?,2:human,,0.6
574,1:?,1:bot,,0.8
575,1:?,1:bot,,0.6
576,1:?,2:human,,0.6
577,1:?,1:bot,,0.571
578,1:?,1:bot,,0.6
579,1:?,2:human,,0.6
580,1:?,2:human,,0.6
581,1:?,1:bot,,0.5
582,1:?,2:human,,0.8
583,1:?,1:bot,,0.571
584,1:?,1:bot,,0.8
585,1:?,2:human,,0.6
586,1:?,1:bot,,0.571
587,1:?,2:human,,0.6
588,1:?,1:bot,,0.6
589,1:?,1:bot,,0.6
590,1:?,1:bot,,0.6
591,1:?,1:bot,,0.8
592,1:?,1:bot,,0.6
593,1:?,1:bot,,0.8
594,1:?,2:human,,0.6
595,1:?,1:bot,,0.8
596,1:?,2:human,,0.6
597,1:?,1:bot,,0.8
598,1:?,1:bot,,0.8
599,1:?,1:bot,,0.6
600,1:?,1:bot,,0.8
601,1:?,1:bot,,0.8
602,1:?,1:bot,,0.8
603,1:?,1:bot,,0.571
604,1:?,1:bot,,0.6
605,1:?,1:bot,,0.571
606,1:?,1:bot,,0.8
607,1:?,1:bot,,0.6
608,1:?,1:bot,,0.6
609,1:?,1:bot,,0.8
610,1:?,1:bot,,1
611,1:?,2:human,,1
612,1:?,1:bot,,0.571
613,1:?,1:bot,,0.6
614,1:?,1:bot,,0.571
615,1:?,1:bot,,0.6
616,1:?,1:bot,,0.8
617,1:?,1:bot,,0.8
618,1:?,1:bot,,0.6
619,1:?,1:bot,,0.8
620,1:?,2:human,,0.6
621,1:?,1:bot,,1
622,1:?,1:bot,,0.8
623,1:?,2:human,,0.6
624,1:?,1:bot,,0.6
625,1:?,2:human,,0.6
626,1:?,2:human,,0.8
627,1:?,1:bot,,0.6
628,1:?,1:bot,,1
629,1:?,1:bot,,0.6
630,1:?,1:bot,,1
631,1:?,1:bot,,1
632,1:?,1:bot,,0.571
633,1:?,1:bot,,0.6
634,1:?,1:bot,,0.6
635,1:?,1:bot,,0.8
636,1:?,1:bot,,0.6
637,1:?,1:bot,,0.8
638,1:?,1:bot,,0.6
639,1:?,1:bot,,0.6
640,1:?,2:human,,0.8
641,1:?,2:human,,0.6
642,1:?,1:bot,,0.6
643,1:?,1:bot,,0.6
644,1:?,1:bot,,0.8
645,1:?,1:bot,,0.6
646,1:?,1:bot,,0.8
647,1:?,1:bot,,0.6
648,1:?,1:bot,,1
649,1:?,1:bot,,0.6
650,1:?,1:bot,,0.6
651,1:?,1:bot,,0.6
652,1:?,1:bot,,0.8
653,1:?,1:bot,,0.6
654,1:?,2:human,,0.6
655,1:?,1:bot,,0.571
656,1:?,1:bot,,0.571
657,1:?,1:bot,,0.6
658,1:?,2:human,,0.6
659,1:?,2:human,,0.6
660,1:?,1:bot,,0.8
661,1:?,1:bot,,1
662,1:?,1:bot,,0.6
663,1:?,1:bot,,0.8
664,1:?,1:bot,,0.667
665,1:?,1:bot,,1
666,1:?,1:bot,,0.8
667,1:?,2:human,,0.6
668,1:?,1:bot,,1
669,1:?,1:bot,,0.6
670,1:?,1:bot,,0.571
671,1:?,1:bot,,0.6
672,1:?,1:bot,,0.6
673,1:?,2:human,,0.6
674,1:?,1:bot,,1
675,1:?,2:human,,0.6
676,1:?,1:bot,,1
677,1:?,1:bot,,0.6
678,1:?,1:bot,,0.8
679,1:?,1:bot,,0.571
680,1:?,1:bot,,0.8
681,1:?,1:bot,,0.571
682,1:?,1:bot,,0.6
683,1:?,1:bot,,0.8
684,1:?,1:bot,,0.8
685,1:?,1:bot,,0.8
686,1:?,1:bot,,0.8
687,1:?,1:bot,,0.6
688,1:?,1:bot,,0.8
689,1:?,1:bot,,1
690,1:?,1:bot,,0.6
691,1:?,2:human,,0.8
692,1:?,1:bot,,0.6
693,1:?,1:bot,,0.8
694,1:?,2:human,,0.8
695,1:?,1:bot,,0.8
696,1:?,1:bot,,0.8
697,1:?,1:bot,,0.6
698,1:?,1:bot,,0.8
699,1:?,1:bot,,0.833
700,1:?,1:bot,,0.8
701,1:?,1:bot,,1
702,1:?,2:human,,0.6
703,1:?,1:bot,,0.8
704,1:?,2:human,,0.6
705,1:?,1:bot,,0.6
706,1:?,1:bot,,1
707,1:?,1:bot,,0.8
708,1:?,2:human,,0.6
709,1:?,1:bot,,0.8
710,1:?,1:bot,,0.8
711,1:?,1:bot,,0.6
712,1:?,2:human,,0.6
713,1:?,2:human,,0.6
714,1:?,1:bot,,0.8
715,1:?,1:bot,,0.6
716,1:?,2:human,,0.6
717,1:?,1:bot,,0.941
718,1:?,1:bot,,0.8
719,1:?,2:human,,0.667
720,1:?,1:bot,,0.8
721,1:?,1:bot,,0.8
722,1:?,1:bot,,1
723,1:?,1:bot,,0.571
724,1:?,1:bot,,0.6
725,1:?,1:bot,,0.6
726,1:?,1:bot,,0.8
727,1:?,2:human,,0.6
728,1:?,1:bot,,0.8
729,1:?,1:bot,,0.571
730,1:?,1:bot,,0.8
731,1:?,2:human,,0.6
732,1:?,2:human,,0.8
733,1:?,1:bot,,0.6
734,1:?,2:human,,0.6
735,1:?,1:bot,,0.8
736,1:?,2:human,,0.6
737,1:?,1:bot,,0.929
738,1:?,1:bot,,0.6
739,1:?,1:bot,,0.6
740,1:?,2:human,,0.6
741,1:?,2:human,,0.6
742,1:?,1:bot,,0.6
743,1:?,1:bot,,0.6
744,1:?,1:bot,,0.8
745,1:?,1:bot,,0.6
746,1:?,1:bot,,0.6
747,1:?,1:bot,,0.8
748,1:?,2:human,,0.6
749,1:?,2:human,,0.6
750,1:?,1:bot,,0.667
751,1:?,1:bot,,1
752,1:?,1:bot,,0.6
753,1:?,2:human,,0.6
754,1:?,1:bot,,0.8
755,1:?,1:bot,,0.913
756,1:?,1:bot,,0.6
757,1:?,1:bot,,1
758,1:?,1:bot,,0.6
759,1:?,1:bot,,1
760,1:?,2:human,,0.8
761,1:?,1:bot,,0.8
762,1:?,1:bot,,0.8
763,1:?,1:bot,,0.8
764,1:?,1:bot,,0.5
765,1:?,1:bot,,0.8
766,1:?,1:bot,,1
767,1:?,1:bot,,0.6
768,1:?,1:bot,,0.8
769,1:?,1:bot,,0.8
770,1:?,2:human,,0.8
771,1:?,1:bot,,0.6
772,1:?,2:human,,0.6
773,1:?,1:bot,,0.6
774,1:?,2:human,,0.8
775,1:?,2:human,,0.6
776,1:?,2:human,,0.8
777,1:?,1:bot,,0.8
778,1:?,1:bot,,0.6
779,1:?,1:bot,,0.6
780,1:?,1:bot,,0.8
781,1:?,1:bot,,0.6
782,1:?,1:bot,,0.8
783,1:?,1:bot,,1
784,1:?,1:bot,,1
785,1:?,1:bot,,0.6
786,1:?,1:bot,,1
787,1:?,1:bot,,0.6
788,1:?,1:bot,,0.8
789,1:?,1:bot,,0.545
790,1:?,1:bot,,1
791,1:?,1:bot,,0.8
792,1:?,2:human,,0.6
793,1:?,2:human,,0.6
794,1:?,1:bot,,0.6
795,1:?,1:bot,,0.8
796,1:?,1:bot,,1
797,1:?,2:human,,0.6
798,1:?,1:bot,,0.6
799,1:?,1:bot,,1
800,1:?,2:human,,0.8
801,1:?,1:bot,,0.571
802,1:?,1:bot,,1
803,1:?,1:bot,,0.8
804,1:?,1:bot,,1
805,1:?,1:bot,,0.6
806,1:?,1:bot,,0.8
807,1:?,1:bot,,0.571
808,1:?,1:bot,,0.571
809,1:?,1:bot,,0.8
810,1:?,2:human,,0.6
811,1:?,1:bot,,0.8
812,1:?,1:bot,,0.6
813,1:?,2:human,,0.6
814,1:?,2:human,,0.6
815,1:?,2:human,,0.6
816,1:?,1:bot,,0.6
817,1:?,1:bot,,0.8
818,1:?,1:bot,,0.8
819,1:?,1:bot,,0.6
820,1:?,1:bot,,0.8
821,1:?,1:bot,,0.6
822,1:?,1:bot,,1
823,1:?,2:human,,0.8
824,1:?,1:bot,,0.6
825,1:?,1:bot,,1
826,1:?,1:bot,,0.6
827,1:?,1:bot,,0.8
828,1:?,1:bot,,0.8
829,1:?,1:bot,,1
830,1:?,1:bot,,0.6
831,1:?,2:human,,0.6
832,1:?,1:bot,,0.6
833,1:?,1:bot,,0.6
834,1:?,2:human,,0.6
835,1:?,1:bot,,0.6
836,1:?,1:bot,,0.8
837,1:?,1:bot,,0.6
838,1:?,1:bot,,0.6
839,1:?,2:human,,0.6
840,1:?,1:bot,,0.8
841,1:?,1:bot,,0.8
842,1:?,1:bot,,0.6
843,1:?,1:bot,,0.8
844,1:?,1:bot,,0.6
845,1:?,2:human,,0.6
846,1:?,2:human,,0.8
847,1:?,1:bot,,0.8
848,1:?,1:bot,,0.8
849,1:?,1:bot,,0.571
850,1:?,2:human,,0.6
851,1:?,2:human,,0.8
852,1:?,1:bot,,0.667
853,1:?,1:bot,,0.8
854,1:?,1:bot,,0.8
855,1:?,1:bot,,0.6
856,1:?,1:bot,,0.8
857,1:?,2:human,,0.6
858,1:?,2:human,,0.8
859,1:?,1:bot,,0.6
860,1:?,1:bot,,0.8
861,1:?,1:bot,,0.571
862,1:?,2:human,,0.6
863,1:?,1:bot,,0.8
864,1:?,1:bot,,0.6
865,1:?,2:human,,0.6
866,1:?,1:bot,,1
867,1:?,1:bot,,1
868,1:?,1:bot,,0.571
869,1:?,2:human,,0.8
870,1:?,1:bot,,0.6
871,1:?,1:bot,,0.833
872,1:?,1:bot,,0.6
873,1:?,1:bot,,1
874,1:?,2:human,,0.6
875,1:?,1:bot,,0.8
876,1:?,1:bot,,0.8
877,1:?,1:bot,,0.667
878,1:?,1:bot,,0.571
879,1:?,2:human,,0.8
880,1:?,1:bot,,0.8
881,1:?,1:bot,,0.8
882,1:?,1:bot,,0.8
883,1:?,1:bot,,0.6
884,1:?,1:bot,,0.5
885,1:?,1:bot,,0.6
886,1:?,1:bot,,0.6
887,1:?,2:human,,0.6
888,1:?,1:bot,,0.8
889,1:?,1:bot,,1
890,1:?,1:bot,,0.8
891,1:?,2:human,,0.6
892,1:?,1:bot,,0.6
893,1:?,2:human,,0.6
894,1:?,1:bot,,0.6
895,1:?,1:bot,,1
896,1:?,1:bot,,0.6
897,1:?,1:bot,,0.6
898,1:?,1:bot,,0.6
899,1:?,1:bot,,0.8
900,1:?,1:bot,,0.8
901,1:?,1:bot,,0.8
902,1:?,1:bot,,0.8
903,1:?,1:bot,,0.8
904,1:?,1:bot,,0.8
905,1:?,1:bot,,0.8
906,1:?,1:bot,,0.6
907,1:?,2:human,,0.6
908,1:?,1:bot,,0.6
909,1:?,1:bot,,0.6
910,1:?,2:human,,0.6
911,1:?,1:bot,,0.833
912,1:?,2:human,,0.8
913,1:?,1:bot,,0.6
914,1:?,1:bot,,0.8
915,1:?,1:bot,,0.571
916,1:?,1:bot,,0.667
917,1:?,1:bot,,0.667
918,1:?,1:bot,,1
919,1:?,1:bot,,0.6
920,1:?,2:human,,0.8
921,1:?,1:bot,,0.6
922,1:?,1:bot,,0.8
923,1:?,1:bot,,0.571
924,1:?,1:bot,,0.6
925,1:?,1:bot,,0.6
926,1:?,1:bot,,0.8
927,1:?,1:bot,,0.8
928,1:?,1:bot,,0.8
929,1:?,1:bot,,0.8
930,1:?,1:bot,,0.667
931,1:?,1:bot,,0.571
932,1:?,1:bot,,0.6
933,1:?,1:bot,,0.6
934,1:?,2:human,,0.6
935,1:?,1:bot,,0.833
936,1:?,1:bot,,0.8
937,1:?,1:bot,,0.571
938,1:?,2:human,,0.6
939,1:?,1:bot,,0.571
940,1:?,2:human,,0.6
941,1:?,1:bot,,1
942,1:?,1:bot,,0.8
943,1:?,2:human,,0.6
944,1:?,1:bot,,0.6
945,1:?,1:bot,,0.6
946,1:?,1:bot,,0.8
947,1:?,1:bot,,0.8
948,1:?,1:bot,,0.8
949,1:?,1:bot,,0.8
950,1:?,1:bot,,0.6
951,1:?,1:bot,,0.8
952,1:?,1:bot,,1
953,1:?,1:bot,,0.8
954,1:?,1:bot,,0.6
955,1:?,2:human,,0.6
956,1:?,2:human,,0.6
957,1:?,1:bot,,0.8
958,1:?,1:bot,,1
959,1:?,1:bot,,0.6
960,1:?,1:bot,,0.8
961,1:?,1:bot,,0.6
962,1:?,1:bot,,0.6
963,1:?,2:human,,0.8
964,1:?,2:human,,0.6
965,1:?,1:bot,,0.6
966,1:?,1:bot,,0.8
967,1:?,1:bot,,0.8
968,1:?,1:bot,,0.5
969,1:?,2:human,,1
970,1:?,1:bot,,0.8
971,1:?,1:bot,,1
972,1:?,1:bot,,0.8
973,1:?,1:bot,,0.857
974,1:?,1:bot,,0.8
975,1:?,1:bot,,0.571
976,1:?,1:bot,,1
977,1:?,1:bot,,0.6
978,1:?,2:human,,0.6
979,1:?,2:human,,0.8
980,1:?,2:human,,0.6
981,1:?,1:bot,,0.8
982,1:?,1:bot,,0.6
983,1:?,1:bot,,0.571
984,1:?,2:human,,0.6
985,1:?,1:bot,,1
986,1:?,1:bot,,0.8
987,1:?,1:bot,,0.6
988,1:?,2:human,,0.6
989,1:?,1:bot,,0.8
990,1:?,1:bot,,0.6
991,1:?,1:bot,,0.6
992,1:?,2:human,,0.6
993,1:?,1:bot,,0.571
994,1:?,1:bot,,0.6
995,1:?,1:bot,,0.667
996,1:?,2:human,,0.6
997,1:?,2:human,,0.8
998,1:?,1:bot,,0.714
999,1:?,1:bot,,0.6
1000,1:?,1:bot,,0.8
1001,1:?,2:human,,0.6
1002,1:?,1:bot,,0.6
1003,1:?,1:bot,,0.6
1004,1:?,1:bot,,1
1005,1:?,2:human,,0.6
1006,1:?,1:bot,,0.923
1007,1:?,1:bot,,0.6
1008,1:?,2:human,,0.6
1009,1:?,1:bot,,0.8
1010,1:?,1:bot,,0.6
1011,1:?,1:bot,,0.8
1012,1:?,1:bot,,0.8
1013,1:?,1:bot,,0.6
1014,1:?,1:bot,,1
1015,1:?,1:bot,,0.8
1016,1:?,1:bot,,1
1017,1:?,1:bot,,0.6
1018,1:?,1:bot,,0.8
1019,1:?,1:bot,,0.6
1020,1:?,1:bot,,0.8
1021,1:?,2:human,,0.6
1022,1:?,1:bot,,0.667
1023,1:?,1:bot,,0.8
1024,1:?,1:bot,,0.6
1025,1:?,1:bot,,0.8
1026,1:?,1:bot,,0.571
1027,1:?,2:human,,0.6
1028,1:?,1:bot,,0.6
1029,1:?,1:bot,,0.6
1030,1:?,1:bot,,0.8
1031,1:?,2:human,,0.6
1032,1:?,1:bot,,0.8
1033,1:?,1:bot,,0.8
1034,1:?,1:bot,,0.8
1035,1:?,1:bot,,0.6
1036,1:?,1:bot,,1
1037,1:?,2:human,,0.6
1038,1:?,1:bot,,0.571
1039,1:?,1:bot,,0.6
1040,1:?,2:human,,0.8
1041,1:?,2:human,,0.6
1042,1:?,2:human,,0.6
1043,1:?,1:bot,,0.8
1044,1:?,1:bot,,0.846
1045,1:?,1:bot,,0.6
1046,1:?,1:bot,,0.6
1047,1:?,2:human,,0.667
1048,1:?,1:bot,,0.6
1049,1:?,1:bot,,0.6
1050,1:?,1:bot,,0.6
1051,1:?,2:human,,0.6
1052,1:?,1:bot,,0.667
1053,1:?,1:bot,,0.6
1054,1:?,2:human,,0.8
1055,1:?,2:human,,0.8
1056,1:?,1:bot,,0.8
1057,1:?,1:bot,,0.6
1058,1:?,1:bot,,0.6
1059,1:?,1:bot,,0.8
1060,1:?,1:bot,,0.8
1061,1:?,1:bot,,0.6
1062,1:?,1:bot,,1
1063,1:?,1:bot,,1
1064,1:?,2:human,,0.8
1065,1:?,1:bot,,1
1066,1:?,1:bot,,0.8
1067,1:?,1:bot,,1
1068,1:?,1:bot,,1
1069,1:?,1:bot,,0.6
1070,1:?,1:bot,,0.6
1071,1:?,1:bot,,0.6
1072,1:?,2:human,,0.8
1073,1:?,1:bot,,0.8
1074,1:?,2:human,,0.6
1075,1:?,1:bot,,0.6
1076,1:?,1:bot,,0.6
1077,1:?,2:human,,0.8
1078,1:?,1:bot,,0.8
1079,1:?,1:bot,,0.8
1080,1:?,1:bot,,0.8
1081,1:?,1:bot,,1
1082,1:?,1:bot,,0.692
1083,1:?,1:bot,,0.8
1084,1:?,1:bot,,1
1085,1:?,2:human,,0.6
1086,1:?,2:human,,0.8
1087,1:?,2:human,,0.6
1088,1:?,1:bot,,0.6
1089,1:?,1:bot,,0.8
1090,1:?,1:bot,,0.8
1091,1:?,2:human,,0.6
1092,1:?,2:human,,0.6
1093,1:?,1:bot,,0.8
1094,1:?,1:bot,,0.6
1095,1:?,1:bot,,0.8
1096,1:?,1:bot,,0.6
1097,1:?,1:bot,,1
1098,1:?,1:bot,,0.6
1099,1:?,1:bot,,0.8
1100,1:?,1:bot,,0.8
1101,1:?,1:bot,,0.6
1102,1:?,1:bot,,0.8
1103,1:?,2:human,,0.8
1104,1:?,1:bot,,0.571
1105,1:?,1:bot,,0.857
1106,1:?,1:bot,,0.571
1107,1:?,1:bot,,0.6
1108,1:?,1:bot,,0.6
1109,1:?,1:bot,,1
1110,1:?,1:bot,,0.8
1111,1:?,2:human,,0.833
1112,1:?,1:bot,,0.8
1113,1:?,1:bot,,0.8
1114,1:?,2:human,,0.8
1115,1:?,2:human,,0.6
1116,1:?,1:bot,,1
1117,1:?,1:bot,,0.6
1118,1:?,2:human,,0.6
1119,1:?,2:human,,0.6
1120,1:?,1:bot,,0.6
1121,1:?,1:bot,,0.5
1122,1:?,1:bot,,0.8
1123,1:?,1:bot,,0.6
1124,1:?,1:bot,,0.6
1125,1:?,1:bot,,0.571
1126,1:?,1:bot,,0.6
1127,1:?,1:bot,,1
1128,1:?,2:human,,0.6
1129,1:?,1:bot,,1
1130,1:?,1:bot,,0.6
1131,1:?,2:human,,0.6
1132,1:?,1:bot,,0.6
1133,1:?,1:bot,,0.8
1134,1:?,1:bot,,0.8
1135,1:?,2:human,,0.6
1136,1:?,1:bot,,0.6
1137,1:?,2:human,,0.6
1138,1:?,1:bot,,0.6
1139,1:?,1:bot,,0.6
1140,1:?,1:bot,,0.6
1141,1:?,1:bot,,0.8
1142,1:?,1:bot,,0.571
1143,1:?,1:bot,,0.6
1144,1:?,1:bot,,0.6
1145,1:?,2:human,,1
1146,1:?,1:bot,,0.571
1147,1:?,1:bot,,0.8
1148,1:?,2:human,,0.6
1149,1:?,1:bot,,0.8
1150,1:?,1:bot,,0.6
1151,1:?,1:bot,,0.8
1152,1:?,1:bot,,0.9
1153,1:?,1:bot,,0.6
1154,1:?,1:bot,,0.6
1155,1:?,1:bot,,0.8
1156,1:?,1:bot,,0.6
1157,1:?,1:bot,,0.6
1158,1:?,1:bot,,0.6
1159,1:?,1:bot,,0.8
1160,1:?,2:human,,0.6
1161,1:?,1:bot,,0.8
1162,1:?,1:bot,,0.6
1163,1:?,1:bot,,0.6
1164,1:?,1:bot,,0.8
1165,1:?,1:bot,,1
1166,1:?,2:human,,0.6
1167,1:?,2:human,,0.6
1168,1:?,1:bot,,0.944
1169,1:?,1:bot,,0.8
1170,1:?,1:bot,,0.8
1171,1:?,1:bot,,0.8
1172,1:?,1:bot,,0.8
1173,1:?,2:human,,0.6
1174,1:?,1:bot,,0.6
1175,1:?,2:human,,0.6
1176,1:?,2:human,,0.667
1177,1:?,1:bot,,0.8
1178,1:?,1:bot,,0.6
1179,1:?,2:human,,0.6
1180,1:?,2:human,,0.6
1181,1:?,2:human,,0.6
1182,1:?,2:human,,0.8
1183,1:?,2:human,,0.6
1184,1:?,1:bot,,0.6
1185,1:?,1:bot,,0.6
1186,1:?,2:human,,0.8
1187,1:?,1:bot,,0.6
1188,1:?,2:human,,0.6
1189,1:?,1:bot,,0.8
1190,1:?,1:bot,,0.6
1191,1:?,1:bot,,1
1192,1:?,1:bot,,0.6
1193,1:?,1:bot,,0.8
1194,1:?,1:bot,,0.8
1195,1:?,1:bot,,0.6
1196,1:?,1:bot,,1
1197,1:?,1:bot,,1
1198,1:?,1:bot,,0.8
1199,1:?,1:bot,,0.8
1200,1:?,1:bot,,0.571
1201,1:?,1:bot,,0.8
1202,1:?,1:bot,,0.571
1203,1:?,1:bot,,0.571
1204,1:?,2:human,,0.6
1205,1:?,1:bot,,0.6
1206,1:?,2:human,,1
1207,1:?,1:bot,,0.955
1208,1:?,1:bot,,1
1209,1:?,1:bot,,0.8
1210,1:?,1:bot,,0.8
1211,1:?,1:bot,,0.957
1212,1:?,1:bot,,0.6
1213,1:?,1:bot,,0.8
1214,1:?,1:bot,,0.571
1215,1:?,1:bot,,0.6
1216,1:?,2:human,,0.6
1217,1:?,1:bot,,0.667
1218,1:?,1:bot,,1
1219,1:?,2:human,,0.6
1220,1:?,1:bot,,0.6
1221,1:?,1:bot,,1
1222,1:?,1:bot,,0.6
1223,1:?,1:bot,,0.8
1224,1:?,1:bot,,0.8
1225,1:?,1:bot,,1
1226,1:?,1:bot,,0.571
1227,1:?,2:human,,0.6
1228,1:?,1:bot,,1
1229,1:?,2:human,,0.6
1230,1:?,1:bot,,0.6
1231,1:?,1:bot,,1
1232,1:?,1:bot,,0.944
1233,1:?,2:human,,0.6
1234,1:?,2:human,,0.6
1235,1:?,1:bot,,0.8
1236,1:?,1:bot,,0.6
1237,1:?,1:bot,,0.8
1238,1:?,1:bot,,0.6
1239,1:?,1:bot,,0.6
1240,1:?,1:bot,,0.6
1241,1:?,1:bot,,0.6
1242,1:?,1:bot,,0.6
1243,1:?,1:bot,,0.8
1244,1:?,2:human,,0.6
1245,1:?,1:bot,,0.6
1246,1:?,1:bot,,1
1247,1:?,1:bot,,0.8
1248,1:?,1:bot,,1
1249,1:?,1:bot,,1
1250,1:?,1:bot,,0.8
1251,1:?,1:bot,,0.8
1252,1:?,1:bot,,0.571
1253,1:?,1:bot,,0.6
1254,1:?,2:human,,0.8
1255,1:?,1:bot,,0.833
1256,1:?,2:human,,0.6
1257,1:?,1:bot,,0.8
1258,1:?,1:bot,,0.6
1259,1:?,2:human,,0.8
1260,1:?,2:human,,0.6
1261,1:?,1:bot,,0.8
1262,1:?,1:bot,,0.8
1263,1:?,1:bot,,0.571
1264,1:?,1:bot,,0.571
1265,1:?,2:human,,0.6
1266,1:?,1:bot,,1
1267,1:?,1:bot,,0.8
1268,1:?,1:bot,,0.6
1269,1:?,1:bot,,0.6
1270,1:?,1:bot,,0.8
1271,1:?,1:bot,,0.6
1272,1:?,2:human,,0.6
1273,1:?,2:human,,0.6
1274,1:?,1:bot,,0.8
1275,1:?,2:human,,0.6
1276,1:?,1:bot,,0.6
1277,1:?,2:human,,0.6
1278,1:?,1:bot,,0.8
1279,1:?,1:bot,,0.8
1280,1:?,1:bot,,0.8
1281,1:?,1:bot,,0.8
1282,1:?,1:bot,,0.8
1283,1:?,2:human,,0.6
1284,1:?,1:bot,,0.8
1285,1:?,1:bot,,0.6
1286,1:?,1:bot,,1
1287,1:?,1:bot,,0.8
1288,1:?,1:bot,,0.8
1289,1:?,1:bot,,0.6
1290,1:?,1:bot,,0.6
1291,1:?,1:bot,,0.6
1292,1:?,1:bot,,0.8
1293,1:?,1:bot,,0.6
1294,1:?,2:human,,0.6
1295,1:?,2:human,,0.8
1296,1:?,2:human,,0.667
1297,1:?,1:bot,,0.8
1298,1:?,1:bot,,1
1299,1:?,1:bot,,0.958
1300,1:?,1:bot,,0.6
1301,1:?,1:bot,,0.6
1302,1:?,1:bot,,0.6
1303,1:?,1:bot,,0.5
1304,1:?,1:bot,,0.667
1305,1:?,1:bot,,0.8
1306,1:?,1:bot,,1
1307,1:?,1:bot,,0.6
1308,1:?,1:bot,,0.6
1309,1:?,1:bot,,0.6
1310,1:?,1:bot,,0.6
1311,1:?,2:human,,0.6
1312,1:?,2:human,,0.6
1313,1:?,2:human,,0.6
1314,1:?,1:bot,,1
1315,1:?,1:bot,,1
1316,1:?,1:bot,,0.8
1317,1:?,2:human,,0.625
1318,1:?,1:bot,,0.8
1319,1:?,1:bot,,0.6
1320,1:?,1:bot,,0.8
1321,1:?,1:bot,,0.8
1322,1:?,1:bot,,0.6
1323,1:?,1:bot,,0.6
1324,1:?,1:bot,,1
1325,1:?,2:human,,0.6
1326,1:?,1:bot,,0.8
1327,1:?,1:bot,,0.6
1328,1:?,1:bot,,0.667
1329,1:?,2:human,,1
1330,1:?,2:human,,0.6
1331,1:?,1:bot,,0.6
1332,1:?,1:bot,,0.6
1333,1:?,1:bot,,0.8
1334,1:?,1:bot,,1
1335,1:?,1:bot,,0.6
1336,1:?,1:bot,,0.8
1337,1:?,1:bot,,0.6
1338,1:?,2:human,,0.6
1339,1:?,2:human,,0.8
1340,1:?,1:bot,,0.571
1341,1:?,1:bot,,0.8
1342,1:?,1:bot,,0.6
1343,1:?,1:bot,,1
1344,1:?,1:bot,,0.5
1345,1:?,2:human,,0.6
1346,1:?,2:human,,0.6
1347,1:?,1:bot,,0.958
1348,1:?,1:bot,,0.6
1349,1:?,1:bot,,0.6
1350,1:?,1:bot,,0.6
1351,1:?,2:human,,0.6
1352,1:?,1:bot,,1
1353,1:?,1:bot,,0.6
1354,1:?,1:bot,,0.8
1355,1:?,1:bot,,1
1356,1:?,1:bot,,0.6
1357,1:?,1:bot,,1
1358,1:?,2:human,,0.6
1359,1:?,1:bot,,0.6
1360,1:?,2:human,,0.6
1361,1:?,1:bot,,0.8
1362,1:?,2:human,,0.6
1363,1:?,1:bot,,0.8
1364,1:?,1:bot,,0.6
1365,1:?,1:bot,,0.6
1366,1:?,1:bot,,0.8
1367,1:?,2:human,,0.6
1368,1:?,2:human,,0.6
1369,1:?,1:bot,,0.6
1370,1:?,1:bot,,0.8
1371,1:?,1:bot,,0.6
1372,1:?,2:human,,0.6
1373,1:?,1:bot,,0.6
1374,1:?,1:bot,,0.8
1375,1:?,1:bot,,0.571
1376,1:?,1:bot,,0.833
1377,1:?,1:bot,,1
1378,1:?,2:human,,0.6
1379,1:?,1:bot,,0.8
1380,1:?,2:human,,0.6
1381,1:?,1:bot,,0.571
1382,1:?,2:human,,0.6
1383,1:?,1:bot,,0.8
1384,1:?,1:bot,,0.8
1385,1:?,2:human,,0.6
1386,1:?,1:bot,,1
1387,1:?,1:bot,,0.6
1388,1:?,1:bot,,0.6
1389,1:?,1:bot,,1
1390,1:?,1:bot,,0.6
1391,1:?,2:human,,0.778
1392,1:?,1:bot,,0.8
1393,1:?,1:bot,,0.667
1394,1:?,2:human,,0.6
1395,1:?,1:bot,,0.6
1396,1:?,2:human,,0.6
1397,1:?,2:human,,0.6
1398,1:?,1:bot,,0.667
1399,1:?,2:human,,0.6
1400,1:?,1:bot,,0.8
1401,1:?,1:bot,,1
1402,1:?,2:human,,0.6
1403,1:?,2:human,,0.6
1404,1:?,1:bot,,0.6
1405,1:?,1:bot,,0.8
1406,1:?,1:bot,,0.6
1407,1:?,1:bot,,0.6
1408,1:?,1:bot,,1
1409,1:?,1:bot,,0.8
1410,1:?,1:bot,,1
1411,1:?,1:bot,,0.6
1412,1:?,1:bot,,0.8
1413,1:?,1:bot,,0.8
1414,1:?,1:bot,,0.6
1415,1:?,1:bot,,0.8
1416,1:?,2:human,,0.6
1417,1:?,2:human,,0.6
1418,1:?,1:bot,,0.8
1419,1:?,1:bot,,0.6
1420,1:?,1:bot,,0.6
1421,1:?,2:human,,0.6
1422,1:?,2:human,,0.6
1423,1:?,2:human,,0.6
1424,1:?,1:bot,,0.6
1425,1:?,1:bot,,1
1426,1:?,1:bot,,0.6
1427,1:?,1:bot,,0.8
1428,1:?,1:bot,,0.8
1429,1:?,1:bot,,0.6
1430,1:?,2:human,,0.6
1431,1:?,1:bot,,0.6
1432,1:?,1:bot,,0.6
1433,1:?,1:bot,,0.6
1434,1:?,2:human,,0.6
1435,1:?,1:bot,,0.8
1436,1:?,1:bot,,0.8
1437,1:?,1:bot,,1
1438,1:?,1:bot,,0.571
1439,1:?,1:bot,,0.8
1440,1:?,2:human,,0.8
1441,1:?,1:bot,,0.6
1442,1:?,2:human,,0.8
1443,1:?,2:human,,0.6
1444,1:?,1:bot,,0.8
1445,1:?,1:bot,,0.6
1446,1:?,1:bot,,1
1447,1:?,1:bot,,0.8
1448,1:?,1:bot,,0.6
1449,1:?,1:bot,,0.571
1450,1:?,1:bot,,0.6
1451,1:?,1:bot,,0.6
1452,1:?,2:human,,0.6
1453,1:?,1:bot,,0.8
1454,1:?,1:bot,,0.8
1455,1:?,1:bot,,0.8
1456,1:?,1:bot,,0.6
1457,1:?,1:bot,,0.545
1458,1:?,2:human,,0.6
1459,1:?,1:bot,,1
1460,1:?,1:bot,,0.6
1461,1:?,1:bot,,0.6
1462,1:?,1:bot,,0.8
1463,1:?,1:bot,,1
1464,1:?,1:bot,,1
1465,1:?,1:bot,,0.6
1466,1:?,1:bot,,0.8
1467,1:?,2:human,,0.6
1468,1:?,1:bot,,0.6
1469,1:?,1:bot,,0.6
1470,1:?,1:bot,,1
1471,1:?,1:bot,,0.6
1472,1:?,1:bot,,1
1473,1:?,1:bot,,0.8
1474,1:?,1:bot,,0.8
1475,1:?,1:bot,,0.8
1476,1:?,1:bot,,0.8
1477,1:?,1:bot,,0.6
1478,1:?,1:bot,,0.6
1479,1:?,1:bot,,0.571
1480,1:?,1:bot,,0.6
1481,1:?,1:bot,,0.6
1482,1:?,2:human,,0.6
1483,1:?,1:bot,,0.8
1484,1:?,2:human,,0.6
1485,1:?,2:human,,0.6
1486,1:?,2:human,,0.6
1487,1:?,1:bot,,0.6
1488,1:?,1:bot,,0.6
1489,1:?,1:bot,,1
1490,1:?,1:bot,,0.571
1491,1:?,1:bot,,0.6
1492,1:?,1:bot,,0.6
1493,1:?,1:bot,,0.571
1494,1:?,2:human,,0.6
1495,1:?,1:bot,,0.6
1496,1:?,2:human,,0.8
1497,1:?,1:bot,,1
1498,1:?,1:bot,,1
1499,1:?,1:bot,,0.8
1500,1:?,1:bot,,0.8

=== Evaluation on test set ===

Time taken to test model on supplied test set: 0.14 seconds

=== Summary ===

Total Number of Instances                0     
Ignored Class Unknown Instances               1500     

=== Detailed Accuracy By Class ===

                 TP Rate  FP Rate  Precision  Recall   F-Measure  MCC      ROC Area  PRC Area  Class
                 ?        ?        ?          ?        ?          ?        ?         ?         bot
                 ?        ?        ?          ?        ?          ?        ?         ?         human
Weighted Avg.    ?        ?        ?          ?        ?          ?        ?         ?         

=== Confusion Matrix ===

 a b   <-- classified as
 0 0 | a = bot
 0 0 | b = human

