=== Run information ===

Scheme:       weka.classifiers.misc.InputMappedClassifier -I -trim -W weka.classifiers.lazy.IBk -- -K 5 -W 0 -E -A "weka.core.neighboursearch.LinearNNSearch -A \"weka.core.MinkowskiDistance -P 2.0 -R first-last\"" -num-decimal-places 4
Relation:     KNN_Quotes_Emotion_train
Instances:    3000
Attributes:   8
              text
              class
              joy
              surprise
              fear
              sadness
              anger
              isQuote
Test mode:    user supplied test set:  size unknown (reading incrementally)

=== Classifier model (full training set) ===

InputMappedClassifier:

IB1 instance-based classifier
using 5 nearest neighbour(s) for classification

Attribute mappings:

Model attributes    	    Incoming attributes
--------------------	    ----------------
(nominal) text      	--> 1 (nominal) text
(nominal) class     	--> 2 missing (type mis-match)
(numeric) joy       	--> 3 (numeric) joy
(numeric) surprise  	--> 4 (numeric) surprise
(numeric) fear      	--> 5 (numeric) fear
(numeric) sadness   	--> 6 (numeric) sadness
(numeric) anger     	--> 7 (numeric) anger
(numeric) isQuote   	--> 8 (numeric) isQuote


Time taken to build model: 0 seconds

=== Predictions on test set ===

inst#,actual,predicted,error,prediction
1,1:?,1:bot,,0.8
2,1:?,1:bot,,0.8
3,1:?,1:bot,,0.6
4,1:?,1:bot,,0.571
5,1:?,1:bot,,0.8
6,1:?,1:bot,,0.6
7,1:?,1:bot,,0.6
8,1:?,1:bot,,1
9,1:?,2:human,,0.6
10,1:?,1:bot,,0.6
11,1:?,1:bot,,0.8
12,1:?,1:bot,,1
13,1:?,1:bot,,0.6
14,1:?,1:bot,,0.8
15,1:?,2:human,,0.6
16,1:?,1:bot,,0.8
17,1:?,1:bot,,0.8
18,1:?,1:bot,,0.571
19,1:?,2:human,,0.8
20,1:?,1:bot,,0.6
21,1:?,1:bot,,0.8
22,1:?,2:human,,0.6
23,1:?,1:bot,,0.6
24,1:?,2:human,,0.8
25,1:?,1:bot,,0.6
26,1:?,2:human,,0.8
27,1:?,1:bot,,0.6
28,1:?,1:bot,,0.8
29,1:?,1:bot,,0.571
30,1:?,1:bot,,1
31,1:?,1:bot,,1
32,1:?,2:human,,0.6
33,1:?,1:bot,,1
34,1:?,1:bot,,0.6
35,1:?,2:human,,0.6
36,1:?,2:human,,1
37,1:?,1:bot,,1
38,1:?,2:human,,0.6
39,1:?,1:bot,,0.6
40,1:?,1:bot,,0.6
41,1:?,1:bot,,0.571
42,1:?,1:bot,,0.6
43,1:?,1:bot,,0.6
44,1:?,1:bot,,0.8
45,1:?,1:bot,,0.571
46,1:?,1:bot,,0.6
47,1:?,2:human,,0.8
48,1:?,1:bot,,1
49,1:?,2:human,,0.6
50,1:?,1:bot,,0.6
51,1:?,2:human,,0.6
52,1:?,1:bot,,0.6
53,1:?,1:bot,,0.8
54,1:?,1:bot,,0.6
55,1:?,1:bot,,1
56,1:?,1:bot,,0.8
57,1:?,1:bot,,0.8
58,1:?,2:human,,1
59,1:?,2:human,,0.6
60,1:?,1:bot,,0.6
61,1:?,1:bot,,0.6
62,1:?,1:bot,,0.6
63,1:?,2:human,,0.6
64,1:?,1:bot,,0.905
65,1:?,1:bot,,0.6
66,1:?,1:bot,,0.6
67,1:?,1:bot,,0.6
68,1:?,2:human,,0.8
69,1:?,1:bot,,0.8
70,1:?,2:human,,0.6
71,1:?,1:bot,,1
72,1:?,1:bot,,1
73,1:?,1:bot,,0.8
74,1:?,1:bot,,1
75,1:?,1:bot,,0.8
76,1:?,2:human,,0.6
77,1:?,2:human,,0.6
78,1:?,1:bot,,0.6
79,1:?,1:bot,,0.6
80,1:?,1:bot,,0.6
81,1:?,1:bot,,0.8
82,1:?,2:human,,0.6
83,1:?,1:bot,,0.6
84,1:?,1:bot,,1
85,1:?,1:bot,,0.8
86,1:?,1:bot,,0.6
87,1:?,2:human,,0.6
88,1:?,1:bot,,0.8
89,1:?,1:bot,,0.8
90,1:?,1:bot,,0.6
91,1:?,2:human,,0.6
92,1:?,1:bot,,1
93,1:?,1:bot,,0.6
94,1:?,2:human,,0.8
95,1:?,1:bot,,1
96,1:?,1:bot,,0.6
97,1:?,1:bot,,1
98,1:?,2:human,,1
99,1:?,1:bot,,0.833
100,1:?,1:bot,,0.8
101,1:?,1:bot,,1
102,1:?,1:bot,,0.8
103,1:?,1:bot,,0.6
104,1:?,2:human,,0.6
105,1:?,1:bot,,0.6
106,1:?,2:human,,0.8
107,1:?,2:human,,0.6
108,1:?,2:human,,1
109,1:?,2:human,,0.6
110,1:?,2:human,,0.6
111,1:?,1:bot,,0.8
112,1:?,1:bot,,1
113,1:?,1:bot,,1
114,1:?,1:bot,,0.571
115,1:?,2:human,,0.667
116,1:?,2:human,,0.6
117,1:?,1:bot,,0.6
118,1:?,2:human,,0.6
119,1:?,1:bot,,0.8
120,1:?,1:bot,,1
121,1:?,1:bot,,0.6
122,1:?,1:bot,,0.6
123,1:?,1:bot,,1
124,1:?,1:bot,,1
125,1:?,2:human,,0.833
126,1:?,2:human,,0.8
127,1:?,1:bot,,1
128,1:?,1:bot,,1
129,1:?,1:bot,,0.8
130,1:?,1:bot,,0.8
131,1:?,2:human,,0.667
132,1:?,1:bot,,0.6
133,1:?,1:bot,,0.571
134,1:?,1:bot,,1
135,1:?,1:bot,,0.6
136,1:?,1:bot,,1
137,1:?,1:bot,,0.571
138,1:?,1:bot,,0.6
139,1:?,2:human,,0.6
140,1:?,2:human,,0.6
141,1:?,1:bot,,0.571
142,1:?,1:bot,,0.571
143,1:?,2:human,,0.6
144,1:?,1:bot,,0.6
145,1:?,1:bot,,0.6
146,1:?,2:human,,0.6
147,1:?,2:human,,0.8
148,1:?,2:human,,0.8
149,1:?,1:bot,,1
150,1:?,1:bot,,0.8
151,1:?,1:bot,,0.8
152,1:?,1:bot,,0.667
153,1:?,1:bot,,0.6
154,1:?,1:bot,,0.6
155,1:?,1:bot,,0.6
156,1:?,1:bot,,0.6
157,1:?,1:bot,,0.6
158,1:?,1:bot,,0.6
159,1:?,1:bot,,0.6
160,1:?,2:human,,0.6
161,1:?,2:human,,0.6
162,1:?,2:human,,0.6
163,1:?,1:bot,,0.8
164,1:?,2:human,,0.8
165,1:?,1:bot,,0.571
166,1:?,1:bot,,1
167,1:?,1:bot,,1
168,1:?,1:bot,,0.8
169,1:?,1:bot,,0.8
170,1:?,2:human,,0.8
171,1:?,1:bot,,0.6
172,1:?,2:human,,0.6
173,1:?,2:human,,0.6
174,1:?,1:bot,,1
175,1:?,1:bot,,0.6
176,1:?,1:bot,,0.8
177,1:?,1:bot,,0.6
178,1:?,1:bot,,1
179,1:?,1:bot,,0.6
180,1:?,1:bot,,1
181,1:?,2:human,,0.6
182,1:?,1:bot,,0.571
183,1:?,1:bot,,1
184,1:?,1:bot,,0.6
185,1:?,2:human,,0.6
186,1:?,1:bot,,0.6
187,1:?,2:human,,0.6
188,1:?,1:bot,,0.6
189,1:?,1:bot,,0.6
190,1:?,2:human,,1
191,1:?,2:human,,0.6
192,1:?,2:human,,0.8
193,1:?,1:bot,,0.8
194,1:?,1:bot,,1
195,1:?,2:human,,0.6
196,1:?,2:human,,0.6
197,1:?,1:bot,,1
198,1:?,1:bot,,0.6
199,1:?,1:bot,,0.8
200,1:?,2:human,,0.6
201,1:?,2:human,,0.6
202,1:?,1:bot,,0.5
203,1:?,1:bot,,1
204,1:?,1:bot,,1
205,1:?,1:bot,,1
206,1:?,1:bot,,0.8
207,1:?,1:bot,,0.8
208,1:?,1:bot,,0.6
209,1:?,1:bot,,1
210,1:?,2:human,,0.6
211,1:?,1:bot,,1
212,1:?,1:bot,,1
213,1:?,2:human,,0.6
214,1:?,2:human,,0.6
215,1:?,1:bot,,0.6
216,1:?,1:bot,,0.8
217,1:?,1:bot,,0.6
218,1:?,1:bot,,0.6
219,1:?,2:human,,0.8
220,1:?,1:bot,,0.8
221,1:?,1:bot,,0.6
222,1:?,1:bot,,0.6
223,1:?,2:human,,1
224,1:?,1:bot,,1
225,1:?,1:bot,,0.8
226,1:?,1:bot,,0.6
227,1:?,1:bot,,0.6
228,1:?,1:bot,,0.6
229,1:?,2:human,,0.6
230,1:?,1:bot,,1
231,1:?,1:bot,,0.6
232,1:?,2:human,,0.6
233,1:?,1:bot,,0.8
234,1:?,2:human,,0.667
235,1:?,1:bot,,0.8
236,1:?,2:human,,0.6
237,1:?,1:bot,,0.8
238,1:?,1:bot,,0.8
239,1:?,1:bot,,1
240,1:?,1:bot,,0.917
241,1:?,2:human,,0.6
242,1:?,2:human,,0.6
243,1:?,1:bot,,0.6
244,1:?,1:bot,,0.571
245,1:?,1:bot,,0.8
246,1:?,2:human,,0.8
247,1:?,1:bot,,0.8
248,1:?,1:bot,,0.6
249,1:?,1:bot,,1
250,1:?,1:bot,,1
251,1:?,1:bot,,0.667
252,1:?,1:bot,,1
253,1:?,2:human,,0.6
254,1:?,1:bot,,0.8
255,1:?,1:bot,,0.6
256,1:?,1:bot,,0.6
257,1:?,1:bot,,0.6
258,1:?,1:bot,,0.667
259,1:?,1:bot,,1
260,1:?,1:bot,,0.6
261,1:?,1:bot,,1
262,1:?,1:bot,,0.6
263,1:?,1:bot,,1
264,1:?,1:bot,,0.8
265,1:?,1:bot,,0.8
266,1:?,2:human,,0.8
267,1:?,1:bot,,1
268,1:?,1:bot,,0.8
269,1:?,1:bot,,0.8
270,1:?,1:bot,,0.833
271,1:?,1:bot,,0.6
272,1:?,1:bot,,0.6
273,1:?,1:bot,,0.6
274,1:?,1:bot,,0.6
275,1:?,1:bot,,1
276,1:?,1:bot,,0.6
277,1:?,1:bot,,0.6
278,1:?,1:bot,,1
279,1:?,2:human,,0.6
280,1:?,1:bot,,1
281,1:?,1:bot,,0.8
282,1:?,1:bot,,0.857
283,1:?,2:human,,0.8
284,1:?,1:bot,,0.6
285,1:?,1:bot,,1
286,1:?,2:human,,0.6
287,1:?,1:bot,,0.571
288,1:?,1:bot,,1
289,1:?,1:bot,,0.571
290,1:?,1:bot,,0.8
291,1:?,1:bot,,0.6
292,1:?,1:bot,,1
293,1:?,1:bot,,0.6
294,1:?,1:bot,,0.571
295,1:?,1:bot,,0.8
296,1:?,1:bot,,0.571
297,1:?,1:bot,,0.8
298,1:?,1:bot,,1
299,1:?,1:bot,,0.941
300,1:?,2:human,,0.6
301,1:?,1:bot,,1
302,1:?,2:human,,0.6
303,1:?,1:bot,,1
304,1:?,1:bot,,0.8
305,1:?,2:human,,0.8
306,1:?,2:human,,0.6
307,1:?,1:bot,,0.6
308,1:?,1:bot,,0.8
309,1:?,1:bot,,0.6
310,1:?,1:bot,,0.667
311,1:?,2:human,,0.6
312,1:?,1:bot,,1
313,1:?,1:bot,,0.8
314,1:?,1:bot,,0.6
315,1:?,1:bot,,1
316,1:?,1:bot,,1
317,1:?,1:bot,,0.6
318,1:?,1:bot,,0.6
319,1:?,1:bot,,0.6
320,1:?,1:bot,,1
321,1:?,1:bot,,1
322,1:?,2:human,,0.8
323,1:?,1:bot,,1
324,1:?,1:bot,,1
325,1:?,1:bot,,0.571
326,1:?,1:bot,,0.6
327,1:?,2:human,,0.6
328,1:?,1:bot,,0.6
329,1:?,1:bot,,0.571
330,1:?,1:bot,,0.6
331,1:?,1:bot,,0.6
332,1:?,2:human,,0.6
333,1:?,1:bot,,1
334,1:?,1:bot,,1
335,1:?,2:human,,0.6
336,1:?,2:human,,0.8
337,1:?,1:bot,,0.8
338,1:?,1:bot,,0.571
339,1:?,2:human,,0.8
340,1:?,1:bot,,0.6
341,1:?,1:bot,,0.6
342,1:?,1:bot,,0.6
343,1:?,1:bot,,0.571
344,1:?,1:bot,,0.571
345,1:?,1:bot,,0.6
346,1:?,1:bot,,0.6
347,1:?,1:bot,,1
348,1:?,1:bot,,0.8
349,1:?,1:bot,,0.6
350,1:?,1:bot,,0.6
351,1:?,1:bot,,0.6
352,1:?,2:human,,0.6
353,1:?,2:human,,0.6
354,1:?,1:bot,,1
355,1:?,1:bot,,1
356,1:?,1:bot,,0.6
357,1:?,1:bot,,0.6
358,1:?,2:human,,1
359,1:?,1:bot,,0.6
360,1:?,1:bot,,1
361,1:?,1:bot,,0.571
362,1:?,2:human,,0.8
363,1:?,1:bot,,0.6
364,1:?,2:human,,0.8
365,1:?,2:human,,0.6
366,1:?,2:human,,0.6
367,1:?,1:bot,,0.571
368,1:?,1:bot,,0.6
369,1:?,1:bot,,1
370,1:?,1:bot,,1
371,1:?,1:bot,,1
372,1:?,1:bot,,0.571
373,1:?,2:human,,0.6
374,1:?,1:bot,,0.571
375,1:?,1:bot,,0.8
376,1:?,1:bot,,0.6
377,1:?,1:bot,,1
378,1:?,2:human,,0.8
379,1:?,2:human,,0.6
380,1:?,1:bot,,0.8
381,1:?,2:human,,0.6
382,1:?,1:bot,,0.6
383,1:?,2:human,,0.6
384,1:?,1:bot,,0.571
385,1:?,1:bot,,0.6
386,1:?,1:bot,,0.6
387,1:?,1:bot,,0.5
388,1:?,1:bot,,0.6
389,1:?,1:bot,,0.6
390,1:?,1:bot,,0.6
391,1:?,1:bot,,0.8
392,1:?,1:bot,,1
393,1:?,1:bot,,0.571
394,1:?,1:bot,,0.812
395,1:?,1:bot,,0.8
396,1:?,1:bot,,0.81
397,1:?,1:bot,,1
398,1:?,1:bot,,1
399,1:?,1:bot,,0.8
400,1:?,1:bot,,0.8
401,1:?,1:bot,,0.8
402,1:?,1:bot,,1
403,1:?,1:bot,,0.8
404,1:?,2:human,,0.8
405,1:?,1:bot,,0.8
406,1:?,1:bot,,1
407,1:?,2:human,,0.6
408,1:?,2:human,,0.6
409,1:?,1:bot,,0.6
410,1:?,2:human,,1
411,1:?,2:human,,0.6
412,1:?,1:bot,,0.6
413,1:?,1:bot,,0.6
414,1:?,1:bot,,0.6
415,1:?,2:human,,0.8
416,1:?,1:bot,,1
417,1:?,1:bot,,0.8
418,1:?,1:bot,,0.8
419,1:?,1:bot,,0.6
420,1:?,1:bot,,0.6
421,1:?,1:bot,,0.8
422,1:?,2:human,,0.6
423,1:?,1:bot,,1
424,1:?,1:bot,,0.5
425,1:?,1:bot,,0.571
426,1:?,1:bot,,1
427,1:?,2:human,,0.6
428,1:?,1:bot,,1
429,1:?,2:human,,0.6
430,1:?,2:human,,0.8
431,1:?,1:bot,,1
432,1:?,1:bot,,0.6
433,1:?,1:bot,,1
434,1:?,1:bot,,0.8
435,1:?,1:bot,,0.6
436,1:?,1:bot,,0.8
437,1:?,1:bot,,0.867
438,1:?,1:bot,,0.8
439,1:?,1:bot,,0.833
440,1:?,2:human,,0.6
441,1:?,1:bot,,0.8
442,1:?,1:bot,,0.8
443,1:?,1:bot,,1
444,1:?,1:bot,,0.6
445,1:?,1:bot,,0.6
446,1:?,1:bot,,1
447,1:?,1:bot,,1
448,1:?,2:human,,0.8
449,1:?,1:bot,,0.6
450,1:?,1:bot,,0.6
451,1:?,1:bot,,1
452,1:?,1:bot,,0.8
453,1:?,1:bot,,0.571
454,1:?,2:human,,0.8
455,1:?,2:human,,0.6
456,1:?,1:bot,,1
457,1:?,1:bot,,0.6
458,1:?,1:bot,,0.8
459,1:?,1:bot,,0.8
460,1:?,1:bot,,0.6
461,1:?,1:bot,,0.571
462,1:?,2:human,,0.6
463,1:?,1:bot,,0.85
464,1:?,2:human,,0.6
465,1:?,2:human,,0.6
466,1:?,2:human,,0.6
467,1:?,2:human,,0.8
468,1:?,1:bot,,0.8
469,1:?,1:bot,,1
470,1:?,2:human,,0.8
471,1:?,1:bot,,0.6
472,1:?,1:bot,,1
473,1:?,1:bot,,0.8
474,1:?,2:human,,0.8
475,1:?,2:human,,0.6
476,1:?,2:human,,0.6
477,1:?,1:bot,,1
478,1:?,2:human,,0.6
479,1:?,1:bot,,0.6
480,1:?,1:bot,,0.571
481,1:?,1:bot,,0.8
482,1:?,1:bot,,0.8
483,1:?,1:bot,,1
484,1:?,1:bot,,1
485,1:?,1:bot,,1
486,1:?,2:human,,0.6
487,1:?,2:human,,0.6
488,1:?,1:bot,,1
489,1:?,2:human,,0.6
490,1:?,1:bot,,0.571
491,1:?,1:bot,,0.6
492,1:?,1:bot,,0.8
493,1:?,1:bot,,1
494,1:?,1:bot,,1
495,1:?,1:bot,,0.8
496,1:?,1:bot,,0.8
497,1:?,2:human,,0.6
498,1:?,2:human,,0.6
499,1:?,2:human,,1
500,1:?,1:bot,,0.6
501,1:?,1:bot,,1
502,1:?,2:human,,0.6
503,1:?,1:bot,,0.8
504,1:?,1:bot,,0.8
505,1:?,2:human,,0.6
506,1:?,2:human,,0.8
507,1:?,1:bot,,0.6
508,1:?,1:bot,,0.6
509,1:?,1:bot,,0.8
510,1:?,1:bot,,1
511,1:?,1:bot,,0.8
512,1:?,2:human,,1
513,1:?,2:human,,0.8
514,1:?,1:bot,,0.8
515,1:?,2:human,,0.6
516,1:?,1:bot,,0.8
517,1:?,1:bot,,0.8
518,1:?,2:human,,0.6
519,1:?,1:bot,,1
520,1:?,1:bot,,0.8
521,1:?,1:bot,,0.8
522,1:?,1:bot,,0.571
523,1:?,1:bot,,1
524,1:?,1:bot,,0.833
525,1:?,2:human,,0.6
526,1:?,1:bot,,0.6
527,1:?,1:bot,,0.571
528,1:?,1:bot,,0.6
529,1:?,1:bot,,0.6
530,1:?,1:bot,,1
531,1:?,2:human,,0.6
532,1:?,1:bot,,0.667
533,1:?,2:human,,1
534,1:?,1:bot,,1
535,1:?,1:bot,,0.944
536,1:?,1:bot,,0.8
537,1:?,1:bot,,0.6
538,1:?,1:bot,,0.6
539,1:?,1:bot,,0.6
540,1:?,1:bot,,1
541,1:?,1:bot,,0.6
542,1:?,1:bot,,0.6
543,1:?,1:bot,,0.6
544,1:?,1:bot,,1
545,1:?,1:bot,,0.6
546,1:?,1:bot,,1
547,1:?,2:human,,0.8
548,1:?,1:bot,,0.6
549,1:?,2:human,,0.6
550,1:?,1:bot,,0.571
551,1:?,1:bot,,0.6
552,1:?,1:bot,,0.8
553,1:?,1:bot,,0.6
554,1:?,1:bot,,0.6
555,1:?,1:bot,,1
556,1:?,1:bot,,0.571
557,1:?,1:bot,,1
558,1:?,1:bot,,0.8
559,1:?,1:bot,,1
560,1:?,2:human,,0.8
561,1:?,1:bot,,0.6
562,1:?,1:bot,,1
563,1:?,1:bot,,0.6
564,1:?,1:bot,,0.6
565,1:?,1:bot,,0.8
566,1:?,1:bot,,1
567,1:?,2:human,,1
568,1:?,1:bot,,1
569,1:?,1:bot,,0.6
570,1:?,1:bot,,0.8
571,1:?,1:bot,,0.8
572,1:?,2:human,,0.8
573,1:?,1:bot,,1
574,1:?,1:bot,,0.8
575,1:?,2:human,,0.6
576,1:?,2:human,,0.6
577,1:?,1:bot,,0.571
578,1:?,2:human,,0.6
579,1:?,2:human,,0.6
580,1:?,1:bot,,1
581,1:?,1:bot,,0.5
582,1:?,2:human,,0.6
583,1:?,1:bot,,0.571
584,1:?,1:bot,,0.8
585,1:?,2:human,,0.6
586,1:?,1:bot,,0.571
587,1:?,1:bot,,0.8
588,1:?,2:human,,0.6
589,1:?,1:bot,,0.6
590,1:?,1:bot,,0.6
591,1:?,1:bot,,0.8
592,1:?,2:human,,0.6
593,1:?,1:bot,,1
594,1:?,2:human,,0.8
595,1:?,1:bot,,0.8
596,1:?,2:human,,0.6
597,1:?,1:bot,,0.6
598,1:?,2:human,,0.6
599,1:?,1:bot,,0.6
600,1:?,2:human,,0.6
601,1:?,1:bot,,0.6
602,1:?,1:bot,,0.6
603,1:?,1:bot,,0.571
604,1:?,1:bot,,0.8
605,1:?,1:bot,,0.571
606,1:?,1:bot,,0.8
607,1:?,2:human,,0.6
608,1:?,2:human,,0.8
609,1:?,1:bot,,0.8
610,1:?,1:bot,,1
611,1:?,2:human,,1
612,1:?,1:bot,,0.571
613,1:?,2:human,,0.6
614,1:?,1:bot,,0.571
615,1:?,1:bot,,1
616,1:?,1:bot,,0.6
617,1:?,1:bot,,0.8
618,1:?,1:bot,,0.667
619,1:?,2:human,,0.6
620,1:?,1:bot,,0.6
621,1:?,1:bot,,0.6
622,1:?,1:bot,,1
623,1:?,1:bot,,1
624,1:?,1:bot,,0.6
625,1:?,1:bot,,1
626,1:?,2:human,,0.8
627,1:?,1:bot,,1
628,1:?,1:bot,,1
629,1:?,2:human,,0.6
630,1:?,1:bot,,0.8
631,1:?,1:bot,,1
632,1:?,1:bot,,0.571
633,1:?,2:human,,0.6
634,1:?,1:bot,,0.8
635,1:?,1:bot,,0.6
636,1:?,1:bot,,0.6
637,1:?,1:bot,,1
638,1:?,1:bot,,1
639,1:?,1:bot,,0.6
640,1:?,2:human,,0.8
641,1:?,2:human,,0.6
642,1:?,1:bot,,0.6
643,1:?,2:human,,0.6
644,1:?,1:bot,,0.6
645,1:?,1:bot,,0.6
646,1:?,1:bot,,0.8
647,1:?,1:bot,,1
648,1:?,1:bot,,1
649,1:?,1:bot,,0.6
650,1:?,2:human,,0.6
651,1:?,1:bot,,1
652,1:?,1:bot,,0.6
653,1:?,1:bot,,1
654,1:?,2:human,,0.6
655,1:?,1:bot,,0.571
656,1:?,1:bot,,0.571
657,1:?,2:human,,0.6
658,1:?,1:bot,,0.85
659,1:?,2:human,,0.6
660,1:?,2:human,,0.6
661,1:?,1:bot,,0.8
662,1:?,2:human,,0.6
663,1:?,1:bot,,0.8
664,1:?,1:bot,,0.667
665,1:?,1:bot,,1
666,1:?,1:bot,,0.8
667,1:?,2:human,,0.8
668,1:?,1:bot,,0.6
669,1:?,2:human,,0.8
670,1:?,1:bot,,0.571
671,1:?,1:bot,,0.6
672,1:?,1:bot,,0.6
673,1:?,1:bot,,1
674,1:?,1:bot,,1
675,1:?,2:human,,0.6
676,1:?,1:bot,,0.8
677,1:?,1:bot,,0.6
678,1:?,1:bot,,0.8
679,1:?,1:bot,,0.571
680,1:?,1:bot,,0.8
681,1:?,1:bot,,0.571
682,1:?,1:bot,,0.6
683,1:?,1:bot,,0.8
684,1:?,1:bot,,0.8
685,1:?,1:bot,,1
686,1:?,1:bot,,1
687,1:?,2:human,,0.6
688,1:?,1:bot,,0.8
689,1:?,1:bot,,1
690,1:?,1:bot,,0.6
691,1:?,2:human,,0.8
692,1:?,1:bot,,0.6
693,1:?,2:human,,0.6
694,1:?,1:bot,,0.8
695,1:?,1:bot,,0.8
696,1:?,1:bot,,1
697,1:?,2:human,,0.6
698,1:?,1:bot,,0.8
699,1:?,1:bot,,0.8
700,1:?,1:bot,,0.8
701,1:?,1:bot,,1
702,1:?,2:human,,0.6
703,1:?,1:bot,,0.8
704,1:?,2:human,,0.6
705,1:?,1:bot,,0.6
706,1:?,1:bot,,0.8
707,1:?,1:bot,,0.8
708,1:?,2:human,,0.6
709,1:?,1:bot,,0.6
710,1:?,1:bot,,0.8
711,1:?,1:bot,,0.6
712,1:?,2:human,,0.6
713,1:?,2:human,,1
714,1:?,1:bot,,1
715,1:?,1:bot,,0.6
716,1:?,2:human,,0.6
717,1:?,1:bot,,0.941
718,1:?,1:bot,,0.8
719,1:?,2:human,,0.8
720,1:?,1:bot,,0.8
721,1:?,2:human,,0.6
722,1:?,1:bot,,1
723,1:?,1:bot,,0.571
724,1:?,2:human,,0.6
725,1:?,2:human,,0.6
726,1:?,1:bot,,0.8
727,1:?,2:human,,0.8
728,1:?,1:bot,,0.8
729,1:?,1:bot,,0.571
730,1:?,1:bot,,0.8
731,1:?,2:human,,0.8
732,1:?,1:bot,,0.8
733,1:?,1:bot,,0.6
734,1:?,2:human,,0.6
735,1:?,1:bot,,0.8
736,1:?,1:bot,,1
737,1:?,1:bot,,0.929
738,1:?,1:bot,,0.8
739,1:?,1:bot,,0.6
740,1:?,1:bot,,1
741,1:?,2:human,,0.6
742,1:?,2:human,,0.6
743,1:?,1:bot,,0.6
744,1:?,1:bot,,1
745,1:?,1:bot,,0.6
746,1:?,2:human,,0.6
747,1:?,1:bot,,0.6
748,1:?,1:bot,,0.8
749,1:?,2:human,,0.6
750,1:?,1:bot,,0.667
751,1:?,1:bot,,0.8
752,1:?,1:bot,,0.6
753,1:?,2:human,,0.6
754,1:?,1:bot,,1
755,1:?,1:bot,,0.913
756,1:?,2:human,,0.6
757,1:?,1:bot,,1
758,1:?,1:bot,,0.8
759,1:?,1:bot,,1
760,1:?,2:human,,0.8
761,1:?,1:bot,,0.8
762,1:?,1:bot,,0.8
763,1:?,1:bot,,0.8
764,1:?,1:bot,,0.5
765,1:?,1:bot,,0.8
766,1:?,1:bot,,0.8
767,1:?,1:bot,,0.8
768,1:?,1:bot,,0.8
769,1:?,1:bot,,0.8
770,1:?,2:human,,0.8
771,1:?,2:human,,0.6
772,1:?,1:bot,,1
773,1:?,1:bot,,0.6
774,1:?,2:human,,0.8
775,1:?,2:human,,0.6
776,1:?,2:human,,0.8
777,1:?,1:bot,,0.8
778,1:?,1:bot,,0.6
779,1:?,1:bot,,0.6
780,1:?,1:bot,,0.8
781,1:?,1:bot,,0.6
782,1:?,1:bot,,0.8
783,1:?,1:bot,,1
784,1:?,1:bot,,1
785,1:?,1:bot,,0.6
786,1:?,1:bot,,0.8
787,1:?,1:bot,,0.6
788,1:?,1:bot,,1
789,1:?,1:bot,,0.545
790,1:?,1:bot,,1
791,1:?,1:bot,,0.6
792,1:?,1:bot,,1
793,1:?,2:human,,0.8
794,1:?,1:bot,,0.6
795,1:?,1:bot,,0.8
796,1:?,1:bot,,0.8
797,1:?,1:bot,,1
798,1:?,1:bot,,1
799,1:?,1:bot,,1
800,1:?,2:human,,0.8
801,1:?,1:bot,,0.571
802,1:?,1:bot,,1
803,1:?,1:bot,,0.6
804,1:?,1:bot,,1
805,1:?,2:human,,0.6
806,1:?,1:bot,,0.667
807,1:?,1:bot,,0.571
808,1:?,1:bot,,0.571
809,1:?,1:bot,,0.8
810,1:?,2:human,,0.8
811,1:?,1:bot,,0.6
812,1:?,2:human,,0.6
813,1:?,2:human,,0.8
814,1:?,2:human,,0.6
815,1:?,2:human,,0.6
816,1:?,2:human,,0.6
817,1:?,1:bot,,0.6
818,1:?,1:bot,,1
819,1:?,1:bot,,0.6
820,1:?,1:bot,,0.8
821,1:?,1:bot,,0.6
822,1:?,1:bot,,0.6
823,1:?,2:human,,0.8
824,1:?,1:bot,,0.6
825,1:?,1:bot,,1
826,1:?,1:bot,,0.6
827,1:?,1:bot,,1
828,1:?,1:bot,,0.8
829,1:?,1:bot,,1
830,1:?,1:bot,,1
831,1:?,1:bot,,1
832,1:?,1:bot,,0.6
833,1:?,1:bot,,0.6
834,1:?,2:human,,0.8
835,1:?,1:bot,,0.6
836,1:?,1:bot,,0.6
837,1:?,1:bot,,1
838,1:?,1:bot,,1
839,1:?,2:human,,0.6
840,1:?,1:bot,,1
841,1:?,1:bot,,1
842,1:?,2:human,,0.6
843,1:?,1:bot,,0.8
844,1:?,1:bot,,0.6
845,1:?,2:human,,0.6
846,1:?,1:bot,,1
847,1:?,1:bot,,0.8
848,1:?,1:bot,,1
849,1:?,1:bot,,0.571
850,1:?,2:human,,0.6
851,1:?,2:human,,0.8
852,1:?,1:bot,,0.6
853,1:?,1:bot,,0.8
854,1:?,1:bot,,1
855,1:?,1:bot,,1
856,1:?,1:bot,,1
857,1:?,2:human,,0.6
858,1:?,2:human,,1
859,1:?,1:bot,,0.6
860,1:?,1:bot,,0.8
861,1:?,1:bot,,0.571
862,1:?,2:human,,0.6
863,1:?,1:bot,,0.8
864,1:?,1:bot,,0.8
865,1:?,1:bot,,1
866,1:?,1:bot,,1
867,1:?,1:bot,,0.8
868,1:?,1:bot,,0.571
869,1:?,2:human,,0.8
870,1:?,2:human,,0.6
871,1:?,1:bot,,0.8
872,1:?,1:bot,,0.6
873,1:?,1:bot,,1
874,1:?,2:human,,0.8
875,1:?,1:bot,,1
876,1:?,1:bot,,0.8
877,1:?,1:bot,,0.667
878,1:?,1:bot,,0.571
879,1:?,1:bot,,1
880,1:?,1:bot,,1
881,1:?,1:bot,,0.8
882,1:?,1:bot,,0.6
883,1:?,1:bot,,0.6
884,1:?,1:bot,,0.5
885,1:?,1:bot,,0.6
886,1:?,1:bot,,0.6
887,1:?,2:human,,0.6
888,1:?,1:bot,,1
889,1:?,1:bot,,0.8
890,1:?,1:bot,,0.8
891,1:?,2:human,,0.6
892,1:?,1:bot,,0.6
893,1:?,2:human,,0.6
894,1:?,1:bot,,0.6
895,1:?,1:bot,,1
896,1:?,2:human,,0.6
897,1:?,1:bot,,0.6
898,1:?,1:bot,,0.6
899,1:?,1:bot,,1
900,1:?,2:human,,0.8
901,1:?,1:bot,,0.8
902,1:?,1:bot,,0.8
903,1:?,1:bot,,1
904,1:?,1:bot,,0.8
905,1:?,1:bot,,0.8
906,1:?,1:bot,,0.6
907,1:?,2:human,,0.6
908,1:?,1:bot,,0.6
909,1:?,1:bot,,0.6
910,1:?,2:human,,0.8
911,1:?,1:bot,,0.8
912,1:?,2:human,,0.8
913,1:?,1:bot,,0.6
914,1:?,1:bot,,1
915,1:?,1:bot,,1
916,1:?,1:bot,,0.6
917,1:?,2:human,,0.6
918,1:?,1:bot,,1
919,1:?,1:bot,,0.6
920,1:?,2:human,,0.8
921,1:?,1:bot,,0.6
922,1:?,1:bot,,0.6
923,1:?,1:bot,,0.571
924,1:?,1:bot,,0.6
925,1:?,2:human,,0.6
926,1:?,1:bot,,0.8
927,1:?,1:bot,,1
928,1:?,1:bot,,0.8
929,1:?,1:bot,,0.6
930,1:?,1:bot,,0.667
931,1:?,1:bot,,0.571
932,1:?,1:bot,,1
933,1:?,1:bot,,0.6
934,1:?,2:human,,0.6
935,1:?,1:bot,,0.833
936,1:?,1:bot,,0.6
937,1:?,1:bot,,0.571
938,1:?,2:human,,0.8
939,1:?,1:bot,,0.571
940,1:?,2:human,,0.6
941,1:?,1:bot,,1
942,1:?,1:bot,,1
943,1:?,1:bot,,1
944,1:?,1:bot,,0.6
945,1:?,2:human,,0.6
946,1:?,1:bot,,0.667
947,1:?,1:bot,,1
948,1:?,1:bot,,0.6
949,1:?,1:bot,,0.6
950,1:?,1:bot,,0.8
951,1:?,1:bot,,0.8
952,1:?,1:bot,,1
953,1:?,1:bot,,0.6
954,1:?,1:bot,,1
955,1:?,2:human,,0.8
956,1:?,2:human,,0.6
957,1:?,2:human,,0.8
958,1:?,1:bot,,1
959,1:?,2:human,,0.6
960,1:?,1:bot,,0.8
961,1:?,2:human,,0.6
962,1:?,1:bot,,0.6
963,1:?,2:human,,0.8
964,1:?,1:bot,,0.6
965,1:?,1:bot,,0.6
966,1:?,1:bot,,0.8
967,1:?,1:bot,,1
968,1:?,1:bot,,0.5
969,1:?,2:human,,0.6
970,1:?,1:bot,,0.8
971,1:?,1:bot,,1
972,1:?,1:bot,,0.8
973,1:?,1:bot,,1
974,1:?,1:bot,,0.8
975,1:?,1:bot,,0.571
976,1:?,2:human,,0.6
977,1:?,2:human,,0.6
978,1:?,2:human,,0.6
979,1:?,2:human,,0.8
980,1:?,2:human,,0.8
981,1:?,1:bot,,1
982,1:?,1:bot,,0.6
983,1:?,1:bot,,0.571
984,1:?,2:human,,0.8
985,1:?,1:bot,,1
986,1:?,1:bot,,0.8
987,1:?,1:bot,,0.6
988,1:?,2:human,,0.6
989,1:?,2:human,,0.6
990,1:?,1:bot,,0.6
991,1:?,1:bot,,0.8
992,1:?,1:bot,,1
993,1:?,1:bot,,0.571
994,1:?,1:bot,,1
995,1:?,1:bot,,0.667
996,1:?,2:human,,0.6
997,1:?,2:human,,0.8
998,1:?,1:bot,,1
999,1:?,1:bot,,0.6
1000,1:?,1:bot,,1
1001,1:?,1:bot,,1
1002,1:?,2:human,,0.6
1003,1:?,1:bot,,0.6
1004,1:?,1:bot,,0.8
1005,1:?,2:human,,0.6
1006,1:?,1:bot,,0.923
1007,1:?,1:bot,,1
1008,1:?,2:human,,0.6
1009,1:?,1:bot,,0.8
1010,1:?,1:bot,,1
1011,1:?,2:human,,0.6
1012,1:?,2:human,,0.8
1013,1:?,1:bot,,0.6
1014,1:?,1:bot,,0.8
1015,1:?,1:bot,,0.8
1016,1:?,1:bot,,0.6
1017,1:?,1:bot,,0.6
1018,1:?,1:bot,,0.8
1019,1:?,1:bot,,0.6
1020,1:?,1:bot,,0.6
1021,1:?,2:human,,0.6
1022,1:?,1:bot,,1
1023,1:?,1:bot,,0.8
1024,1:?,1:bot,,1
1025,1:?,1:bot,,1
1026,1:?,1:bot,,0.571
1027,1:?,2:human,,0.6
1028,1:?,1:bot,,0.6
1029,1:?,1:bot,,1
1030,1:?,1:bot,,0.6
1031,1:?,1:bot,,1
1032,1:?,1:bot,,0.6
1033,1:?,1:bot,,0.5
1034,1:?,1:bot,,0.6
1035,1:?,1:bot,,0.6
1036,1:?,1:bot,,1
1037,1:?,2:human,,0.6
1038,1:?,1:bot,,0.571
1039,1:?,1:bot,,1
1040,1:?,2:human,,0.8
1041,1:?,1:bot,,1
1042,1:?,1:bot,,1
1043,1:?,1:bot,,1
1044,1:?,1:bot,,1
1045,1:?,1:bot,,0.6
1046,1:?,2:human,,0.8
1047,1:?,2:human,,0.667
1048,1:?,1:bot,,0.6
1049,1:?,1:bot,,0.6
1050,1:?,2:human,,0.6
1051,1:?,2:human,,0.6
1052,1:?,1:bot,,0.667
1053,1:?,1:bot,,0.8
1054,1:?,2:human,,0.8
1055,1:?,2:human,,0.8
1056,1:?,2:human,,0.6
1057,1:?,1:bot,,0.6
1058,1:?,1:bot,,0.6
1059,1:?,1:bot,,0.8
1060,1:?,1:bot,,0.6
1061,1:?,1:bot,,0.6
1062,1:?,1:bot,,0.6
1063,1:?,1:bot,,1
1064,1:?,2:human,,0.6
1065,1:?,1:bot,,0.8
1066,1:?,1:bot,,0.8
1067,1:?,1:bot,,0.8
1068,1:?,1:bot,,0.6
1069,1:?,2:human,,0.6
1070,1:?,2:human,,0.6
1071,1:?,1:bot,,0.6
1072,1:?,2:human,,1
1073,1:?,1:bot,,0.8
1074,1:?,1:bot,,1
1075,1:?,1:bot,,0.6
1076,1:?,2:human,,0.6
1077,1:?,2:human,,0.8
1078,1:?,1:bot,,1
1079,1:?,1:bot,,0.8
1080,1:?,2:human,,0.6
1081,1:?,1:bot,,0.8
1082,1:?,1:bot,,0.692
1083,1:?,1:bot,,0.8
1084,1:?,1:bot,,1
1085,1:?,2:human,,0.6
1086,1:?,2:human,,0.8
1087,1:?,2:human,,0.6
1088,1:?,2:human,,0.8
1089,1:?,1:bot,,0.6
1090,1:?,1:bot,,0.8
1091,1:?,1:bot,,1
1092,1:?,1:bot,,1
1093,1:?,1:bot,,1
1094,1:?,1:bot,,1
1095,1:?,1:bot,,0.8
1096,1:?,1:bot,,0.6
1097,1:?,1:bot,,1
1098,1:?,1:bot,,1
1099,1:?,1:bot,,0.8
1100,1:?,1:bot,,0.941
1101,1:?,2:human,,0.6
1102,1:?,1:bot,,0.8
1103,1:?,2:human,,0.8
1104,1:?,1:bot,,0.571
1105,1:?,1:bot,,1
1106,1:?,1:bot,,0.571
1107,1:?,1:bot,,0.6
1108,1:?,1:bot,,0.6
1109,1:?,1:bot,,0.8
1110,1:?,1:bot,,0.8
1111,1:?,2:human,,0.833
1112,1:?,1:bot,,0.6
1113,1:?,1:bot,,1
1114,1:?,2:human,,0.8
1115,1:?,2:human,,0.6
1116,1:?,1:bot,,1
1117,1:?,1:bot,,0.889
1118,1:?,2:human,,0.6
1119,1:?,2:human,,0.6
1120,1:?,1:bot,,0.6
1121,1:?,1:bot,,1
1122,1:?,1:bot,,0.8
1123,1:?,2:human,,0.6
1124,1:?,1:bot,,0.6
1125,1:?,1:bot,,0.571
1126,1:?,1:bot,,1
1127,1:?,1:bot,,1
1128,1:?,2:human,,0.6
1129,1:?,1:bot,,1
1130,1:?,1:bot,,0.6
1131,1:?,2:human,,0.6
1132,1:?,2:human,,0.6
1133,1:?,2:human,,0.6
1134,1:?,1:bot,,0.6
1135,1:?,2:human,,0.6
1136,1:?,1:bot,,0.6
1137,1:?,1:bot,,1
1138,1:?,1:bot,,0.6
1139,1:?,1:bot,,0.6
1140,1:?,1:bot,,0.6
1141,1:?,1:bot,,0.6
1142,1:?,1:bot,,0.571
1143,1:?,1:bot,,0.6
1144,1:?,2:human,,0.6
1145,1:?,2:human,,1
1146,1:?,1:bot,,0.571
1147,1:?,1:bot,,0.6
1148,1:?,2:human,,0.6
1149,1:?,2:human,,0.6
1150,1:?,1:bot,,0.6
1151,1:?,1:bot,,0.8
1152,1:?,1:bot,,0.9
1153,1:?,2:human,,0.6
1154,1:?,1:bot,,1
1155,1:?,2:human,,0.6
1156,1:?,1:bot,,0.6
1157,1:?,1:bot,,0.6
1158,1:?,1:bot,,0.6
1159,1:?,1:bot,,1
1160,1:?,2:human,,1
1161,1:?,1:bot,,1
1162,1:?,1:bot,,0.6
1163,1:?,1:bot,,1
1164,1:?,1:bot,,1
1165,1:?,1:bot,,1
1166,1:?,2:human,,0.6
1167,1:?,2:human,,0.8
1168,1:?,1:bot,,0.944
1169,1:?,1:bot,,0.8
1170,1:?,1:bot,,0.8
1171,1:?,1:bot,,0.8
1172,1:?,1:bot,,0.857
1173,1:?,2:human,,0.6
1174,1:?,1:bot,,1
1175,1:?,2:human,,0.6
1176,1:?,2:human,,0.667
1177,1:?,1:bot,,1
1178,1:?,1:bot,,0.6
1179,1:?,2:human,,0.6
1180,1:?,2:human,,0.6
1181,1:?,2:human,,0.6
1182,1:?,1:bot,,1
1183,1:?,2:human,,0.6
1184,1:?,2:human,,0.6
1185,1:?,1:bot,,0.6
1186,1:?,2:human,,0.8
1187,1:?,2:human,,0.6
1188,1:?,2:human,,0.6
1189,1:?,1:bot,,1
1190,1:?,2:human,,0.6
1191,1:?,1:bot,,1
1192,1:?,1:bot,,0.6
1193,1:?,2:human,,0.6
1194,1:?,1:bot,,0.6
1195,1:?,1:bot,,0.6
1196,1:?,1:bot,,1
1197,1:?,1:bot,,0.8
1198,1:?,2:human,,0.6
1199,1:?,1:bot,,1
1200,1:?,1:bot,,0.571
1201,1:?,1:bot,,1
1202,1:?,1:bot,,0.571
1203,1:?,1:bot,,0.571
1204,1:?,1:bot,,1
1205,1:?,1:bot,,0.6
1206,1:?,1:bot,,1
1207,1:?,1:bot,,0.955
1208,1:?,1:bot,,1
1209,1:?,2:human,,0.6
1210,1:?,1:bot,,1
1211,1:?,1:bot,,0.955
1212,1:?,1:bot,,1
1213,1:?,1:bot,,1
1214,1:?,1:bot,,0.571
1215,1:?,2:human,,0.6
1216,1:?,2:human,,0.6
1217,1:?,1:bot,,0.667
1218,1:?,1:bot,,1
1219,1:?,2:human,,0.6
1220,1:?,1:bot,,0.6
1221,1:?,1:bot,,0.667
1222,1:?,2:human,,0.6
1223,1:?,1:bot,,1
1224,1:?,1:bot,,0.8
1225,1:?,1:bot,,0.8
1226,1:?,1:bot,,0.571
1227,1:?,1:bot,,1
1228,1:?,1:bot,,0.8
1229,1:?,2:human,,0.6
1230,1:?,2:human,,0.6
1231,1:?,1:bot,,1
1232,1:?,1:bot,,0.937
1233,1:?,2:human,,0.6
1234,1:?,2:human,,0.6
1235,1:?,1:bot,,0.6
1236,1:?,1:bot,,0.6
1237,1:?,1:bot,,0.8
1238,1:?,2:human,,0.8
1239,1:?,1:bot,,0.6
1240,1:?,1:bot,,0.6
1241,1:?,1:bot,,0.6
1242,1:?,2:human,,0.6
1243,1:?,1:bot,,0.8
1244,1:?,2:human,,0.6
1245,1:?,1:bot,,0.6
1246,1:?,1:bot,,1
1247,1:?,1:bot,,0.8
1248,1:?,1:bot,,0.8
1249,1:?,1:bot,,1
1250,1:?,1:bot,,0.6
1251,1:?,1:bot,,0.8
1252,1:?,1:bot,,0.571
1253,1:?,1:bot,,1
1254,1:?,2:human,,0.8
1255,1:?,1:bot,,1
1256,1:?,2:human,,0.6
1257,1:?,1:bot,,0.8
1258,1:?,1:bot,,0.6
1259,1:?,2:human,,0.8
1260,1:?,2:human,,0.6
1261,1:?,1:bot,,0.8
1262,1:?,1:bot,,1
1263,1:?,1:bot,,0.571
1264,1:?,1:bot,,0.571
1265,1:?,2:human,,0.6
1266,1:?,1:bot,,0.6
1267,1:?,1:bot,,1
1268,1:?,1:bot,,0.6
1269,1:?,1:bot,,0.6
1270,1:?,1:bot,,0.6
1271,1:?,1:bot,,0.8
1272,1:?,1:bot,,1
1273,1:?,2:human,,0.8
1274,1:?,1:bot,,0.8
1275,1:?,2:human,,0.8
1276,1:?,2:human,,0.6
1277,1:?,2:human,,0.6
1278,1:?,1:bot,,0.6
1279,1:?,1:bot,,0.8
1280,1:?,1:bot,,0.8
1281,1:?,1:bot,,1
1282,1:?,1:bot,,1
1283,1:?,2:human,,0.8
1284,1:?,1:bot,,0.6
1285,1:?,1:bot,,0.6
1286,1:?,1:bot,,0.6
1287,1:?,2:human,,0.6
1288,1:?,1:bot,,0.8
1289,1:?,2:human,,0.6
1290,1:?,1:bot,,1
1291,1:?,2:human,,0.8
1292,1:?,1:bot,,0.6
1293,1:?,1:bot,,1
1294,1:?,2:human,,0.6
1295,1:?,2:human,,0.8
1296,1:?,2:human,,0.667
1297,1:?,1:bot,,1
1298,1:?,1:bot,,0.8
1299,1:?,1:bot,,0.958
1300,1:?,1:bot,,1
1301,1:?,1:bot,,0.8
1302,1:?,1:bot,,0.8
1303,1:?,1:bot,,1
1304,1:?,1:bot,,0.667
1305,1:?,1:bot,,0.8
1306,1:?,1:bot,,1
1307,1:?,1:bot,,1
1308,1:?,1:bot,,0.6
1309,1:?,1:bot,,0.6
1310,1:?,1:bot,,0.6
1311,1:?,2:human,,0.6
1312,1:?,2:human,,0.6
1313,1:?,2:human,,0.6
1314,1:?,1:bot,,1
1315,1:?,1:bot,,1
1316,1:?,2:human,,0.6
1317,1:?,2:human,,0.625
1318,1:?,1:bot,,1
1319,1:?,1:bot,,0.6
1320,1:?,1:bot,,0.8
1321,1:?,1:bot,,0.8
1322,1:?,1:bot,,0.6
1323,1:?,1:bot,,1
1324,1:?,1:bot,,0.8
1325,1:?,2:human,,0.6
1326,1:?,1:bot,,0.8
1327,1:?,2:human,,0.6
1328,1:?,1:bot,,0.667
1329,1:?,2:human,,1
1330,1:?,2:human,,0.6
1331,1:?,1:bot,,0.6
1332,1:?,1:bot,,0.8
1333,1:?,1:bot,,1
1334,1:?,1:bot,,1
1335,1:?,1:bot,,1
1336,1:?,1:bot,,0.8
1337,1:?,2:human,,0.6
1338,1:?,2:human,,0.6
1339,1:?,2:human,,0.8
1340,1:?,1:bot,,0.571
1341,1:?,1:bot,,1
1342,1:?,1:bot,,0.667
1343,1:?,1:bot,,1
1344,1:?,1:bot,,0.5
1345,1:?,2:human,,0.6
1346,1:?,2:human,,0.6
1347,1:?,1:bot,,0.955
1348,1:?,1:bot,,0.6
1349,1:?,2:human,,0.6
1350,1:?,2:human,,0.6
1351,1:?,2:human,,0.6
1352,1:?,1:bot,,0.8
1353,1:?,2:human,,0.8
1354,1:?,1:bot,,0.8
1355,1:?,1:bot,,1
1356,1:?,2:human,,0.6
1357,1:?,1:bot,,0.8
1358,1:?,2:human,,0.8
1359,1:?,1:bot,,0.6
1360,1:?,2:human,,0.6
1361,1:?,1:bot,,1
1362,1:?,2:human,,0.6
1363,1:?,1:bot,,0.6
1364,1:?,1:bot,,0.6
1365,1:?,1:bot,,1
1366,1:?,2:human,,0.6
1367,1:?,2:human,,0.6
1368,1:?,1:bot,,1
1369,1:?,1:bot,,0.6
1370,1:?,1:bot,,0.8
1371,1:?,1:bot,,0.6
1372,1:?,2:human,,0.6
1373,1:?,2:human,,0.6
1374,1:?,1:bot,,0.8
1375,1:?,1:bot,,0.571
1376,1:?,2:human,,0.6
1377,1:?,1:bot,,1
1378,1:?,1:bot,,1
1379,1:?,1:bot,,0.8
1380,1:?,2:human,,0.6
1381,1:?,1:bot,,0.571
1382,1:?,2:human,,0.8
1383,1:?,1:bot,,0.8
1384,1:?,1:bot,,0.6
1385,1:?,1:bot,,1
1386,1:?,1:bot,,1
1387,1:?,1:bot,,0.6
1388,1:?,1:bot,,0.6
1389,1:?,1:bot,,0.8
1390,1:?,1:bot,,0.6
1391,1:?,2:human,,0.778
1392,1:?,1:bot,,0.8
1393,1:?,1:bot,,0.667
1394,1:?,2:human,,0.8
1395,1:?,1:bot,,0.6
1396,1:?,2:human,,0.6
1397,1:?,2:human,,0.8
1398,1:?,1:bot,,0.667
1399,1:?,2:human,,0.6
1400,1:?,1:bot,,0.8
1401,1:?,1:bot,,1
1402,1:?,1:bot,,1
1403,1:?,2:human,,0.6
1404,1:?,1:bot,,0.6
1405,1:?,1:bot,,0.8
1406,1:?,1:bot,,0.6
1407,1:?,1:bot,,0.6
1408,1:?,1:bot,,0.6
1409,1:?,1:bot,,0.6
1410,1:?,1:bot,,1
1411,1:?,1:bot,,0.6
1412,1:?,1:bot,,1
1413,1:?,1:bot,,0.6
1414,1:?,1:bot,,0.6
1415,1:?,1:bot,,0.6
1416,1:?,2:human,,0.6
1417,1:?,2:human,,0.6
1418,1:?,1:bot,,0.833
1419,1:?,1:bot,,0.6
1420,1:?,1:bot,,0.6
1421,1:?,2:human,,0.6
1422,1:?,2:human,,0.6
1423,1:?,2:human,,0.6
1424,1:?,1:bot,,0.6
1425,1:?,1:bot,,0.8
1426,1:?,1:bot,,0.6
1427,1:?,1:bot,,0.6
1428,1:?,1:bot,,0.8
1429,1:?,1:bot,,0.8
1430,1:?,2:human,,0.6
1431,1:?,1:bot,,0.6
1432,1:?,1:bot,,0.6
1433,1:?,1:bot,,1
1434,1:?,2:human,,0.6
1435,1:?,1:bot,,0.8
1436,1:?,1:bot,,0.8
1437,1:?,1:bot,,0.8
1438,1:?,1:bot,,0.571
1439,1:?,1:bot,,0.8
1440,1:?,2:human,,0.8
1441,1:?,2:human,,0.6
1442,1:?,2:human,,0.8
1443,1:?,2:human,,0.6
1444,1:?,1:bot,,0.8
1445,1:?,1:bot,,0.667
1446,1:?,1:bot,,1
1447,1:?,1:bot,,0.8
1448,1:?,1:bot,,0.6
1449,1:?,1:bot,,0.571
1450,1:?,2:human,,0.6
1451,1:?,1:bot,,0.6
1452,1:?,1:bot,,1
1453,1:?,1:bot,,0.8
1454,1:?,1:bot,,0.6
1455,1:?,1:bot,,0.6
1456,1:?,1:bot,,0.6
1457,1:?,1:bot,,0.545
1458,1:?,2:human,,0.6
1459,1:?,1:bot,,1
1460,1:?,1:bot,,1
1461,1:?,2:human,,0.6
1462,1:?,1:bot,,0.917
1463,1:?,1:bot,,0.6
1464,1:?,1:bot,,1
1465,1:?,2:human,,0.6
1466,1:?,1:bot,,0.8
1467,1:?,2:human,,0.8
1468,1:?,2:human,,0.6
1469,1:?,1:bot,,0.6
1470,1:?,1:bot,,0.8
1471,1:?,1:bot,,0.6
1472,1:?,1:bot,,0.8
1473,1:?,1:bot,,1
1474,1:?,1:bot,,1
1475,1:?,1:bot,,0.8
1476,1:?,1:bot,,0.8
1477,1:?,1:bot,,0.6
1478,1:?,1:bot,,0.6
1479,1:?,1:bot,,0.571
1480,1:?,1:bot,,0.6
1481,1:?,1:bot,,0.6
1482,1:?,2:human,,0.6
1483,1:?,2:human,,0.8
1484,1:?,2:human,,0.6
1485,1:?,2:human,,0.6
1486,1:?,1:bot,,1
1487,1:?,1:bot,,0.6
1488,1:?,1:bot,,1
1489,1:?,1:bot,,1
1490,1:?,1:bot,,0.571
1491,1:?,1:bot,,0.6
1492,1:?,1:bot,,0.8
1493,1:?,1:bot,,0.571
1494,1:?,2:human,,0.6
1495,1:?,1:bot,,1
1496,1:?,2:human,,0.833
1497,1:?,1:bot,,0.6
1498,1:?,1:bot,,1
1499,1:?,1:bot,,0.8
1500,1:?,1:bot,,0.8

=== Evaluation on test set ===

Time taken to test model on supplied test set: 0.64 seconds

=== Summary ===

Total Number of Instances                0     
Ignored Class Unknown Instances               1500     

=== Detailed Accuracy By Class ===

                 TP Rate  FP Rate  Precision  Recall   F-Measure  MCC      ROC Area  PRC Area  Class
                 ?        ?        ?          ?        ?          ?        ?         ?         bot
                 ?        ?        ?          ?        ?          ?        ?         ?         human
Weighted Avg.    ?        ?        ?          ?        ?          ?        ?         ?         

=== Confusion Matrix ===

 a b   <-- classified as
 0 0 | a = bot
 0 0 | b = human

