=== Run information ===

Scheme:       weka.classifiers.meta.MetaCost -cost-matrix "[0.0 1.0; 2.0 0.0]" -I 10 -P 100 -S 17 -W weka.classifiers.meta.AdaBoostM1 -num-decimal-places 8 -- -P 100 -S 19 -I 10 -W weka.classifiers.trees.RandomForest -num-decimal-places 8 -- -P 100 -I 100 -num-slots 1 -K 0 -M 1.0 -V 0.001 -S 1
Relation:     HW5_SolvingClassImbalance_SentimentAnalysis_Emotion_URLCount_train
Instances:    3000
Attributes:   12
              class
              score_tag
              agreement
              subjectivity
              confidence
              irony
              joy
              surprise
              fear
              sadness
              anger
              urlsCount
Test mode:    user supplied test set:  size unknown (reading incrementally)

=== Classifier model (full training set) ===

MetaCost cost sensitive classifier induction
Options: -cost-matrix "[0.0 1.0; 2.0 0.0]" -I 10 -P 100 -S 17 -W weka.classifiers.meta.AdaBoostM1 -num-decimal-places 8 -- -P 100 -S 19 -I 10 -W weka.classifiers.trees.RandomForest -num-decimal-places 8 -- -P 100 -I 100 -num-slots 1 -K 0 -M 1.0 -V 0.001 -S 1
Base learner: weka.classifiers.meta.AdaBoostM1 -P 100 -S 19 -I 10 -W weka.classifiers.trees.RandomForest -num-decimal-places 8 -- -P 100 -I 100 -num-slots 1 -K 0 -M 1.0 -V 0.001 -S 1

Classifier Model
AdaBoostM1: No boosting possible, one classifier used!
RandomForest

Bagging with 100 iterations and base learner

weka.classifiers.trees.RandomTree -K 0 -M 1.0 -V 0.001 -S -1148943845 -do-not-check-capabilities


Cost Matrix
 0 1
 2 0


Time taken to build model: 68.78 seconds

=== Predictions on test set ===

inst#,actual,predicted,error,prediction
1,1:?,1:bot,,0.72
2,1:?,1:bot,,0.9
3,1:?,2:human,,0.65
4,1:?,1:bot,,1
5,1:?,1:bot,,0.51
6,1:?,2:human,,0.544
7,1:?,2:human,,0.99
8,1:?,1:bot,,0.73
9,1:?,1:bot,,0.7
10,1:?,1:bot,,0.58
11,1:?,2:human,,0.55
12,1:?,2:human,,0.57
13,1:?,1:bot,,0.78
14,1:?,1:bot,,0.713
15,1:?,1:bot,,0.51
16,1:?,1:bot,,0.73
17,1:?,2:human,,0.51
18,1:?,1:bot,,0.97
19,1:?,2:human,,0.64
20,1:?,1:bot,,0.5
21,1:?,1:bot,,0.69
22,1:?,1:bot,,0.66
23,1:?,1:bot,,0.69
24,1:?,1:bot,,0.72
25,1:?,1:bot,,0.76
26,1:?,1:bot,,0.56
27,1:?,2:human,,0.66
28,1:?,1:bot,,0.77
29,1:?,1:bot,,1
30,1:?,1:bot,,0.61
31,1:?,1:bot,,0.58
32,1:?,2:human,,0.96
33,1:?,1:bot,,0.94
34,1:?,1:bot,,0.59
35,1:?,1:bot,,0.9
36,1:?,2:human,,0.98
37,1:?,1:bot,,0.87
38,1:?,2:human,,0.53
39,1:?,1:bot,,0.56
40,1:?,2:human,,0.708
41,1:?,1:bot,,0.97
42,1:?,1:bot,,0.76
43,1:?,2:human,,0.8
44,1:?,1:bot,,0.99
45,1:?,1:bot,,1
46,1:?,2:human,,0.57
47,1:?,1:bot,,0.76
48,1:?,2:human,,0.63
49,1:?,1:bot,,0.77
50,1:?,2:human,,0.83
51,1:?,1:bot,,0.679
52,1:?,2:human,,0.88
53,1:?,1:bot,,0.63
54,1:?,1:bot,,0.53
55,1:?,1:bot,,0.85
56,1:?,1:bot,,0.6
57,1:?,1:bot,,0.84
58,1:?,2:human,,0.94
59,1:?,1:bot,,0.55
60,1:?,1:bot,,0.79
61,1:?,1:bot,,0.8
62,1:?,1:bot,,0.72
63,1:?,1:bot,,0.52
64,1:?,2:human,,0.69
65,1:?,1:bot,,0.51
66,1:?,1:bot,,0.786
67,1:?,1:bot,,0.91
68,1:?,1:bot,,0.74
69,1:?,1:bot,,0.53
70,1:?,1:bot,,0.765
71,1:?,1:bot,,0.7
72,1:?,1:bot,,0.54
73,1:?,1:bot,,0.85
74,1:?,1:bot,,0.82
75,1:?,1:bot,,0.72
76,1:?,1:bot,,0.91
77,1:?,1:bot,,0.52
78,1:?,1:bot,,0.78
79,1:?,1:bot,,0.81
80,1:?,1:bot,,0.83
81,1:?,1:bot,,0.81
82,1:?,1:bot,,0.71
83,1:?,2:human,,0.99
84,1:?,1:bot,,0.8
85,1:?,1:bot,,0.85
86,1:?,1:bot,,0.75
87,1:?,1:bot,,0.92
88,1:?,1:bot,,0.67
89,1:?,1:bot,,0.742
90,1:?,1:bot,,0.92
91,1:?,1:bot,,0.765
92,1:?,1:bot,,0.6
93,1:?,1:bot,,0.95
94,1:?,1:bot,,0.67
95,1:?,1:bot,,0.532
96,1:?,2:human,,0.65
97,1:?,1:bot,,0.896
98,1:?,2:human,,0.52
99,1:?,1:bot,,0.62
100,1:?,1:bot,,0.897
101,1:?,1:bot,,0.68
102,1:?,1:bot,,0.63
103,1:?,1:bot,,0.71
104,1:?,1:bot,,0.83
105,1:?,1:bot,,0.75
106,1:?,2:human,,0.53
107,1:?,2:human,,0.559
108,1:?,2:human,,0.85
109,1:?,1:bot,,0.765
110,1:?,1:bot,,0.82
111,1:?,2:human,,0.72
112,1:?,1:bot,,1
113,1:?,1:bot,,0.77
114,1:?,1:bot,,0.97
115,1:?,2:human,,0.99
116,1:?,1:bot,,0.68
117,1:?,1:bot,,0.982
118,1:?,1:bot,,0.6
119,1:?,1:bot,,0.95
120,1:?,1:bot,,0.82
121,1:?,1:bot,,0.552
122,1:?,1:bot,,0.97
123,1:?,1:bot,,0.63
124,1:?,1:bot,,0.607
125,1:?,2:human,,0.71
126,1:?,1:bot,,0.938
127,1:?,1:bot,,0.87
128,1:?,1:bot,,0.89
129,1:?,1:bot,,0.67
130,1:?,1:bot,,0.93
131,1:?,2:human,,0.898
132,1:?,1:bot,,0.71
133,1:?,1:bot,,0.97
134,1:?,1:bot,,0.79
135,1:?,1:bot,,0.83
136,1:?,1:bot,,0.54
137,1:?,1:bot,,0.97
138,1:?,1:bot,,0.64
139,1:?,2:human,,0.95
140,1:?,1:bot,,0.78
141,1:?,1:bot,,1
142,1:?,1:bot,,0.97
143,1:?,2:human,,0.71
144,1:?,2:human,,0.576
145,1:?,1:bot,,0.59
146,1:?,1:bot,,0.54
147,1:?,1:bot,,0.616
148,1:?,2:human,,0.72
149,1:?,1:bot,,0.66
150,1:?,1:bot,,0.79
151,1:?,2:human,,0.51
152,1:?,1:bot,,0.85
153,1:?,1:bot,,0.6
154,1:?,1:bot,,0.59
155,1:?,1:bot,,0.5
156,1:?,2:human,,0.57
157,1:?,1:bot,,0.65
158,1:?,1:bot,,0.6
159,1:?,1:bot,,0.79
160,1:?,1:bot,,0.81
161,1:?,1:bot,,0.75
162,1:?,2:human,,0.53
163,1:?,1:bot,,0.84
164,1:?,1:bot,,0.55
165,1:?,1:bot,,1
166,1:?,1:bot,,0.65
167,1:?,1:bot,,1
168,1:?,1:bot,,0.67
169,1:?,1:bot,,0.73
170,1:?,2:human,,0.827
171,1:?,2:human,,0.807
172,1:?,2:human,,0.666
173,1:?,1:bot,,0.65
174,1:?,1:bot,,0.704
175,1:?,2:human,,0.67
176,1:?,1:bot,,0.8
177,1:?,1:bot,,0.51
178,1:?,2:human,,0.63
179,1:?,1:bot,,0.58
180,1:?,1:bot,,0.78
181,1:?,1:bot,,0.55
182,1:?,1:bot,,1
183,1:?,1:bot,,0.5
184,1:?,1:bot,,0.73
185,1:?,2:human,,0.59
186,1:?,1:bot,,0.62
187,1:?,1:bot,,0.76
188,1:?,1:bot,,0.598
189,1:?,2:human,,0.918
190,1:?,1:bot,,0.62
191,1:?,2:human,,0.88
192,1:?,1:bot,,0.81
193,1:?,2:human,,0.683
194,1:?,1:bot,,0.64
195,1:?,1:bot,,0.76
196,1:?,1:bot,,0.6
197,1:?,1:bot,,0.732
198,1:?,1:bot,,0.636
199,1:?,1:bot,,0.75
200,1:?,2:human,,0.62
201,1:?,1:bot,,0.53
202,1:?,1:bot,,0.65
203,1:?,1:bot,,0.93
204,1:?,1:bot,,0.66
205,1:?,1:bot,,0.76
206,1:?,1:bot,,0.8
207,1:?,2:human,,0.59
208,1:?,1:bot,,0.63
209,1:?,1:bot,,1
210,1:?,1:bot,,0.619
211,1:?,1:bot,,0.77
212,1:?,1:bot,,0.88
213,1:?,1:bot,,0.62
214,1:?,1:bot,,0.604
215,1:?,1:bot,,0.55
216,1:?,1:bot,,0.72
217,1:?,1:bot,,0.57
218,1:?,1:bot,,0.65
219,1:?,2:human,,0.685
220,1:?,1:bot,,0.81
221,1:?,1:bot,,0.57
222,1:?,1:bot,,0.88
223,1:?,2:human,,0.81
224,1:?,1:bot,,0.58
225,1:?,1:bot,,0.58
226,1:?,1:bot,,0.633
227,1:?,1:bot,,0.8
228,1:?,1:bot,,0.569
229,1:?,1:bot,,0.631
230,1:?,1:bot,,0.75
231,1:?,1:bot,,0.77
232,1:?,2:human,,0.62
233,1:?,1:bot,,0.76
234,1:?,1:bot,,0.744
235,1:?,1:bot,,0.79
236,1:?,1:bot,,0.51
237,1:?,1:bot,,0.92
238,1:?,1:bot,,0.84
239,1:?,1:bot,,0.93
240,1:?,1:bot,,0.723
241,1:?,1:bot,,0.695
242,1:?,1:bot,,0.76
243,1:?,2:human,,0.54
244,1:?,1:bot,,1
245,1:?,1:bot,,0.93
246,1:?,1:bot,,0.83
247,1:?,1:bot,,0.6
248,1:?,1:bot,,0.53
249,1:?,1:bot,,0.72
250,1:?,1:bot,,0.671
251,1:?,1:bot,,0.85
252,1:?,1:bot,,0.82
253,1:?,1:bot,,0.6
254,1:?,2:human,,0.791
255,1:?,1:bot,,0.75
256,1:?,1:bot,,0.74
257,1:?,1:bot,,0.66
258,1:?,1:bot,,0.76
259,1:?,1:bot,,0.72
260,1:?,2:human,,0.57
261,1:?,1:bot,,0.5
262,1:?,1:bot,,0.86
263,1:?,2:human,,0.67
264,1:?,1:bot,,0.67
265,1:?,2:human,,0.51
266,1:?,1:bot,,0.68
267,1:?,1:bot,,1
268,1:?,1:bot,,0.55
269,1:?,1:bot,,0.7
270,1:?,1:bot,,0.84
271,1:?,1:bot,,0.89
272,1:?,2:human,,0.51
273,1:?,1:bot,,0.63
274,1:?,1:bot,,0.75
275,1:?,1:bot,,0.579
276,1:?,1:bot,,0.53
277,1:?,2:human,,0.57
278,1:?,1:bot,,0.72
279,1:?,2:human,,0.613
280,1:?,1:bot,,0.55
281,1:?,1:bot,,0.57
282,1:?,1:bot,,0.62
283,1:?,2:human,,0.67
284,1:?,2:human,,0.57
285,1:?,1:bot,,0.76
286,1:?,1:bot,,0.9
287,1:?,1:bot,,0.97
288,1:?,1:bot,,0.9
289,1:?,1:bot,,1
290,1:?,2:human,,0.73
291,1:?,1:bot,,0.51
292,1:?,2:human,,0.67
293,1:?,1:bot,,0.71
294,1:?,1:bot,,1
295,1:?,1:bot,,0.79
296,1:?,1:bot,,1
297,1:?,1:bot,,0.76
298,1:?,1:bot,,0.796
299,1:?,2:human,,0.63
300,1:?,2:human,,0.522
301,1:?,1:bot,,1
302,1:?,2:human,,0.81
303,1:?,1:bot,,0.777
304,1:?,1:bot,,0.66
305,1:?,2:human,,0.73
306,1:?,1:bot,,0.64
307,1:?,1:bot,,0.79
308,1:?,1:bot,,0.72
309,1:?,1:bot,,0.56
310,1:?,2:human,,1
311,1:?,1:bot,,0.8
312,1:?,1:bot,,0.6
313,1:?,1:bot,,0.66
314,1:?,2:human,,0.52
315,1:?,1:bot,,0.565
316,1:?,1:bot,,0.58
317,1:?,1:bot,,0.56
318,1:?,1:bot,,0.88
319,1:?,2:human,,0.68
320,1:?,1:bot,,0.66
321,1:?,1:bot,,0.86
322,1:?,1:bot,,0.79
323,1:?,2:human,,0.52
324,1:?,1:bot,,0.58
325,1:?,1:bot,,1
326,1:?,2:human,,0.57
327,1:?,1:bot,,0.5
328,1:?,2:human,,0.52
329,1:?,1:bot,,0.97
330,1:?,1:bot,,0.68
331,1:?,1:bot,,0.87
332,1:?,1:bot,,0.57
333,1:?,1:bot,,0.8
334,1:?,1:bot,,1
335,1:?,1:bot,,0.679
336,1:?,1:bot,,0.8
337,1:?,1:bot,,0.67
338,1:?,1:bot,,1
339,1:?,1:bot,,0.84
340,1:?,1:bot,,0.77
341,1:?,1:bot,,0.53
342,1:?,1:bot,,0.63
343,1:?,1:bot,,1
344,1:?,1:bot,,1
345,1:?,2:human,,0.51
346,1:?,1:bot,,0.74
347,1:?,1:bot,,0.82
348,1:?,1:bot,,0.6
349,1:?,1:bot,,0.82
350,1:?,2:human,,0.704
351,1:?,1:bot,,0.55
352,1:?,1:bot,,0.877
353,1:?,1:bot,,0.64
354,1:?,1:bot,,1
355,1:?,1:bot,,0.61
356,1:?,2:human,,0.52
357,1:?,1:bot,,0.82
358,1:?,2:human,,0.74
359,1:?,2:human,,0.58
360,1:?,1:bot,,0.63
361,1:?,1:bot,,1
362,1:?,1:bot,,0.75
363,1:?,2:human,,0.56
364,1:?,2:human,,0.693
365,1:?,1:bot,,0.81
366,1:?,1:bot,,0.82
367,1:?,1:bot,,1
368,1:?,2:human,,0.54
369,1:?,1:bot,,0.71
370,1:?,1:bot,,0.8
371,1:?,1:bot,,0.9
372,1:?,1:bot,,0.97
373,1:?,1:bot,,0.81
374,1:?,1:bot,,1
375,1:?,1:bot,,0.772
376,1:?,1:bot,,0.69
377,1:?,1:bot,,0.77
378,1:?,1:bot,,0.89
379,1:?,2:human,,0.89
380,1:?,2:human,,0.97
381,1:?,2:human,,0.902
382,1:?,1:bot,,0.63
383,1:?,1:bot,,0.77
384,1:?,1:bot,,0.97
385,1:?,1:bot,,0.558
386,1:?,1:bot,,0.51
387,1:?,1:bot,,0.65
388,1:?,2:human,,0.608
389,1:?,1:bot,,0.56
390,1:?,1:bot,,0.86
391,1:?,2:human,,0.85
392,1:?,1:bot,,0.93
393,1:?,1:bot,,1
394,1:?,1:bot,,0.635
395,1:?,1:bot,,0.79
396,1:?,1:bot,,0.91
397,1:?,1:bot,,0.549
398,1:?,1:bot,,0.94
399,1:?,1:bot,,0.67
400,1:?,2:human,,0.55
401,1:?,1:bot,,0.68
402,1:?,1:bot,,0.73
403,1:?,1:bot,,0.82
404,1:?,2:human,,0.66
405,1:?,1:bot,,0.73
406,1:?,1:bot,,0.65
407,1:?,2:human,,0.87
408,1:?,2:human,,0.785
409,1:?,1:bot,,0.77
410,1:?,2:human,,0.85
411,1:?,2:human,,0.59
412,1:?,1:bot,,0.61
413,1:?,1:bot,,0.75
414,1:?,1:bot,,0.73
415,1:?,1:bot,,0.73
416,1:?,1:bot,,0.895
417,1:?,1:bot,,0.84
418,1:?,1:bot,,0.73
419,1:?,2:human,,0.59
420,1:?,1:bot,,0.682
421,1:?,1:bot,,0.75
422,1:?,2:human,,0.61
423,1:?,1:bot,,0.6
424,1:?,1:bot,,0.69
425,1:?,1:bot,,0.97
426,1:?,1:bot,,0.64
427,1:?,1:bot,,0.86
428,1:?,1:bot,,0.54
429,1:?,2:human,,0.518
430,1:?,2:human,,0.61
431,1:?,1:bot,,0.94
432,1:?,1:bot,,0.86
433,1:?,1:bot,,0.6
434,1:?,1:bot,,0.92
435,1:?,1:bot,,0.92
436,1:?,1:bot,,0.88
437,1:?,2:human,,0.72
438,1:?,1:bot,,0.73
439,1:?,1:bot,,0.58
440,1:?,1:bot,,0.938
441,1:?,1:bot,,0.88
442,1:?,2:human,,0.51
443,1:?,1:bot,,0.76
444,1:?,1:bot,,0.58
445,1:?,1:bot,,0.822
446,1:?,1:bot,,0.67
447,1:?,1:bot,,0.95
448,1:?,2:human,,0.658
449,1:?,2:human,,0.578
450,1:?,2:human,,0.57
451,1:?,1:bot,,0.769
452,1:?,1:bot,,0.82
453,1:?,1:bot,,1
454,1:?,2:human,,0.9
455,1:?,1:bot,,0.62
456,1:?,1:bot,,0.879
457,1:?,1:bot,,0.9
458,1:?,1:bot,,0.51
459,1:?,1:bot,,0.75
460,1:?,1:bot,,0.89
461,1:?,1:bot,,0.97
462,1:?,2:human,,0.88
463,1:?,1:bot,,0.68
464,1:?,2:human,,0.54
465,1:?,1:bot,,0.58
466,1:?,2:human,,0.54
467,1:?,1:bot,,0.61
468,1:?,1:bot,,0.68
469,1:?,1:bot,,0.85
470,1:?,1:bot,,0.86
471,1:?,1:bot,,0.818
472,1:?,1:bot,,0.81
473,1:?,1:bot,,0.55
474,1:?,2:human,,0.506
475,1:?,1:bot,,0.59
476,1:?,1:bot,,0.7
477,1:?,1:bot,,0.93
478,1:?,1:bot,,0.78
479,1:?,1:bot,,0.53
480,1:?,1:bot,,1
481,1:?,1:bot,,0.62
482,1:?,1:bot,,0.62
483,1:?,1:bot,,0.55
484,1:?,1:bot,,0.89
485,1:?,1:bot,,0.932
486,1:?,1:bot,,0.82
487,1:?,2:human,,0.67
488,1:?,1:bot,,0.712
489,1:?,1:bot,,0.96
490,1:?,1:bot,,0.78
491,1:?,1:bot,,0.89
492,1:?,1:bot,,0.608
493,1:?,1:bot,,0.81
494,1:?,1:bot,,0.56
495,1:?,2:human,,0.62
496,1:?,1:bot,,0.698
497,1:?,1:bot,,0.88
498,1:?,2:human,,0.71
499,1:?,2:human,,0.69
500,1:?,2:human,,0.65
501,1:?,1:bot,,0.79
502,1:?,2:human,,0.912
503,1:?,1:bot,,0.83
504,1:?,1:bot,,0.9
505,1:?,2:human,,0.69
506,1:?,2:human,,0.93
507,1:?,1:bot,,0.77
508,1:?,1:bot,,0.748
509,1:?,1:bot,,0.64
510,1:?,2:human,,0.51
511,1:?,1:bot,,0.65
512,1:?,2:human,,0.93
513,1:?,2:human,,0.92
514,1:?,1:bot,,0.78
515,1:?,1:bot,,0.77
516,1:?,1:bot,,0.62
517,1:?,1:bot,,0.79
518,1:?,2:human,,0.54
519,1:?,2:human,,0.58
520,1:?,1:bot,,0.75
521,1:?,1:bot,,0.89
522,1:?,1:bot,,0.97
523,1:?,1:bot,,0.78
524,1:?,2:human,,0.625
525,1:?,1:bot,,0.679
526,1:?,1:bot,,0.874
527,1:?,1:bot,,1
528,1:?,2:human,,0.52
529,1:?,2:human,,0.79
530,1:?,1:bot,,0.71
531,1:?,1:bot,,0.841
532,1:?,1:bot,,0.85
533,1:?,2:human,,0.805
534,1:?,1:bot,,0.61
535,1:?,1:bot,,0.978
536,1:?,2:human,,0.92
537,1:?,1:bot,,0.56
538,1:?,1:bot,,0.53
539,1:?,2:human,,0.55
540,1:?,1:bot,,0.54
541,1:?,1:bot,,0.75
542,1:?,1:bot,,0.89
543,1:?,2:human,,0.74
544,1:?,1:bot,,0.79
545,1:?,1:bot,,0.97
546,1:?,2:human,,0.508
547,1:?,2:human,,0.774
548,1:?,1:bot,,0.612
549,1:?,1:bot,,0.968
550,1:?,1:bot,,1
551,1:?,1:bot,,0.796
552,1:?,2:human,,0.81
553,1:?,2:human,,0.99
554,1:?,2:human,,0.65
555,1:?,2:human,,0.77
556,1:?,1:bot,,0.97
557,1:?,1:bot,,0.84
558,1:?,2:human,,0.802
559,1:?,1:bot,,0.53
560,1:?,2:human,,0.93
561,1:?,2:human,,0.51
562,1:?,2:human,,0.56
563,1:?,2:human,,0.868
564,1:?,1:bot,,0.61
565,1:?,1:bot,,0.75
566,1:?,2:human,,0.6
567,1:?,2:human,,0.75
568,1:?,1:bot,,0.89
569,1:?,1:bot,,0.58
570,1:?,1:bot,,0.84
571,1:?,1:bot,,0.62
572,1:?,2:human,,1
573,1:?,1:bot,,0.75
574,1:?,2:human,,0.86
575,1:?,2:human,,0.694
576,1:?,1:bot,,0.74
577,1:?,1:bot,,0.97
578,1:?,2:human,,0.55
579,1:?,1:bot,,0.78
580,1:?,2:human,,0.62
581,1:?,2:human,,0.596
582,1:?,2:human,,0.97
583,1:?,1:bot,,1
584,1:?,1:bot,,0.8
585,1:?,1:bot,,0.7
586,1:?,1:bot,,0.57
587,1:?,1:bot,,0.54
588,1:?,1:bot,,0.66
589,1:?,1:bot,,0.655
590,1:?,1:bot,,0.528
591,1:?,1:bot,,0.58
592,1:?,1:bot,,0.52
593,1:?,1:bot,,0.78
594,1:?,1:bot,,0.65
595,1:?,1:bot,,0.8
596,1:?,1:bot,,0.582
597,1:?,1:bot,,0.63
598,1:?,1:bot,,0.68
599,1:?,1:bot,,0.92
600,1:?,1:bot,,0.73
601,1:?,1:bot,,0.66
602,1:?,1:bot,,0.766
603,1:?,1:bot,,0.97
604,1:?,1:bot,,0.87
605,1:?,1:bot,,1
606,1:?,1:bot,,0.88
607,1:?,1:bot,,0.68
608,1:?,1:bot,,0.67
609,1:?,2:human,,0.66
610,1:?,1:bot,,0.59
611,1:?,2:human,,0.63
612,1:?,1:bot,,1
613,1:?,1:bot,,0.784
614,1:?,1:bot,,1
615,1:?,1:bot,,0.51
616,1:?,2:human,,0.7
617,1:?,1:bot,,0.71
618,1:?,1:bot,,0.82
619,1:?,1:bot,,0.54
620,1:?,1:bot,,0.8
621,1:?,1:bot,,0.89
622,1:?,2:human,,0.56
623,1:?,2:human,,0.58
624,1:?,1:bot,,0.62
625,1:?,1:bot,,0.78
626,1:?,1:bot,,0.5
627,1:?,1:bot,,0.76
628,1:?,2:human,,0.582
629,1:?,2:human,,0.62
630,1:?,2:human,,0.948
631,1:?,1:bot,,0.93
632,1:?,1:bot,,0.97
633,1:?,2:human,,0.724
634,1:?,1:bot,,0.77
635,1:?,2:human,,0.522
636,1:?,1:bot,,0.78
637,1:?,1:bot,,0.82
638,1:?,1:bot,,0.57
639,1:?,2:human,,0.54
640,1:?,1:bot,,0.85
641,1:?,1:bot,,0.5
642,1:?,1:bot,,0.79
643,1:?,1:bot,,0.679
644,1:?,1:bot,,0.88
645,1:?,2:human,,0.51
646,1:?,1:bot,,0.75
647,1:?,2:human,,0.843
648,1:?,1:bot,,0.6
649,1:?,1:bot,,0.6
650,1:?,1:bot,,0.87
651,1:?,1:bot,,0.65
652,1:?,1:bot,,0.8
653,1:?,1:bot,,0.87
654,1:?,1:bot,,0.765
655,1:?,1:bot,,1
656,1:?,1:bot,,0.97
657,1:?,1:bot,,0.679
658,1:?,1:bot,,0.62
659,1:?,1:bot,,0.814
660,1:?,1:bot,,0.59
661,1:?,1:bot,,0.93
662,1:?,1:bot,,0.832
663,1:?,1:bot,,0.6
664,1:?,2:human,,1
665,1:?,1:bot,,1
666,1:?,1:bot,,0.848
667,1:?,2:human,,0.92
668,1:?,1:bot,,0.86
669,1:?,1:bot,,0.5
670,1:?,1:bot,,1
671,1:?,1:bot,,0.867
672,1:?,1:bot,,0.659
673,1:?,1:bot,,0.71
674,1:?,1:bot,,0.75
675,1:?,2:human,,0.69
676,1:?,1:bot,,0.58
677,1:?,1:bot,,0.73
678,1:?,1:bot,,0.75
679,1:?,1:bot,,1
680,1:?,1:bot,,0.67
681,1:?,1:bot,,0.97
682,1:?,2:human,,0.69
683,1:?,1:bot,,0.517
684,1:?,2:human,,0.82
685,1:?,1:bot,,0.87
686,1:?,1:bot,,0.91
687,1:?,1:bot,,0.69
688,1:?,1:bot,,0.8
689,1:?,1:bot,,0.712
690,1:?,1:bot,,0.7
691,1:?,2:human,,0.91
692,1:?,1:bot,,0.79
693,1:?,1:bot,,0.74
694,1:?,1:bot,,0.87
695,1:?,2:human,,0.84
696,1:?,1:bot,,0.96
697,1:?,1:bot,,0.52
698,1:?,1:bot,,0.51
699,1:?,2:human,,0.51
700,1:?,1:bot,,0.89
701,1:?,1:bot,,1
702,1:?,1:bot,,0.845
703,1:?,1:bot,,0.6
704,1:?,2:human,,0.53
705,1:?,1:bot,,0.579
706,1:?,1:bot,,0.895
707,1:?,1:bot,,0.881
708,1:?,1:bot,,0.74
709,1:?,1:bot,,0.84
710,1:?,1:bot,,0.52
711,1:?,1:bot,,0.78
712,1:?,2:human,,0.75
713,1:?,2:human,,0.79
714,1:?,1:bot,,0.64
715,1:?,1:bot,,0.86
716,1:?,1:bot,,0.765
717,1:?,1:bot,,0.99
718,1:?,1:bot,,0.61
719,1:?,2:human,,0.65
720,1:?,2:human,,0.62
721,1:?,1:bot,,0.67
722,1:?,1:bot,,0.81
723,1:?,1:bot,,1
724,1:?,2:human,,0.92
725,1:?,1:bot,,0.731
726,1:?,1:bot,,0.74
727,1:?,1:bot,,0.8
728,1:?,1:bot,,0.72
729,1:?,1:bot,,0.97
730,1:?,1:bot,,0.63
731,1:?,1:bot,,0.79
732,1:?,2:human,,0.52
733,1:?,1:bot,,0.86
734,1:?,2:human,,0.57
735,1:?,2:human,,0.53
736,1:?,1:bot,,0.557
737,1:?,1:bot,,0.725
738,1:?,2:human,,0.53
739,1:?,1:bot,,0.77
740,1:?,1:bot,,0.664
741,1:?,1:bot,,0.765
742,1:?,1:bot,,0.91
743,1:?,2:human,,0.53
744,1:?,1:bot,,0.645
745,1:?,1:bot,,0.79
746,1:?,1:bot,,0.68
747,1:?,2:human,,0.77
748,1:?,1:bot,,0.54
749,1:?,1:bot,,0.68
750,1:?,1:bot,,0.527
751,1:?,1:bot,,0.645
752,1:?,2:human,,0.86
753,1:?,1:bot,,0.73
754,1:?,1:bot,,0.62
755,1:?,1:bot,,0.68
756,1:?,2:human,,0.885
757,1:?,1:bot,,0.8
758,1:?,1:bot,,0.77
759,1:?,1:bot,,1
760,1:?,2:human,,0.62
761,1:?,1:bot,,0.52
762,1:?,1:bot,,0.7
763,1:?,1:bot,,0.5
764,1:?,2:human,,0.567
765,1:?,1:bot,,0.8
766,1:?,1:bot,,0.61
767,1:?,1:bot,,0.66
768,1:?,1:bot,,0.72
769,1:?,1:bot,,0.85
770,1:?,1:bot,,0.802
771,1:?,2:human,,0.9
772,1:?,1:bot,,0.78
773,1:?,2:human,,0.703
774,1:?,1:bot,,0.545
775,1:?,1:bot,,0.67
776,1:?,1:bot,,0.67
777,1:?,2:human,,0.58
778,1:?,2:human,,0.57
779,1:?,2:human,,0.59
780,1:?,1:bot,,0.79
781,1:?,2:human,,0.54
782,1:?,1:bot,,0.75
783,1:?,1:bot,,0.93
784,1:?,2:human,,0.532
785,1:?,1:bot,,0.89
786,1:?,1:bot,,0.65
787,1:?,1:bot,,0.73
788,1:?,1:bot,,0.68
789,1:?,1:bot,,0.74
790,1:?,1:bot,,0.53
791,1:?,1:bot,,0.86
792,1:?,1:bot,,0.75
793,1:?,1:bot,,0.8
794,1:?,1:bot,,0.633
795,1:?,1:bot,,0.6
796,1:?,1:bot,,0.88
797,1:?,2:human,,0.69
798,1:?,2:human,,0.709
799,1:?,1:bot,,1
800,1:?,1:bot,,0.58
801,1:?,1:bot,,0.95
802,1:?,2:human,,0.79
803,1:?,1:bot,,0.82
804,1:?,1:bot,,1
805,1:?,2:human,,0.66
806,1:?,2:human,,0.635
807,1:?,1:bot,,0.97
808,1:?,1:bot,,0.97
809,1:?,1:bot,,0.57
810,1:?,1:bot,,0.69
811,1:?,2:human,,0.593
812,1:?,1:bot,,0.81
813,1:?,1:bot,,0.59
814,1:?,2:human,,0.78
815,1:?,2:human,,0.78
816,1:?,2:human,,0.89
817,1:?,2:human,,0.62
818,1:?,2:human,,0.762
819,1:?,1:bot,,0.84
820,1:?,1:bot,,0.69
821,1:?,1:bot,,0.51
822,1:?,1:bot,,0.73
823,1:?,1:bot,,0.77
824,1:?,1:bot,,0.76
825,1:?,1:bot,,0.64
826,1:?,1:bot,,0.76
827,1:?,2:human,,0.51
828,1:?,1:bot,,0.59
829,1:?,1:bot,,0.83
830,1:?,1:bot,,0.927
831,1:?,1:bot,,0.8
832,1:?,2:human,,0.71
833,1:?,1:bot,,0.61
834,1:?,2:human,,0.681
835,1:?,1:bot,,0.58
836,1:?,1:bot,,0.62
837,1:?,1:bot,,0.78
838,1:?,1:bot,,0.5
839,1:?,2:human,,0.593
840,1:?,1:bot,,0.607
841,1:?,1:bot,,0.788
842,1:?,1:bot,,0.75
843,1:?,1:bot,,0.64
844,1:?,1:bot,,0.68
845,1:?,1:bot,,0.718
846,1:?,1:bot,,0.62
847,1:?,2:human,,0.545
848,1:?,1:bot,,0.78
849,1:?,1:bot,,1
850,1:?,1:bot,,0.64
851,1:?,2:human,,1
852,1:?,1:bot,,0.81
853,1:?,1:bot,,0.79
854,1:?,1:bot,,0.97
855,1:?,1:bot,,0.717
856,1:?,1:bot,,0.8
857,1:?,1:bot,,0.92
858,1:?,2:human,,0.55
859,1:?,2:human,,0.97
860,1:?,1:bot,,0.91
861,1:?,1:bot,,0.97
862,1:?,2:human,,0.805
863,1:?,2:human,,0.518
864,1:?,1:bot,,0.5
865,1:?,1:bot,,0.712
866,1:?,1:bot,,0.84
867,1:?,2:human,,0.79
868,1:?,1:bot,,0.97
869,1:?,2:human,,0.9
870,1:?,2:human,,0.73
871,1:?,1:bot,,0.59
872,1:?,1:bot,,0.55
873,1:?,1:bot,,0.71
874,1:?,1:bot,,0.82
875,1:?,2:human,,0.77
876,1:?,1:bot,,0.73
877,1:?,2:human,,1
878,1:?,1:bot,,0.97
879,1:?,2:human,,0.83
880,1:?,2:human,,0.55
881,1:?,2:human,,0.73
882,1:?,1:bot,,0.7
883,1:?,1:bot,,0.705
884,1:?,2:human,,0.707
885,1:?,1:bot,,0.5
886,1:?,1:bot,,0.85
887,1:?,1:bot,,0.756
888,1:?,1:bot,,0.92
889,1:?,1:bot,,0.52
890,1:?,1:bot,,0.74
891,1:?,1:bot,,0.78
892,1:?,2:human,,0.62
893,1:?,1:bot,,0.57
894,1:?,2:human,,0.57
895,1:?,1:bot,,0.78
896,1:?,1:bot,,0.657
897,1:?,1:bot,,0.89
898,1:?,2:human,,0.52
899,1:?,1:bot,,0.98
900,1:?,1:bot,,0.76
901,1:?,1:bot,,0.81
902,1:?,2:human,,0.6
903,1:?,1:bot,,0.95
904,1:?,1:bot,,0.75
905,1:?,2:human,,0.58
906,1:?,2:human,,0.67
907,1:?,2:human,,0.85
908,1:?,1:bot,,0.72
909,1:?,2:human,,0.6
910,1:?,1:bot,,0.75
911,1:?,2:human,,0.53
912,1:?,1:bot,,0.515
913,1:?,1:bot,,0.559
914,1:?,1:bot,,0.7
915,1:?,2:human,,0.65
916,1:?,2:human,,0.56
917,1:?,2:human,,0.87
918,1:?,1:bot,,0.86
919,1:?,1:bot,,0.616
920,1:?,1:bot,,0.82
921,1:?,1:bot,,0.6
922,1:?,1:bot,,0.83
923,1:?,1:bot,,1
924,1:?,2:human,,0.6
925,1:?,1:bot,,0.679
926,1:?,1:bot,,0.76
927,1:?,1:bot,,0.95
928,1:?,1:bot,,0.9
929,1:?,1:bot,,0.83
930,1:?,2:human,,0.63
931,1:?,1:bot,,1
932,1:?,1:bot,,0.61
933,1:?,1:bot,,0.66
934,1:?,2:human,,0.99
935,1:?,2:human,,0.56
936,1:?,1:bot,,0.86
937,1:?,1:bot,,1
938,1:?,2:human,,0.73
939,1:?,1:bot,,1
940,1:?,1:bot,,0.72
941,1:?,1:bot,,0.8
942,1:?,1:bot,,0.67
943,1:?,1:bot,,0.88
944,1:?,2:human,,0.517
945,1:?,2:human,,0.68
946,1:?,1:bot,,0.845
947,1:?,1:bot,,0.899
948,1:?,1:bot,,0.65
949,1:?,1:bot,,0.66
950,1:?,1:bot,,0.61
951,1:?,1:bot,,0.592
952,1:?,1:bot,,0.75
953,1:?,2:human,,0.51
954,1:?,1:bot,,0.82
955,1:?,1:bot,,0.745
956,1:?,1:bot,,0.75
957,1:?,1:bot,,0.82
958,1:?,1:bot,,0.69
959,1:?,1:bot,,0.679
960,1:?,1:bot,,0.68
961,1:?,1:bot,,0.98
962,1:?,2:human,,0.512
963,1:?,2:human,,0.9
964,1:?,1:bot,,0.59
965,1:?,1:bot,,0.66
966,1:?,1:bot,,0.51
967,1:?,1:bot,,0.877
968,1:?,2:human,,0.88
969,1:?,2:human,,0.98
970,1:?,1:bot,,0.87
971,1:?,1:bot,,0.87
972,1:?,1:bot,,0.71
973,1:?,1:bot,,0.76
974,1:?,1:bot,,0.87
975,1:?,1:bot,,0.97
976,1:?,1:bot,,0.82
977,1:?,1:bot,,0.679
978,1:?,2:human,,0.902
979,1:?,1:bot,,0.65
980,1:?,2:human,,0.97
981,1:?,1:bot,,0.79
982,1:?,2:human,,0.76
983,1:?,1:bot,,1
984,1:?,1:bot,,0.64
985,1:?,2:human,,0.51
986,1:?,2:human,,0.882
987,1:?,2:human,,0.96
988,1:?,2:human,,0.57
989,1:?,1:bot,,0.646
990,1:?,2:human,,0.95
991,1:?,1:bot,,0.51
992,1:?,1:bot,,0.76
993,1:?,1:bot,,0.97
994,1:?,1:bot,,0.85
995,1:?,2:human,,1
996,1:?,2:human,,0.92
997,1:?,2:human,,0.94
998,1:?,2:human,,0.66
999,1:?,2:human,,0.53
1000,1:?,1:bot,,0.64
1001,1:?,1:bot,,0.666
1002,1:?,1:bot,,0.67
1003,1:?,1:bot,,0.505
1004,1:?,1:bot,,0.57
1005,1:?,1:bot,,0.733
1006,1:?,1:bot,,0.77
1007,1:?,2:human,,0.62
1008,1:?,1:bot,,0.55
1009,1:?,1:bot,,0.842
1010,1:?,1:bot,,0.87
1011,1:?,2:human,,0.66
1012,1:?,2:human,,0.53
1013,1:?,1:bot,,0.55
1014,1:?,1:bot,,0.93
1015,1:?,2:human,,0.551
1016,1:?,1:bot,,0.69
1017,1:?,1:bot,,0.7
1018,1:?,1:bot,,0.75
1019,1:?,1:bot,,0.76
1020,1:?,1:bot,,0.68
1021,1:?,2:human,,0.92
1022,1:?,1:bot,,0.67
1023,1:?,1:bot,,0.623
1024,1:?,2:human,,0.835
1025,1:?,1:bot,,0.59
1026,1:?,1:bot,,0.97
1027,1:?,1:bot,,0.659
1028,1:?,1:bot,,0.87
1029,1:?,1:bot,,0.87
1030,1:?,2:human,,0.89
1031,1:?,1:bot,,0.53
1032,1:?,1:bot,,0.8
1033,1:?,1:bot,,0.73
1034,1:?,2:human,,0.51
1035,1:?,1:bot,,0.65
1036,1:?,1:bot,,0.75
1037,1:?,1:bot,,0.626
1038,1:?,1:bot,,1
1039,1:?,1:bot,,0.68
1040,1:?,2:human,,0.58
1041,1:?,1:bot,,0.66
1042,1:?,2:human,,0.71
1043,1:?,1:bot,,0.68
1044,1:?,1:bot,,0.72
1045,1:?,1:bot,,0.873
1046,1:?,1:bot,,0.64
1047,1:?,1:bot,,0.78
1048,1:?,1:bot,,0.69
1049,1:?,1:bot,,0.65
1050,1:?,1:bot,,0.679
1051,1:?,1:bot,,0.62
1052,1:?,2:human,,0.78
1053,1:?,1:bot,,0.87
1054,1:?,2:human,,0.93
1055,1:?,1:bot,,0.61
1056,1:?,1:bot,,0.605
1057,1:?,2:human,,0.99
1058,1:?,2:human,,0.55
1059,1:?,1:bot,,0.66
1060,1:?,1:bot,,0.61
1061,1:?,1:bot,,0.67
1062,1:?,2:human,,0.81
1063,1:?,1:bot,,0.83
1064,1:?,2:human,,0.915
1065,1:?,1:bot,,0.62
1066,1:?,1:bot,,0.86
1067,1:?,1:bot,,0.52
1068,1:?,1:bot,,0.68
1069,1:?,1:bot,,0.65
1070,1:?,1:bot,,0.73
1071,1:?,2:human,,0.752
1072,1:?,2:human,,0.85
1073,1:?,1:bot,,0.92
1074,1:?,1:bot,,0.73
1075,1:?,1:bot,,0.567
1076,1:?,2:human,,0.71
1077,1:?,1:bot,,0.5
1078,1:?,1:bot,,0.84
1079,1:?,2:human,,0.864
1080,1:?,1:bot,,0.67
1081,1:?,1:bot,,0.65
1082,1:?,2:human,,0.66
1083,1:?,1:bot,,0.89
1084,1:?,1:bot,,0.86
1085,1:?,1:bot,,0.66
1086,1:?,1:bot,,0.657
1087,1:?,1:bot,,0.53
1088,1:?,2:human,,0.63
1089,1:?,1:bot,,0.52
1090,1:?,1:bot,,0.63
1091,1:?,1:bot,,0.61
1092,1:?,1:bot,,0.5
1093,1:?,1:bot,,0.53
1094,1:?,1:bot,,0.66
1095,1:?,2:human,,0.6
1096,1:?,1:bot,,0.92
1097,1:?,1:bot,,0.82
1098,1:?,1:bot,,0.74
1099,1:?,1:bot,,0.87
1100,1:?,1:bot,,0.59
1101,1:?,1:bot,,0.62
1102,1:?,1:bot,,0.75
1103,1:?,1:bot,,0.79
1104,1:?,1:bot,,1
1105,1:?,1:bot,,0.89
1106,1:?,1:bot,,0.97
1107,1:?,1:bot,,0.69
1108,1:?,1:bot,,0.528
1109,1:?,1:bot,,0.72
1110,1:?,1:bot,,0.77
1111,1:?,1:bot,,0.81
1112,1:?,2:human,,0.57
1113,1:?,1:bot,,0.69
1114,1:?,1:bot,,0.86
1115,1:?,2:human,,0.89
1116,1:?,1:bot,,0.775
1117,1:?,2:human,,0.55
1118,1:?,2:human,,0.56
1119,1:?,2:human,,0.7
1120,1:?,2:human,,0.57
1121,1:?,1:bot,,0.88
1122,1:?,1:bot,,0.568
1123,1:?,2:human,,0.97
1124,1:?,1:bot,,0.643
1125,1:?,1:bot,,0.97
1126,1:?,1:bot,,0.8
1127,1:?,1:bot,,0.92
1128,1:?,1:bot,,0.5
1129,1:?,1:bot,,0.76
1130,1:?,2:human,,0.65
1131,1:?,1:bot,,0.77
1132,1:?,1:bot,,0.67
1133,1:?,2:human,,0.66
1134,1:?,1:bot,,0.65
1135,1:?,1:bot,,0.5
1136,1:?,1:bot,,0.62
1137,1:?,1:bot,,0.7
1138,1:?,1:bot,,0.51
1139,1:?,2:human,,0.54
1140,1:?,1:bot,,0.73
1141,1:?,1:bot,,0.63
1142,1:?,1:bot,,0.97
1143,1:?,1:bot,,0.54
1144,1:?,2:human,,0.827
1145,1:?,2:human,,0.99
1146,1:?,1:bot,,0.97
1147,1:?,1:bot,,0.85
1148,1:?,1:bot,,0.56
1149,1:?,1:bot,,0.712
1150,1:?,1:bot,,0.82
1151,1:?,1:bot,,0.73
1152,1:?,2:human,,0.56
1153,1:?,1:bot,,0.782
1154,1:?,1:bot,,0.8
1155,1:?,1:bot,,0.77
1156,1:?,1:bot,,0.56
1157,1:?,1:bot,,0.81
1158,1:?,2:human,,0.85
1159,1:?,1:bot,,0.89
1160,1:?,2:human,,0.85
1161,1:?,2:human,,0.56
1162,1:?,1:bot,,0.72
1163,1:?,1:bot,,0.51
1164,1:?,1:bot,,0.63
1165,1:?,1:bot,,0.77
1166,1:?,1:bot,,0.81
1167,1:?,2:human,,0.71
1168,1:?,1:bot,,0.978
1169,1:?,1:bot,,0.65
1170,1:?,1:bot,,0.52
1171,1:?,1:bot,,0.59
1172,1:?,1:bot,,0.62
1173,1:?,2:human,,0.56
1174,1:?,1:bot,,0.66
1175,1:?,1:bot,,0.517
1176,1:?,2:human,,0.65
1177,1:?,1:bot,,0.79
1178,1:?,1:bot,,0.54
1179,1:?,2:human,,0.91
1180,1:?,2:human,,0.607
1181,1:?,2:human,,0.69
1182,1:?,1:bot,,0.51
1183,1:?,1:bot,,0.64
1184,1:?,1:bot,,0.73
1185,1:?,1:bot,,0.86
1186,1:?,2:human,,1
1187,1:?,1:bot,,0.59
1188,1:?,1:bot,,0.71
1189,1:?,1:bot,,0.9
1190,1:?,2:human,,0.674
1191,1:?,1:bot,,0.872
1192,1:?,1:bot,,0.76
1193,1:?,1:bot,,0.87
1194,1:?,1:bot,,0.82
1195,1:?,1:bot,,0.62
1196,1:?,1:bot,,1
1197,1:?,1:bot,,0.59
1198,1:?,2:human,,0.72
1199,1:?,1:bot,,0.892
1200,1:?,1:bot,,0.97
1201,1:?,1:bot,,0.91
1202,1:?,1:bot,,1
1203,1:?,1:bot,,0.97
1204,1:?,2:human,,0.51
1205,1:?,2:human,,0.67
1206,1:?,1:bot,,0.65
1207,1:?,1:bot,,0.87
1208,1:?,1:bot,,0.63
1209,1:?,1:bot,,0.66
1210,1:?,1:bot,,0.709
1211,1:?,1:bot,,0.95
1212,1:?,1:bot,,0.63
1213,1:?,1:bot,,0.74
1214,1:?,1:bot,,0.97
1215,1:?,2:human,,0.716
1216,1:?,2:human,,0.9
1217,1:?,2:human,,0.6
1218,1:?,1:bot,,0.82
1219,1:?,1:bot,,0.67
1220,1:?,1:bot,,0.56
1221,1:?,2:human,,0.53
1222,1:?,1:bot,,0.679
1223,1:?,1:bot,,0.85
1224,1:?,1:bot,,0.683
1225,1:?,1:bot,,0.68
1226,1:?,1:bot,,0.97
1227,1:?,1:bot,,0.65
1228,1:?,1:bot,,0.55
1229,1:?,1:bot,,0.522
1230,1:?,1:bot,,0.679
1231,1:?,1:bot,,0.98
1232,1:?,1:bot,,0.73
1233,1:?,2:human,,0.543
1234,1:?,1:bot,,0.71
1235,1:?,1:bot,,0.89
1236,1:?,1:bot,,0.78
1237,1:?,1:bot,,0.65
1238,1:?,1:bot,,0.576
1239,1:?,1:bot,,0.76
1240,1:?,1:bot,,0.71
1241,1:?,1:bot,,0.93
1242,1:?,2:human,,0.55
1243,1:?,1:bot,,0.93
1244,1:?,1:bot,,0.8
1245,1:?,1:bot,,0.51
1246,1:?,2:human,,0.58
1247,1:?,1:bot,,0.61
1248,1:?,2:human,,0.698
1249,1:?,1:bot,,0.775
1250,1:?,1:bot,,0.69
1251,1:?,1:bot,,0.77
1252,1:?,1:bot,,1
1253,1:?,1:bot,,0.73
1254,1:?,2:human,,1
1255,1:?,1:bot,,0.76
1256,1:?,1:bot,,0.765
1257,1:?,1:bot,,0.78
1258,1:?,2:human,,0.59
1259,1:?,2:human,,0.96
1260,1:?,2:human,,0.75
1261,1:?,1:bot,,0.74
1262,1:?,1:bot,,0.87
1263,1:?,1:bot,,0.97
1264,1:?,1:bot,,0.97
1265,1:?,1:bot,,0.66
1266,1:?,1:bot,,0.91
1267,1:?,1:bot,,0.91
1268,1:?,1:bot,,0.656
1269,1:?,1:bot,,0.52
1270,1:?,1:bot,,0.67
1271,1:?,1:bot,,0.92
1272,1:?,1:bot,,0.59
1273,1:?,1:bot,,0.75
1274,1:?,1:bot,,0.71
1275,1:?,2:human,,0.56
1276,1:?,1:bot,,0.706
1277,1:?,1:bot,,0.5
1278,1:?,1:bot,,0.63
1279,1:?,1:bot,,0.6
1280,1:?,1:bot,,0.69
1281,1:?,2:human,,0.71
1282,1:?,1:bot,,0.57
1283,1:?,2:human,,0.816
1284,1:?,1:bot,,0.52
1285,1:?,1:bot,,0.63
1286,1:?,1:bot,,0.5
1287,1:?,2:human,,0.56
1288,1:?,1:bot,,0.57
1289,1:?,2:human,,0.55
1290,1:?,1:bot,,0.71
1291,1:?,2:human,,0.61
1292,1:?,1:bot,,0.63
1293,1:?,2:human,,0.57
1294,1:?,1:bot,,0.765
1295,1:?,2:human,,0.67
1296,1:?,2:human,,0.99
1297,1:?,1:bot,,0.57
1298,1:?,1:bot,,0.59
1299,1:?,1:bot,,0.81
1300,1:?,1:bot,,0.84
1301,1:?,1:bot,,0.591
1302,1:?,2:human,,0.683
1303,1:?,1:bot,,0.61
1304,1:?,1:bot,,0.85
1305,1:?,1:bot,,0.76
1306,1:?,1:bot,,0.62
1307,1:?,1:bot,,0.74
1308,1:?,2:human,,0.54
1309,1:?,1:bot,,0.57
1310,1:?,1:bot,,0.74
1311,1:?,2:human,,0.837
1312,1:?,2:human,,0.615
1313,1:?,2:human,,0.6
1314,1:?,1:bot,,0.68
1315,1:?,1:bot,,0.75
1316,1:?,2:human,,0.58
1317,1:?,1:bot,,0.58
1318,1:?,1:bot,,0.902
1319,1:?,1:bot,,0.81
1320,1:?,2:human,,0.58
1321,1:?,1:bot,,0.7
1322,1:?,2:human,,0.682
1323,1:?,1:bot,,0.85
1324,1:?,1:bot,,0.74
1325,1:?,1:bot,,0.77
1326,1:?,1:bot,,0.81
1327,1:?,1:bot,,0.75
1328,1:?,2:human,,0.546
1329,1:?,1:bot,,0.8
1330,1:?,1:bot,,0.652
1331,1:?,1:bot,,0.85
1332,1:?,1:bot,,0.64
1333,1:?,1:bot,,0.9
1334,1:?,1:bot,,0.75
1335,1:?,2:human,,0.63
1336,1:?,1:bot,,0.9
1337,1:?,1:bot,,0.88
1338,1:?,1:bot,,0.765
1339,1:?,2:human,,0.74
1340,1:?,1:bot,,1
1341,1:?,1:bot,,0.86
1342,1:?,1:bot,,0.97
1343,1:?,1:bot,,0.87
1344,1:?,1:bot,,0.65
1345,1:?,1:bot,,0.55
1346,1:?,1:bot,,0.76
1347,1:?,1:bot,,0.68
1348,1:?,2:human,,0.52
1349,1:?,1:bot,,0.736
1350,1:?,1:bot,,0.87
1351,1:?,2:human,,0.7
1352,1:?,2:human,,0.53
1353,1:?,2:human,,0.84
1354,1:?,1:bot,,0.82
1355,1:?,2:human,,0.588
1356,1:?,1:bot,,0.7
1357,1:?,1:bot,,0.53
1358,1:?,1:bot,,0.9
1359,1:?,2:human,,0.751
1360,1:?,2:human,,0.898
1361,1:?,1:bot,,0.9
1362,1:?,1:bot,,0.6
1363,1:?,1:bot,,0.77
1364,1:?,1:bot,,0.64
1365,1:?,1:bot,,0.88
1366,1:?,2:human,,0.65
1367,1:?,1:bot,,0.87
1368,1:?,1:bot,,0.5
1369,1:?,1:bot,,0.62
1370,1:?,1:bot,,0.53
1371,1:?,1:bot,,0.761
1372,1:?,2:human,,0.78
1373,1:?,2:human,,0.51
1374,1:?,1:bot,,0.85
1375,1:?,1:bot,,0.97
1376,1:?,1:bot,,0.73
1377,1:?,1:bot,,0.84
1378,1:?,1:bot,,0.58
1379,1:?,1:bot,,0.755
1380,1:?,2:human,,0.78
1381,1:?,1:bot,,0.97
1382,1:?,1:bot,,0.67
1383,1:?,1:bot,,0.62
1384,1:?,1:bot,,0.81
1385,1:?,2:human,,0.77
1386,1:?,2:human,,0.72
1387,1:?,1:bot,,0.67
1388,1:?,2:human,,0.502
1389,1:?,1:bot,,0.56
1390,1:?,1:bot,,0.63
1391,1:?,2:human,,0.71
1392,1:?,1:bot,,0.72
1393,1:?,1:bot,,0.525
1394,1:?,2:human,,0.55
1395,1:?,1:bot,,0.7
1396,1:?,1:bot,,0.76
1397,1:?,1:bot,,0.89
1398,1:?,2:human,,0.75
1399,1:?,1:bot,,0.79
1400,1:?,1:bot,,0.78
1401,1:?,1:bot,,0.58
1402,1:?,1:bot,,0.52
1403,1:?,1:bot,,0.81
1404,1:?,1:bot,,0.53
1405,1:?,1:bot,,0.535
1406,1:?,2:human,,0.522
1407,1:?,1:bot,,0.9
1408,1:?,1:bot,,0.87
1409,1:?,1:bot,,0.74
1410,1:?,1:bot,,1
1411,1:?,1:bot,,0.8
1412,1:?,1:bot,,0.71
1413,1:?,1:bot,,0.794
1414,1:?,2:human,,0.64
1415,1:?,1:bot,,0.59
1416,1:?,2:human,,0.717
1417,1:?,1:bot,,0.703
1418,1:?,1:bot,,0.66
1419,1:?,1:bot,,0.54
1420,1:?,1:bot,,0.74
1421,1:?,1:bot,,0.69
1422,1:?,1:bot,,0.87
1423,1:?,2:human,,0.77
1424,1:?,1:bot,,0.68
1425,1:?,2:human,,0.54
1426,1:?,1:bot,,0.58
1427,1:?,1:bot,,0.73
1428,1:?,2:human,,0.728
1429,1:?,1:bot,,0.86
1430,1:?,1:bot,,0.7
1431,1:?,2:human,,0.72
1432,1:?,1:bot,,0.86
1433,1:?,1:bot,,0.88
1434,1:?,1:bot,,0.836
1435,1:?,1:bot,,0.78
1436,1:?,1:bot,,0.9
1437,1:?,2:human,,0.51
1438,1:?,1:bot,,1
1439,1:?,1:bot,,0.8
1440,1:?,1:bot,,0.89
1441,1:?,1:bot,,0.66
1442,1:?,1:bot,,0.51
1443,1:?,2:human,,0.64
1444,1:?,1:bot,,0.56
1445,1:?,1:bot,,0.55
1446,1:?,2:human,,0.858
1447,1:?,1:bot,,0.79
1448,1:?,1:bot,,0.62
1449,1:?,1:bot,,0.97
1450,1:?,2:human,,0.76
1451,1:?,1:bot,,0.55
1452,1:?,2:human,,0.54
1453,1:?,1:bot,,0.79
1454,1:?,1:bot,,0.723
1455,1:?,1:bot,,0.55
1456,1:?,1:bot,,0.81
1457,1:?,1:bot,,0.96
1458,1:?,2:human,,0.68
1459,1:?,1:bot,,0.93
1460,1:?,1:bot,,0.75
1461,1:?,1:bot,,0.816
1462,1:?,2:human,,0.51
1463,1:?,2:human,,0.95
1464,1:?,1:bot,,0.95
1465,1:?,1:bot,,0.75
1466,1:?,1:bot,,0.9
1467,1:?,2:human,,0.98
1468,1:?,1:bot,,0.67
1469,1:?,1:bot,,0.707
1470,1:?,1:bot,,0.57
1471,1:?,1:bot,,0.5
1472,1:?,1:bot,,0.7
1473,1:?,1:bot,,0.59
1474,1:?,1:bot,,0.84
1475,1:?,1:bot,,0.82
1476,1:?,2:human,,0.524
1477,1:?,1:bot,,0.75
1478,1:?,2:human,,0.97
1479,1:?,1:bot,,1
1480,1:?,1:bot,,0.726
1481,1:?,1:bot,,0.89
1482,1:?,1:bot,,0.78
1483,1:?,1:bot,,0.81
1484,1:?,1:bot,,0.703
1485,1:?,1:bot,,0.705
1486,1:?,2:human,,0.59
1487,1:?,1:bot,,0.58
1488,1:?,1:bot,,0.74
1489,1:?,1:bot,,0.736
1490,1:?,1:bot,,1
1491,1:?,2:human,,0.69
1492,1:?,1:bot,,0.66
1493,1:?,1:bot,,1
1494,1:?,2:human,,0.88
1495,1:?,1:bot,,0.83
1496,1:?,2:human,,0.99
1497,1:?,1:bot,,0.81
1498,1:?,1:bot,,0.65
1499,1:?,1:bot,,0.58
1500,1:?,1:bot,,0.93

=== Evaluation on test set ===

Time taken to test model on supplied test set: 0.27 seconds

=== Summary ===

Total Number of Instances                0     
Ignored Class Unknown Instances               1500     

=== Detailed Accuracy By Class ===

                 TP Rate  FP Rate  Precision  Recall   F-Measure  MCC      ROC Area  PRC Area  Class
                 ?        ?        ?          ?        ?          ?        ?         ?         bot
                 ?        ?        ?          ?        ?          ?        ?         ?         human
Weighted Avg.    ?        ?        ?          ?        ?          ?        ?         ?         

=== Confusion Matrix ===

 a b   <-- classified as
 0 0 | a = bot
 0 0 | b = human

